nohup: ignoring input
cuda
CUDA available: True
GPU count: 1
{'dataset': 'hills', 'representation': 'clip', 'fit': True, 'lr': 0.01, 'initval': 1.0, 'tol': 1e-06, 'maxiter': 5000, 'plot': True, 'fitting': 'group', 'cv': 5, 'refnll': 'none', 'featurestouse': 'vf_features', 'mask': True, 'hills': True, 'useallresp': False, 'useapifreq': True, 'heineman': True, 'ours1': True, 'print': True, 'simulate': True, 'recovery': False, 'preventrepetition': True, 'sensitivity': 5, 'test': True}
PearsonRResult(statistic=0.8119866335089143, pvalue=4.416893758556285e-84)
SignificanceResult(statistic=0.833226288919769, pvalue=2.4293387168113275e-92)
TRUE BLEUS MEAN: {'bleu1': 0.9066666666666666, 'bleu2': 0.242, 'bleu3': 0.030000000000000002, 'bleu4': 0.0006666666666666666}
--------------------------------FITTING MODELS--------------------------------
ours1 Random
Mean +- SE trainNLL over 5 fold(s) 22251.014453125 +- 67.03826250742668
Sum testNLL over 5 fold(s) 27813.77392578125
Random completed in 2.89 seconds
ours1 WeightedHSdebiased
LBFGS iterations run: 707
LBFGS iterations run: 315
LBFGS iterations run: 470
LBFGS iterations run: 358
LBFGS iterations run: 491
Mean +- SE trainNLL over 5 fold(s) 16978.0578125 +- 48.263281700840324
Sum testNLL over 5 fold(s) 21546.54345703125
weights for each 5 fold [tensor([ 1.5526e-01, -1.6468e-01,  5.5823e-01,  8.6644e-01,  4.7107e-01,
         3.2146e-01,  1.2871e-01,  1.4787e-01,  1.1831e-01,  1.3659e-01,
         5.3086e-01, -3.9973e-01,  2.7073e-01, -2.8862e-01,  1.6807e-01,
        -1.3227e-01,  2.5674e-01,  5.9121e-01,  1.6801e-01,  9.3157e-02,
         2.4408e-01,  2.4221e-01, -2.2609e-02,  1.0257e-01,  1.9419e-02,
         6.7685e-02,  2.6244e-01,  1.4463e-01,  1.0074e-01,  4.6264e-01,
        -1.3821e-01,  5.3953e-01,  3.3052e-02,  5.0631e-02,  5.4012e-02,
        -1.6701e-01,  2.5145e-01,  5.1561e-01,  1.3794e-01, -1.7120e-01,
         1.6601e-01,  2.4429e-01,  5.2214e-02,  9.0455e-02,  7.7689e-02,
         1.3188e-02,  1.3849e-01,  1.1903e-01,  3.7009e-02,  1.7935e-01,
        -4.7497e-01,  2.5602e-01,  3.0852e-01,  2.4052e-02,  1.1463e-01,
         2.4473e-01,  3.8335e-01,  2.8209e-01,  2.0628e-02,  1.3290e-01,
        -2.8508e-02,  1.0749e-01,  1.4016e-01,  2.1090e-01,  4.7256e-02,
         7.8106e-02, -4.9616e-01,  1.6401e-01,  9.7564e-01,  1.7015e-01,
        -1.2421e+00,  1.4478e-01,  2.7981e-02,  5.0241e-02,  2.6691e-01,
         1.6441e-01,  2.7851e-01,  1.1123e-01,  2.2794e-01,  9.3239e-02,
         4.2916e-02,  4.9583e-01,  7.4891e-03,  1.1452e-01,  3.0825e-01,
         1.0594e-02,  9.9557e-02, -6.4087e-01, -8.0094e-02,  1.6685e-01,
        -4.9204e-01,  1.6664e-01,  1.6615e-01, -4.7362e-02,  9.1136e-02,
         2.5742e-01,  6.0986e-01,  1.5678e-01,  6.4599e-01, -1.0970e-01,
        -1.1417e-02,  1.1207e-01,  1.9892e-01,  4.8304e-01,  3.0152e-01,
         1.0525e-01,  1.4004e-01,  2.9721e-01, -8.9020e-02,  8.2374e-02,
         1.8023e-01,  1.7525e-01,  1.3607e-01,  4.3654e-03,  1.3677e-01,
         2.0000e-01,  1.3710e-01,  3.4184e-01,  1.6577e-01, -2.8464e-01,
         8.2687e-02,  2.5084e-01,  6.1057e-02, -1.0870e-01,  3.2071e-01,
         4.0377e-02,  2.4038e-01, -6.4204e-01, -7.1946e-01,  6.8706e-01,
        -3.4642e-01,  5.1189e-01, -1.8827e+00, -4.6595e-01, -4.3967e-01,
        -1.1033e-01,  3.5437e-01, -4.8713e-01,  1.2406e+00,  1.8542e+00,
         1.8232e-01, -2.8399e-01, -2.9575e-01, -8.4583e-01, -4.3525e-01,
        -2.2050e-01, -6.2698e-01,  2.1607e-01, -8.3801e-01, -3.0028e-01,
        -5.5378e-02,  2.6136e-01, -1.0185e-01,  6.5956e-01,  3.7050e-01,
         2.5881e-01, -3.4792e-01, -5.1036e-02,  1.1382e+00,  1.8949e-01,
         2.0377e-02, -6.4508e-01,  4.5153e-01, -7.0967e-01,  9.1921e-01,
        -3.1084e-01, -2.6303e-02,  3.8305e-01, -9.0560e-02,  3.4787e-01,
         1.1144e+00, -6.0178e-01,  3.6266e-01, -3.9622e-01,  4.9737e-01,
         1.7880e-01, -6.7848e-02, -2.1535e+00,  5.5231e-01, -2.6234e-02,
         5.9963e-01,  5.0148e-01,  3.3953e-01, -1.0796e+00,  2.7465e+00,
         5.0882e-01, -1.3358e-03, -1.1089e-01, -1.4145e-01, -4.9666e-01,
         7.8085e-02,  2.8596e-01,  7.9871e-01, -4.9221e-01,  9.1769e-01,
         3.2576e-01,  3.6335e-01, -2.6582e+00,  7.7026e-01,  4.3949e-01,
         1.5469e-01,  6.8400e-03,  2.2162e-01,  5.5234e-01, -2.6351e-01,
         6.9491e-02, -1.4725e+00,  5.2356e-01,  1.5318e-01, -7.1689e-01,
         3.3381e-01,  3.1878e-01,  2.4307e-01,  1.6599e-01,  7.4546e-01,
        -1.2029e+00,  2.1634e-01,  1.1706e+00,  1.7270e+00,  7.1870e-01,
         1.4889e-01, -1.8126e-02, -4.1874e-01,  8.2201e-02, -5.3589e-01,
         1.0290e+00,  3.3167e-01,  1.0174e-01, -1.0761e+00,  7.1912e-01,
         2.0222e+00,  4.6101e-01, -3.4971e-01,  2.5407e-01, -1.2603e+00,
         1.0926e-01,  1.0478e+00, -3.0577e-01,  1.9103e-01, -1.9344e-01,
         3.0563e-01,  7.7987e-01, -6.1918e-01,  3.5680e-01,  9.1652e-01,
        -4.1957e-01,  1.6325e+00,  1.8029e-01,  7.1720e-01, -2.5922e-02,
        -2.8441e-01,  6.5308e-01, -4.0896e-01, -8.1396e-01], device='cuda:0'), tensor([ 9.7595e-02, -9.8150e-02,  4.3093e-01,  7.8874e-01,  3.9346e-01,
         2.0741e-01,  2.1377e-01,  1.8836e-01,  8.8365e-02,  1.5126e-01,
         1.8156e-01, -2.8011e-01,  2.9633e-01, -2.0868e-02,  1.8573e-01,
        -1.3723e-01,  2.0281e-01,  5.7668e-01, -3.7750e-02,  1.4959e-01,
         2.8902e-01,  2.5022e-01, -6.1747e-02,  1.1795e-01,  2.6634e-02,
         8.1165e-02,  2.7617e-01,  9.5283e-02,  1.0913e-01,  4.6608e-01,
        -1.0983e-01,  5.8171e-01,  4.6395e-04,  5.5106e-02,  7.2537e-02,
        -2.1962e-01,  2.8661e-01,  5.0287e-01,  9.0214e-02, -2.1394e-01,
         1.1719e-01,  2.2025e-01,  5.1870e-02,  9.1469e-02,  3.6561e-03,
         1.3675e-02,  1.5330e-01,  1.9511e-01, -1.3949e-02,  2.7740e-01,
        -3.5631e-01,  2.7829e-01,  3.2962e-01, -5.8650e-02,  1.3744e-01,
         3.5147e-01,  3.3321e-01,  3.2712e-01,  3.0908e-02,  1.0557e-01,
        -4.1370e-02,  1.0314e-01,  8.9030e-02,  2.9303e-01,  4.4040e-02,
         6.6029e-02, -3.3481e-01,  1.6988e-01,  8.1047e-01,  1.4509e-01,
        -1.5355e+00,  1.3147e-01,  8.3761e-02,  4.1730e-02,  4.3391e-01,
         9.7929e-02,  2.9324e-01,  1.3252e-01,  2.3485e-01,  3.2341e-01,
         1.4325e-01,  5.8313e-01, -1.1037e-01,  1.0674e-01,  3.5902e-01,
         3.2319e-03,  6.1687e-02, -5.0190e-01,  8.0266e-02, -1.0302e-01,
        -3.9237e-01,  3.6289e-01,  1.0572e-01, -6.4586e-02,  1.3102e-01,
         2.5130e-01,  3.7784e-01,  1.3771e-01,  5.0187e-01, -1.1940e-01,
         2.9284e-02,  5.1277e-02,  1.9909e-01,  7.5222e-01,  9.7023e-02,
         1.6372e-01,  1.1136e-01,  1.7804e-01,  1.4607e-03,  1.5136e-01,
         1.9352e-01,  1.8149e-01,  1.3832e-01, -1.8750e-02,  1.2366e-01,
         2.0374e-01,  1.3931e-01,  4.9691e-01,  1.5557e-01, -1.9370e-01,
         1.1516e-01,  2.5395e-01,  6.8821e-02, -7.3286e-02,  2.5108e-01,
         4.4945e-02,  2.4901e-01, -3.6242e-01, -7.1016e-01,  7.7352e-01,
        -4.0286e-01,  6.3292e-01, -1.9364e+00, -4.3386e-01, -3.4260e-01,
        -1.1905e-01,  3.4153e-01, -1.6540e-01,  1.3698e+00,  1.4760e+00,
         4.2868e-01, -3.2217e-01, -2.2655e-01, -7.6276e-01, -5.4917e-01,
        -3.6577e-01, -9.4861e-01,  2.3322e-01, -6.9053e-01, -1.3842e-01,
        -1.1812e-01,  2.1749e-01, -1.9817e-02,  6.5519e-01,  2.6661e-01,
         2.7132e-01, -3.2084e-01,  9.8295e-03,  1.0797e+00,  3.6004e-01,
         1.2557e-01, -5.8947e-01,  3.8023e-01, -6.2029e-01,  1.0170e+00,
        -3.4794e-01,  1.3564e-02,  3.5796e-01, -2.6764e-01,  3.3542e-01,
         1.0704e+00, -5.4570e-01,  3.0948e-01, -3.4418e-01,  5.2160e-01,
         1.4398e-01, -1.3209e-01, -2.0820e+00,  5.8643e-01,  7.9989e-03,
         6.3416e-01,  3.9201e-01,  2.0736e-01, -1.0034e+00,  2.9110e+00,
         4.2050e-01,  1.1219e-01, -8.9679e-02, -1.0483e-01, -4.9655e-01,
         5.2345e-02,  2.8461e-01,  6.8346e-01, -3.5216e-01,  7.4299e-01,
         3.5859e-01,  3.4745e-01, -3.0480e+00,  7.1226e-01,  3.5805e-01,
         1.6853e-01,  8.3317e-02,  2.4114e-01,  5.7236e-01, -2.0551e-01,
         3.6765e-02, -1.2707e+00,  5.3138e-01,  8.1431e-02, -8.9971e-01,
         3.2901e-01,  4.4032e-01,  1.5269e-01,  2.3626e-01,  8.4760e-01,
        -9.1488e-01,  8.3997e-02,  1.2213e+00,  1.5134e+00,  7.6365e-01,
         1.3029e-01,  6.4160e-02, -2.7388e-01,  2.0409e-02, -5.4003e-01,
         1.0354e+00,  3.9870e-01,  9.7127e-02, -1.0518e+00,  6.6325e-01,
         2.1376e+00,  3.3895e-01, -2.8021e-01,  3.6386e-01, -1.2594e+00,
         4.0787e-02,  9.2637e-01, -3.7386e-01,  2.3446e-01, -1.9793e-01,
         2.8162e-01,  7.5141e-01, -5.1878e-01,  3.2712e-01,  7.8804e-01,
        -4.4119e-01,  1.6851e+00,  2.0318e-01,  6.5480e-01, -6.2249e-02,
        -2.6417e-01,  3.9838e-01, -3.2017e-01, -8.1883e-01], device='cuda:0'), tensor([ 1.6329e-01,  4.3965e-03,  4.7652e-01,  7.5701e-01,  4.8625e-01,
         1.9915e-01,  2.2440e-01,  1.4631e-01,  7.3914e-02,  1.5577e-01,
         2.9767e-01, -2.5232e-01,  3.4153e-01, -1.2688e-01,  1.5042e-01,
        -1.3417e-01,  2.1300e-01,  7.0851e-01,  6.5382e-02, -9.2757e-03,
         2.4838e-01,  2.9200e-01, -5.8819e-02,  8.3862e-02,  1.3011e-02,
         4.2800e-02,  2.8443e-01,  1.1368e-01,  1.6446e-01,  4.1741e-01,
        -1.2014e-01,  6.1400e-01, -1.2158e-02, -9.7201e-04,  7.8817e-02,
        -1.8789e-01,  2.4311e-01,  5.5539e-01,  1.4357e-01, -1.7055e-01,
         1.4660e-01,  2.5210e-01,  3.4600e-02,  5.5588e-02,  1.5870e-02,
         2.2555e-02,  1.3065e-01,  2.2761e-01, -2.5434e-02,  1.8015e-01,
        -2.0153e-01,  2.5729e-01,  2.9209e-01, -4.1477e-02,  1.2903e-01,
         2.8600e-01,  3.5158e-01,  2.2330e-01,  1.8603e-02,  1.8951e-01,
        -6.0706e-02,  1.1287e-01,  1.2248e-01,  2.2168e-01,  6.2128e-02,
         9.4321e-02, -3.8126e-01,  1.6937e-01,  9.2344e-01,  1.7829e-01,
        -1.5379e+00,  1.3709e-01,  1.2912e-01,  4.6230e-02,  4.1028e-01,
         1.5518e-01,  1.9849e-01,  1.0909e-01,  2.5318e-01,  1.6985e-01,
         1.2865e-01,  6.1140e-01, -6.1093e-02,  9.8230e-02,  3.4478e-01,
         3.2967e-02,  8.0683e-02, -4.8471e-01,  2.8455e-04,  1.6105e-01,
        -5.6870e-01,  3.7421e-01,  1.5714e-01, -6.0928e-02,  1.3915e-01,
         2.9323e-01,  3.7258e-01,  1.2496e-01,  4.3789e-01, -1.0759e-01,
         2.8778e-02,  5.7473e-02,  2.2093e-01,  6.0513e-01,  4.0530e-03,
         1.7846e-01,  1.1754e-01,  3.2797e-01, -5.1677e-02,  2.1436e-01,
         1.7048e-01,  1.7260e-01,  9.4724e-02,  2.7622e-02,  1.5272e-01,
         1.5635e-01,  1.9757e-01,  4.6985e-01,  1.7697e-01, -1.1173e-01,
         9.2918e-02,  2.0178e-01,  1.3135e-03, -1.0395e-01,  2.9806e-01,
         4.4347e-02,  2.0255e-01, -5.1249e-01, -6.4256e-01,  6.0624e-01,
        -3.1294e-01,  6.2690e-01, -1.8533e+00, -4.0808e-01, -2.6894e-01,
        -7.5412e-02,  4.8359e-01, -3.8909e-01,  1.2140e+00,  1.8620e+00,
         4.2559e-01, -3.9979e-01, -1.5075e-01, -1.0226e+00, -3.9349e-01,
        -2.3675e-01, -9.0912e-01,  3.3721e-01, -6.9996e-01, -2.0327e-01,
        -1.7951e-01,  2.5178e-01, -5.0379e-02,  6.2933e-01,  3.5081e-01,
         2.5854e-01, -3.4389e-01, -3.3002e-02,  1.2172e+00,  2.5545e-01,
         1.0266e-01, -6.0508e-01,  3.8718e-01, -6.6944e-01,  1.0215e+00,
        -4.0344e-01, -1.3997e-04,  3.7623e-01, -1.5698e-01,  4.0934e-01,
         1.0686e+00, -5.3067e-01,  3.1027e-01, -4.1518e-01,  5.1291e-01,
         9.5578e-02, -1.1708e-02, -1.9889e+00,  5.1865e-01, -1.3463e-02,
         6.0673e-01,  4.9328e-01,  2.5176e-01, -9.4782e-01,  2.9423e+00,
         4.9384e-01,  3.6380e-02, -1.8100e-01, -7.5704e-02, -5.0089e-01,
         2.8873e-02,  2.7942e-01,  7.2677e-01, -4.4081e-01,  7.7011e-01,
         2.7567e-01,  3.2022e-01, -3.0169e+00,  7.8809e-01,  3.0513e-01,
         1.6415e-01,  2.7174e-01,  1.8335e-01,  5.4089e-01, -2.0576e-01,
         1.7927e-01, -1.4172e+00,  5.0567e-01,  1.2795e-01, -7.3429e-01,
         3.4258e-01,  3.2831e-01,  1.4573e-01,  1.7554e-01,  7.7323e-01,
        -1.0947e+00,  1.2133e-01,  9.5394e-01,  1.5067e+00,  8.0664e-01,
         1.5583e-01, -2.5175e-02, -3.6786e-01,  2.3880e-03, -5.4349e-01,
         8.1039e-01,  4.4984e-01,  2.2803e-02, -9.9515e-01,  6.8971e-01,
         2.2181e+00,  3.1634e-01, -3.7512e-01,  3.7606e-01, -1.2901e+00,
         2.3903e-02,  7.9225e-01, -2.6727e-01,  2.0214e-01, -2.7266e-01,
         2.4612e-01,  8.1854e-01, -4.3672e-01,  2.6265e-01,  6.9940e-01,
        -4.6937e-01,  1.7860e+00,  1.5809e-01,  7.4719e-01, -8.0779e-02,
        -3.2474e-01,  4.6561e-01, -2.8282e-01, -8.8345e-01], device='cuda:0'), tensor([ 1.2990e-01,  3.7933e-01,  4.6864e-01,  7.6363e-01,  3.8018e-01,
         2.4962e-01,  2.2357e-01,  1.4021e-01,  5.6873e-02,  1.5044e-01,
        -1.7551e-01, -1.7307e-01,  3.5272e-01, -1.5655e-01,  1.2763e-01,
        -1.0853e-01,  1.6381e-01,  5.4653e-01,  1.0427e-01,  5.1878e-02,
         2.8464e-01,  2.0945e-01,  1.2452e-02,  5.4824e-02,  2.4503e-02,
         6.4317e-02,  2.9306e-01,  1.1732e-01,  1.2067e-01,  4.1986e-01,
        -1.4477e-01,  5.9497e-01,  2.6881e-02,  4.5582e-02,  7.3549e-02,
        -2.5101e-01,  2.4646e-01,  5.1021e-01,  1.3418e-01, -1.7525e-01,
         2.0057e-01,  2.0979e-01,  2.6181e-02,  9.2797e-02, -8.8271e-02,
         2.3195e-02,  1.8786e-01,  1.5205e-01,  2.9843e-02,  2.1466e-01,
        -3.5833e-01,  2.6623e-01,  3.1350e-01, -1.2243e-02,  1.1976e-01,
         3.4353e-01,  2.9236e-01,  2.9067e-01, -2.8425e-03,  6.5020e-02,
        -6.9137e-03,  1.3745e-01,  1.2986e-01,  2.3750e-01,  1.0996e-02,
         7.1340e-02, -4.4118e-01,  1.6149e-01,  8.7470e-01,  1.5965e-01,
        -2.2444e+00,  1.4230e-01,  1.7185e-01,  7.4479e-02,  3.3578e-01,
         1.7680e-01,  2.4368e-01,  1.7389e-01,  1.9958e-01,  3.1000e-01,
         4.5988e-02,  5.0539e-01,  8.4463e-02,  9.7237e-02,  3.8818e-01,
         2.1207e-02,  7.9876e-02, -3.6794e-01,  9.9119e-02,  1.2859e-01,
        -4.0006e-01,  3.2168e-01,  1.2121e-01, -9.9373e-02,  9.6104e-02,
         2.6385e-01,  4.5907e-01,  1.6313e-01,  4.4070e-01, -6.6523e-02,
         3.5935e-02,  8.4045e-02,  1.7572e-01,  3.7115e-01, -1.0792e-01,
         5.9903e-02,  1.0777e-01,  3.8215e-01, -9.6749e-02,  1.0785e-01,
         1.8127e-01,  1.4242e-01,  1.3059e-01, -5.0480e-04,  1.6325e-01,
         2.1072e-01,  2.3937e-01,  4.3915e-01,  1.9652e-01, -2.9891e-01,
         1.2119e-03,  2.2581e-01,  7.5901e-02, -9.6319e-02,  2.7192e-01,
         9.6374e-02,  1.2509e-01, -5.0572e-01, -1.2174e-01,  7.3334e-01,
        -3.2338e-01,  1.7411e-01, -1.7559e+00, -3.0832e-01, -3.5153e-01,
        -1.5324e-01,  4.0902e-01, -9.8176e-01,  1.2786e+00,  1.6068e+00,
         3.1036e-01, -3.2730e-01, -2.3618e-01, -7.7236e-01, -4.5069e-01,
        -1.3543e-01, -7.1191e-01,  2.0637e-01, -7.0510e-01, -2.0253e-01,
        -1.0442e-01,  3.1827e-01,  1.3968e-04,  6.7292e-01,  3.2284e-01,
         3.0481e-01, -3.2657e-01,  3.5288e-02,  1.1607e+00,  1.6478e-01,
         6.2480e-02, -5.8046e-01,  4.2279e-01, -5.3679e-01,  8.3490e-01,
        -4.0123e-01,  1.1550e-02,  3.8008e-01, -1.5838e-01,  4.1527e-01,
         1.0953e+00, -5.5773e-01,  2.8568e-01, -3.3286e-01,  6.1198e-01,
         7.7571e-02, -8.5295e-02, -2.0165e+00,  5.6240e-01,  2.3714e-02,
         5.8511e-01,  4.7245e-01,  2.8493e-01, -9.0190e-01,  2.7188e+00,
         5.5523e-01, -2.8739e-02, -1.1086e-01, -1.0174e-01, -4.5799e-01,
         5.0246e-02,  1.8568e-01,  7.1112e-01, -6.5070e-01,  8.6401e-01,
         2.7197e-01,  3.8450e-01, -4.0110e+00,  7.4684e-01,  5.5199e-01,
         1.2485e-01, -3.0159e-02,  2.1737e-01,  5.2143e-01, -1.9225e-01,
         3.1960e-02, -1.2922e+00,  3.7032e-01, -3.3237e-02, -7.5454e-01,
         3.3642e-01,  3.7305e-01,  1.9724e-01,  1.9805e-01,  1.0003e+00,
        -9.5222e-01,  1.3011e-01,  1.1420e+00,  1.6178e+00,  6.4522e-01,
         1.1898e-01,  8.3797e-04, -3.5160e-01, -1.7098e-01, -5.1587e-01,
         8.4933e-01,  4.1724e-01,  4.8138e-02, -9.4594e-01,  7.6170e-01,
         1.6789e+00,  3.9107e-01, -4.3085e-01,  3.0865e-01, -1.3270e+00,
         7.3830e-02,  1.0231e+00, -2.8786e-01,  2.3883e-01, -1.5681e-01,
         2.1000e-01,  7.7557e-01, -4.4690e-01,  4.1952e-01,  6.8618e-01,
        -5.2557e-01,  1.8089e+00,  2.9491e-01,  6.4689e-01, -7.3605e-02,
        -3.2210e-01,  4.3590e-01, -2.7204e-01, -9.2542e-01], device='cuda:0'), tensor([ 1.2132e-01, -9.3586e-02,  5.5076e-01,  7.4966e-01,  3.1203e-01,
         2.8857e-01,  1.9737e-01,  1.4791e-01,  1.0512e-01,  1.6178e-01,
         2.8063e-01, -1.8969e-01,  2.0791e-01, -1.3608e-01,  1.6611e-01,
        -1.2322e-01,  1.5879e-01,  6.8723e-01,  8.2901e-02,  1.3902e-01,
         2.5489e-01,  2.2611e-01,  1.0204e-02,  4.8322e-02,  2.8003e-03,
         4.1044e-02,  2.8173e-01,  1.0578e-01,  1.4400e-01,  4.4540e-01,
        -5.9122e-02,  5.3594e-01, -1.7630e-02,  2.2809e-02,  5.0865e-02,
        -2.2807e-01,  2.3888e-01,  5.5589e-01,  1.0157e-01, -1.5194e-01,
         1.4794e-01,  3.0423e-01, -4.2348e-02,  6.4940e-02,  3.8977e-02,
        -6.9151e-04,  1.6367e-01,  5.6146e-02,  4.4752e-02,  1.9766e-01,
        -5.7178e-01,  2.7887e-01,  3.1256e-01, -1.3493e-02,  1.3144e-01,
         2.6073e-01,  3.5762e-01,  2.8725e-01,  1.1855e-02,  9.2151e-02,
        -1.4941e-01,  1.3150e-01,  1.3698e-01,  2.0924e-01,  2.6512e-02,
         8.7779e-02, -5.1973e-01,  2.0170e-01,  9.2461e-01,  1.9564e-01,
        -1.5003e+00,  1.3662e-01,  1.3778e-01,  9.1586e-02,  1.8972e-01,
         1.4225e-01,  2.4606e-01,  1.5030e-01,  2.1823e-01,  2.5344e-01,
         7.4964e-02,  5.8583e-01, -3.1764e-02,  8.5005e-02,  3.5403e-01,
         4.6228e-02,  1.0858e-01, -4.7957e-01,  5.6917e-02,  6.8681e-02,
        -5.3540e-01,  2.5388e-01,  1.0262e-01, -6.4102e-02,  1.7916e-01,
         2.8597e-01,  3.9732e-01,  1.5602e-01,  4.2707e-01, -3.5980e-02,
         3.0385e-02,  5.1663e-02,  1.8424e-01,  6.9661e-01,  1.4300e-02,
         1.5075e-01,  9.6217e-02,  3.1404e-01, -2.5753e-02,  2.0039e-01,
         2.0585e-01,  1.5171e-01,  1.3811e-01, -1.0441e-02,  1.5923e-01,
         1.9538e-01,  2.3416e-01,  3.6382e-01,  1.7373e-01, -2.9520e-01,
         2.6061e-02,  2.5323e-01,  4.4416e-02, -5.9447e-02,  2.6197e-01,
         8.0905e-02,  2.0368e-01, -4.6922e-01, -1.1302e+00,  9.0263e-01,
        -3.1244e-01,  4.5478e-01, -1.8962e+00, -3.8799e-01, -3.3881e-01,
        -1.1327e-01,  5.0824e-01,  8.1284e-02,  1.2578e+00,  1.5675e+00,
         5.9529e-01, -4.0858e-01, -1.2981e-01, -1.0405e+00, -6.2648e-01,
        -9.8749e-02, -8.7619e-01,  2.9411e-01, -8.0705e-01, -2.2822e-01,
        -1.8039e-01,  2.3371e-01, -4.1804e-02,  5.9338e-01,  2.6495e-01,
         3.2559e-01, -3.6489e-01,  3.2793e-03,  1.0723e+00,  2.7259e-01,
         5.7722e-02, -6.3307e-01,  3.7765e-01, -6.6084e-01,  9.7652e-01,
        -3.2625e-01,  1.8472e-02,  2.9330e-01, -1.2187e-01,  3.9867e-01,
         1.0384e+00, -4.9597e-01,  2.7420e-01, -3.8014e-01,  4.2153e-01,
         1.0639e-01, -1.1769e-01, -2.3442e+00,  5.1197e-01,  6.3964e-03,
         5.0216e-01,  5.0687e-01,  3.0491e-01, -8.9061e-01,  2.9653e+00,
         5.5944e-01,  1.7969e-04, -1.7704e-01, -7.4664e-02, -5.2440e-01,
        -1.9062e-02,  3.0137e-01,  7.7473e-01, -2.7062e-01,  6.9553e-01,
         2.9669e-01,  2.9037e-01, -3.1575e+00,  8.2295e-01,  3.5655e-01,
         1.0734e-01,  8.4638e-02,  2.2069e-01,  4.4617e-01, -2.6215e-01,
         6.0655e-02, -1.5246e+00,  4.9818e-01,  1.4147e-01, -7.5470e-01,
         3.5581e-01,  4.9960e-01,  1.9931e-01,  1.8285e-01,  9.8781e-01,
        -1.0602e+00,  2.3495e-01,  9.4532e-01,  1.8300e+00,  7.5908e-01,
         1.6505e-01,  6.0990e-02, -3.1386e-01,  4.2318e-03, -6.0829e-01,
         8.2800e-01,  4.8439e-01,  1.2232e-01, -1.0305e+00,  7.5698e-01,
         2.4716e+00,  5.2161e-01, -4.2077e-01,  4.1116e-01, -1.3059e+00,
         1.2986e-01,  6.2546e-01, -3.4373e-01,  1.6119e-01, -3.1007e-01,
         2.1485e-01,  7.7977e-01, -5.3285e-01,  1.9592e-01,  9.1962e-01,
        -5.6099e-01,  1.6292e+00,  2.8473e-01,  7.4119e-01, -9.7706e-02,
        -2.5941e-01,  2.8748e-01, -2.3679e-01, -7.9418e-01], device='cuda:0')]
WeightedHSdebiased completed in 1730.05 seconds
ours1 FreqWeightedHSdebiased
LBFGS iterations run: 720
LBFGS iterations run: 347
LBFGS iterations run: 2
LBFGS iterations run: 586
LBFGS iterations run: 410
Mean +- SE trainNLL over 5 fold(s) 16831.125390625 +- 54.92567863173598
Sum testNLL over 5 fold(s) 21294.171875
weights for each 5 fold [tensor([ 0.8688,  0.1707, -0.1477,  0.5659,  0.8497,  0.4811,  0.3230,  0.1248,
         0.1358,  0.1190,  0.1304,  0.5584, -0.4041,  0.2846, -0.3273,  0.1717,
        -0.1387,  0.2667,  0.5959,  0.1629,  0.0746,  0.2504,  0.2445, -0.0095,
         0.0993,  0.0273,  0.0546,  0.2431,  0.1411,  0.0978,  0.4521, -0.1397,
         0.5202,  0.0396,  0.0479,  0.0513, -0.1729,  0.2560,  0.5203,  0.1446,
        -0.1680,  0.1581,  0.2368,  0.0564,  0.1003,  0.0940,  0.0114,  0.1527,
         0.1191,  0.0332,  0.1818, -0.4709,  0.2544,  0.3082,  0.0156,  0.1070,
         0.2177,  0.3712,  0.2400,  0.0203,  0.1224, -0.0341,  0.1058,  0.1467,
         0.2144,  0.0488,  0.0641, -0.3308,  0.1801,  0.9324,  0.1694, -1.1514,
         0.1479,  0.0379,  0.0414,  0.2853,  0.1731,  0.2773,  0.1149,  0.2206,
         0.0783,  0.0904,  0.4915,  0.0084,  0.1212,  0.3150,  0.0116,  0.0853,
        -0.6208, -0.0779,  0.1858, -0.4351,  0.2137,  0.1716, -0.0367,  0.1124,
         0.2515,  0.5988,  0.1636,  0.6629, -0.1166, -0.0111,  0.1197,  0.2026,
         0.4129,  0.2285,  0.1028,  0.1376,  0.3275, -0.0679,  0.1101,  0.1901,
         0.1638,  0.1349,  0.0049,  0.1342,  0.1955,  0.1642,  0.2940,  0.1728,
        -0.3069,  0.0764,  0.2480,  0.0545, -0.1167,  0.3221,  0.0299,  0.2295,
        -0.5729, -0.2762,  0.7084,  0.2955,  0.7764, -1.0557, -0.1302, -0.4232,
        -0.1269,  0.7669, -0.7544,  0.8537,  1.3617, -0.3155, -0.1777, -0.1884,
        -0.4249, -0.1379,  0.1355, -0.1693,  0.1080, -0.7179, -0.3366,  0.0259,
         0.1870, -0.0681,  0.4636,  0.4800,  0.3168, -0.0375,  0.2841,  1.0347,
         0.0209,  0.1391, -0.4790,  0.1952, -0.1344,  0.6634, -0.2624, -0.1767,
         0.2174, -0.0643,  0.1478,  0.6152, -0.6665,  0.3315, -0.2897,  0.9152,
         0.0651, -0.1064, -1.0877,  0.5068, -0.1349,  0.3022,  0.1789,  0.4135,
        -0.7286,  1.9238,  0.3200,  0.0434, -0.0771, -0.1429, -0.4482,  0.1793,
         0.1703,  0.6896,  0.0139,  0.5580,  0.9114,  0.2669, -2.2312,  0.8095,
         0.4773,  0.1560,  0.3055,  0.0728,  0.6207, -0.3434,  0.2383, -1.0353,
         0.4634,  0.3772, -0.5440,  0.2821,  0.0570,  0.2896,  0.0608,  0.1757,
        -0.6419,  0.2951,  0.8872,  1.6392,  0.2817,  0.1793,  0.1117, -0.2726,
        -0.1858, -0.1431,  0.5847,  0.0985,  0.0524, -0.8400,  0.5813,  0.7363,
         0.3743, -0.2464,  0.1306, -0.6374,  0.1743,  0.3787, -0.3116,  0.0493,
        -0.2307,  0.0769,  0.4668, -0.6539,  0.3803,  0.6226, -0.5626,  0.6654,
        -0.0058,  0.3794, -0.0213, -0.1587,  1.2631, -0.1626, -0.5860],
       device='cuda:0'), tensor([ 7.9278e-01,  1.1189e-01, -1.2007e-01,  4.4652e-01,  7.7184e-01,
         4.1785e-01,  2.1317e-01,  2.1038e-01,  1.7888e-01,  8.8866e-02,
         1.4425e-01,  2.4030e-01, -2.8147e-01,  2.9980e-01, -4.8615e-02,
         1.8969e-01, -1.4413e-01,  2.1216e-01,  5.8116e-01, -4.9364e-02,
         1.3250e-01,  2.9494e-01,  2.5220e-01, -4.4466e-02,  1.1757e-01,
         3.3991e-02,  7.0214e-02,  2.5887e-01,  9.1925e-02,  1.0346e-01,
         4.5216e-01, -1.0969e-01,  5.6620e-01,  5.0875e-03,  5.1656e-02,
         7.0727e-02, -2.2495e-01,  2.9379e-01,  5.1018e-01,  9.6341e-02,
        -2.1125e-01,  1.0897e-01,  2.0807e-01,  5.3201e-02,  1.0022e-01,
         3.6581e-02,  1.3512e-02,  1.6671e-01,  1.9713e-01, -1.8315e-02,
         2.7664e-01, -2.7901e-01,  2.7829e-01,  3.2853e-01, -6.7548e-02,
         1.3165e-01,  3.3358e-01,  3.1995e-01,  2.8779e-01,  3.1118e-02,
         9.6217e-02, -4.3202e-02,  1.0105e-01,  9.5154e-02,  2.9624e-01,
         4.3262e-02,  5.4669e-02, -2.0506e-01,  1.8607e-01,  7.7585e-01,
         1.4375e-01, -1.3296e+00,  1.3175e-01,  9.2751e-02,  3.4515e-02,
         4.5001e-01,  1.0346e-01,  2.9434e-01,  1.3428e-01,  2.2912e-01,
         3.2183e-01,  1.8099e-01,  5.7394e-01, -1.1414e-01,  1.0998e-01,
         3.6758e-01,  3.0408e-03,  4.8873e-02, -4.7137e-01,  8.2624e-02,
        -9.9000e-02, -3.4077e-01,  4.1378e-01,  1.1141e-01, -5.6270e-02,
         1.5215e-01,  2.4312e-01,  3.5732e-01,  1.4452e-01,  4.9851e-01,
        -1.2527e-01,  3.0384e-02,  5.8992e-02,  2.0331e-01,  6.6040e-01,
        -3.1852e-02,  1.6318e-01,  1.0822e-01,  2.0800e-01,  2.1852e-02,
         1.9744e-01,  2.0187e-01,  1.7324e-01,  1.3571e-01, -1.8611e-02,
         1.2278e-01,  2.0150e-01,  1.6890e-01,  4.5808e-01,  1.6169e-01,
        -2.2602e-01,  1.0867e-01,  2.5083e-01,  5.9447e-02, -7.9007e-02,
         2.4799e-01,  3.4681e-02,  2.4325e-01, -2.5538e-01, -4.0702e-01,
         8.3625e-01,  1.9729e-01,  8.7699e-01, -1.1782e+00, -1.0165e-01,
        -3.3258e-01, -1.5211e-01,  6.9028e-01, -3.1211e-01,  1.0219e+00,
         9.8226e-01, -5.4044e-04, -2.3237e-01, -1.1402e-01, -3.8061e-01,
        -2.6607e-01, -5.7159e-02, -5.6756e-01,  1.2358e-01, -5.3152e-01,
        -1.4842e-01, -5.4806e-02,  1.3391e-01,  1.6000e-02,  4.7485e-01,
         3.5606e-01,  3.1579e-01, -4.8147e-02,  3.1762e-01,  9.7498e-01,
         2.3702e-01,  2.2820e-01, -4.2962e-01,  1.6088e-01, -9.5542e-02,
         7.7729e-01, -3.0894e-01, -1.0574e-01,  2.1172e-01, -2.2375e-01,
         1.6324e-01,  6.1819e-01, -5.7940e-01,  2.7490e-01, -2.4456e-01,
         9.1072e-01,  1.0981e-02, -1.4803e-01, -1.0043e+00,  5.5564e-01,
        -6.0950e-02,  3.8342e-01,  7.0585e-02,  2.3280e-01, -6.7946e-01,
         2.1165e+00,  2.1544e-01,  1.4996e-01, -5.9761e-02, -9.5176e-02,
        -4.4296e-01,  1.5607e-01,  1.7130e-01,  5.5503e-01,  5.9159e-02,
         3.7380e-01,  8.8023e-01,  2.3944e-01, -2.5415e+00,  7.3551e-01,
         3.9840e-01,  1.5697e-01,  3.3659e-01,  8.7573e-02,  6.5092e-01,
        -2.4783e-01,  1.9743e-01, -8.0949e-01,  4.8761e-01,  2.7798e-01,
        -7.3377e-01,  2.6616e-01,  2.2471e-01,  1.7673e-01,  1.6513e-01,
         3.2440e-01, -3.7375e-01,  1.5479e-01,  8.8881e-01,  1.3518e+00,
         3.5192e-01,  1.4873e-01,  1.7235e-01, -1.4513e-01, -2.9177e-01,
        -1.7715e-01,  6.5661e-01,  1.6392e-01,  5.2435e-02, -7.9821e-01,
         5.1745e-01,  8.6454e-01,  1.9664e-01, -1.6570e-01,  2.4984e-01,
        -6.3340e-01,  9.9244e-02,  2.4086e-01, -3.6095e-01,  9.9524e-02,
        -2.2226e-01,  6.6621e-02,  4.4980e-01, -5.1428e-01,  3.9534e-01,
         5.0997e-01, -5.6231e-01,  7.8994e-01,  6.3896e-02,  3.4775e-01,
        -6.7920e-02, -1.3440e-01,  9.1804e-01, -9.7097e-02, -6.4530e-01],
       device='cuda:0'), tensor([ 7.9276e-01,  1.1189e-01, -1.2004e-01,  4.4654e-01,  7.7182e-01,
         4.1784e-01,  2.1311e-01,  2.1043e-01,  1.7890e-01,  8.8821e-02,
         1.4424e-01,  2.4019e-01, -2.8142e-01,  2.9976e-01, -4.8490e-02,
         1.8968e-01, -1.4415e-01,  2.1215e-01,  5.8114e-01, -4.9432e-02,
         1.3251e-01,  2.9494e-01,  2.5222e-01, -4.4487e-02,  1.1756e-01,
         3.3962e-02,  7.0211e-02,  2.5888e-01,  9.1903e-02,  1.0347e-01,
         4.5215e-01, -1.0968e-01,  5.6621e-01,  5.0685e-03,  5.1648e-02,
         7.0735e-02, -2.2496e-01,  2.9379e-01,  5.1016e-01,  9.6330e-02,
        -2.1125e-01,  1.0897e-01,  2.0804e-01,  5.3203e-02,  1.0022e-01,
         3.6423e-02,  1.3521e-02,  1.6671e-01,  1.9715e-01, -1.8329e-02,
         2.7668e-01, -2.7835e-01,  2.7828e-01,  3.2853e-01, -6.7567e-02,
         1.3165e-01,  3.3361e-01,  3.1993e-01,  2.8783e-01,  3.1120e-02,
         9.6198e-02, -4.3204e-02,  1.0106e-01,  9.5146e-02,  2.9626e-01,
         4.3277e-02,  5.4666e-02, -2.0496e-01,  1.8609e-01,  7.7578e-01,
         1.4376e-01, -1.3307e+00,  1.3178e-01,  9.2783e-02,  3.4512e-02,
         4.5005e-01,  1.0344e-01,  2.9435e-01,  1.3428e-01,  2.2912e-01,
         3.2189e-01,  1.8105e-01,  5.7396e-01, -1.1421e-01,  1.0997e-01,
         3.6761e-01,  3.0268e-03,  4.8859e-02, -4.7116e-01,  8.2666e-02,
        -9.9089e-02, -3.4077e-01,  4.1391e-01,  1.1142e-01, -5.6276e-02,
         1.5214e-01,  2.4310e-01,  3.5700e-01,  1.4452e-01,  4.9846e-01,
        -1.2527e-01,  3.0396e-02,  5.8965e-02,  2.0332e-01,  6.6175e-01,
        -3.2488e-02,  1.6321e-01,  1.0821e-01,  2.0781e-01,  2.1863e-02,
         1.9765e-01,  2.0186e-01,  1.7325e-01,  1.3569e-01, -1.8612e-02,
         1.2277e-01,  2.0149e-01,  1.6886e-01,  4.5812e-01,  1.6168e-01,
        -2.2581e-01,  1.0868e-01,  2.5081e-01,  5.9432e-02, -7.9009e-02,
         2.4795e-01,  3.4686e-02,  2.4326e-01, -2.5519e-01, -4.0818e-01,
         8.3644e-01,  1.9714e-01,  8.7700e-01, -1.1783e+00, -1.0170e-01,
        -3.3252e-01, -1.5210e-01,  6.9026e-01, -3.1058e-01,  1.0220e+00,
         9.8203e-01, -2.4053e-04, -2.3245e-01, -1.1399e-01, -3.8062e-01,
        -2.6621e-01, -5.7231e-02, -5.6811e-01,  1.2361e-01, -5.3138e-01,
        -1.4834e-01, -5.4850e-02,  1.3386e-01,  1.6046e-02,  4.7481e-01,
         3.5596e-01,  3.1582e-01, -4.8163e-02,  3.1754e-01,  9.7492e-01,
         2.3703e-01,  2.2825e-01, -4.2963e-01,  1.6086e-01, -9.5588e-02,
         7.7735e-01, -3.0891e-01, -1.0567e-01,  2.1170e-01, -2.2375e-01,
         1.6323e-01,  6.1814e-01, -5.7919e-01,  2.7489e-01, -2.4457e-01,
         9.1068e-01,  1.0969e-02, -1.4805e-01, -1.0036e+00,  5.5565e-01,
        -6.0892e-02,  3.8345e-01,  7.0605e-02,  2.3274e-01, -6.7941e-01,
         2.1168e+00,  2.1541e-01,  1.5007e-01, -5.9718e-02, -9.5153e-02,
        -4.4296e-01,  1.5604e-01,  1.7132e-01,  5.5496e-01,  5.9097e-02,
         3.7362e-01,  8.8023e-01,  2.3936e-01, -2.5428e+00,  7.3548e-01,
         3.9826e-01,  1.5699e-01,  3.3660e-01,  8.7629e-02,  6.5089e-01,
        -2.4777e-01,  1.9743e-01, -8.0948e-01,  4.8766e-01,  2.7793e-01,
        -7.3380e-01,  2.6617e-01,  2.2487e-01,  1.7668e-01,  1.6510e-01,
         3.2473e-01, -3.7368e-01,  1.5469e-01,  8.8861e-01,  1.3516e+00,
         3.5208e-01,  1.4874e-01,  1.7241e-01, -1.4501e-01, -2.9196e-01,
        -1.7724e-01,  6.5675e-01,  1.6397e-01,  5.2420e-02, -7.9815e-01,
         5.1743e-01,  8.6627e-01,  1.9676e-01, -1.6567e-01,  2.4986e-01,
        -6.3329e-01,  9.9272e-02,  2.4058e-01, -3.6096e-01,  9.9523e-02,
        -2.2229e-01,  6.6646e-02,  4.4980e-01, -5.1426e-01,  3.9550e-01,
         5.1001e-01, -5.6236e-01,  7.9036e-01,  6.3923e-02,  3.4774e-01,
        -6.7936e-02, -1.3440e-01,  9.1778e-01, -9.7037e-02, -6.4533e-01],
       device='cuda:0'), tensor([ 8.5077e-01,  1.4711e-01,  3.9652e-01,  4.8527e-01,  7.5014e-01,
         4.0640e-01,  2.5385e-01,  2.1804e-01,  1.2740e-01,  5.7673e-02,
         1.4329e-01, -1.4665e-01, -1.8206e-01,  3.5666e-01, -1.9717e-01,
         1.3216e-01, -1.1435e-01,  1.7343e-01,  5.5541e-01,  1.0139e-01,
         3.0001e-02,  2.9099e-01,  2.1133e-01,  2.7019e-02,  5.4683e-02,
         3.2744e-02,  5.1969e-02,  2.7261e-01,  1.1410e-01,  1.2019e-01,
         4.0528e-01, -1.4615e-01,  5.7557e-01,  3.3494e-02,  4.2606e-02,
         7.0912e-02, -2.5846e-01,  2.5784e-01,  5.1998e-01,  1.4236e-01,
        -1.7194e-01,  1.9472e-01,  2.0351e-01,  3.0330e-02,  1.0124e-01,
        -3.3295e-02,  2.0791e-02,  2.0377e-01,  1.5590e-01,  2.4063e-02,
         2.0785e-01, -3.2810e-01,  2.6642e-01,  3.1094e-01, -2.2638e-02,
         1.1345e-01,  3.1634e-01,  2.8344e-01,  2.5463e-01, -4.4671e-03,
         6.0821e-02, -1.0239e-02,  1.3698e-01,  1.3567e-01,  2.4058e-01,
         1.2507e-02,  5.7381e-02, -3.2192e-01,  1.7710e-01,  8.4221e-01,
         1.5998e-01, -2.1534e+00,  1.4514e-01,  1.8208e-01,  6.1877e-02,
         3.5582e-01,  1.8414e-01,  2.4230e-01,  1.7763e-01,  1.9180e-01,
         3.0303e-01,  8.2605e-02,  4.9457e-01,  7.8303e-02,  1.0180e-01,
         3.9551e-01,  2.2943e-02,  6.7758e-02, -3.4904e-01,  1.0555e-01,
         1.4416e-01, -3.4966e-01,  3.6308e-01,  1.2957e-01, -9.0953e-02,
         1.1508e-01,  2.6163e-01,  4.6891e-01,  1.6892e-01,  4.4513e-01,
        -7.3309e-02,  3.8112e-02,  9.0740e-02,  1.7762e-01, -6.2235e-01,
        -1.6865e-01,  5.7962e-02,  1.0427e-01,  4.2088e-01, -7.5026e-02,
         1.3860e-01,  1.9333e-01,  1.3152e-01,  1.2422e-01,  3.8389e-04,
         1.6173e-01,  2.0670e-01,  2.7578e-01,  3.9048e-01,  2.0319e-01,
        -3.2501e-01, -6.9342e-03,  2.2381e-01,  6.5592e-02, -1.0380e-01,
         2.7496e-01,  8.4608e-02,  1.1897e-01, -3.7462e-01,  1.4765e-01,
         7.5801e-01,  3.1828e-01,  4.8808e-01, -9.8795e-01,  2.2262e-03,
        -3.4720e-01, -1.6809e-01,  8.2859e-01, -1.0238e+00,  9.4814e-01,
         1.1241e+00, -1.6737e-01, -2.3322e-01, -1.0416e-01, -3.5646e-01,
        -1.7293e-01,  1.9721e-01, -2.6475e-01,  1.1948e-01, -5.9764e-01,
        -2.2778e-01, -4.4569e-02,  1.9596e-01,  3.4180e-02,  4.7386e-01,
         4.1845e-01,  3.6767e-01, -2.9377e-02,  3.4371e-01,  1.0225e+00,
         1.6831e-02,  2.0018e-01, -4.3212e-01,  1.8362e-01,  1.4892e-02,
         5.9980e-01, -3.4149e-01, -1.0900e-01,  2.0209e-01, -1.2305e-01,
         1.9018e-01,  6.1336e-01, -6.1881e-01,  2.7315e-01, -2.2469e-01,
         1.0022e+00, -4.7986e-02, -1.4004e-01, -8.8891e-01,  5.3242e-01,
        -7.4376e-02,  2.8140e-01,  1.3348e-01,  3.4510e-01, -5.8117e-01,
         1.9174e+00,  3.4523e-01,  2.5205e-02, -5.2991e-02, -9.1569e-02,
        -4.2515e-01,  1.5778e-01,  8.9951e-02,  5.9150e-01, -2.2379e-01,
         4.7424e-01,  8.7308e-01,  2.6857e-01, -3.6391e+00,  7.8901e-01,
         5.6172e-01,  1.2342e-01,  2.6260e-01,  6.5405e-02,  6.2046e-01,
        -2.6421e-01,  1.9297e-01, -8.3277e-01,  3.2757e-01,  1.7032e-01,
        -5.7010e-01,  2.8518e-01,  1.4509e-01,  2.2442e-01,  8.9836e-02,
         4.0719e-01, -4.1467e-01,  2.2242e-01,  8.3175e-01,  1.5162e+00,
         2.4488e-01,  1.3921e-01,  1.3288e-01, -1.7006e-01, -4.3434e-01,
        -1.2734e-01,  4.4869e-01,  1.8686e-01,  2.6176e-03, -7.2898e-01,
         6.1104e-01, -4.8895e-01,  1.7799e-01, -3.1844e-01,  1.8496e-01,
        -6.5464e-01,  1.4608e-01,  3.5043e-01, -2.8416e-01,  9.0795e-02,
        -2.0365e-01,  1.0722e-02,  4.6633e-01, -4.5411e-01,  5.2805e-01,
         4.1680e-01, -6.4741e-01,  8.5166e-01,  1.3043e-01,  3.0982e-01,
        -6.5974e-02, -1.8681e-01,  1.0050e+00, -5.2836e-02, -7.0324e-01],
       device='cuda:0'), tensor([ 8.4586e-01,  1.3495e-01, -1.1190e-01,  5.5733e-01,  7.3265e-01,
         3.2165e-01,  2.9855e-01,  1.9208e-01,  1.3605e-01,  1.0457e-01,
         1.5576e-01,  3.4289e-01, -1.9396e-01,  2.2029e-01, -1.7249e-01,
         1.6940e-01, -1.3171e-01,  1.7011e-01,  7.0192e-01,  7.8317e-02,
         1.1971e-01,  2.6339e-01,  2.2336e-01,  2.3098e-02,  4.7564e-02,
         1.1504e-02,  2.8700e-02,  2.6574e-01,  1.0194e-01,  1.4329e-01,
         4.3147e-01, -6.0933e-02,  5.1804e-01, -1.1554e-02,  2.1350e-02,
         4.8335e-02, -2.3699e-01,  2.4485e-01,  5.6451e-01,  1.0836e-01,
        -1.4848e-01,  1.4093e-01,  2.9750e-01, -3.2670e-02,  7.4328e-02,
         6.1434e-02, -2.3077e-03,  1.7979e-01,  5.8510e-02,  3.8718e-02,
         1.9305e-01, -4.2576e-01,  2.7844e-01,  3.1052e-01, -2.0682e-02,
         1.2405e-01,  2.3978e-01,  3.4705e-01,  2.4776e-01,  1.1249e-02,
         8.5255e-02, -1.5184e-01,  1.2868e-01,  1.4433e-01,  2.1174e-01,
         2.7406e-02,  7.3580e-02, -4.1915e-01,  2.1327e-01,  8.9501e-01,
         1.9499e-01, -1.2430e+00,  1.3696e-01,  1.4612e-01,  8.1155e-02,
         2.1877e-01,  1.5222e-01,  2.4470e-01,  1.5326e-01,  2.1232e-01,
         2.5709e-01,  1.0565e-01,  5.7829e-01, -2.4199e-02,  8.9295e-02,
         3.5873e-01,  4.8444e-02,  9.4684e-02, -4.5868e-01,  5.5619e-02,
         8.4389e-02, -4.8680e-01,  3.1021e-01,  1.1040e-01, -5.3858e-02,
         1.9649e-01,  2.8254e-01,  4.0010e-01,  1.6217e-01,  4.3239e-01,
        -4.2226e-02,  3.1675e-02,  6.2247e-02,  1.8861e-01,  5.5844e-01,
        -2.0255e-01,  1.4990e-01,  9.4226e-02,  3.4403e-01, -7.7159e-03,
         2.2577e-01,  2.1691e-01,  1.4225e-01,  1.3313e-01, -8.4777e-03,
         1.5755e-01,  1.9058e-01,  2.7460e-01,  3.2151e-01,  1.8019e-01,
        -3.2731e-01,  1.6464e-02,  2.5025e-01,  3.4804e-02, -6.8055e-02,
         2.6617e-01,  7.1717e-02,  1.9637e-01, -3.9176e-01, -9.3422e-01,
         9.0322e-01,  3.3468e-01,  6.1851e-01, -1.0829e+00, -4.3752e-02,
        -3.5249e-01, -1.2530e-01,  9.1363e-01, -2.1981e-02,  8.5542e-01,
         1.0866e+00,  1.5168e-01, -3.2023e-01, -5.6856e-02, -6.0471e-01,
        -3.1814e-01,  2.3872e-01, -3.8386e-01,  1.8212e-01, -6.9946e-01,
        -2.4439e-01, -1.0424e-01,  1.6563e-01, -1.3897e-02,  4.5105e-01,
         3.9753e-01,  3.7024e-01, -7.7247e-02,  3.3013e-01,  9.6258e-01,
         1.1089e-01,  1.6007e-01, -4.6267e-01,  1.0960e-01, -8.9647e-02,
         6.9204e-01, -2.8442e-01, -1.1943e-01,  1.2126e-01, -7.3691e-02,
         1.9898e-01,  5.6056e-01, -5.5321e-01,  2.3189e-01, -2.6432e-01,
         8.4925e-01, -2.7712e-02, -1.4240e-01, -1.1691e+00,  4.7154e-01,
        -9.7960e-02,  2.0955e-01,  1.8658e-01,  3.7914e-01, -5.5263e-01,
         2.1202e+00,  3.6871e-01,  2.9191e-02, -1.2893e-01, -8.2134e-02,
        -4.8907e-01,  9.1760e-02,  1.9259e-01,  6.6213e-01,  1.7079e-01,
         3.6286e-01,  8.5743e-01,  1.9446e-01, -2.5857e+00,  8.7073e-01,
         4.3890e-01,  1.0224e-01,  3.3667e-01,  6.3319e-02,  4.8582e-01,
        -3.4141e-01,  2.1580e-01, -1.0668e+00,  4.1917e-01,  3.5578e-01,
        -5.7868e-01,  3.1517e-01,  2.3661e-01,  2.5715e-01,  7.7665e-02,
         4.3250e-01, -5.0174e-01,  3.3225e-01,  6.4865e-01,  1.7187e+00,
         3.2157e-01,  1.9883e-01,  1.5665e-01, -1.6341e-01, -2.9299e-01,
        -2.1463e-01,  4.0997e-01,  2.4599e-01,  6.4507e-02, -8.1609e-01,
         6.3321e-01,  1.0970e+00,  5.2531e-01, -3.0561e-01,  2.7044e-01,
        -6.9350e-01,  1.9828e-01, -6.5328e-02, -3.4219e-01,  2.0333e-02,
        -3.3340e-01, -1.6188e-02,  4.8441e-01, -5.3943e-01,  2.4923e-01,
         6.2763e-01, -6.9302e-01,  6.9350e-01,  1.2594e-01,  3.9624e-01,
        -1.0296e-01, -1.3260e-01,  8.5849e-01, -4.5808e-03, -5.9877e-01],
       device='cuda:0')]
FreqWeightedHSdebiased completed in 1578.05 seconds
ours1 FreqWeightedHSWeightedPers2
LBFGS iterations run: 3234
LBFGS iterations run: 989
LBFGS iterations run: 1692
LBFGS iterations run: 3
LBFGS iterations run: 2
Mean +- SE trainNLL over 5 fold(s) 17695.816796875 +- 56.16011685981438
Sum testNLL over 5 fold(s) 22271.94970703125
weights for each 5 fold [tensor([ 9.7507e-01,  1.8269e-01, -2.1892e-02,  5.5164e-01,  5.8450e-01,
         3.1200e-01, -5.9562e-02,  2.3310e-01,  1.5396e-01,  1.7763e-01,
         6.5958e-02,  1.4572e-01, -3.1961e-02,  5.9480e-01, -1.5622e-01,
         9.2053e-02, -1.8636e-01,  2.1056e-01,  6.5142e-01,  2.9880e-01,
        -9.8931e-02,  1.8682e-01,  2.0043e-01, -3.6466e-02,  1.1474e-01,
         3.5347e-02,  2.7969e-02,  2.8515e-01,  1.8183e-01,  1.7943e-01,
         3.0891e-01, -1.3190e-01,  1.0414e+00,  9.0962e-02,  1.1890e-01,
         3.9285e-04, -8.8525e-02,  2.8674e-01,  2.4698e-01,  1.6723e-01,
        -1.7127e-01,  1.0670e-01,  9.6201e-02,  1.5373e-02,  9.5828e-02,
         1.4123e-01,  8.7663e-02,  1.1774e-01,  3.3196e-01, -1.5582e-02,
         1.2646e-01, -1.9896e-01,  1.7537e-01,  2.1589e-01,  1.4553e-01,
         1.5189e-01,  2.1785e-01,  2.5598e-01,  5.8901e-01, -1.5560e-02,
         4.2844e-01, -2.7197e-01,  1.1623e-01,  1.6276e-01,  2.3059e-01,
         5.2295e-02,  7.4708e-02, -1.5396e-01, -6.8468e-02,  1.1576e+00,
         2.2603e-01, -2.8996e-01,  1.4261e-02,  8.2547e-02,  5.3736e-02,
         1.5190e-01,  1.8230e-01,  3.3568e-01,  1.4173e-01,  6.3546e-02,
         2.0079e-01,  3.7528e-01,  4.0207e-01, -8.3966e-02,  7.7389e-02,
         1.7988e-01,  5.7217e-02,  1.1015e-01, -4.5612e-01, -2.4723e-01,
        -4.2798e-02, -5.3872e-01,  9.9713e-02,  1.1975e-01, -3.3234e-02,
         3.4447e-01,  1.8513e-01,  8.5888e-01,  9.7214e-02,  6.9555e-01,
        -3.6780e-02, -7.9980e-02,  2.2292e-01,  1.5973e-01,  3.9415e-01,
         2.4989e-01,  1.8401e-01,  1.5318e-01,  2.2618e-01, -5.8164e-02,
         2.2960e-01,  7.5976e-02,  1.4858e-01,  8.8658e-02, -1.8253e-03,
         1.5085e-01,  8.7028e-02,  1.2821e-01, -8.8659e-02,  9.0153e-02,
        -6.5430e-01, -4.2969e-02,  1.6597e-01,  7.1953e-04,  9.0073e-03,
         8.8233e-01, -3.0162e-02,  1.4763e-01, -2.6120e+00,  8.2265e+00,
        -3.7255e+01, -2.5966e+00,  1.4142e+01,  7.1971e+01, -1.8020e+01,
        -9.5922e+00, -6.1935e+00,  2.2884e+00, -6.7673e-01, -6.8952e+01,
        -8.3813e+01,  8.6121e+00,  8.6709e+00,  1.2239e+01,  4.5848e+01,
        -2.1322e+01, -3.3756e+01,  5.3809e+01,  1.0177e+01,  2.4353e+01,
         4.9195e+00, -3.0398e-01, -5.3969e+00,  4.0974e+00, -3.4414e+01,
        -1.5988e+01, -4.4561e+01,  2.1303e+01, -5.5072e+01, -1.1672e+02,
         1.6214e+00, -8.6868e+00,  1.3437e+01, -2.2951e+01,  2.0992e+01,
         3.0853e+01, -1.5781e+00,  9.8270e+00, -6.9950e+00,  4.4720e+00,
         3.8169e+00, -1.8593e+01, -8.4341e+00, -2.5181e+01,  1.5368e+01,
        -1.1477e+02,  2.5457e+01,  1.7371e+01,  4.0133e+01, -1.4805e+00,
         2.4152e+01, -2.4403e+01, -3.4485e+00,  3.0441e+01,  4.8617e+00,
        -1.5710e+02,  6.6254e+00, -4.9256e+01, -2.7323e+00, -3.4143e+00,
        -1.0438e+01, -1.6798e+01,  3.0116e-01,  2.0951e+01, -6.3728e+00,
         5.7679e+01, -6.8277e+01, -1.2936e+01,  2.0432e+01, -2.6948e+01,
        -2.8783e+01,  1.8416e+01, -9.0681e+00,  2.1299e+00, -3.8852e+01,
         2.6471e+00,  2.1125e+01,  2.7119e+01, -7.2796e+01,  1.9542e+01,
         3.9326e+01,  3.9456e+00,  2.1749e+01, -6.9997e+00, -3.2201e+00,
        -1.3826e+01,  7.3473e+01,  2.2915e+01, -6.4106e+01,  1.1042e+02,
         5.9268e+00,  2.9349e+00, -3.3629e+01,  1.4574e+01,  2.5077e+01,
         1.2533e+01, -4.9946e+01, -8.0377e+00,  1.2913e+01, -1.6283e+01,
         1.8073e+01, -6.4031e+00,  1.2871e-01, -1.2662e+01,  1.1523e+01,
         2.1055e+01,  3.8848e+01, -2.8988e+01, -6.5827e+00, -8.0950e+00,
         4.6603e+00, -1.3429e+01,  3.8087e+00,  2.6725e+01, -2.4295e+01,
         5.6922e+01,  2.2959e+01, -1.8527e+01,  2.0131e+01,  2.8342e+01,
         6.0396e+00, -7.4800e+00, -1.3716e+02,  1.2450e+01,  3.4552e+01],
       device='cuda:0'), tensor([ 9.4608e-01,  1.5567e-01,  7.1490e-02,  2.6680e-01,  5.5309e-01,
         2.3447e-01, -6.4848e-02,  3.0103e-01,  2.1129e-01,  1.5335e-01,
         4.4677e-02, -1.9990e-01,  5.2960e-02,  6.0005e-01, -2.9379e-02,
         1.0516e-01, -1.5533e-01,  7.8452e-02,  6.4739e-01,  1.8381e-01,
        -2.7714e-02,  2.9385e-01,  1.3887e-01, -5.4389e-02,  1.2832e-01,
         1.3193e-02,  7.0299e-02,  2.5896e-01,  9.1585e-02,  1.7843e-01,
         3.5302e-01, -1.2091e-01,  1.0374e+00,  4.0197e-03,  1.9905e-01,
         1.5220e-02, -1.6345e-01,  3.0463e-01,  3.0429e-01,  1.0572e-01,
        -1.5820e-01,  1.2878e-01,  6.4694e-02,  1.3626e-02,  5.5927e-02,
         1.0912e-01,  1.3085e-01,  1.3009e-01,  3.6601e-01, -3.9248e-02,
         2.3691e-01, -2.9998e-01,  1.8245e-01,  2.2759e-01,  4.1955e-02,
         1.7540e-01,  3.2103e-01,  2.2025e-01,  8.1818e-01, -6.2322e-03,
         3.7042e-01, -1.5588e-01,  1.1659e-01,  1.1783e-01,  2.9251e-01,
         8.4058e-02,  3.7433e-02, -1.4747e-01, -1.3871e-02,  9.8802e-01,
         2.0476e-01, -3.3501e-01,  5.2538e-02,  1.7673e-01,  5.1805e-02,
         2.7369e-01,  1.4344e-01,  3.6760e-01,  1.2321e-01,  4.9693e-02,
         2.2812e-01,  4.6112e-01,  4.4807e-01, -1.6492e-01,  1.3114e-01,
         1.5979e-01,  5.8750e-02,  6.9244e-02, -5.2966e-01, -1.3395e-01,
        -2.7525e-01, -5.4236e-01,  6.6059e-02,  6.1575e-02, -3.1291e-02,
         2.5656e-01,  1.0112e-01,  7.2037e-01,  1.0301e-01,  6.5375e-01,
         5.2110e-03,  2.5911e-02,  1.6202e-01,  1.5316e-01,  7.5035e-01,
        -8.8100e-02,  1.9869e-01,  1.2586e-01,  1.3175e-01,  1.0279e-01,
         3.1297e-01,  2.8217e-02,  4.4637e-02,  1.0968e-01, -7.9042e-02,
         1.7352e-01,  2.0100e-01,  1.7420e-01, -4.1238e-02,  9.9816e-02,
        -6.3888e-01, -4.5081e-02,  3.0309e-01, -4.6617e-02,  5.6818e-02,
         7.4290e-01, -3.5150e-02,  1.0534e-01, -7.8617e+00,  1.3859e+01,
        -2.0345e+01, -6.8545e+00,  1.5580e+01,  6.7670e+01, -1.5155e+01,
        -1.1409e+01, -5.9966e+00,  6.9438e+00,  3.2493e+00, -6.8101e+01,
        -7.2692e+01,  1.2052e+01,  9.9277e+00,  2.4446e+00,  5.4310e+01,
        -1.7406e+01, -3.4004e+01,  5.6437e+01,  8.3398e-01,  3.1288e+01,
         1.3742e+01,  1.2800e-01,  7.5096e-01, -1.0371e+00, -3.0712e+01,
        -9.6213e+00, -3.9283e+01,  1.4679e+01, -5.4444e+01, -1.1237e+02,
         1.4932e+01, -2.0170e+01,  1.1997e+01, -1.5538e+01,  2.1228e+01,
         2.1078e+01,  5.7224e+00,  8.7510e-01, -1.6652e+01,  1.5544e+01,
         5.1954e+00, -1.3948e+01, -8.3522e+00, -3.3798e+01,  1.4905e+01,
        -1.1273e+02,  2.3317e+01,  1.2608e+01,  4.6599e+01,  1.4095e+00,
         2.3877e+01, -1.6103e+01, -5.0521e+00,  2.5363e+01,  1.0319e+00,
        -1.7862e+02,  5.3608e+00, -4.4628e+01, -1.5274e+01, -4.2869e+00,
        -8.9764e+00, -1.5168e+01, -5.3819e+00,  2.4022e+01, -5.8185e+00,
         4.8772e+01, -7.0828e+01, -1.2311e+01,  2.6473e+01, -3.3625e+01,
        -3.5873e+01,  1.5017e+01, -1.0522e+01, -3.9200e-01, -3.9735e+01,
         4.7792e+00,  2.4415e+01,  2.4131e+01, -6.6887e+01,  1.9775e+01,
         4.1056e+01, -6.1656e+00,  2.9243e+01, -9.1112e+00, -3.8846e+00,
        -7.8263e+00,  6.0608e+01,  2.7578e+01, -7.3280e+01,  1.1237e+02,
         4.3204e+00,  8.1302e-01, -1.7006e+01,  2.2637e+01,  3.2047e+01,
         7.4505e+00, -5.1002e+01, -2.0480e+01, -2.2651e-01, -1.4117e+01,
         1.6362e+01, -7.5782e+00, -7.4549e-03, -7.1680e+00,  1.8068e+01,
         2.0683e+01,  1.7997e+01, -3.7350e+01, -7.6088e-02,  1.0260e+01,
         2.8972e+00, -4.1126e+00, -2.1588e+00,  1.2110e+01, -2.4971e+01,
         5.5866e+01,  2.0428e+01, -1.8648e+01,  2.4897e+01,  4.3891e+00,
         1.5571e+01, -1.1311e+01, -1.1905e+02,  1.3594e+01,  4.6414e+01],
       device='cuda:0'), tensor([ 9.7747e-01,  7.1526e-02,  1.2887e-01,  2.4128e-01,  6.3083e-01,
         2.1254e-01, -5.8216e-02,  3.5089e-01,  2.8607e-01,  1.4721e-01,
         1.6233e-01, -1.6406e-02,  4.0865e-02,  6.1022e-01, -1.6335e-01,
         7.6920e-02, -1.2615e-01,  9.1440e-02,  7.0715e-01,  4.4674e-02,
        -2.1353e-01,  2.0245e-01,  1.9570e-01, -2.8927e-05,  9.6478e-02,
         7.2026e-02, -1.7358e-03,  1.6877e-01,  1.2672e-01,  2.9289e-01,
         3.9432e-01, -1.9223e-01,  1.1705e+00, -4.5963e-03,  1.7256e-01,
         7.1674e-02, -1.7906e-01,  3.2311e-01,  3.7274e-01,  1.7730e-01,
        -1.4362e-01,  1.3349e-01,  4.4903e-02, -3.2591e-02, -3.0371e-02,
         9.4100e-02,  9.8864e-02,  1.5512e-01,  4.0685e-01, -1.1500e-01,
         1.6108e-01, -3.1272e-01,  1.3622e-01,  2.1086e-01,  1.8017e-02,
         1.5441e-01,  1.9832e-01,  2.6301e-01,  9.2139e-01,  1.4834e-02,
         4.6307e-01, -1.1066e-01,  1.2813e-01,  1.5776e-01,  2.8133e-01,
         9.6461e-02,  4.5101e-02, -1.0759e-01, -2.4008e-02,  1.1953e+00,
         2.5122e-01, -5.1141e-01,  9.9339e-02,  2.2514e-01,  2.2785e-02,
         2.7964e-01,  2.1140e-01,  2.7341e-01,  1.1400e-01,  1.3858e-01,
         2.5518e-01,  2.7545e-01,  4.8477e-01, -1.3801e-01,  1.0961e-01,
         1.8435e-01,  5.9654e-02,  1.0499e-01, -4.4375e-01, -1.0163e-01,
        -3.2184e-02, -5.9372e-01,  8.5911e-02,  5.0025e-02, -2.2574e-02,
         2.0759e-01,  1.8633e-01,  5.9908e-01,  7.3266e-02,  6.3486e-01,
        -1.0518e-02,  1.4217e-02,  8.4423e-02,  2.0841e-01,  6.0809e-01,
        -1.3321e-01,  1.9069e-01,  1.1870e-01,  1.6249e-01, -2.4938e-02,
         4.2468e-01,  1.0431e-01,  8.4799e-02,  7.9484e-02,  4.5447e-02,
         1.3414e-01,  1.1914e-01,  2.1080e-01, -8.3209e-02,  1.0955e-01,
        -4.8612e-01, -2.5881e-02,  1.8943e-01, -7.0060e-02, -2.0186e-02,
         6.3095e-01, -5.4309e-02,  6.4581e-02,  1.4146e+01,  9.6690e+00,
        -7.0387e+00, -2.3288e+01,  1.6023e+01,  5.6813e+01, -2.3765e+01,
        -2.9914e+01, -8.8591e+00, -8.9982e+00, -2.8216e-01, -6.0483e+01,
        -7.8646e+01,  2.1573e+01,  9.6975e+00, -1.3176e+00,  6.5032e+01,
        -2.3986e+01, -7.4573e+00,  6.0648e+01,  1.1428e+01,  3.1299e+01,
         9.3003e-01,  1.9867e-01, -1.1758e+01,  4.0763e+00, -1.3151e+01,
        -1.2289e+01, -4.8156e+01,  4.3644e+00, -4.6614e+01, -1.3306e+02,
         1.1309e+01, -2.8302e+01,  4.1256e+00, -1.2389e+01,  7.8229e+00,
         1.6293e+01,  2.4571e-01,  2.4680e+00, -1.3106e+01,  1.3383e+01,
         1.6918e+01, -2.5630e+00, -1.1395e+01, -2.6541e+01,  1.0474e+01,
        -1.1305e+02,  3.9066e+01,  1.0035e+01,  5.0734e+01,  5.9155e+00,
         2.0807e+01, -1.2136e+01, -1.3822e+00,  3.4811e+01, -5.4265e+00,
        -2.0512e+02,  1.1994e+00, -4.3205e+01, -2.4000e+01, -4.9617e+00,
        -9.6518e+00, -2.3349e+01, -4.3086e+00,  2.5146e+01, -5.4171e+00,
         4.8545e+01, -7.9152e+01, -1.3846e+01,  4.1132e+01, -3.8303e+01,
        -3.7916e+01,  1.6518e+01, -2.0465e+01, -4.3836e+00, -4.2200e+01,
         3.5439e+00,  1.1348e+01,  2.5410e+01, -5.3876e+01,  1.9775e+01,
         4.1840e+01, -4.8986e+00,  2.6080e+01, -3.3140e+00, -4.7302e+00,
        -7.0584e+00,  5.2611e+01,  2.0023e+01, -6.9745e+01,  1.1796e+02,
         1.7675e+01, -2.0986e-01, -9.9436e+00,  1.8274e+01,  3.9921e+01,
         1.1945e+01, -4.7391e+01, -1.4522e+01,  2.1504e+00, -2.5711e+00,
         1.1201e+01, -9.9757e+00, -8.3360e-01, -1.9583e+00,  1.9418e+01,
         2.5194e+01,  3.0816e+01, -5.2377e+01, -1.1453e+01,  1.2551e+00,
         3.8337e+00, -1.5785e+01,  9.7164e+00,  1.3662e+01, -2.6470e+01,
         5.3735e+01,  2.0488e+01, -2.8640e+01,  1.6968e+01,  1.7120e+01,
         9.5519e+00, -1.3603e+00, -1.0099e+02,  1.8873e+01,  5.1538e+01],
       device='cuda:0'), tensor([ 9.7774e-01,  6.7040e-02,  1.2789e-01,  2.3806e-01,  6.3291e-01,
         2.1316e-01, -5.6791e-02,  3.5162e-01,  2.8667e-01,  1.4705e-01,
         1.6138e-01, -1.8746e-02,  3.9403e-02,  6.1194e-01, -1.6647e-01,
         7.6044e-02, -1.2660e-01,  9.0342e-02,  7.0842e-01,  4.0850e-02,
        -2.1556e-01,  2.0282e-01,  1.9419e-01,  5.0046e-04,  9.6605e-02,
         7.1116e-02, -9.3859e-04,  1.6667e-01,  1.2618e-01,  2.9439e-01,
         3.9450e-01, -1.9381e-01,  1.1742e+00, -5.5320e-03,  1.7277e-01,
         7.2134e-02, -1.8001e-01,  3.2528e-01,  3.7158e-01,  1.7747e-01,
        -1.4377e-01,  1.3372e-01,  4.4414e-02, -3.3323e-02, -3.0032e-02,
         9.5231e-02,  9.7945e-02,  1.5473e-01,  4.0718e-01, -1.1572e-01,
         1.6120e-01, -3.1388e-01,  1.3633e-01,  2.1082e-01,  1.8927e-02,
         1.5529e-01,  1.9715e-01,  2.6436e-01,  9.2786e-01,  1.4039e-02,
         4.6326e-01, -1.0977e-01,  1.2854e-01,  1.5782e-01,  2.8174e-01,
         9.6198e-02,  4.5216e-02, -1.0780e-01, -2.4327e-02,  1.1975e+00,
         2.5130e-01, -5.1652e-01,  9.9913e-02,  2.2525e-01,  2.3036e-02,
         2.8169e-01,  2.1246e-01,  2.7412e-01,  1.1396e-01,  1.3859e-01,
         2.5505e-01,  2.7278e-01,  4.8408e-01, -1.3774e-01,  1.0932e-01,
         1.8463e-01,  5.9692e-02,  1.0455e-01, -4.4345e-01, -1.0217e-01,
        -3.1200e-02, -5.9401e-01,  8.4921e-02,  4.9542e-02, -2.2366e-02,
         2.0714e-01,  1.8585e-01,  5.9713e-01,  7.4182e-02,  6.3387e-01,
        -9.8364e-03,  1.4837e-02,  8.2603e-02,  2.0783e-01,  6.0905e-01,
        -1.3354e-01,  1.9055e-01,  1.1868e-01,  1.6183e-01, -2.4791e-02,
         4.2847e-01,  1.0474e-01,  8.5416e-02,  7.8219e-02,  4.5206e-02,
         1.3503e-01,  1.1898e-01,  2.1099e-01, -8.2279e-02,  1.1001e-01,
        -4.8326e-01, -2.6042e-02,  1.9005e-01, -7.0821e-02, -1.9584e-02,
         6.2832e-01, -5.4463e-02,  6.4209e-02,  1.4784e+01,  9.8217e+00,
        -6.7297e+00, -2.3613e+01,  1.6019e+01,  5.6609e+01, -2.3886e+01,
        -2.9987e+01, -8.8402e+00, -8.8255e+00, -1.1517e-01, -6.0238e+01,
        -7.8832e+01,  2.2031e+01,  9.7989e+00, -1.2293e+00,  6.5224e+01,
        -2.4136e+01, -6.9453e+00,  6.1028e+01,  1.1389e+01,  3.1441e+01,
         8.4147e-01,  2.1493e-01, -1.1594e+01,  3.9708e+00, -1.2825e+01,
        -1.2204e+01, -4.8334e+01,  4.3093e+00, -4.6463e+01, -1.3351e+02,
         1.1409e+01, -2.8314e+01,  4.0862e+00, -1.2290e+01,  7.5226e+00,
         1.6444e+01,  2.6391e-01,  2.4685e+00, -1.3077e+01,  1.3389e+01,
         1.7069e+01, -2.6091e+00, -1.1496e+01, -2.6315e+01,  1.0530e+01,
        -1.1308e+02,  3.9207e+01,  1.0009e+01,  5.0834e+01,  5.9060e+00,
         2.0851e+01, -1.2255e+01, -1.5223e+00,  3.4989e+01, -5.6445e+00,
        -2.0583e+02,  1.3316e+00, -4.3174e+01, -2.4099e+01, -5.0204e+00,
        -9.6293e+00, -2.3389e+01, -4.2421e+00,  2.5145e+01, -5.3828e+00,
         4.8598e+01, -7.9384e+01, -1.3841e+01,  4.1521e+01, -3.8392e+01,
        -3.7929e+01,  1.6432e+01, -2.0717e+01, -4.4872e+00, -4.2282e+01,
         3.5811e+00,  1.1311e+01,  2.5456e+01, -5.3589e+01,  1.9772e+01,
         4.1836e+01, -4.8722e+00,  2.6041e+01, -3.3351e+00, -4.7008e+00,
        -7.0390e+00,  5.2557e+01,  1.9913e+01, -6.9682e+01,  1.1809e+02,
         1.7736e+01, -2.8022e-01, -9.8564e+00,  1.8333e+01,  4.0133e+01,
         1.1812e+01, -4.7297e+01, -1.4589e+01,  2.0038e+00, -2.3317e+00,
         1.1319e+01, -1.0043e+01, -8.5702e-01, -1.9541e+00,  1.9429e+01,
         2.5290e+01,  3.0781e+01, -5.2779e+01, -1.1552e+01,  1.1819e+00,
         4.0906e+00, -1.5712e+01,  9.5405e+00,  1.3713e+01, -2.6463e+01,
         5.3683e+01,  2.0421e+01, -2.8912e+01,  1.6960e+01,  1.7050e+01,
         9.7057e+00, -1.4979e+00, -1.0062e+02,  1.8823e+01,  5.1608e+01],
       device='cuda:0'), tensor([ 9.7775e-01,  6.6596e-02,  1.2777e-01,  2.3774e-01,  6.3313e-01,
         2.1322e-01, -5.6631e-02,  3.5165e-01,  2.8671e-01,  1.4707e-01,
         1.6127e-01, -1.8984e-02,  3.9259e-02,  6.1210e-01, -1.6677e-01,
         7.5991e-02, -1.2667e-01,  9.0240e-02,  7.0853e-01,  4.0466e-02,
        -2.1571e-01,  2.0283e-01,  1.9403e-01,  6.2444e-04,  9.6620e-02,
         7.0992e-02, -8.8831e-04,  1.6647e-01,  1.2613e-01,  2.9452e-01,
         3.9448e-01, -1.9393e-01,  1.1746e+00, -5.6286e-03,  1.7278e-01,
         7.2172e-02, -1.8008e-01,  3.2550e-01,  3.7146e-01,  1.7746e-01,
        -1.4376e-01,  1.3373e-01,  4.4390e-02, -3.3421e-02, -2.9994e-02,
         9.5335e-02,  9.7813e-02,  1.5469e-01,  4.0716e-01, -1.1576e-01,
         1.6123e-01, -3.1400e-01,  1.3634e-01,  2.1081e-01,  1.8988e-02,
         1.5540e-01,  1.9700e-01,  2.6449e-01,  9.2851e-01,  1.3976e-02,
         4.6323e-01, -1.0971e-01,  1.2858e-01,  1.5784e-01,  2.8174e-01,
         9.6192e-02,  4.5238e-02, -1.0784e-01, -2.4367e-02,  1.1978e+00,
         2.5137e-01, -5.1701e-01,  9.9953e-02,  2.2525e-01,  2.3066e-02,
         2.8189e-01,  2.1255e-01,  2.7424e-01,  1.1398e-01,  1.3859e-01,
         2.5505e-01,  2.7251e-01,  4.8400e-01, -1.3767e-01,  1.0929e-01,
         1.8464e-01,  5.9707e-02,  1.0454e-01, -4.4343e-01, -1.0219e-01,
        -3.1129e-02, -5.9404e-01,  8.4838e-02,  4.9410e-02, -2.2307e-02,
         2.0713e-01,  1.8579e-01,  5.9693e-01,  7.4286e-02,  6.3377e-01,
        -9.7004e-03,  1.4901e-02,  8.2417e-02,  2.0776e-01,  6.0914e-01,
        -1.3357e-01,  1.9056e-01,  1.1864e-01,  1.6177e-01, -2.4776e-02,
         4.2884e-01,  1.0482e-01,  8.5486e-02,  7.8120e-02,  4.5178e-02,
         1.3515e-01,  1.1900e-01,  2.1101e-01, -8.2190e-02,  1.1002e-01,
        -4.8299e-01, -2.6089e-02,  1.9017e-01, -7.0884e-02, -1.9511e-02,
         6.2806e-01, -5.4480e-02,  6.4174e-02,  1.4845e+01,  9.8360e+00,
        -6.6997e+00, -2.3644e+01,  1.6019e+01,  5.6589e+01, -2.3897e+01,
        -2.9994e+01, -8.8382e+00, -8.8082e+00, -9.9454e-02, -6.0214e+01,
        -7.8850e+01,  2.2075e+01,  9.8092e+00, -1.2205e+00,  6.5243e+01,
        -2.4151e+01, -6.8956e+00,  6.1064e+01,  1.1385e+01,  3.1454e+01,
         8.3291e-01,  2.1682e-01, -1.1578e+01,  3.9604e+00, -1.2793e+01,
        -1.2195e+01, -4.8351e+01,  4.3041e+00, -4.6449e+01, -1.3355e+02,
         1.1419e+01, -2.8315e+01,  4.0824e+00, -1.2281e+01,  7.4934e+00,
         1.6458e+01,  2.6591e-01,  2.4685e+00, -1.3075e+01,  1.3390e+01,
         1.7083e+01, -2.6135e+00, -1.1505e+01, -2.6293e+01,  1.0536e+01,
        -1.1309e+02,  3.9220e+01,  1.0006e+01,  5.0844e+01,  5.9050e+00,
         2.0855e+01, -1.2267e+01, -1.5361e+00,  3.5006e+01, -5.6658e+00,
        -2.0590e+02,  1.3449e+00, -4.3170e+01, -2.4109e+01, -5.0263e+00,
        -9.6271e+00, -2.3392e+01, -4.2359e+00,  2.5144e+01, -5.3794e+00,
         4.8603e+01, -7.9407e+01, -1.3841e+01,  4.1559e+01, -3.8401e+01,
        -3.7930e+01,  1.6423e+01, -2.0742e+01, -4.4975e+00, -4.2290e+01,
         3.5849e+00,  1.1307e+01,  2.5460e+01, -5.3561e+01,  1.9771e+01,
         4.1836e+01, -4.8696e+00,  2.6037e+01, -3.3370e+00, -4.6978e+00,
        -7.0370e+00,  5.2552e+01,  1.9903e+01, -6.9676e+01,  1.1810e+02,
         1.7742e+01, -2.8729e-01, -9.8478e+00,  1.8339e+01,  4.0153e+01,
         1.1798e+01, -4.7288e+01, -1.4596e+01,  1.9891e+00, -2.3088e+00,
         1.1330e+01, -1.0050e+01, -8.5929e-01, -1.9535e+00,  1.9430e+01,
         2.5299e+01,  3.0777e+01, -5.2818e+01, -1.1561e+01,  1.1751e+00,
         4.1161e+00, -1.5704e+01,  9.5229e+00,  1.3718e+01, -2.6462e+01,
         5.3678e+01,  2.0414e+01, -2.8938e+01,  1.6959e+01,  1.7042e+01,
         9.7209e+00, -1.5117e+00, -1.0058e+02,  1.8818e+01,  5.1615e+01],
       device='cuda:0')]
FreqWeightedHSWeightedPers2 completed in 1019.29 seconds
--------------------------------PLOTTING MODELS--------------------------------
ours1 Random
ours1 WeightedHSdebiased
ours1 FreqWeightedHSdebiased
ours1 FreqWeightedHSWeightedPers2
--------------------------------SIMULATING MODELS--------------------------------
ours1 Random
Random
SIM BLEUS MEAN: {'bleu1': 0.6146666666666667, 'bleu2': 0.006, 'bleu3': 0.0, 'bleu4': 0.0}
ours1 simulations..................
cat	  dog	  siamese cat	  mountain lion	  squirrel	  bloodhound	  panda	  tiger	  terrier	  egret	  bug	  seagull	  zebra	  clam	  pheasant	  malamute	  dalmation	  whale shark	  hippopotamus	  buffalo	  blue footed booby	  reptile	  dingo	  black bird	  sparrow	  stallion	  otter	  macaw	  goat	  heron	  bear	  colt	  duck	  guppy	  clownfish	  wolf	  eagle
penguin	  bear	  marmoset	  rattlesnake	  hedgehog	  chihuahua	  nightingale	  praying mantis	  tapir	  snow lion	  turkey	  guppy	  sea lion	  dingo	  amphibian	  monkey	  shrimp	  otter	  platypus	  betta	  snow monkey	  labrador retriever	  pigeon	  robin	  seal	  whale shark	  fox	  seagull	  red-rumped agouti	  chameleon	  ocelot	  black tailed deer	  chicken	  sponge	  cub	  scallop	  catfish	  hummingbird	  water snake	  kiwi
deer	  snake	  shrimp	  wolverine	  toucan	  goat	  crocodile	  grasshopper	  boa constrictor	  parrot	  mountain goat	  swan	  wolf	  bonobo	  lizard	  clam	  golden marmot	  tuna	  humpback whale	  pony	  rhino	  warthog	  fly	  armadillo	  lynx	  gazelle	  buffalo	  wombat	  caiman	  bronco	  sloth	  blue footed booby	  grizzly	  great dane	  bunny	  beaver	  shark	  chimpanzee
ours1 WeightedHSdebiased
WeightedHSdebiased
SIM BLEUS MEAN: {'bleu1': 0.8593333333333334, 'bleu2': 0.12333333333333334, 'bleu3': 0.008666666666666666, 'bleu4': 0.0}
ours1 simulations..................
cat	  dog	  mouse	  rabbit	  lamb	  cattle	  chipmunk	  squirrel	  lion	  wombat	  hamster	  rat	  calf	  sheep	  trout	  horse	  skunk	  monkey	  bull	  pig	  cow	  kangaroo	  falcon	  panther	  bird	  cock	  crocodile	  chameleon	  amphibian	  frog	  bison	  otter	  elk	  fish	  whale	  dolphin	  shark
penguin	  bear	  raccoon	  snake	  hamster	  badger	  spider	  kangaroo	  horse	  dingo	  tiger	  panther	  mouse	  rat	  lemur	  cat	  camel	  elephant	  monkey	  chimpanzee	  gorilla	  ostrich	  lion	  mongoose	  rabbit	  bunny	  goat	  cattle	  moose	  buffalo	  crab	  fish	  crane	  flamingo	  whale	  dolphin	  killer whale	  gazelle	  rhinoceros	  donkey
deer	  snake	  chinchilla	  turkey	  giraffe	  raccoon	  hamster	  mouse	  bunny	  chicken	  squirrel	  caterpillar	  insect	  tilapia	  rhinoceros	  elephant	  hog	  bear	  lion	  cat	  siberian husky	  labrador retriever	  killer whale	  fish	  kangaroo	  ostrich	  ant	  black bear	  penguin	  dolphin	  octopus	  shark	  whale	  walrus	  beaver	  polar bear	  tiger	  panda
ours1 FreqWeightedHSdebiased
FreqWeightedHSdebiased
SIM BLEUS MEAN: {'bleu1': 0.872, 'bleu2': 0.13333333333333333, 'bleu3': 0.008666666666666666, 'bleu4': 0.0}
ours1 simulations..................
cat	  dog	  hamster	  woodchuck	  deer	  stag	  wildebeest	  cheetah	  lion	  flamingo	  bird	  chicken	  raccoon	  squirrel	  mouse	  tadpole	  fish	  crab	  pelican	  whale	  zebra	  cobra	  spider	  snake	  toad	  snail	  boa	  alligator	  crocodile	  tortoise	  cow	  rhino	  rhinoceros	  elephant	  horse	  swan	  goose
penguin	  bear	  squirrel	  porcupine	  giraffe	  zebra	  elephant	  deer	  wildebeest	  horse	  crane	  heron	  rat	  gerbil	  gorilla	  monkey	  fish	  chick	  rooster	  hog	  puma	  rhinoceros	  cattle	  chicken	  flamingo	  beaver	  whale	  peacock	  cock	  koala	  caterpillar	  coyote	  cougar	  lion	  turtle	  mouse	  duck	  parrot	  cat	  kitten
deer	  snake	  cockroach	  shrimp	  octopus	  dolphin	  cheetah	  tiger	  lion	  zebra	  elephant	  walrus	  ape	  monkey	  chimpanzee	  fish	  hen	  duck	  gorilla	  beaver	  bird	  swan	  butterfly	  lamb	  stag	  horse	  colt	  cat	  dog	  human	  bull	  bear	  fly	  squirrel	  kangaroo	  whale	  crab	  seal
ours1 FreqWeightedHSWeightedPers2
FreqWeightedHSWeightedPers2
SIM BLEUS MEAN: {'bleu1': 0.814, 'bleu2': 0.084, 'bleu3': 0.002, 'bleu4': 0.0}
ours1 simulations..................
cat	  dog	  horse	  tiger	  wolf	  bear	  goose	  ferret	  malamute	  cattle	  giraffe	  antelope	  cow	  sheep	  minnow	  leech	  octopus	  crab	  shrimp	  starfish	  orca	  porpoise	  whale	  snail	  insect	  fly	  flamingo	  amphibian	  fish	  trout	  beaver	  elephant	  fox	  hummingbird	  dinosaur	  squirrel	  turtle
penguin	  bear	  ram	  snake	  spider monkey	  dog	  mouse	  hamster	  guinea pig	  horse	  calf	  lamb	  sheep	  giraffe	  chickadee	  eagle	  hawk	  crocodile	  lynx	  fox	  goose	  swan	  duck	  bird	  macaw	  flamingo	  seal	  shark	  elephant	  peacock	  chimpanzee	  monkey	  chipmunk	  squirrel	  fish	  otter	  panda	  trout	  turtle	  dove
deer	  snake	  hawk	  bee	  trout	  heron	  seal	  kitten	  hyena	  zebra	  cat	  lion	  elephant	  buffalo	  jack rabbit	  bear	  eagle	  finch	  elk	  moose	  giraffe	  lioness	  tiger	  guinea pig	  squirrel	  dinosaur	  anaconda	  shrimp	  lizards	  lizard	  toad	  rabbit	  sheep	  pig	  donkey	  crocodile	  turtle	  emu
