nohup: ignoring input
cuda
CUDA available: True
GPU count: 1
{'dataset': 'hills', 'representation': 'clip', 'fit': False, 'lr': 0.01, 'initval': 1.0, 'tol': 1e-06, 'maxiter': 5000, 'plot': False, 'fitting': 'group', 'cv': 5, 'refnll': 'none', 'featurestouse': 'vf_features', 'mask': True, 'usehillsresp': True, 'useapifreq': True, 'hills': True, 'heineman': True, 'ours1': True, 'print': True, 'simulate': False, 'recovery': True, 'test': True}
PearsonRResult(statistic=0.8119866335089141, pvalue=4.416893758557106e-84)
SignificanceResult(statistic=0.833226288919769, pvalue=2.4293387168113275e-92)
TRUE BLEUS MEAN: {'bleu1': 0.9066666666666666, 'bleu2': 0.242, 'bleu3': 0.030000000000000002, 'bleu4': 0.0006666666666666666}
dict_keys(['feature_Is mammal', 'feature_Is bird', 'feature_Is insect', 'feature_Is reptile', 'feature_Is amphibian', 'feature_Is fish', 'feature_Is carnivore', 'feature_Is herbivore', 'feature_Is omnivore', 'feature_Has fur', 'feature_Has feathers', 'feature_Has scales', 'feature_Has exoskeleton', 'feature_Has beak', 'feature_Has claws', 'feature_Has whiskers', 'feature_Has horns', 'feature_Has antlers', 'feature_Has tusks', 'feature_Has wings', 'feature_Has tail', 'feature_Can fly', 'feature_Can swim', 'feature_Can climb', 'feature_Can dig', 'feature_Can jump', 'feature_Is nocturnal', 'feature_Is diurnal', 'feature_Has more than four limbs', 'feature_Lives in water', 'feature_Lives in trees', 'feature_Lives underground', 'feature_Lives on land', 'feature_Lays eggs', 'feature_Gives birth', 'feature_Has a long neck', 'feature_Is venomous', 'feature_Is domesticated', 'feature_Lives in groups', 'feature_Is solitary', 'feature_Builds nests', 'feature_Is migratory', 'feature_Has social hierarchy', 'feature_Uses tools', 'feature_Shows intelligence', 'feature_Communicates vocally', 'feature_Has camouflage', 'feature_Has stripes', 'feature_Has spots', 'feature_Can change color', 'feature_Is endangered', 'feature_Is commonly kept as a pet', 'feature_Is used in farming', 'feature_Is hunted by humans', 'feature_Is used for food by humans', 'feature_Is found in zoos', 'feature_Is capable of mimicry', 'feature_Has echolocation', 'feature_Is warm-blooded', 'feature_Is cold-blooded', 'feature_Has a long lifespan', 'feature_Is capable of regrowth', 'feature_Has specialized hunting techniques', 'feature_Is known for speed', 'feature_Is known for strength', 'feature_Has a specialized diet', 'feature_Can hibernate', 'feature_Has a backbone', 'feature_Is marsupial', 'feature_Is placental', 'feature_Is monotreme', 'feature_Is flightless', 'feature_Has webbed feet', 'feature_Is known for intelligence', 'feature_Is a scavenger', 'feature_Is territorial', 'feature_Is native to Africa', 'feature_Is native to Asia', 'feature_Is native to North America', 'feature_Is native to South America', 'feature_Is native to Australia', 'feature_Is native to Europe', 'feature_Is found in deserts', 'feature_Is found in forests', 'feature_Is found in oceans', 'feature_Is found in grasslands', 'feature_Is found in mountains', 'feature_Has a mane', 'feature_Has a crest', 'feature_Has gills', 'feature_Is bioluminescent', 'feature_Is used in scientific research', 'feature_Is a predator', 'feature_Is prey for larger animals', 'feature_Is capable of parental care', 'feature_Lives in a burrow', 'feature_Is a pollinator', 'feature_Can tolerate extreme temperatures', 'feature_Exhibits seasonal color changes', 'feature_Migrates seasonally', 'feature_Is active during dawn or dusk (crepuscular)', 'feature_Produces pheromones for communication', 'feature_Lives symbiotically with other species', 'feature_Is a parasite', 'feature_Is a host for parasites', 'feature_Is bi-parental (both parents care for offspring)', 'feature_Displays mating rituals', 'feature_Has specialized courtship behavior', 'feature_Exhibits territorial marking', 'feature_Is associated with mythology or folklore', 'feature_Exhibits altruistic behavior', 'feature_Is a keystone species in its ecosystem', 'feature_Uses burrows or dens for shelter', 'feature_Can regenerate body parts', 'feature_Is raised in captivity or farms', 'feature_Has unique reproductive strategies (e.g., asexual reproduction)', 'feature_Hibernates during winter', 'feature_Has a role in biological pest control', 'feature_Has distinct seasonal breeding cycles', 'feature_Forms a symbiotic relationship with plants (e.g., pollination)', 'feature_Uses specific vocalizations to communicate', 'feature_Is a flagship species (conservation symbol)', 'feature_Can be trained or tamed by humans', 'feature_Displays warning coloration', 'feature_Has flippers', 'feature_Has compound eyes', 'feature_Has a segmented body'])
--------------------------------RECOVERING MODELS--------------------------------
ours1 Random
Mean +- SE trainNLL over 5 fold(s) 22251.01796875 +- 137.19074740381646
Sum testNLL over 5 fold(s) 27813.7734375
Random completed in 3.42 seconds
ours1 Freq
LBFGS iterations run: 410
LBFGS iterations run: 3
LBFGS iterations run: 59
LBFGS iterations run: 37
LBFGS iterations run: 1
Mean +- SE trainNLL over 5 fold(s) 22122.6828125 +- 164.5719459484195
Sum testNLL over 5 fold(s) 27653.72998046875
weights for each 5 fold [tensor([0.2835], device='cuda:0'), tensor([0.2833], device='cuda:0'), tensor([0.2756], device='cuda:0'), tensor([0.2716], device='cuda:0'), tensor([0.2716], device='cuda:0')]
Freq completed in 283.83 seconds
ours1 HS
LBFGS iterations run: 450
LBFGS iterations run: 1
LBFGS iterations run: 1
LBFGS iterations run: 1
LBFGS iterations run: 1
Mean +- SE trainNLL over 5 fold(s) 20370.833203125 +- 85.59904721095235
Sum testNLL over 5 fold(s) 25463.5439453125
weights for each 5 fold [tensor([15.5865], device='cuda:0'), tensor([15.5865], device='cuda:0'), tensor([15.5865], device='cuda:0'), tensor([15.5865], device='cuda:0'), tensor([15.5865], device='cuda:0')]
HS completed in 246.17 seconds
ours1 Freq_HS
LBFGS iterations run: 522
LBFGS iterations run: 1
LBFGS iterations run: 4
LBFGS iterations run: 1
LBFGS iterations run: 1
Mean +- SE trainNLL over 5 fold(s) 20267.298046875 +- 25.037798248358186
Sum testNLL over 5 fold(s) 25334.12255859375
weights for each 5 fold [tensor([ 0.2437, 15.3527], device='cuda:0'), tensor([ 0.2437, 15.3528], device='cuda:0'), tensor([ 0.2439, 15.3540], device='cuda:0'), tensor([ 0.2439, 15.3540], device='cuda:0'), tensor([ 0.2439, 15.3540], device='cuda:0')]
Freq_HS completed in 286.55 seconds
ours1 WeightedHS
LBFGS iterations run: 551
LBFGS iterations run: 272
LBFGS iterations run: 1
LBFGS iterations run: 1
LBFGS iterations run: 1
Mean +- SE trainNLL over 5 fold(s) 18661.742578125 +- 82.17999770148937
Sum testNLL over 5 fold(s) 23356.05224609375
weights for each 5 fold [tensor([ 0.1847,  0.2499,  0.2003,  0.4595,  0.6270,  0.7004,  0.1860,  0.0567,
         0.1382,  0.0180, -0.5590, -0.4952,  0.0028,  0.1440,  0.1716, -0.0735,
         0.3944,  0.5818,  0.0976,  0.3249,  0.2365,  0.4171,  0.0310,  0.0899,
         0.0818,  0.0851, -0.0347,  0.0466, -0.1328,  0.3985, -0.3667,  0.2078,
         0.0582,  0.0495,  0.0889, -0.6809,  0.6508,  0.3764,  0.1730, -0.1680,
         0.0742,  0.3624,  0.2156, -0.1221,  0.2146, -0.0505,  0.2559, -0.3487,
         0.1360,  0.1736,  0.5414,  0.1851,  0.3223,  0.0398,  0.1356,  0.6029,
         0.3226, -1.4205,  0.0854,  0.0311, -0.2588,  0.0934,  0.1989,  0.1191,
         0.0749,  0.3422, -0.1891,  0.4309,  0.7977,  0.1564, -0.2130, -0.2367,
        -0.1721,  0.2673, -0.0439,  0.1841,  0.0802,  0.1076,  0.2523,  1.0992,
        -0.0213,  0.6115,  0.3943,  0.1268,  0.3521, -0.0498,  0.1244, -1.1098,
         0.6614,  0.1256, -1.4567,  1.0272,  0.0910,  0.0605,  0.1244,  0.3495,
         1.1368,  0.2014,  0.0919, -0.2017, -0.0431,  0.0616,  0.3462,  0.0208,
         1.2478,  0.0808,  0.2888,  0.0120,  0.1104,  0.8705,  0.1974, -0.0345,
         0.0510, -0.1897,  0.2393,  0.1418, -0.2180,  0.6993,  0.1232, -1.4670,
         0.1877,  0.4254,  0.0521, -0.0501, -0.0392,  0.1480,  0.3405],
       device='cuda:0'), tensor([ 0.1633, -0.0234,  0.1487,  0.4263,  0.5737,  0.5624,  0.2072,  0.0713,
         0.1498, -0.0350, -0.2861, -0.4699, -0.0724,  0.1242,  0.1162, -0.0692,
         0.3776,  0.6067,  0.0324,  0.3377,  0.2641,  0.3404,  0.0645,  0.1213,
         0.0725,  0.1310, -0.0929,  0.0350, -0.1402,  0.4524, -0.4059,  0.2188,
         0.0616,  0.0724,  0.1085, -0.6756,  0.6163,  0.3271,  0.1804, -0.1476,
         0.0732,  0.3597,  0.2087, -0.1364,  0.3230, -0.0622,  0.2483, -0.3526,
         0.1405,  0.1420,  0.5453,  0.1765,  0.3344,  0.0755,  0.0975,  0.6152,
         0.2880, -1.3698,  0.0625,  0.0422, -0.2868,  0.0996,  0.2086,  0.0865,
         0.0608,  0.3005, -0.2091,  0.4090,  0.7847,  0.1720, -0.2285, -0.2485,
        -0.1650,  0.2646, -0.0332,  0.2012,  0.0599,  0.1324,  0.2624,  1.1622,
         0.1002,  0.6646,  0.4019,  0.1354,  0.3333, -0.0645,  0.1802, -1.1130,
         0.6630,  0.1208, -1.4667,  1.0852,  0.1067,  0.0529,  0.1361,  0.3376,
         1.0403,  0.2102,  0.0610, -0.1353, -0.0386,  0.0179,  0.3502, -0.2795,
         1.4132,  0.0659,  0.3125,  0.0365,  0.0901,  0.8095,  0.1774, -0.0111,
         0.0864, -0.1426,  0.2556,  0.1576, -0.3217,  0.7551,  0.0870, -1.2857,
         0.1714,  0.4035,  0.0897, -0.0439, -0.0592,  0.1316,  0.3810],
       device='cuda:0'), tensor([ 0.1633, -0.0235,  0.1487,  0.4263,  0.5737,  0.5623,  0.2072,  0.0713,
         0.1498, -0.0350, -0.2860, -0.4699, -0.0724,  0.1242,  0.1162, -0.0692,
         0.3776,  0.6067,  0.0324,  0.3377,  0.2641,  0.3404,  0.0645,  0.1213,
         0.0725,  0.1310, -0.0930,  0.0350, -0.1402,  0.4524, -0.4059,  0.2188,
         0.0616,  0.0724,  0.1085, -0.6756,  0.6163,  0.3271,  0.1804, -0.1476,
         0.0732,  0.3597,  0.2087, -0.1364,  0.3230, -0.0622,  0.2483, -0.3526,
         0.1405,  0.1420,  0.5453,  0.1765,  0.3344,  0.0755,  0.0975,  0.6152,
         0.2880, -1.3698,  0.0625,  0.0422, -0.2868,  0.0996,  0.2086,  0.0865,
         0.0608,  0.3005, -0.2091,  0.4090,  0.7847,  0.1720, -0.2285, -0.2485,
        -0.1650,  0.2646, -0.0332,  0.2012,  0.0599,  0.1324,  0.2624,  1.1622,
         0.1002,  0.6646,  0.4019,  0.1354,  0.3333, -0.0645,  0.1802, -1.1130,
         0.6630,  0.1208, -1.4667,  1.0852,  0.1067,  0.0529,  0.1361,  0.3376,
         1.0403,  0.2102,  0.0610, -0.1353, -0.0386,  0.0179,  0.3502, -0.2795,
         1.4132,  0.0659,  0.3125,  0.0365,  0.0901,  0.8095,  0.1774, -0.0111,
         0.0864, -0.1426,  0.2556,  0.1576, -0.3217,  0.7551,  0.0870, -1.2857,
         0.1713,  0.4035,  0.0897, -0.0439, -0.0592,  0.1316,  0.3810],
       device='cuda:0'), tensor([ 0.1633, -0.0235,  0.1487,  0.4263,  0.5737,  0.5623,  0.2072,  0.0713,
         0.1498, -0.0350, -0.2860, -0.4699, -0.0724,  0.1242,  0.1162, -0.0692,
         0.3776,  0.6067,  0.0323,  0.3377,  0.2641,  0.3404,  0.0645,  0.1212,
         0.0725,  0.1310, -0.0930,  0.0349, -0.1402,  0.4524, -0.4059,  0.2188,
         0.0616,  0.0724,  0.1085, -0.6756,  0.6163,  0.3271,  0.1804, -0.1476,
         0.0732,  0.3597,  0.2087, -0.1364,  0.3230, -0.0622,  0.2483, -0.3526,
         0.1405,  0.1420,  0.5453,  0.1765,  0.3344,  0.0755,  0.0975,  0.6152,
         0.2880, -1.3698,  0.0625,  0.0422, -0.2868,  0.0996,  0.2086,  0.0865,
         0.0608,  0.3005, -0.2091,  0.4090,  0.7847,  0.1720, -0.2285, -0.2485,
        -0.1650,  0.2646, -0.0332,  0.2012,  0.0599,  0.1324,  0.2624,  1.1622,
         0.1002,  0.6646,  0.4019,  0.1354,  0.3333, -0.0645,  0.1802, -1.1130,
         0.6630,  0.1208, -1.4667,  1.0852,  0.1067,  0.0529,  0.1361,  0.3376,
         1.0403,  0.2102,  0.0610, -0.1353, -0.0386,  0.0179,  0.3502, -0.2795,
         1.4132,  0.0659,  0.3125,  0.0365,  0.0902,  0.8095,  0.1774, -0.0111,
         0.0864, -0.1426,  0.2556,  0.1576, -0.3217,  0.7551,  0.0870, -1.2856,
         0.1713,  0.4035,  0.0897, -0.0439, -0.0592,  0.1316,  0.3810],
       device='cuda:0'), tensor([ 0.1633, -0.0235,  0.1487,  0.4263,  0.5737,  0.5623,  0.2072,  0.0713,
         0.1498, -0.0350, -0.2860, -0.4699, -0.0724,  0.1242,  0.1162, -0.0692,
         0.3776,  0.6067,  0.0323,  0.3377,  0.2641,  0.3404,  0.0645,  0.1212,
         0.0725,  0.1310, -0.0930,  0.0349, -0.1402,  0.4524, -0.4059,  0.2188,
         0.0616,  0.0724,  0.1085, -0.6756,  0.6163,  0.3271,  0.1804, -0.1476,
         0.0732,  0.3597,  0.2087, -0.1364,  0.3230, -0.0622,  0.2483, -0.3526,
         0.1405,  0.1420,  0.5453,  0.1765,  0.3344,  0.0755,  0.0975,  0.6152,
         0.2880, -1.3698,  0.0625,  0.0422, -0.2868,  0.0996,  0.2086,  0.0865,
         0.0608,  0.3005, -0.2091,  0.4090,  0.7847,  0.1720, -0.2285, -0.2485,
        -0.1650,  0.2646, -0.0332,  0.2012,  0.0598,  0.1324,  0.2624,  1.1622,
         0.1002,  0.6646,  0.4019,  0.1354,  0.3333, -0.0645,  0.1802, -1.1130,
         0.6630,  0.1208, -1.4667,  1.0852,  0.1067,  0.0529,  0.1361,  0.3376,
         1.0403,  0.2102,  0.0610, -0.1353, -0.0386,  0.0179,  0.3502, -0.2795,
         1.4132,  0.0659,  0.3125,  0.0365,  0.0902,  0.8095,  0.1774, -0.0111,
         0.0864, -0.1426,  0.2556,  0.1576, -0.3217,  0.7551,  0.0870, -1.2856,
         0.1714,  0.4035,  0.0897, -0.0439, -0.0592,  0.1316,  0.3810],
       device='cuda:0')]
WeightedHS completed in 587.23 seconds
ours1 FreqWeightedHS
LBFGS iterations run: 574
LBFGS iterations run: 4
LBFGS iterations run: 3
LBFGS iterations run: 314
LBFGS iterations run: 3
Mean +- SE trainNLL over 5 fold(s) 18661.73203125 +- 58.44285015406811
Sum testNLL over 5 fold(s) 23355.8603515625
weights for each 5 fold [tensor([ 0.0067,  0.1531,  0.0532,  0.1199,  0.4640,  0.6670,  0.6632,  0.2346,
         0.0779,  0.1206, -0.0065, -0.3123, -0.5225,  0.0893,  0.1611,  0.1953,
        -0.0942,  0.3568,  0.6034,  0.1172,  0.3358,  0.2784,  0.3329,  0.1249,
         0.1053,  0.0224,  0.0878, -0.0761,  0.0434, -0.1451,  0.4595, -0.3850,
         0.1747,  0.0780,  0.0262,  0.1030, -0.6832,  0.6000,  0.3485,  0.1759,
        -0.1575,  0.0933,  0.3405,  0.2472, -0.1405,  0.2255, -0.1107,  0.2043,
        -0.3663,  0.1591,  0.1523,  0.4947,  0.2118,  0.3017,  0.0410,  0.1181,
         0.6144,  0.3208, -1.3415,  0.0527,  0.0380, -0.2792,  0.1030,  0.1778,
         0.0815,  0.0496,  0.3638, -0.2357,  0.4197,  0.7541,  0.1529, -0.1078,
        -0.2837, -0.1919,  0.2535, -0.0735,  0.1984,  0.1233,  0.1230,  0.2798,
         1.1628,  0.0435,  0.7177,  0.4176,  0.1151,  0.3428, -0.0333,  0.1284,
        -1.1499,  0.7005,  0.1740, -1.4389,  1.2150,  0.0488,  0.0504,  0.1270,
         0.3163,  1.1463,  0.1869,  0.0257, -0.1765, -0.0834,  0.0217,  0.3325,
        -0.1436,  1.3279,  0.1156,  0.2744, -0.0371,  0.0772,  0.9326,  0.1477,
        -0.0187,  0.1029, -0.1337,  0.2339,  0.1383, -0.2468,  0.6734,  0.1175,
        -1.4997,  0.2600,  0.4266,  0.0752, -0.0463, -0.0856,  0.1817,  0.3475],
       device='cuda:0'), tensor([ 0.0065,  0.1531,  0.0493,  0.1200,  0.4641,  0.6671,  0.6633,  0.2345,
         0.0779,  0.1206, -0.0066, -0.3085, -0.5228,  0.0892,  0.1611,  0.1953,
        -0.0942,  0.3567,  0.6034,  0.1171,  0.3356,  0.2783,  0.3329,  0.1248,
         0.1053,  0.0223,  0.0878, -0.0760,  0.0433, -0.1452,  0.4595, -0.3851,
         0.1747,  0.0780,  0.0262,  0.1030, -0.6834,  0.6001,  0.3485,  0.1759,
        -0.1576,  0.0932,  0.3406,  0.2472, -0.1406,  0.2258, -0.1108,  0.2043,
        -0.3663,  0.1590,  0.1523,  0.4950,  0.2118,  0.3017,  0.0410,  0.1181,
         0.6144,  0.3208, -1.3418,  0.0527,  0.0380, -0.2793,  0.1030,  0.1777,
         0.0814,  0.0496,  0.3637, -0.2359,  0.4197,  0.7543,  0.1529, -0.1077,
        -0.2838, -0.1920,  0.2535, -0.0736,  0.1984,  0.1232,  0.1230,  0.2798,
         1.1629,  0.0434,  0.7176,  0.4176,  0.1150,  0.3428, -0.0334,  0.1283,
        -1.1501,  0.7005,  0.1740, -1.4392,  1.2151,  0.0488,  0.0504,  0.1270,
         0.3163,  1.1468,  0.1868,  0.0255, -0.1766, -0.0834,  0.0217,  0.3324,
        -0.1474,  1.3307,  0.1155,  0.2744, -0.0373,  0.0772,  0.9326,  0.1477,
        -0.0188,  0.1029, -0.1337,  0.2339,  0.1383, -0.2469,  0.6734,  0.1175,
        -1.5001,  0.2600,  0.4266,  0.0751, -0.0464, -0.0856,  0.1817,  0.3475],
       device='cuda:0'), tensor([ 0.0084,  0.1531,  0.0304,  0.1205,  0.4646,  0.6678,  0.6635,  0.2339,
         0.0778,  0.1206, -0.0066, -0.2896, -0.5238,  0.0888,  0.1608,  0.1950,
        -0.0940,  0.3565,  0.6034,  0.1164,  0.3350,  0.2781,  0.3331,  0.1236,
         0.1051,  0.0222,  0.0876, -0.0756,  0.0429, -0.1456,  0.4596, -0.3859,
         0.1748,  0.0780,  0.0263,  0.1027, -0.6848,  0.6008,  0.3482,  0.1755,
        -0.1581,  0.0928,  0.3407,  0.2467, -0.1407,  0.2276, -0.1114,  0.2044,
        -0.3665,  0.1586,  0.1522,  0.4968,  0.2113,  0.3018,  0.0409,  0.1178,
         0.6143,  0.3213, -1.3433,  0.0521,  0.0383, -0.2793,  0.1027,  0.1774,
         0.0807,  0.0495,  0.3628, -0.2367,  0.4200,  0.7554,  0.1527, -0.1073,
        -0.2842, -0.1927,  0.2535, -0.0743,  0.1985,  0.1226,  0.1225,  0.2796,
         1.1633,  0.0431,  0.7169,  0.4174,  0.1149,  0.3430, -0.0341,  0.1279,
        -1.1516,  0.7007,  0.1737, -1.4409,  1.2155,  0.0488,  0.0505,  0.1273,
         0.3165,  1.1496,  0.1864,  0.0244, -0.1771, -0.0837,  0.0216,  0.3324,
        -0.1665,  1.3443,  0.1143,  0.2744, -0.0386,  0.0776,  0.9328,  0.1476,
        -0.0195,  0.1031, -0.1342,  0.2337,  0.1386, -0.2472,  0.6737,  0.1175,
        -1.5022,  0.2599,  0.4268,  0.0744, -0.0466, -0.0853,  0.1810,  0.3478],
       device='cuda:0'), tensor([ 5.3754e-03,  1.6711e-01,  5.1688e-02,  1.6557e-01,  4.3498e-01,
         6.9202e-01,  6.6448e-01,  1.9982e-01,  8.7367e-02,  1.3107e-01,
         1.0514e-02, -3.0413e-01, -4.9477e-01, -1.9539e-02,  1.2890e-01,
         1.8047e-01, -7.6587e-02,  3.8729e-01,  5.7948e-01,  9.7655e-02,
         3.1560e-01,  2.2869e-01,  3.8620e-01,  7.8037e-02,  9.3199e-02,
         4.0357e-02,  9.1293e-02, -3.1654e-02,  4.5472e-02, -1.5800e-01,
         4.4140e-01, -3.9582e-01,  1.2333e-01,  3.8131e-02,  3.6698e-02,
         1.0217e-01, -6.7369e-01,  6.2145e-01,  3.2547e-01,  1.8200e-01,
        -1.5053e-01,  8.4781e-02,  3.5220e-01,  2.4517e-01, -9.5884e-02,
         3.6458e-01, -1.0750e-01,  2.0315e-01, -3.0097e-01,  1.2101e-01,
         1.2072e-01,  4.8042e-01,  2.2007e-01,  2.9818e-01,  5.8896e-02,
         1.2892e-01,  6.2257e-01,  3.2699e-01, -1.3398e+00,  4.7741e-02,
        -1.4825e-02, -2.6232e-01,  9.3887e-02,  2.2108e-01,  1.2507e-01,
         5.1599e-02,  3.0285e-01, -2.7519e-01,  3.9258e-01,  7.7065e-01,
         1.8390e-01, -2.2458e-01, -2.6699e-01, -1.2492e-01,  2.7598e-01,
        -7.2447e-02,  1.8439e-01,  2.5821e-02,  1.1516e-01,  2.7869e-01,
         1.1472e+00, -4.9472e-04,  6.3937e-01,  4.7431e-01,  1.2443e-01,
         3.5657e-01, -3.7743e-02,  1.4200e-01, -1.0591e+00,  6.9337e-01,
         1.1781e-01, -1.3737e+00,  1.0634e+00,  8.3844e-02,  4.3611e-02,
         1.4065e-01,  3.8484e-01,  1.0159e+00,  1.7908e-01,  2.2309e-04,
        -1.7960e-01, -5.9125e-02,  6.6101e-02,  3.4174e-01, -1.9231e-01,
         1.5636e+00,  6.4963e-02,  2.5321e-01, -3.3439e-03,  1.1858e-01,
         8.3490e-01,  1.7291e-01,  1.2233e-02,  8.5731e-02, -1.5549e-01,
         2.6546e-01,  1.4895e-01, -2.4985e-01,  7.0072e-01,  8.9440e-02,
        -1.3953e+00,  2.0673e-01,  4.3386e-01,  6.8703e-02, -4.0805e-02,
        -1.1976e-01,  1.5033e-01,  3.2941e-01], device='cuda:0'), tensor([ 5.3474e-03,  1.6714e-01,  5.2185e-02,  1.6581e-01,  4.3497e-01,
         6.9204e-01,  6.6438e-01,  1.9974e-01,  8.7355e-02,  1.3113e-01,
         1.0587e-02, -3.0460e-01, -4.9462e-01, -2.0043e-02,  1.2885e-01,
         1.8040e-01, -7.6420e-02,  3.8735e-01,  5.7943e-01,  9.7586e-02,
         3.1568e-01,  2.2858e-01,  3.8636e-01,  7.7764e-02,  9.3216e-02,
         4.0469e-02,  9.1345e-02, -3.1556e-02,  4.5481e-02, -1.5797e-01,
         4.4132e-01, -3.9583e-01,  1.2327e-01,  3.8095e-02,  3.6796e-02,
         1.0217e-01, -6.7365e-01,  6.2165e-01,  3.2544e-01,  1.8200e-01,
        -1.5047e-01,  8.4750e-02,  3.5224e-01,  2.4504e-01, -9.5835e-02,
         3.6491e-01, -1.0735e-01,  2.0321e-01, -3.0080e-01,  1.2092e-01,
         1.2062e-01,  4.8053e-01,  2.2007e-01,  2.9826e-01,  5.9045e-02,
         1.2890e-01,  6.2258e-01,  3.2701e-01, -1.3398e+00,  4.7695e-02,
        -1.4971e-02, -2.6226e-01,  9.3900e-02,  2.2119e-01,  1.2507e-01,
         5.1628e-02,  3.0271e-01, -2.7509e-01,  3.9262e-01,  7.7079e-01,
         1.8398e-01, -2.2498e-01, -2.6686e-01, -1.2483e-01,  2.7604e-01,
        -7.2351e-02,  1.8443e-01,  2.5598e-02,  1.1513e-01,  2.7860e-01,
         1.1471e+00, -5.1293e-04,  6.3904e-01,  4.7445e-01,  1.2447e-01,
         3.5660e-01, -3.7845e-02,  1.4203e-01, -1.0588e+00,  6.9331e-01,
         1.1762e-01, -1.3736e+00,  1.0628e+00,  8.4043e-02,  4.3620e-02,
         1.4066e-01,  3.8500e-01,  1.0156e+00,  1.7909e-01,  2.3955e-04,
        -1.7958e-01, -5.9019e-02,  6.6177e-02,  3.4184e-01, -1.9277e-01,
         1.5641e+00,  6.4826e-02,  2.5322e-01, -3.0690e-03,  1.1867e-01,
         8.3463e-01,  1.7302e-01,  1.2288e-02,  8.5666e-02, -1.5562e-01,
         2.6553e-01,  1.4896e-01, -2.4995e-01,  7.0096e-01,  8.9430e-02,
        -1.3949e+00,  2.0643e-01,  4.3375e-01,  6.8632e-02, -4.0807e-02,
        -1.1975e-01,  1.5018e-01,  3.2943e-01], device='cuda:0')]
FreqWeightedHS completed in 658.92 seconds
ours1 WeightedHSdebiased
LBFGS iterations run: 743
LBFGS iterations run: 4
LBFGS iterations run: 446
LBFGS iterations run: 401
LBFGS iterations run: 1
Mean +- SE trainNLL over 5 fold(s) 18612.244140625 +- 147.81534044306866
Sum testNLL over 5 fold(s) 23415.4931640625
weights for each 5 fold [tensor([ 1.6133e-01, -3.5111e-01, -1.5161e-02,  4.8199e-01,  5.0276e-01,
         6.0526e-01,  2.1453e-01,  7.2955e-02,  1.5892e-01, -1.4182e-02,
         9.0714e-02, -5.1815e-01,  1.2656e-01,  9.5719e-02,  1.7136e-01,
        -4.2315e-02,  3.5068e-01,  6.5421e-01,  9.8316e-02,  3.5724e-01,
         2.3458e-01,  3.3805e-01,  3.9792e-02,  1.1363e-01,  4.5164e-02,
         1.3377e-01, -2.2492e-02,  4.8784e-02, -1.4627e-01,  4.7940e-01,
        -3.2275e-01, -5.2751e-04,  6.1173e-02,  4.9890e-02,  1.1844e-01,
        -7.7120e-01,  6.0510e-01,  3.4386e-01,  2.2000e-01, -1.3413e-01,
         9.0866e-02,  3.3214e-01,  2.1449e-01, -1.6996e-01,  1.8059e-01,
        -1.3455e-01,  1.8119e-01, -2.2326e-01,  1.3710e-01,  1.2309e-01,
         6.5316e-01,  1.5737e-01,  2.8060e-01,  1.0231e-01,  1.0943e-01,
         6.4118e-01,  3.7229e-01, -2.4856e+00,  5.3104e-02, -2.5833e-03,
        -2.1314e-01,  9.8890e-02,  2.2321e-01,  4.2201e-02,  3.6944e-02,
         2.6874e-01, -2.3266e-01,  4.2470e-01,  6.4833e-01,  1.4965e-01,
         3.3484e-01, -2.3837e-01, -3.0209e-01,  3.1217e-01, -2.1719e-01,
         1.8974e-01,  8.6677e-02,  8.1829e-02,  2.3552e-01,  1.2760e+00,
         6.3301e-02,  8.0092e-01,  5.0282e-01,  1.3053e-01,  3.4441e-01,
        -5.7930e-02,  1.3715e-01, -1.0335e+00,  7.3621e-01,  1.4232e-01,
        -1.1079e+00,  1.1258e+00,  9.2589e-02,  6.5286e-02,  1.1018e-01,
         3.8311e-01,  1.2296e+00,  2.0775e-01, -1.0955e-01, -1.4633e-01,
        -6.5655e-02,  9.0685e-02,  3.3111e-01, -1.9775e-01,  8.7918e-01,
         7.1297e-02,  2.6904e-01,  6.7111e-02,  1.0149e-01,  6.3778e-01,
         1.3113e-01,  7.8077e-04,  7.2375e-02, -1.3994e-01,  2.7929e-01,
         1.8773e-01, -1.9585e-01,  5.5832e-01,  1.3895e-01, -2.0153e+00,
         1.8248e-01,  3.9995e-01,  8.0642e-02, -4.6578e-02, -5.3528e-02,
         1.0916e-01,  3.1205e-01, -2.1326e-01, -3.7124e-01, -3.1199e-01,
         1.2065e-01, -1.3013e-01,  2.3539e-02,  1.0122e-01, -7.4421e-02,
         1.0081e-02,  2.8421e-01,  3.0960e-01,  9.6351e-03,  1.7292e-01,
        -9.6796e-02, -1.1447e-01,  3.2389e-02, -2.7503e-03, -2.0645e-01,
        -3.6849e-03,  9.8804e-02, -9.2045e-03, -3.6271e-02,  6.9684e-02,
         7.1082e-02,  1.8271e-03,  2.6074e-02,  1.0781e-01,  4.9939e-03,
         4.8849e-02, -9.8943e-02, -4.4248e-02, -1.1788e-01,  6.7042e-02,
         1.0050e-01,  3.6921e-02,  3.6707e-02, -2.2712e-01,  1.7869e-01,
         2.6632e-02,  1.1397e-02, -2.3988e-02, -1.7548e-01,  3.9766e-02,
         1.5346e-02,  1.4160e-01, -1.0045e-01,  2.1058e-02,  1.8517e-01,
        -5.3155e-02, -7.0363e-02,  1.2321e-01, -1.5745e-01, -8.8682e-02,
        -7.5542e-02, -9.3913e-03, -4.0718e-02, -2.3044e-02, -8.8192e-01,
        -4.7045e-02,  4.1913e-02,  6.8803e-02,  9.0854e-02, -4.7255e-02,
        -1.2700e-01,  5.9238e-02, -1.3749e-02, -7.4085e-02,  3.4274e-02,
        -1.0063e-01, -1.8205e-01,  5.3766e-01,  3.5502e-02, -2.5867e-01,
        -4.7670e-02, -1.6267e-01, -2.7040e-02,  1.2158e-01, -5.2230e-02,
         7.2899e-02,  1.6645e-02,  9.0994e-03,  2.4004e-01,  1.2431e-01,
         5.7462e-02,  9.4708e-02,  6.0218e-02, -5.0503e-02,  1.4560e-01,
         2.7458e-02,  3.4808e-03,  3.6923e-01, -1.1034e-01,  3.5188e-02,
         9.6266e-02,  1.1621e-01,  5.7005e-02,  4.0301e-01, -1.8520e-02,
        -1.1879e-01,  1.1564e-01,  2.5885e-02, -1.0063e-01, -2.7321e-03,
         2.9667e-01,  9.1926e-01, -1.1377e-02,  5.4051e-02, -6.2896e-02,
         1.4325e-01,  3.1721e-01,  1.4800e-01,  1.2044e-01, -8.8005e-02,
         2.7143e-02,  3.9536e-03,  3.2115e-02, -5.4324e-02,  2.0390e-01,
        -1.8248e-02, -5.8582e-01, -2.8295e-02,  8.0636e-02,  5.8854e-02,
        -5.6583e-02,  1.2884e-01, -9.8358e-02, -1.9010e-02], device='cuda:0'), tensor([ 1.6144e-01, -3.8655e-01, -1.4885e-02,  4.8224e-01,  5.0413e-01,
         6.0524e-01,  2.1418e-01,  7.3050e-02,  1.5888e-01, -1.3993e-02,
         1.2665e-01, -5.1809e-01,  1.2692e-01,  9.6321e-02,  1.7166e-01,
        -4.2254e-02,  3.5063e-01,  6.5429e-01,  9.8336e-02,  3.5649e-01,
         2.3468e-01,  3.3775e-01,  3.9541e-02,  1.1375e-01,  4.5219e-02,
         1.3361e-01, -2.2711e-02,  4.8952e-02, -1.4622e-01,  4.7945e-01,
        -3.2295e-01, -2.6578e-04,  6.0919e-02,  5.0028e-02,  1.1829e-01,
        -7.7144e-01,  6.0554e-01,  3.4410e-01,  2.1972e-01, -1.3430e-01,
         9.0659e-02,  3.3210e-01,  2.1420e-01, -1.7001e-01,  1.8424e-01,
        -1.3445e-01,  1.8155e-01, -2.2339e-01,  1.3699e-01,  1.2314e-01,
         6.5337e-01,  1.5749e-01,  2.8042e-01,  1.0199e-01,  1.0925e-01,
         6.4096e-01,  3.7210e-01, -2.7807e+00,  5.2977e-02, -2.8203e-03,
        -2.1322e-01,  9.8678e-02,  2.2332e-01,  4.2248e-02,  3.7104e-02,
         2.6872e-01, -2.3271e-01,  4.2430e-01,  6.4707e-01,  1.4955e-01,
         3.3637e-01, -2.3841e-01, -3.0232e-01,  3.1218e-01, -2.1732e-01,
         1.8968e-01,  8.6548e-02,  8.1910e-02,  2.3555e-01,  1.2760e+00,
         6.3552e-02,  8.0084e-01,  5.0276e-01,  1.3055e-01,  3.4428e-01,
        -5.8022e-02,  1.3725e-01, -1.0244e+00,  7.3614e-01,  1.4226e-01,
        -1.1081e+00,  1.1259e+00,  9.2362e-02,  6.5313e-02,  1.1034e-01,
         3.8293e-01,  1.2293e+00,  2.0751e-01, -1.1065e-01, -1.4632e-01,
        -6.5645e-02,  9.0748e-02,  3.3105e-01, -4.3995e-01,  8.7036e-01,
         7.1310e-02,  2.6870e-01,  6.9102e-02,  1.0171e-01,  6.3828e-01,
         1.3120e-01,  7.8539e-04,  7.2441e-02, -1.4006e-01,  2.7908e-01,
         1.8788e-01, -1.9642e-01,  5.5865e-01,  1.3899e-01, -2.0090e+00,
         1.8275e-01,  3.9989e-01,  8.0866e-02, -4.6505e-02, -5.3047e-02,
         1.0899e-01,  3.1205e-01, -2.1329e-01, -4.1909e-01, -3.1166e-01,
         1.2079e-01, -1.3030e-01,  2.3835e-02,  1.0157e-01, -7.4727e-02,
         1.0070e-02,  2.8385e-01,  3.5748e-01,  9.3586e-03,  1.7300e-01,
        -9.5346e-02, -1.1469e-01,  3.2198e-02, -2.5866e-03, -2.0700e-01,
        -3.5366e-03,  9.7596e-02, -9.2623e-03, -3.5962e-02,  6.9733e-02,
         7.1195e-02,  1.2258e-03,  2.6430e-02,  1.0868e-01,  5.1036e-03,
         4.8747e-02, -9.9212e-02, -4.5142e-02, -1.1842e-01,  6.6522e-02,
         1.0046e-01,  3.7028e-02,  3.6221e-02, -2.2629e-01,  1.7810e-01,
         2.7200e-02,  1.1256e-02, -2.4713e-02, -1.7515e-01,  3.9472e-02,
         1.4682e-02,  1.3748e-01, -1.0073e-01,  2.1178e-02,  1.8564e-01,
        -5.3773e-02, -7.0901e-02,  1.2545e-01, -1.5761e-01, -8.8966e-02,
        -7.5600e-02, -9.0577e-03, -4.0786e-02, -2.2547e-02, -1.1784e+00,
        -4.7098e-02,  4.1894e-02,  6.8198e-02,  9.0764e-02, -4.6999e-02,
        -1.2691e-01,  5.9004e-02, -1.3677e-02, -7.4194e-02,  3.3679e-02,
        -1.0108e-01, -1.8220e-01,  5.3935e-01,  3.5877e-02, -2.5879e-01,
        -4.7646e-02, -1.6304e-01, -2.6903e-02,  1.2088e-01, -5.2227e-02,
         7.2797e-02,  1.6336e-02,  8.9519e-03,  2.3965e-01,  1.2434e-01,
         5.7894e-02,  9.3838e-02,  6.0664e-02, -5.0902e-02,  1.5561e-01,
         2.6928e-02,  4.0686e-03,  3.6812e-01, -1.1044e-01,  3.4765e-02,
         9.5850e-02,  1.1567e-01,  5.7144e-02,  4.0244e-01, -1.8532e-02,
        -1.1979e-01,  1.1553e-01,  2.5849e-02, -1.0113e-01, -2.6583e-03,
         4.9959e-02,  9.2769e-01, -1.1552e-02,  5.3793e-02, -6.4175e-02,
         1.4356e-01,  3.1678e-01,  1.4807e-01,  1.1990e-01, -8.8116e-02,
         2.7115e-02,  3.8411e-03,  3.1479e-02, -5.4098e-02,  2.0340e-01,
        -1.8412e-02, -5.7922e-01, -2.7886e-02,  8.0555e-02,  5.8725e-02,
        -5.6782e-02,  1.2959e-01, -9.8203e-02, -1.9616e-02], device='cuda:0'), tensor([ 1.1350e-01,  1.1889e-01,  1.7010e-01,  4.6758e-01,  5.2918e-01,
         5.9092e-01,  2.3261e-01,  3.8401e-02,  1.2063e-01,  1.0304e-02,
        -5.3360e-01, -4.5556e-01,  1.4369e-02,  1.5151e-01,  1.5407e-01,
        -5.5661e-02,  3.4575e-01,  6.7670e-01,  2.3584e-02,  4.1580e-01,
         2.5174e-01,  3.3965e-01,  5.5368e-02,  1.1007e-01,  4.8828e-02,
         1.0298e-01, -1.5920e-02,  4.7533e-02, -1.2811e-01,  4.5445e-01,
        -3.6735e-01,  1.7807e-01,  4.9904e-02,  7.5410e-02,  1.1072e-01,
        -5.2977e-01,  6.2499e-01,  3.6143e-01,  1.5165e-01, -1.6493e-01,
         9.2765e-02,  3.0425e-01,  2.0365e-01, -7.0914e-02,  2.0490e-01,
        -6.1012e-02,  2.4153e-01, -1.3587e-01,  1.2149e-01,  2.3338e-01,
         7.0657e-01,  1.9575e-01,  2.9018e-01,  3.9469e-02,  1.1216e-01,
         6.3994e-01,  3.3177e-01, -3.0117e+00,  5.9633e-02,  2.7901e-02,
        -2.9493e-01,  7.8636e-02,  1.7459e-01,  8.4738e-02,  4.7510e-02,
         3.0452e-01, -3.6161e-01,  4.1458e-01,  7.4579e-01,  1.6089e-01,
         2.2306e-01, -2.3614e-01, -2.9911e-01,  3.0469e-01, -1.3500e-01,
         1.8313e-01,  8.7366e-02,  1.3449e-01,  2.4619e-01,  1.2049e+00,
         3.8656e-02,  6.4220e-01,  5.1301e-01,  1.1615e-01,  3.2295e-01,
        -3.8936e-02,  1.2792e-01, -1.2471e+00,  6.9341e-01,  5.4729e-02,
        -1.1820e+00,  1.0329e+00,  5.5080e-02,  3.6124e-02,  1.3700e-01,
         3.3884e-01,  1.2499e+00,  1.7707e-01, -2.7406e-02, -1.6558e-01,
        -5.3773e-02,  1.0457e-01,  3.4045e-01, -8.0994e-01,  5.5152e-01,
         7.8478e-02,  2.4914e-01, -2.5538e-01,  1.0965e-01,  5.8700e-01,
         1.4783e-01,  1.4161e-02,  5.1348e-02, -1.7278e-01,  2.5313e-01,
         1.4716e-01, -1.5613e-01,  7.1791e-01,  1.0729e-01, -1.6249e+00,
         1.6720e-01,  4.3445e-01,  8.0341e-02, -6.0599e-02, -2.2399e-02,
         1.5883e-01,  3.2301e-01, -1.2685e-01, -3.3547e-01, -2.2374e-01,
         1.4630e-01, -1.6979e-02,  6.1670e-02,  9.8029e-02, -1.0348e-01,
         5.6115e-03,  1.5410e-01,  1.0271e-01,  1.2687e-01,  1.0623e-01,
         5.2617e-02, -3.6815e-02,  2.7630e-02, -1.8571e-01,  6.3532e-04,
         1.9913e-03,  4.8673e-02,  5.0826e-02, -2.7850e-02,  1.4702e-02,
         7.9557e-02,  1.1534e-01,  5.0450e-02,  1.8000e-01,  5.8421e-03,
        -1.0253e-02, -6.8912e-02, -1.3731e-02, -2.3018e-02, -1.0327e-02,
         3.4152e-03,  6.6395e-02,  1.6678e-01, -1.9336e-01,  1.4705e-01,
        -4.4588e-03,  9.1045e-04,  3.5505e-02, -8.0404e-02,  4.1112e-02,
        -7.8327e-02, -7.9848e-03, -1.2008e-02,  8.1473e-02,  2.4857e-01,
        -6.0941e-02,  6.0747e-03,  7.1379e-02, -1.6568e-01, -9.1279e-02,
        -5.5655e-03, -3.8154e-02, -5.8355e-02,  2.2423e-03, -1.6771e+00,
        -1.8952e-02, -7.8229e-02, -1.2073e-01,  7.5377e-02, -9.1408e-02,
        -9.9468e-02,  1.5957e-01,  2.2949e-02, -2.9454e-01,  4.3876e-03,
        -1.9482e-01, -1.9227e-01,  6.6028e-01,  2.4500e-02, -2.1190e-01,
        -1.1802e-01, -7.0928e-02, -5.9574e-03,  2.0020e-02, -1.8144e-02,
         5.8315e-02, -6.3047e-02, -8.3331e-02,  4.5524e-02,  1.1471e-01,
         7.1141e-02, -7.9760e-03,  1.7136e-01, -1.0849e-01, -1.0749e-01,
        -3.1107e-02, -1.1241e-01,  3.4724e-01, -7.3443e-02,  5.2534e-02,
         6.9730e-02,  4.0081e-02, -4.4201e-02,  2.2549e-01,  2.0078e-02,
        -2.5362e-02,  8.1790e-03, -1.2807e-02, -1.8329e-01,  4.2473e-02,
        -3.6347e-01,  7.2770e-01, -1.5823e-03,  8.5762e-02,  2.0728e-01,
         3.1751e-02,  3.8001e-01,  1.8173e-01,  5.8160e-02, -1.2270e-01,
        -4.1991e-02,  2.4859e-02,  3.8066e-02,  1.2495e-01,  7.9618e-02,
        -1.9255e-02, -1.8349e-01, -3.4237e-02,  1.1447e-01,  8.4691e-02,
        -1.7429e-02,  4.8535e-02, -2.2257e-02, -6.4617e-02], device='cuda:0'), tensor([ 1.7828e-01,  1.9596e-01,  1.2260e-01,  5.0175e-01,  6.2514e-01,
         6.7731e-01,  2.1300e-01,  5.1124e-02,  1.4863e-01, -3.6956e-02,
        -4.8212e-01, -4.7691e-01, -5.9506e-03,  1.5269e-01,  1.5255e-01,
        -4.4247e-02,  3.2549e-01,  6.6547e-01,  1.0502e-01,  3.0794e-01,
         2.7129e-01,  3.5797e-01,  1.8799e-02,  1.2177e-01,  2.5841e-02,
         8.3780e-02,  4.3826e-02,  7.9708e-03, -1.2308e-01,  4.3459e-01,
        -4.1694e-01,  7.3765e-02,  8.3592e-02,  5.5738e-02,  1.2550e-01,
        -5.6639e-01,  6.6628e-01,  3.3388e-01,  1.6770e-01, -1.6563e-01,
         6.3111e-02,  3.7396e-01,  1.9207e-01, -9.9315e-02,  1.3557e-01,
        -9.2528e-02,  2.2691e-01, -1.9192e-01,  6.4428e-02,  1.8885e-01,
         5.7038e-01,  2.4152e-01,  3.0660e-01,  4.5577e-02,  1.2392e-01,
         6.0527e-01,  3.2401e-01, -3.9560e+00,  3.8441e-02, -7.0664e-02,
        -2.7158e-01,  1.0197e-01,  2.2372e-01,  7.8914e-02,  4.3217e-02,
         3.3873e-01, -1.4677e-01,  4.3033e-01,  7.9041e-01,  1.5740e-01,
         2.2554e-01, -2.7467e-01, -2.6699e-01,  2.6350e-01, -1.1156e-01,
         1.8739e-01,  7.8868e-02,  6.7742e-02,  2.6506e-01,  1.1458e+00,
         1.0066e-01,  6.2174e-01,  5.7014e-01,  1.4283e-01,  3.3085e-01,
        -4.1623e-02,  1.1695e-01, -1.5148e+00,  7.0484e-01,  7.9059e-02,
        -1.2193e+00,  1.0903e+00,  7.8370e-02,  8.1933e-02,  1.2085e-01,
         4.2811e-01,  1.1266e+00,  2.0792e-01, -2.6529e-01, -2.0064e-01,
        -4.8094e-02,  6.7130e-02,  3.5802e-01, -1.6830e+00,  3.5743e-01,
         9.8174e-02,  3.1759e-01, -2.4249e-01,  5.6707e-02,  6.9162e-01,
         8.4074e-02, -4.8153e-03,  9.9233e-02, -1.9028e-01,  2.5615e-01,
         1.8826e-01, -3.4183e-01,  7.6842e-01,  1.0595e-01, -1.8992e+00,
         1.9711e-01,  4.3540e-01,  6.9999e-02, -5.8755e-02,  2.3288e-02,
         1.1487e-01,  3.2854e-01, -1.4367e-01, -1.8238e-01, -4.8191e-01,
         1.3048e-01, -6.8805e-02,  3.8904e-03,  4.5057e-02, -1.3636e-01,
         6.7283e-02,  2.0761e-01, -1.1186e-01,  1.5402e-02,  2.8775e-01,
         8.3496e-02, -4.7177e-02,  4.2777e-02, -5.2870e-02,  4.6494e-02,
         4.7946e-02,  8.1103e-02,  3.7920e-02, -6.0104e-02,  5.7318e-02,
         2.0317e-02,  5.0520e-02,  1.2367e-02,  1.5514e-01, -5.1043e-03,
         5.5694e-02, -1.2344e-01, -8.8913e-02, -4.6948e-02,  1.9924e-02,
        -4.4548e-02, -1.3307e-02,  2.2628e-01, -2.6873e-01,  1.9699e-01,
        -1.0411e-02, -2.7452e-02,  9.9377e-03, -1.4811e-01,  2.8889e-02,
        -4.2471e-02,  1.0317e-01, -4.8886e-02,  9.9082e-02,  1.5946e-01,
        -8.4538e-02, -6.3855e-03, -1.1621e-01, -1.6581e-01, -1.8102e-01,
        -2.7053e-02,  3.5623e-02, -9.5785e-02,  4.2576e-03, -2.5569e+00,
         4.5489e-03, -3.5344e-02, -1.0406e-02,  7.5488e-02, -8.6681e-02,
        -1.3055e-01,  1.0071e-01, -9.3399e-02,  1.0664e-01, -6.2011e-02,
        -8.1422e-02, -1.4837e-01,  5.8980e-01,  1.1275e-01, -1.6905e-01,
        -1.7599e-02, -2.0145e-02, -1.2178e-02, -1.1404e-02, -1.5232e-02,
        -5.2379e-03,  5.0057e-02,  4.5601e-02,  7.5783e-02,  2.2596e-01,
         2.1758e-02, -2.0913e-02,  1.3680e-01, -4.5777e-02, -3.6345e-01,
         3.9227e-02,  9.0762e-02,  2.7084e-01, -4.1448e-02,  8.5731e-02,
         1.0533e-01,  4.1401e-02,  4.5257e-02,  2.8406e-01, -1.3625e-02,
        -4.2423e-01,  1.4324e-01,  2.7528e-02, -1.8781e-01,  5.2718e-02,
        -1.1161e+00,  1.0224e+00, -6.9610e-03,  5.9096e-02,  2.0885e-01,
         7.5971e-02,  2.7416e-01,  7.1892e-02,  3.9257e-02, -1.1420e-01,
        -1.0971e-02,  5.2263e-03, -6.6685e-02, -2.1461e-01, -2.3258e-02,
        -4.5886e-02, -3.3798e-01, -3.6192e-03,  1.0614e-01,  4.8486e-02,
        -2.9538e-02,  1.3084e-01, -6.5936e-02, -7.5637e-02], device='cuda:0'), tensor([ 1.7829e-01,  1.9596e-01,  1.2258e-01,  5.0175e-01,  6.2516e-01,
         6.7732e-01,  2.1301e-01,  5.1133e-02,  1.4863e-01, -3.6958e-02,
        -4.8210e-01, -4.7691e-01, -5.9521e-03,  1.5269e-01,  1.5255e-01,
        -4.4245e-02,  3.2549e-01,  6.6548e-01,  1.0503e-01,  3.0793e-01,
         2.7129e-01,  3.5797e-01,  1.8787e-02,  1.2178e-01,  2.5837e-02,
         8.3777e-02,  4.3828e-02,  7.9684e-03, -1.2308e-01,  4.3459e-01,
        -4.1694e-01,  7.3753e-02,  8.3599e-02,  5.5734e-02,  1.2550e-01,
        -5.6639e-01,  6.6628e-01,  3.3388e-01,  1.6770e-01, -1.6562e-01,
         6.3109e-02,  3.7397e-01,  1.9208e-01, -9.9318e-02,  1.3556e-01,
        -9.2530e-02,  2.2691e-01, -1.9192e-01,  6.4426e-02,  1.8885e-01,
         5.7036e-01,  2.4152e-01,  3.0660e-01,  4.5577e-02,  1.2392e-01,
         6.0527e-01,  3.2401e-01, -3.9560e+00,  3.8437e-02, -7.0675e-02,
        -2.7157e-01,  1.0197e-01,  2.2375e-01,  7.8910e-02,  4.3213e-02,
         3.3875e-01, -1.4670e-01,  4.3033e-01,  7.9042e-01,  1.5740e-01,
         2.2554e-01, -2.7468e-01, -2.6699e-01,  2.6350e-01, -1.1156e-01,
         1.8739e-01,  7.8868e-02,  6.7731e-02,  2.6506e-01,  1.1458e+00,
         1.0066e-01,  6.2174e-01,  5.7014e-01,  1.4284e-01,  3.3085e-01,
        -4.1626e-02,  1.1695e-01, -1.5150e+00,  7.0485e-01,  7.9066e-02,
        -1.2193e+00,  1.0903e+00,  7.8386e-02,  8.1931e-02,  1.2084e-01,
         4.2812e-01,  1.1266e+00,  2.0792e-01, -2.6542e-01, -2.0064e-01,
        -4.8093e-02,  6.7129e-02,  3.5803e-01, -1.6830e+00,  3.5738e-01,
         9.8174e-02,  3.1760e-01, -2.4253e-01,  5.6700e-02,  6.9165e-01,
         8.4068e-02, -4.8165e-03,  9.9239e-02, -1.9028e-01,  2.5615e-01,
         1.8826e-01, -3.4191e-01,  7.6843e-01,  1.0595e-01, -1.8994e+00,
         1.9711e-01,  4.3540e-01,  7.0004e-02, -5.8752e-02,  2.3293e-02,
         1.1486e-01,  3.2854e-01, -1.4367e-01, -1.8262e-01, -4.8195e-01,
         1.3050e-01, -6.8812e-02,  3.9019e-03,  4.5058e-02, -1.3637e-01,
         6.7287e-02,  2.0762e-01, -1.1163e-01,  1.5375e-02,  2.8779e-01,
         8.3522e-02, -4.7177e-02,  4.2787e-02, -5.2851e-02,  4.6497e-02,
         4.7956e-02,  8.1106e-02,  3.7910e-02, -6.0113e-02,  5.7315e-02,
         2.0309e-02,  5.0510e-02,  1.2374e-02,  1.5515e-01, -5.1111e-03,
         5.5704e-02, -1.2345e-01, -8.8930e-02, -4.6960e-02,  1.9923e-02,
        -4.4541e-02, -1.3323e-02,  2.2628e-01, -2.6874e-01,  1.9701e-01,
        -1.0409e-02, -2.7457e-02,  9.9333e-03, -1.4811e-01,  2.8879e-02,
        -4.2469e-02,  1.0320e-01, -4.8893e-02,  9.9091e-02,  1.5944e-01,
        -8.4548e-02, -6.3911e-03, -1.1622e-01, -1.6581e-01, -1.8103e-01,
        -2.7061e-02,  3.5641e-02, -9.5788e-02,  4.2659e-03, -2.5568e+00,
         4.5654e-03, -3.5335e-02, -1.0392e-02,  7.5481e-02, -8.6670e-02,
        -1.3055e-01,  1.0070e-01, -9.3399e-02,  1.0675e-01, -6.2031e-02,
        -8.1383e-02, -1.4836e-01,  5.8978e-01,  1.1276e-01, -1.6905e-01,
        -1.7578e-02, -2.0133e-02, -1.2181e-02, -1.1416e-02, -1.5228e-02,
        -5.2553e-03,  5.0065e-02,  4.5607e-02,  7.5782e-02,  2.2598e-01,
         2.1753e-02, -2.0912e-02,  1.3680e-01, -4.5768e-02, -3.6363e-01,
         3.9232e-02,  9.0793e-02,  2.7081e-01, -4.1444e-02,  8.5745e-02,
         1.0535e-01,  4.1395e-02,  4.5287e-02,  2.8409e-01, -1.3637e-02,
        -4.2438e-01,  1.4326e-01,  2.7534e-02, -1.8782e-01,  5.2726e-02,
        -1.1161e+00,  1.0224e+00, -6.9566e-03,  5.9087e-02,  2.0889e-01,
         7.5984e-02,  2.7413e-01,  7.1884e-02,  3.9253e-02, -1.1420e-01,
        -1.0964e-02,  5.2245e-03, -6.6696e-02, -2.1472e-01, -2.3271e-02,
        -4.5886e-02, -3.3808e-01, -3.6052e-03,  1.0614e-01,  4.8485e-02,
        -2.9545e-02,  1.3085e-01, -6.5937e-02, -7.5629e-02], device='cuda:0')]
WeightedHSdebiased completed in 1172.86 seconds
ours1 FreqWeightedHSdebiased
LBFGS iterations run: 748
LBFGS iterations run: 307
LBFGS iterations run: 1
LBFGS iterations run: 367
LBFGS iterations run: 2
Mean +- SE trainNLL over 5 fold(s) 18607.54453125 +- 83.5597889750634
Sum testNLL over 5 fold(s) 23434.3173828125
weights for each 5 fold [tensor([ 1.2335e-03,  1.4764e-01,  7.0694e-02,  1.0192e-01,  5.4667e-01,
         4.2445e-01,  6.7518e-01,  2.3674e-01,  4.8917e-02,  1.9468e-01,
        -5.0661e-02, -3.2353e-01, -5.0132e-01,  3.3987e-02,  1.0785e-01,
         1.7442e-01,  2.0364e-02,  3.0177e-01,  7.4371e-01,  8.2535e-02,
         3.3573e-01,  2.6723e-01,  2.6018e-01,  2.7936e-02,  1.1171e-01,
         5.1085e-02,  9.0600e-02, -8.2328e-03,  7.5482e-02, -1.0767e-01,
         4.3915e-01, -3.3966e-01,  9.4164e-02,  7.7174e-02,  5.3939e-02,
         1.4097e-01, -5.7588e-01,  6.2361e-01,  3.4850e-01,  1.3761e-01,
        -1.6105e-01,  7.2083e-02,  3.7849e-01,  2.5562e-01, -1.1978e-01,
         1.6070e-01, -9.7330e-02,  2.1905e-01, -1.2438e-01,  7.7695e-02,
         1.7628e-01,  7.4419e-01,  1.5937e-01,  3.1582e-01,  9.7670e-02,
         1.0733e-01,  6.7255e-01,  2.8146e-01, -2.5670e+00,  3.1804e-02,
        -3.4861e-02, -2.0508e-01,  1.0249e-01,  1.9531e-01,  4.5875e-02,
         7.8068e-02,  3.6042e-01, -1.9413e-01,  4.0798e-01,  6.9994e-01,
         1.7982e-01,  1.9728e-01, -2.5732e-01, -1.9365e-01,  2.4357e-01,
        -2.1688e-02,  1.9176e-01,  7.0248e-02,  1.4238e-01,  2.4134e-01,
         1.1445e+00,  9.0791e-02,  7.6083e-01,  5.5618e-01,  1.5220e-01,
         3.2580e-01, -2.7808e-02,  1.1718e-01, -1.2855e+00,  6.6760e-01,
         8.7682e-02, -1.1422e+00,  1.1078e+00,  9.2520e-02,  4.1502e-02,
         1.3900e-01,  4.0502e-01,  1.1997e+00,  1.8519e-01, -2.1264e-01,
        -1.4707e-01, -6.8801e-02,  7.2384e-02,  3.2661e-01, -4.4887e-01,
         5.9523e-01,  6.4826e-02,  2.9818e-01, -1.1096e-01,  6.7350e-02,
         5.8123e-01,  1.2385e-01,  1.0037e-02,  4.8834e-02, -1.4769e-01,
         2.8145e-01,  1.6322e-01, -2.6632e-01,  7.0277e-01,  1.2909e-01,
        -1.6652e+00,  1.8340e-01,  3.7183e-01,  9.1288e-02, -5.2297e-02,
        -2.7155e-02,  1.0075e-01,  3.4892e-01, -1.4578e-01,  6.3387e-02,
        -2.7259e-01,  1.2882e-01, -3.1949e-01,  8.2029e-03,  1.0794e-01,
        -9.7510e-02,  5.8137e-02,  2.8524e-01, -1.5820e-01,  6.9525e-03,
         1.8092e-01,  4.7547e-03, -6.2153e-02, -3.8894e-02, -8.5941e-02,
         6.3543e-03,  7.6538e-02,  1.8113e-02,  2.9513e-02, -1.4578e-01,
         9.4216e-02,  1.2457e-01,  3.1766e-03, -1.1593e-02,  2.1846e-01,
        -4.9386e-02,  1.4116e-02, -1.1347e-01, -6.2949e-02, -4.5764e-03,
         3.6995e-02,  6.0666e-02, -3.7113e-02,  2.2588e-01, -2.7598e-01,
         2.1878e-01, -5.3534e-02, -9.0257e-03, -2.7009e-03, -1.2021e-01,
        -5.9311e-02,  4.2985e-02,  1.6997e-01, -8.8962e-02,  4.0988e-02,
         2.8562e-01, -3.7263e-02,  2.3144e-02,  3.4153e-02, -2.3278e-01,
        -1.0179e-01, -7.4064e-02, -1.0423e-02, -1.2179e-01, -1.1606e-01,
        -1.0428e+00, -1.6088e-02, -1.2702e-03, -4.1191e-02,  1.0439e-01,
        -3.7142e-02, -1.7983e-01,  1.1223e-01, -7.4465e-02, -1.6120e-01,
         1.4700e-03, -1.8036e-01, -1.8810e-01,  3.7716e-01,  5.9307e-02,
        -1.3887e-01,  9.5210e-03,  3.5482e-02,  3.5520e-02,  9.0992e-02,
         3.9527e-02,  9.8149e-02,  2.1475e-02,  1.2008e-01,  1.5369e-01,
         1.8344e-01,  4.4623e-02,  1.0306e-02,  1.8919e-01, -7.8315e-02,
        -1.1679e-01,  3.4687e-02, -1.0814e-02,  3.4756e-01, -1.2654e-01,
         7.3082e-02,  1.4370e-01,  7.9547e-04, -5.0797e-02,  4.7655e-01,
        -2.7719e-02, -2.9367e-01,  1.3520e-01,  3.4439e-02, -1.3925e-01,
         8.4832e-02,  2.5439e-01,  8.8718e-01,  3.4220e-02,  5.2124e-02,
         2.6647e-01,  6.2156e-02,  2.6854e-01,  1.5056e-01,  2.6088e-02,
        -9.5117e-02, -1.0585e-02,  2.9932e-02, -6.5221e-02,  8.1465e-02,
         2.7061e-02, -3.8389e-02, -1.8998e-01, -3.0667e-02,  8.9531e-02,
         2.0387e-02, -2.4100e-02,  1.5017e-01, -6.1170e-02, -6.5518e-02],
       device='cuda:0'), tensor([-8.8557e-03,  1.5848e-01,  7.6796e-03,  5.0491e-02,  4.7478e-01,
         3.4691e-01,  6.1814e-01,  2.1994e-01,  7.2755e-02,  1.4066e-01,
        -8.1725e-03, -3.2926e-01, -4.2410e-01,  5.1884e-02,  1.5724e-01,
         1.5235e-01, -6.1808e-02,  3.1646e-01,  6.9383e-01,  5.4159e-02,
         3.4592e-01,  2.3502e-01,  3.5619e-01,  4.7890e-02,  1.1199e-01,
         5.7799e-02,  1.2055e-01, -7.7851e-02,  6.2738e-02, -1.1327e-01,
         4.0878e-01, -4.3217e-01,  6.2071e-02,  4.8931e-02,  2.9553e-02,
         1.2515e-01, -6.1179e-01,  5.7969e-01,  3.3484e-01,  1.9409e-01,
        -1.3492e-01,  9.7508e-02,  2.8997e-01,  2.3384e-01, -8.1899e-02,
         5.9094e-02, -7.4133e-02,  2.1202e-01, -2.2472e-01,  1.3944e-01,
         2.3683e-01,  5.7772e-01,  1.8568e-01,  3.0484e-01,  7.2540e-02,
         1.4031e-01,  6.2190e-01,  3.4528e-01, -3.7386e+00,  4.9173e-02,
        -1.4337e-02, -2.7335e-01,  8.9997e-02,  2.4291e-01,  1.0467e-01,
         4.3296e-02,  2.8743e-01, -4.8997e-01,  3.9759e-01,  4.7171e-01,
         1.5070e-01,  2.4588e-01, -2.4386e-01, -2.4291e-01,  2.9890e-01,
        -1.4705e-01,  2.1869e-01,  8.4940e-02,  1.1234e-01,  2.5046e-01,
         1.1861e+00,  4.3150e-02,  6.0590e-01,  4.8583e-01,  1.2922e-01,
         3.5434e-01, -5.0149e-02,  1.5499e-01, -1.1476e+00,  6.9777e-01,
         4.9729e-02, -1.3270e+00,  1.0686e+00,  6.8514e-02,  3.9427e-02,
         6.6270e-02,  3.4161e-01,  1.1988e+00,  1.8617e-01, -6.9480e-03,
        -1.7079e-01, -3.1574e-02,  5.2773e-02,  3.4115e-01, -1.3397e+00,
         3.2697e-01,  1.1032e-01,  2.7680e-01, -9.0558e-02,  6.1318e-02,
         6.0508e-01,  1.7834e-01,  2.3835e-02,  6.4968e-02, -1.5563e-01,
         2.6818e-01,  1.6429e-01, -8.1670e-02,  6.6277e-01,  1.1090e-01,
        -1.6448e+00,  1.6436e-01,  3.9089e-01,  8.6448e-02, -3.3745e-02,
        -4.0908e-04,  1.4029e-01,  3.7392e-01, -1.9363e-01, -2.0993e-01,
        -3.1892e-01,  9.7693e-02, -3.9505e-01, -3.4013e-02,  5.2011e-02,
        -9.0069e-02,  6.6776e-03,  1.9809e-01,  3.4368e-02,  3.5259e-02,
         1.4920e-01, -3.1995e-02, -5.5403e-02,  4.3128e-02, -1.3808e-01,
        -8.5146e-02,  1.7331e-02,  5.1773e-02,  9.3213e-03, -6.9683e-02,
        -1.5044e-02,  3.7133e-02,  7.2371e-02,  2.7997e-02,  1.8160e-01,
         4.4342e-02, -1.3094e-02, -1.4770e-01, -5.9026e-02, -2.2337e-01,
         1.8489e-02, -1.4682e-03,  4.4391e-02,  1.2297e-01, -2.9647e-01,
         1.5178e-01,  4.5636e-02, -5.1417e-03,  3.8326e-02, -1.4802e-01,
         3.3852e-02, -5.9680e-02,  1.6097e-01, -3.0528e-02,  8.2109e-02,
         2.6215e-01, -9.8016e-02,  5.5960e-02, -1.1183e-01, -1.4385e-01,
        -1.1866e-01, -4.6580e-02, -2.1028e-02, -7.9819e-02,  1.5315e-02,
        -2.4958e+00, -3.4166e-02, -5.0435e-03, -3.5885e-02,  1.0094e-01,
        -8.0763e-02, -5.9256e-02,  1.2794e-01,  2.3803e-03, -1.8662e-01,
         1.0616e-02, -2.7464e-01, -1.6613e-01,  5.4639e-01,  3.1798e-02,
        -1.6669e-01, -8.9009e-03, -8.9176e-02, -6.3671e-02,  1.6649e-02,
        -1.0297e-01,  3.0343e-02, -7.1468e-02, -1.8083e-01,  5.3352e-03,
         1.1608e-01,  2.2650e-02,  5.1548e-02,  1.1148e-01, -1.7387e-02,
        -1.1123e-02, -6.8983e-02, -7.5151e-02,  1.5871e-01, -1.1815e-01,
         9.5212e-02,  1.1384e-01,  1.4331e-01,  1.1115e-02,  3.6400e-01,
         2.7724e-02, -1.3335e-01,  4.1580e-02,  4.0541e-02, -2.3071e-01,
        -2.5836e-02, -9.3321e-01,  1.0671e+00,  2.0880e-02,  1.4853e-01,
        -1.5499e-02,  8.6706e-02,  4.4575e-01,  8.8699e-02,  8.9033e-02,
        -1.4967e-01,  2.8032e-02,  3.7665e-02,  7.2724e-02,  8.1457e-02,
         3.5885e-03, -6.9031e-03, -2.6475e-01,  5.0724e-03,  9.8099e-02,
         1.0305e-01, -1.6823e-02,  8.5156e-02, -3.5380e-02,  2.5501e-02],
       device='cuda:0'), tensor([-8.8610e-03,  1.5849e-01,  7.6572e-03,  5.0490e-02,  4.7477e-01,
         3.4688e-01,  6.1814e-01,  2.1993e-01,  7.2756e-02,  1.4065e-01,
        -8.1671e-03, -3.2922e-01, -4.2409e-01,  5.1885e-02,  1.5725e-01,
         1.5235e-01, -6.1813e-02,  3.1647e-01,  6.9382e-01,  5.4158e-02,
         3.4593e-01,  2.3503e-01,  3.5620e-01,  4.7891e-02,  1.1199e-01,
         5.7798e-02,  1.2055e-01, -7.7856e-02,  6.2739e-02, -1.1327e-01,
         4.0877e-01, -4.3218e-01,  6.2066e-02,  4.8930e-02,  2.9558e-02,
         1.2515e-01, -6.1180e-01,  5.7969e-01,  3.3484e-01,  1.9409e-01,
        -1.3492e-01,  9.7513e-02,  2.8997e-01,  2.3384e-01, -8.1900e-02,
         5.9084e-02, -7.4125e-02,  2.1202e-01, -2.2473e-01,  1.3945e-01,
         2.3684e-01,  5.7770e-01,  1.8569e-01,  3.0484e-01,  7.2539e-02,
         1.4031e-01,  6.2190e-01,  3.4528e-01, -3.7389e+00,  4.9175e-02,
        -1.4333e-02, -2.7335e-01,  8.9997e-02,  2.4291e-01,  1.0467e-01,
         4.3296e-02,  2.8742e-01, -4.9002e-01,  3.9759e-01,  4.7167e-01,
         1.5070e-01,  2.4592e-01, -2.4386e-01, -2.4292e-01,  2.9890e-01,
        -1.4707e-01,  2.1869e-01,  8.4941e-02,  1.1234e-01,  2.5046e-01,
         1.1861e+00,  4.3145e-02,  6.0589e-01,  4.8582e-01,  1.2922e-01,
         3.5434e-01, -5.0152e-02,  1.5499e-01, -1.1476e+00,  6.9777e-01,
         4.9728e-02, -1.3270e+00,  1.0686e+00,  6.8509e-02,  3.9429e-02,
         6.6265e-02,  3.4160e-01,  1.1988e+00,  1.8617e-01, -6.9142e-03,
        -1.7079e-01, -3.1573e-02,  5.2778e-02,  3.4115e-01, -1.3400e+00,
         3.2690e-01,  1.1032e-01,  2.7680e-01, -9.0528e-02,  6.1315e-02,
         6.0507e-01,  1.7835e-01,  2.3839e-02,  6.4968e-02, -1.5563e-01,
         2.6818e-01,  1.6429e-01, -8.1641e-02,  6.6277e-01,  1.1090e-01,
        -1.6448e+00,  1.6436e-01,  3.9089e-01,  8.6445e-02, -3.3739e-02,
        -4.0654e-04,  1.4029e-01,  3.7392e-01, -1.9364e-01, -2.1007e-01,
        -3.1892e-01,  9.7681e-02, -3.9509e-01, -3.4022e-02,  5.2001e-02,
        -9.0069e-02,  6.6764e-03,  1.9808e-01,  3.4498e-02,  3.5258e-02,
         1.4919e-01, -3.1993e-02, -5.5406e-02,  4.3130e-02, -1.3808e-01,
        -8.5161e-02,  1.7326e-02,  5.1758e-02,  9.3237e-03, -6.9678e-02,
        -1.5051e-02,  3.7131e-02,  7.2376e-02,  2.8005e-02,  1.8160e-01,
         4.4348e-02, -1.3091e-02, -1.4771e-01, -5.9029e-02, -2.2339e-01,
         1.8484e-02, -1.4750e-03,  4.4398e-02,  1.2296e-01, -2.9646e-01,
         1.5178e-01,  4.5649e-02, -5.1399e-03,  3.8329e-02, -1.4802e-01,
         3.3853e-02, -5.9685e-02,  1.6097e-01, -3.0526e-02,  8.2118e-02,
         2.6215e-01, -9.8020e-02,  5.5962e-02, -1.1184e-01, -1.4384e-01,
        -1.1867e-01, -4.6578e-02, -2.1029e-02, -7.9819e-02,  1.5332e-02,
        -2.4961e+00, -3.4168e-02, -5.0415e-03, -3.5884e-02,  1.0094e-01,
        -8.0768e-02, -5.9245e-02,  1.2794e-01,  2.3851e-03, -1.8666e-01,
         1.0610e-02, -2.7467e-01, -1.6613e-01,  5.4644e-01,  3.1798e-02,
        -1.6670e-01, -8.9062e-03, -8.9193e-02, -6.3680e-02,  1.6642e-02,
        -1.0298e-01,  3.0340e-02, -7.1478e-02, -1.8086e-01,  5.3232e-03,
         1.1607e-01,  2.2653e-02,  5.1552e-02,  1.1147e-01, -1.7386e-02,
        -1.1099e-02, -6.8993e-02, -7.5152e-02,  1.5867e-01, -1.1815e-01,
         9.5213e-02,  1.1383e-01,  1.4331e-01,  1.1120e-02,  3.6399e-01,
         2.7726e-02, -1.3332e-01,  4.1572e-02,  4.0537e-02, -2.3072e-01,
        -2.5837e-02, -9.3346e-01,  1.0672e+00,  2.0882e-02,  1.4854e-01,
        -1.5550e-02,  8.6705e-02,  4.4578e-01,  8.8696e-02,  8.9032e-02,
        -1.4968e-01,  2.8035e-02,  3.7663e-02,  7.2735e-02,  8.1483e-02,
         3.5878e-03, -6.9018e-03, -2.6477e-01,  5.0790e-03,  9.8092e-02,
         1.0305e-01, -1.6826e-02,  8.5146e-02, -3.5381e-02,  2.5507e-02],
       device='cuda:0'), tensor([-1.3492e-02,  1.5452e-01,  3.5704e-01,  1.8586e-01,  6.0124e-01,
         6.8932e-01,  7.0046e-01,  1.5258e-01,  4.5492e-02,  1.5386e-01,
         8.8141e-03, -6.0695e-01, -5.1985e-01,  1.4572e-02,  9.3153e-02,
         1.6888e-01, -9.6068e-02,  3.6703e-01,  6.2420e-01,  7.1202e-02,
         3.2170e-01,  2.4495e-01,  4.2892e-01,  2.8488e-02,  1.0226e-01,
         4.2858e-02,  1.2105e-01, -2.3666e-02,  8.8938e-03, -1.3615e-01,
         4.1798e-01, -4.0827e-01,  2.1054e-01,  9.0752e-02,  1.1484e-02,
         1.1226e-01, -6.4824e-01,  6.7452e-01,  3.5402e-01,  1.5715e-01,
        -1.7454e-01,  9.0221e-02,  2.8392e-01,  1.9823e-01, -9.7936e-02,
         2.4362e-01, -9.1712e-02,  2.2784e-01, -1.3847e-01,  9.4502e-02,
         1.9206e-01,  6.1547e-01,  2.0494e-01,  3.1685e-01,  6.6005e-02,
         1.2545e-01,  6.2272e-01,  3.2815e-01, -3.2530e+00,  4.7818e-02,
        -3.2522e-02, -2.8897e-01,  8.1836e-02,  1.9085e-01,  8.3792e-02,
         3.2582e-02,  3.1219e-01, -1.2617e-01,  3.9817e-01,  8.7493e-01,
         1.4747e-01,  1.6308e-01, -2.5877e-01, -2.3225e-01,  2.7823e-01,
        -1.2093e-01,  1.9054e-01,  8.8635e-02,  3.4526e-02,  2.6782e-01,
         1.1956e+00,  2.4143e-03,  7.0439e-01,  5.2718e-01,  1.4765e-01,
         3.3120e-01, -8.1377e-02,  1.2180e-01, -1.4358e+00,  7.1784e-01,
         1.3583e-01, -1.2473e+00,  1.0351e+00,  1.2703e-01,  5.7209e-02,
         1.0350e-01,  3.5598e-01,  1.2489e+00,  2.0423e-01, -3.7207e-02,
        -1.6625e-01, -6.9002e-02,  8.6886e-02,  3.6183e-01, -8.5134e-01,
         2.8178e-01,  1.1374e-01,  2.3797e-01, -2.8948e-01,  8.9448e-02,
         6.5325e-01,  8.2162e-02,  8.1850e-05,  1.0721e-01, -1.7473e-01,
         2.6699e-01,  1.4706e-01, -1.7924e-01,  7.3237e-01,  1.3546e-01,
        -1.8811e+00,  1.9918e-01,  4.3718e-01,  6.0724e-02, -5.7477e-02,
        -4.7980e-02,  1.4416e-01,  3.5352e-01, -1.3102e-01, -1.4031e-01,
        -2.3713e-01,  2.1384e-01,  9.4599e-02,  7.1517e-03,  7.6239e-02,
        -1.3705e-01,  3.7884e-02,  2.2429e-01,  1.2868e-01, -3.4687e-02,
         1.1796e-01, -8.8884e-02, -1.0192e-01, -3.2561e-02, -6.9199e-02,
         3.3344e-02, -1.3122e-02, -2.5953e-02,  7.4273e-02,  3.4041e-02,
        -5.0186e-05,  6.3507e-02,  4.0967e-02,  2.9874e-02,  8.1774e-02,
        -3.1571e-02, -2.0174e-02, -4.6890e-02, -3.3496e-02,  3.1139e-02,
         1.2830e-02,  3.3846e-02,  3.4872e-02,  1.5504e-01, -1.0498e-01,
         1.6033e-01, -3.8756e-02, -4.0733e-03,  1.6690e-02, -1.2348e-01,
         6.1370e-02, -5.2418e-02, -2.6559e-03, -7.7186e-02,  5.1424e-02,
         2.1519e-01, -1.1709e-01, -4.9585e-02,  2.5385e-02, -8.4250e-02,
        -1.2237e-01, -4.6590e-02,  3.0463e-02, -7.2327e-02, -1.1450e-02,
        -1.8104e+00, -2.9718e-02, -1.7085e-01, -1.0135e-02,  2.7645e-02,
        -7.8533e-02, -9.1898e-02,  1.1514e-01, -1.9543e-02, -9.0299e-02,
         1.9856e-02, -5.1859e-02, -1.8128e-01,  6.6638e-01,  1.0484e-01,
        -1.8059e-01, -8.8159e-02, -7.1197e-03, -2.7136e-02,  4.8714e-02,
        -1.0017e-01,  8.6485e-03, -1.4684e-02, -1.1014e-01,  1.8317e-01,
         1.5148e-01,  4.7421e-02,  4.7411e-02,  8.4089e-02, -1.0537e-01,
        -2.9999e-01, -2.3858e-02,  2.3419e-02,  2.3904e-01, -4.1146e-02,
         6.7198e-02,  9.9793e-02,  8.7230e-02, -8.6375e-03,  3.1511e-01,
         5.3061e-02, -1.4293e-01,  7.8268e-02, -9.3360e-03, -1.0626e-01,
         6.5369e-02, -5.0224e-01,  8.7940e-01,  2.9453e-02,  6.3624e-02,
         2.1210e-01,  8.2703e-02,  2.6959e-01,  1.2457e-01,  5.9213e-02,
        -2.9948e-02, -8.9195e-03,  3.6237e-02, -2.4037e-02,  1.1708e-01,
         1.0724e-01, -2.4778e-02, -4.3811e-01,  1.2196e-02,  8.5757e-02,
         1.6907e-02, -3.9995e-03,  1.7053e-02, -3.4987e-02, -4.1627e-02],
       device='cuda:0'), tensor([-1.3466e-02,  1.5451e-01,  3.5746e-01,  1.8591e-01,  6.0131e-01,
         6.8948e-01,  7.0049e-01,  1.5258e-01,  4.5488e-02,  1.5386e-01,
         8.8198e-03, -6.0737e-01, -5.1987e-01,  1.4553e-02,  9.3113e-02,
         1.6888e-01, -9.6069e-02,  3.6705e-01,  6.2418e-01,  7.1208e-02,
         3.2169e-01,  2.4495e-01,  4.2892e-01,  2.8486e-02,  1.0228e-01,
         4.2849e-02,  1.2105e-01, -2.3662e-02,  8.8769e-03, -1.3615e-01,
         4.1800e-01, -4.0827e-01,  2.1057e-01,  9.0765e-02,  1.1486e-02,
         1.1226e-01, -6.4823e-01,  6.7456e-01,  3.5402e-01,  1.5713e-01,
        -1.7454e-01,  9.0204e-02,  2.8391e-01,  1.9822e-01, -9.7955e-02,
         2.4368e-01, -9.1734e-02,  2.2784e-01, -1.3844e-01,  9.4464e-02,
         1.9204e-01,  6.1551e-01,  2.0493e-01,  3.1686e-01,  6.6004e-02,
         1.2544e-01,  6.2272e-01,  3.2813e-01, -3.2528e+00,  4.7803e-02,
        -3.2555e-02, -2.8898e-01,  8.1839e-02,  1.9083e-01,  8.3791e-02,
         3.2573e-02,  3.1220e-01, -1.2606e-01,  3.9818e-01,  8.7506e-01,
         1.4748e-01,  1.6310e-01, -2.5877e-01, -2.3224e-01,  2.7823e-01,
        -1.2092e-01,  1.9056e-01,  8.8639e-02,  3.4502e-02,  2.6781e-01,
         1.1956e+00,  2.3709e-03,  7.0440e-01,  5.2721e-01,  1.4766e-01,
         3.3121e-01, -8.1379e-02,  1.2180e-01, -1.4364e+00,  7.1784e-01,
         1.3585e-01, -1.2472e+00,  1.0351e+00,  1.2705e-01,  5.7218e-02,
         1.0350e-01,  3.5599e-01,  1.2489e+00,  2.0423e-01, -3.7188e-02,
        -1.6626e-01, -6.9029e-02,  8.6883e-02,  3.6183e-01, -8.5115e-01,
         2.8164e-01,  1.1374e-01,  2.3796e-01, -2.8974e-01,  8.9463e-02,
         6.5329e-01,  8.2133e-02,  7.2456e-05,  1.0722e-01, -1.7473e-01,
         2.6699e-01,  1.4705e-01, -1.7928e-01,  7.3240e-01,  1.3546e-01,
        -1.8817e+00,  1.9918e-01,  4.3717e-01,  6.0713e-02, -5.7482e-02,
        -4.7998e-02,  1.4416e-01,  3.5352e-01, -1.3095e-01, -1.4034e-01,
        -2.3706e-01,  2.1395e-01,  9.4920e-02,  7.2196e-03,  7.6246e-02,
        -1.3707e-01,  3.7901e-02,  2.2432e-01,  1.2882e-01, -3.4701e-02,
         1.1793e-01, -8.8909e-02, -1.0192e-01, -3.2569e-02, -6.9180e-02,
         3.3355e-02, -1.3125e-02, -2.5991e-02,  7.4288e-02,  3.4056e-02,
        -2.2660e-05,  6.3517e-02,  4.0939e-02,  2.9861e-02,  8.1749e-02,
        -3.1593e-02, -2.0169e-02, -4.6845e-02, -3.3485e-02,  3.1196e-02,
         1.2833e-02,  3.3866e-02,  3.4851e-02,  1.5505e-01, -1.0492e-01,
         1.6035e-01, -3.8774e-02, -4.0800e-03,  1.6688e-02, -1.2349e-01,
         6.1361e-02, -5.2416e-02, -2.7071e-03, -7.7188e-02,  5.1417e-02,
         2.1522e-01, -1.1709e-01, -4.9608e-02,  2.5470e-02, -8.4230e-02,
        -1.2237e-01, -4.6595e-02,  3.0450e-02, -7.2312e-02, -1.1457e-02,
        -1.8101e+00, -2.9713e-02, -1.7094e-01, -1.0127e-02,  2.7625e-02,
        -7.8536e-02, -9.1912e-02,  1.1512e-01, -1.9565e-02, -9.0234e-02,
         1.9848e-02, -5.1760e-02, -1.8126e-01,  6.6646e-01,  1.0485e-01,
        -1.8060e-01, -8.8156e-02, -7.1120e-03, -2.7104e-02,  4.8722e-02,
        -1.0016e-01,  8.6464e-03, -1.4670e-02, -1.1016e-01,  1.8320e-01,
         1.5150e-01,  4.7444e-02,  4.7413e-02,  8.4069e-02, -1.0540e-01,
        -3.0066e-01, -2.3825e-02,  2.3451e-02,  2.3907e-01, -4.1138e-02,
         6.7181e-02,  9.9777e-02,  8.7199e-02, -8.6279e-03,  3.1521e-01,
         5.3041e-02, -1.4288e-01,  7.8269e-02, -9.3513e-03, -1.0623e-01,
         6.5397e-02, -5.0207e-01,  8.7938e-01,  2.9457e-02,  6.3602e-02,
         2.1239e-01,  8.2713e-02,  2.6949e-01,  1.2460e-01,  5.9205e-02,
        -2.9917e-02, -8.9381e-03,  3.6244e-02, -2.4062e-02,  1.1707e-01,
         1.0726e-01, -2.4791e-02, -4.3879e-01,  1.2201e-02,  8.5777e-02,
         1.6865e-02, -3.9968e-03,  1.7017e-02, -3.4988e-02, -4.1655e-02],
       device='cuda:0')]
FreqWeightedHSdebiased completed in 1080.53 seconds
hills OneCueStaticLocal
LBFGS iterations run: 408
LBFGS iterations run: 52
LBFGS iterations run: 75
LBFGS iterations run: 1
LBFGS iterations run: 1
Mean +- SE trainNLL over 5 fold(s) 21623.96875 +- 88.38002598910823
Sum testNLL over 5 fold(s) 27030.06103515625
weights for each 5 fold [tensor([8.9691], device='cuda:0'), tensor([9.0733], device='cuda:0'), tensor([9.2239], device='cuda:0'), tensor([9.2239], device='cuda:0'), tensor([9.2238], device='cuda:0')]
OneCueStaticLocal completed in 299.66 seconds
hills CombinedCueStatic
LBFGS iterations run: 487
LBFGS iterations run: 83
LBFGS iterations run: 59
LBFGS iterations run: 21
LBFGS iterations run: 10
Mean +- SE trainNLL over 5 fold(s) 21622.903125 +- 201.0304926947726
Sum testNLL over 5 fold(s) 27029.17529296875
weights for each 5 fold [tensor([-0.0127,  9.2280], device='cuda:0'), tensor([-0.0243,  9.3474], device='cuda:0'), tensor([-0.0326,  9.3510], device='cuda:0'), tensor([-0.0305,  9.3533], device='cuda:0'), tensor([-0.0295,  9.3456], device='cuda:0')]
CombinedCueStatic completed in 359.94 seconds
heineman Freq_Sim_Subcategory
LBFGS iterations run: 687
LBFGS iterations run: 283
LBFGS iterations run: 432
LBFGS iterations run: 540
LBFGS iterations run: 383
Mean +- SE trainNLL over 5 fold(s) 21169.544897996577 +- 130.89327353041602
Sum testNLL over 5 fold(s) 26465.767754338245
weights for each 5 fold [tensor([0.0373, 6.8784, 5.1973], device='cuda:0'), tensor([0.0360, 6.8282, 5.2982], device='cuda:0'), tensor([0.0447, 6.4647, 5.3846], device='cuda:0'), tensor([0.0367, 6.9069, 5.1795], device='cuda:0'), tensor([0.0396, 6.4848, 5.2428], device='cuda:0')]
Freq_Sim_Subcategory completed in 764.19 seconds
heineman Subcategory
LBFGS iterations run: 800
LBFGS iterations run: 1
LBFGS iterations run: 0
LBFGS iterations run: 0
LBFGS iterations run: 0
Mean +- SE trainNLL over 5 fold(s) 21547.606529690158 +- 133.45713625337538
Sum testNLL over 5 fold(s) 26934.508162112703
weights for each 5 fold [tensor([6.4799], device='cuda:0'), tensor([6.4799], device='cuda:0'), tensor([6.4799], device='cuda:0'), tensor([6.4799], device='cuda:0'), tensor([6.4799], device='cuda:0')]
Subcategory completed in 264.96 seconds
heineman Freq_Subcategory
LBFGS iterations run: 725
LBFGS iterations run: 290
LBFGS iterations run: 4
LBFGS iterations run: 390
LBFGS iterations run: 1
Mean +- SE trainNLL over 5 fold(s) 21432.58669996259 +- 115.53504416264208
Sum testNLL over 5 fold(s) 26791.580676741403
weights for each 5 fold [tensor([0.2510, 6.3968], device='cuda:0'), tensor([0.2544, 6.3181], device='cuda:0'), tensor([0.2546, 6.3124], device='cuda:0'), tensor([0.2645, 6.3708], device='cuda:0'), tensor([0.2645, 6.3708], device='cuda:0')]
Freq_Subcategory completed in 461.97 seconds
heineman Sim_Subcategory
LBFGS iterations run: 701
LBFGS iterations run: 323
LBFGS iterations run: 1
LBFGS iterations run: 325
LBFGS iterations run: 392
Mean +- SE trainNLL over 5 fold(s) 21171.81052739923 +- 185.51033052115147
Sum testNLL over 5 fold(s) 26466.641577285707
weights for each 5 fold [tensor([6.9540, 5.2185], device='cuda:0'), tensor([7.1917, 5.1231], device='cuda:0'), tensor([7.1917, 5.1231], device='cuda:0'), tensor([7.1096, 5.1835], device='cuda:0'), tensor([6.7613, 5.3277], device='cuda:0')]
Sim_Subcategory completed in 568.11 seconds
