nohup: ignoring input
cuda
CUDA available: True
GPU count: 1
{'dataset': 'hills', 'representation': 'clip', 'fit': False, 'lr': 0.01, 'initval': 1.0, 'tol': 1e-06, 'maxiter': 5000, 'plot': False, 'fitting': 'group', 'cv': 5, 'refnll': 'none', 'featurestouse': 'vf_features', 'mask': True, 'usehillsresp': True, 'useapifreq': True, 'hills': True, 'heineman': True, 'ours1': True, 'print': True, 'simulate': False, 'recovery': True, 'test': True}
PearsonRResult(statistic=0.8119866335089143, pvalue=4.416893758556285e-84)
SignificanceResult(statistic=0.833226288919769, pvalue=2.4293387168113275e-92)
TRUE BLEUS MEAN: {'bleu1': 0.9066666666666666, 'bleu2': 0.242, 'bleu3': 0.030000000000000002, 'bleu4': 0.0006666666666666666}
dict_keys(['feature_Is mammal', 'feature_Is bird', 'feature_Is insect', 'feature_Is reptile', 'feature_Is amphibian', 'feature_Is fish', 'feature_Is carnivore', 'feature_Is herbivore', 'feature_Is omnivore', 'feature_Has fur', 'feature_Has feathers', 'feature_Has scales', 'feature_Has exoskeleton', 'feature_Has beak', 'feature_Has claws', 'feature_Has whiskers', 'feature_Has horns', 'feature_Has antlers', 'feature_Has tusks', 'feature_Has wings', 'feature_Has tail', 'feature_Can fly', 'feature_Can swim', 'feature_Can climb', 'feature_Can dig', 'feature_Can jump', 'feature_Is nocturnal', 'feature_Is diurnal', 'feature_Has more than four limbs', 'feature_Lives in water', 'feature_Lives in trees', 'feature_Lives underground', 'feature_Lives on land', 'feature_Lays eggs', 'feature_Gives birth', 'feature_Has a long neck', 'feature_Is venomous', 'feature_Is domesticated', 'feature_Lives in groups', 'feature_Is solitary', 'feature_Builds nests', 'feature_Is migratory', 'feature_Has social hierarchy', 'feature_Uses tools', 'feature_Shows intelligence', 'feature_Communicates vocally', 'feature_Has camouflage', 'feature_Has stripes', 'feature_Has spots', 'feature_Can change color', 'feature_Is endangered', 'feature_Is commonly kept as a pet', 'feature_Is used in farming', 'feature_Is hunted by humans', 'feature_Is used for food by humans', 'feature_Is found in zoos', 'feature_Is capable of mimicry', 'feature_Has echolocation', 'feature_Is warm-blooded', 'feature_Is cold-blooded', 'feature_Has a long lifespan', 'feature_Is capable of regrowth', 'feature_Has specialized hunting techniques', 'feature_Is known for speed', 'feature_Is known for strength', 'feature_Has a specialized diet', 'feature_Can hibernate', 'feature_Has a backbone', 'feature_Is marsupial', 'feature_Is placental', 'feature_Is monotreme', 'feature_Is flightless', 'feature_Has webbed feet', 'feature_Is known for intelligence', 'feature_Is a scavenger', 'feature_Is territorial', 'feature_Is native to Africa', 'feature_Is native to Asia', 'feature_Is native to North America', 'feature_Is native to South America', 'feature_Is native to Australia', 'feature_Is native to Europe', 'feature_Is found in deserts', 'feature_Is found in forests', 'feature_Is found in oceans', 'feature_Is found in grasslands', 'feature_Is found in mountains', 'feature_Has a mane', 'feature_Has a crest', 'feature_Has gills', 'feature_Is bioluminescent', 'feature_Is used in scientific research', 'feature_Is a predator', 'feature_Is prey for larger animals', 'feature_Is capable of parental care', 'feature_Lives in a burrow', 'feature_Is a pollinator', 'feature_Can tolerate extreme temperatures', 'feature_Exhibits seasonal color changes', 'feature_Migrates seasonally', 'feature_Is active during dawn or dusk (crepuscular)', 'feature_Produces pheromones for communication', 'feature_Lives symbiotically with other species', 'feature_Is a parasite', 'feature_Is a host for parasites', 'feature_Is bi-parental (both parents care for offspring)', 'feature_Displays mating rituals', 'feature_Has specialized courtship behavior', 'feature_Exhibits territorial marking', 'feature_Is associated with mythology or folklore', 'feature_Exhibits altruistic behavior', 'feature_Is a keystone species in its ecosystem', 'feature_Uses burrows or dens for shelter', 'feature_Can regenerate body parts', 'feature_Is raised in captivity or farms', 'feature_Has unique reproductive strategies (e.g., asexual reproduction)', 'feature_Hibernates during winter', 'feature_Has a role in biological pest control', 'feature_Has distinct seasonal breeding cycles', 'feature_Forms a symbiotic relationship with plants (e.g., pollination)', 'feature_Uses specific vocalizations to communicate', 'feature_Is a flagship species (conservation symbol)', 'feature_Can be trained or tamed by humans', 'feature_Displays warning coloration', 'feature_Has flippers', 'feature_Has compound eyes', 'feature_Has a segmented body'])
--------------------------------RECOVERING MODELS--------------------------------
ours1 Random
Mean +- SE trainNLL over 5 fold(s) 22251.01796875 +- 137.19074740381646
Sum testNLL over 5 fold(s) 27813.7734375
Random completed in 2.99 seconds
ours1 Freq
LBFGS iterations run: 442
LBFGS iterations run: 94
LBFGS iterations run: 1
LBFGS iterations run: 1
LBFGS iterations run: 1
Mean +- SE trainNLL over 5 fold(s) 22249.89609375 +- 165.01794119229652
Sum testNLL over 5 fold(s) 27812.7578125
weights for each 5 fold [tensor([-0.0088], device='cuda:0'), tensor([-0.0213], device='cuda:0'), tensor([-0.0214], device='cuda:0'), tensor([-0.0214], device='cuda:0'), tensor([-0.0214], device='cuda:0')]
Freq completed in 290.33 seconds
ours1 HS
LBFGS iterations run: 459
LBFGS iterations run: 2
LBFGS iterations run: 8
LBFGS iterations run: 35
LBFGS iterations run: 1
Mean +- SE trainNLL over 5 fold(s) 20559.378125 +- 95.45280400884961
Sum testNLL over 5 fold(s) 25699.22021484375
weights for each 5 fold [tensor([14.7245], device='cuda:0'), tensor([14.7253], device='cuda:0'), tensor([14.7343], device='cuda:0'), tensor([14.7870], device='cuda:0'), tensor([14.7870], device='cuda:0')]
HS completed in 673.87 seconds
ours1 Freq_HS
LBFGS iterations run: 543
LBFGS iterations run: 57
LBFGS iterations run: 91
LBFGS iterations run: 1
LBFGS iterations run: 73
Mean +- SE trainNLL over 5 fold(s) 20558.243359375 +- 30.062491440357412
Sum testNLL over 5 fold(s) 25699.8095703125
weights for each 5 fold [tensor([-0.0177, 14.5434], device='cuda:0'), tensor([-0.0208, 14.6263], device='cuda:0'), tensor([-0.0175, 14.8251], device='cuda:0'), tensor([-0.0176, 14.8258], device='cuda:0'), tensor([-0.0240, 14.9327], device='cuda:0')]
Freq_HS completed in 714.22 seconds
ours1 WeightedHS
LBFGS iterations run: 549
LBFGS iterations run: 281
LBFGS iterations run: 1
LBFGS iterations run: 334
LBFGS iterations run: 329
Mean +- SE trainNLL over 5 fold(s) 20504.042578125 +- 105.34092709166853
Sum testNLL over 5 fold(s) 25746.6572265625
weights for each 5 fold [tensor([ 0.1502,  0.1855,  0.1761,  0.2583,  0.1148,  0.1020,  0.1046,  0.0906,
         0.0779,  0.0832,  0.0425, -0.0081,  0.0785,  0.1910,  0.0592, -0.0050,
         0.1489,  0.0582,  0.1696,  0.0122,  0.0805,  0.2503,  0.1043,  0.1873,
         0.1521,  0.1325,  0.0908,  0.0505,  0.0610,  0.0762, -0.0077,  0.2419,
         0.1166,  0.1023,  0.1212,  0.1184,  0.1318,  0.0796,  0.0649,  0.1684,
         0.1039,  0.1941,  0.1010,  0.1213,  0.1862,  0.1945,  0.1105,  0.0135,
         0.0886,  0.1732,  0.1825,  0.1093,  0.0923,  0.0184,  0.2060,  0.1256,
         0.1366,  0.1736,  0.1393,  0.0434,  0.0457,  0.1072,  0.1638,  0.0783,
         0.1029,  0.0733,  0.0609,  0.1830,  0.1434,  0.1154,  0.0867,  0.0842,
         0.1931,  0.0982,  0.1929,  0.2042,  0.1892,  0.0688,  0.1653,  0.1218,
         0.1061,  0.1769,  0.0986,  0.1505,  0.1168,  0.0440,  0.0535,  0.2376,
         0.0955,  0.1738,  0.1370,  0.1475,  0.1141,  0.0770,  0.1007,  0.1283,
         0.1409,  0.1033,  0.0473,  0.0914,  0.1336,  0.0865,  0.0983,  0.4749,
         0.1155,  0.1195,  0.2083,  0.2018,  0.1215,  0.0927,  0.1214,  0.0437,
         0.1563,  0.1539,  0.1968,  0.0608,  0.1279,  0.0808,  0.1426,  0.0524,
         0.0876,  0.0739,  0.1796,  0.0742,  0.1196,  0.1564,  0.1702],
       device='cuda:0'), tensor([ 0.1550,  0.2953,  0.1348,  0.2284,  0.2243,  0.0711,  0.1864,  0.1196,
         0.0698,  0.0752, -0.1134, -0.0585,  0.0718,  0.1334,  0.0465,  0.0074,
         0.0651,  0.0975,  0.1527, -0.0052,  0.0959,  0.3076,  0.1265,  0.1621,
         0.1569,  0.1292,  0.1335,  0.0509,  0.1149,  0.1178,  0.0352,  0.2401,
         0.0737,  0.1083,  0.1260,  0.1376,  0.1389,  0.0599,  0.0556,  0.1605,
         0.1453,  0.1963,  0.1327,  0.1200,  0.1423,  0.1661,  0.1073,  0.0102,
         0.1158,  0.1854,  0.1248,  0.1439,  0.1586,  0.0277,  0.1764,  0.1677,
         0.0839,  0.0498,  0.1218,  0.0752,  0.0711,  0.0926,  0.1123,  0.0725,
         0.0898,  0.0553,  0.1338,  0.2204,  0.1973,  0.1268, -0.0587,  0.1804,
         0.1827,  0.1168,  0.0888,  0.1617,  0.1877,  0.0700,  0.1644,  0.1020,
         0.1918,  0.1129,  0.0412,  0.1464,  0.0900,  0.0946,  0.0401,  0.3911,
         0.1158,  0.2096,  0.0729,  0.0911,  0.0987,  0.0130,  0.0700,  0.1272,
        -0.0052,  0.1158,  0.0527,  0.1253,  0.0818,  0.1206,  0.1016,  0.4810,
         0.2319,  0.0959,  0.1939,  0.1333,  0.1395,  0.1054,  0.1546,  0.0660,
         0.1563,  0.1265,  0.1465,  0.0751,  0.1127,  0.0423,  0.1386,  0.1298,
         0.1137,  0.1024,  0.2535,  0.1204,  0.0757,  0.1492,  0.1093],
       device='cuda:0'), tensor([ 0.1550,  0.2954,  0.1348,  0.2284,  0.2243,  0.0711,  0.1865,  0.1196,
         0.0698,  0.0752, -0.1134, -0.0585,  0.0718,  0.1334,  0.0465,  0.0074,
         0.0651,  0.0975,  0.1527, -0.0051,  0.0959,  0.3076,  0.1265,  0.1621,
         0.1569,  0.1292,  0.1335,  0.0509,  0.1149,  0.1178,  0.0352,  0.2401,
         0.0737,  0.1083,  0.1260,  0.1376,  0.1389,  0.0599,  0.0556,  0.1605,
         0.1453,  0.1963,  0.1327,  0.1200,  0.1423,  0.1661,  0.1073,  0.0102,
         0.1158,  0.1853,  0.1248,  0.1439,  0.1586,  0.0277,  0.1764,  0.1677,
         0.0838,  0.0498,  0.1218,  0.0752,  0.0711,  0.0926,  0.1123,  0.0725,
         0.0898,  0.0553,  0.1338,  0.2204,  0.1973,  0.1268, -0.0587,  0.1804,
         0.1827,  0.1168,  0.0888,  0.1617,  0.1877,  0.0700,  0.1644,  0.1020,
         0.1919,  0.1129,  0.0412,  0.1464,  0.0899,  0.0946,  0.0401,  0.3911,
         0.1158,  0.2096,  0.0729,  0.0911,  0.0987,  0.0130,  0.0700,  0.1272,
        -0.0052,  0.1158,  0.0527,  0.1253,  0.0818,  0.1206,  0.1016,  0.4810,
         0.2319,  0.0959,  0.1939,  0.1333,  0.1395,  0.1054,  0.1546,  0.0660,
         0.1563,  0.1265,  0.1465,  0.0751,  0.1127,  0.0423,  0.1386,  0.1298,
         0.1137,  0.1024,  0.2535,  0.1204,  0.0757,  0.1492,  0.1093],
       device='cuda:0'), tensor([ 0.1195,  0.1449,  0.1358,  0.2256,  0.2332,  0.0215,  0.1256,  0.0772,
         0.0964,  0.1167,  0.1454,  0.0059,  0.0891,  0.1280,  0.0750,  0.0374,
         0.1682,  0.1265,  0.1460,  0.0711,  0.0700,  0.2646,  0.1145,  0.1375,
         0.1394,  0.1194,  0.1350,  0.0361,  0.0924,  0.0509,  0.0009,  0.1703,
         0.1542,  0.0433,  0.1110,  0.1228,  0.1801,  0.0711,  0.0911,  0.1742,
         0.1029,  0.2132,  0.1008,  0.0992,  0.2514,  0.1898,  0.1459,  0.0815,
         0.0699,  0.2113,  0.1610,  0.1058,  0.1126,  0.0628,  0.2161,  0.1706,
         0.1378,  0.1415,  0.1571,  0.1189, -0.0064,  0.1022,  0.1631,  0.0543,
         0.1125,  0.0580,  0.1357,  0.1789,  0.2299,  0.1364,  0.1186,  0.1239,
         0.1488,  0.1164,  0.0789,  0.1857,  0.2055,  0.0621,  0.1678,  0.1523,
         0.0201,  0.2307,  0.0642,  0.1364,  0.1348,  0.0966,  0.0330,  0.2481,
         0.0886,  0.1483,  0.2710,  0.0991,  0.1083,  0.0359,  0.1439,  0.1193,
         0.1587,  0.0995,  0.0488,  0.0922,  0.1203,  0.0868,  0.0854,  0.3043,
         0.2233,  0.1075,  0.1954,  0.0795,  0.1212,  0.0816,  0.0822,  0.0659,
         0.1428,  0.1136,  0.1807,  0.0568,  0.1422,  0.0825,  0.1173,  0.1266,
         0.1144,  0.0473,  0.1856,  0.1286,  0.1531,  0.1490,  0.1354],
       device='cuda:0'), tensor([ 0.1381,  0.1923,  0.0805,  0.1991,  0.1916,  0.1298,  0.1015,  0.0949,
         0.0932,  0.0920,  0.0174, -0.0275,  0.0864,  0.1229,  0.0385,  0.0546,
         0.1613,  0.1274,  0.1522,  0.1630,  0.0885,  0.1914,  0.0973,  0.1618,
         0.1252,  0.1023,  0.1659,  0.0451,  0.0572,  0.0439, -0.0154,  0.2387,
         0.1244,  0.0682,  0.0988,  0.0998,  0.1037,  0.0814,  0.0510,  0.1585,
         0.1205,  0.2190,  0.0972,  0.0927,  0.2025,  0.1715,  0.1328,  0.0182,
         0.0770,  0.2128,  0.1803,  0.1360,  0.0910,  0.0231,  0.1813,  0.1243,
         0.1493,  0.1036,  0.1247,  0.0943,  0.0180,  0.1541,  0.1338,  0.0759,
         0.1226,  0.0999,  0.1890,  0.2164,  0.1905,  0.1123, -0.0026,  0.0747,
         0.1866,  0.1346,  0.1867,  0.1988,  0.2189,  0.0934,  0.1488,  0.1844,
         0.0732,  0.2002,  0.0674,  0.1520,  0.1759,  0.0873,  0.0483,  0.1437,
         0.0912,  0.1418,  0.2336,  0.1455,  0.1452,  0.0450,  0.1062,  0.1560,
         0.0987,  0.0545,  0.0940,  0.0773,  0.1162,  0.0500,  0.1022,  0.3003,
         0.1103,  0.0996,  0.2034,  0.1150,  0.0992,  0.1125,  0.0673,  0.0892,
         0.1547,  0.1449,  0.1729,  0.0313, -0.0128,  0.0681,  0.1585,  0.1479,
         0.1334,  0.0481,  0.2245,  0.0856,  0.0820,  0.1419,  0.1426],
       device='cuda:0')]
WeightedHS completed in 1084.06 seconds
ours1 FreqWeightedHS
LBFGS iterations run: 539
LBFGS iterations run: 1
LBFGS iterations run: 1
LBFGS iterations run: 1
LBFGS iterations run: 1
Mean +- SE trainNLL over 5 fold(s) 20518.4046875 +- 82.92404993901694
Sum testNLL over 5 fold(s) 25648.0048828125
weights for each 5 fold [tensor([-0.0160,  0.1322,  0.1563,  0.2153,  0.1978,  0.2315,  0.1037,  0.0987,
         0.1113,  0.1081,  0.0714,  0.1322,  0.0159,  0.0202,  0.1122,  0.0608,
         0.0229,  0.1293,  0.0697,  0.1665,  0.0808,  0.0724,  0.2449,  0.1117,
         0.1591,  0.1745,  0.1209,  0.1482,  0.0729,  0.0355,  0.0562,  0.0339,
         0.2740,  0.1289,  0.0645,  0.0996,  0.1530,  0.1366,  0.0590,  0.0500,
         0.1687,  0.1094,  0.1733,  0.0937,  0.0727,  0.1780,  0.1894,  0.0968,
         0.1201,  0.0977,  0.1724,  0.2191,  0.1422,  0.1204,  0.0130,  0.2062,
         0.1691,  0.1144,  0.2904,  0.1300,  0.0668,  0.0436,  0.1110,  0.1452,
         0.0741,  0.1100,  0.0586,  0.1701,  0.2229,  0.2921,  0.1270,  0.0114,
         0.0906,  0.1576,  0.1125,  0.1687,  0.1676,  0.2095,  0.0693,  0.1735,
         0.1687,  0.0707,  0.1876,  0.1182,  0.1587,  0.1541,  0.0870,  0.0469,
         0.2100,  0.0944,  0.1776,  0.2918,  0.1531,  0.1469,  0.0432,  0.1015,
         0.1286,  0.1647,  0.0872,  0.0712,  0.0666,  0.1115,  0.0607,  0.1132,
         0.3246,  0.2135,  0.0983,  0.1861,  0.1315,  0.1181,  0.1063,  0.0615,
         0.0730,  0.1286,  0.1424,  0.1858,  0.0539,  0.0988,  0.0928,  0.1643,
         0.0408,  0.1180,  0.0370,  0.1991,  0.1121,  0.1176,  0.1292,  0.1377],
       device='cuda:0'), tensor([-0.0160,  0.1322,  0.1563,  0.2153,  0.1978,  0.2315,  0.1037,  0.0987,
         0.1113,  0.1081,  0.0714,  0.1322,  0.0159,  0.0202,  0.1122,  0.0608,
         0.0229,  0.1293,  0.0697,  0.1665,  0.0808,  0.0724,  0.2449,  0.1117,
         0.1591,  0.1745,  0.1209,  0.1482,  0.0729,  0.0355,  0.0562,  0.0339,
         0.2740,  0.1289,  0.0645,  0.0996,  0.1530,  0.1366,  0.0590,  0.0500,
         0.1687,  0.1094,  0.1733,  0.0937,  0.0727,  0.1780,  0.1894,  0.0968,
         0.1201,  0.0977,  0.1724,  0.2191,  0.1422,  0.1204,  0.0130,  0.2062,
         0.1691,  0.1144,  0.2904,  0.1300,  0.0668,  0.0436,  0.1110,  0.1452,
         0.0741,  0.1100,  0.0586,  0.1701,  0.2229,  0.2921,  0.1270,  0.0114,
         0.0906,  0.1576,  0.1125,  0.1687,  0.1676,  0.2095,  0.0693,  0.1735,
         0.1687,  0.0707,  0.1876,  0.1182,  0.1587,  0.1541,  0.0870,  0.0469,
         0.2100,  0.0944,  0.1776,  0.2918,  0.1531,  0.1469,  0.0432,  0.1015,
         0.1286,  0.1647,  0.0872,  0.0712,  0.0666,  0.1115,  0.0607,  0.1132,
         0.3246,  0.2135,  0.0983,  0.1861,  0.1315,  0.1181,  0.1063,  0.0615,
         0.0730,  0.1286,  0.1424,  0.1858,  0.0539,  0.0988,  0.0928,  0.1643,
         0.0408,  0.1180,  0.0370,  0.1991,  0.1121,  0.1176,  0.1292,  0.1377],
       device='cuda:0'), tensor([-0.0160,  0.1322,  0.1563,  0.2153,  0.1978,  0.2315,  0.1037,  0.0987,
         0.1113,  0.1081,  0.0714,  0.1322,  0.0159,  0.0202,  0.1122,  0.0608,
         0.0229,  0.1293,  0.0697,  0.1665,  0.0808,  0.0724,  0.2449,  0.1117,
         0.1591,  0.1745,  0.1209,  0.1482,  0.0729,  0.0355,  0.0562,  0.0339,
         0.2740,  0.1289,  0.0645,  0.0996,  0.1530,  0.1366,  0.0590,  0.0500,
         0.1687,  0.1094,  0.1733,  0.0937,  0.0727,  0.1780,  0.1894,  0.0968,
         0.1201,  0.0977,  0.1724,  0.2191,  0.1422,  0.1204,  0.0130,  0.2062,
         0.1691,  0.1144,  0.2904,  0.1300,  0.0668,  0.0436,  0.1110,  0.1452,
         0.0741,  0.1100,  0.0586,  0.1701,  0.2229,  0.2921,  0.1270,  0.0114,
         0.0906,  0.1576,  0.1125,  0.1687,  0.1676,  0.2095,  0.0693,  0.1735,
         0.1687,  0.0707,  0.1876,  0.1182,  0.1587,  0.1541,  0.0870,  0.0469,
         0.2100,  0.0944,  0.1776,  0.2918,  0.1531,  0.1469,  0.0432,  0.1015,
         0.1286,  0.1647,  0.0872,  0.0712,  0.0666,  0.1115,  0.0607,  0.1132,
         0.3246,  0.2135,  0.0983,  0.1861,  0.1315,  0.1181,  0.1063,  0.0615,
         0.0730,  0.1286,  0.1424,  0.1858,  0.0539,  0.0988,  0.0928,  0.1643,
         0.0408,  0.1180,  0.0370,  0.1991,  0.1121,  0.1176,  0.1292,  0.1377],
       device='cuda:0'), tensor([-0.0160,  0.1322,  0.1563,  0.2153,  0.1978,  0.2315,  0.1037,  0.0987,
         0.1113,  0.1081,  0.0714,  0.1322,  0.0159,  0.0202,  0.1122,  0.0608,
         0.0229,  0.1293,  0.0697,  0.1665,  0.0808,  0.0724,  0.2449,  0.1117,
         0.1591,  0.1745,  0.1209,  0.1482,  0.0729,  0.0355,  0.0562,  0.0339,
         0.2740,  0.1289,  0.0645,  0.0996,  0.1530,  0.1366,  0.0590,  0.0500,
         0.1687,  0.1094,  0.1733,  0.0937,  0.0727,  0.1780,  0.1894,  0.0968,
         0.1201,  0.0977,  0.1724,  0.2191,  0.1422,  0.1204,  0.0130,  0.2062,
         0.1691,  0.1144,  0.2904,  0.1300,  0.0668,  0.0436,  0.1110,  0.1452,
         0.0741,  0.1100,  0.0586,  0.1701,  0.2229,  0.2921,  0.1270,  0.0114,
         0.0906,  0.1576,  0.1125,  0.1687,  0.1676,  0.2095,  0.0693,  0.1735,
         0.1687,  0.0707,  0.1876,  0.1182,  0.1587,  0.1541,  0.0870,  0.0469,
         0.2100,  0.0944,  0.1776,  0.2918,  0.1531,  0.1469,  0.0432,  0.1015,
         0.1286,  0.1647,  0.0872,  0.0712,  0.0666,  0.1115,  0.0607,  0.1132,
         0.3246,  0.2135,  0.0983,  0.1861,  0.1315,  0.1181,  0.1063,  0.0615,
         0.0730,  0.1286,  0.1424,  0.1858,  0.0539,  0.0988,  0.0928,  0.1643,
         0.0408,  0.1180,  0.0370,  0.1991,  0.1121,  0.1176,  0.1292,  0.1377],
       device='cuda:0'), tensor([-0.0160,  0.1322,  0.1563,  0.2153,  0.1978,  0.2315,  0.1037,  0.0987,
         0.1113,  0.1081,  0.0714,  0.1322,  0.0159,  0.0202,  0.1122,  0.0608,
         0.0229,  0.1293,  0.0697,  0.1665,  0.0808,  0.0724,  0.2449,  0.1117,
         0.1591,  0.1745,  0.1209,  0.1482,  0.0729,  0.0355,  0.0562,  0.0339,
         0.2740,  0.1289,  0.0645,  0.0996,  0.1530,  0.1366,  0.0590,  0.0500,
         0.1687,  0.1094,  0.1733,  0.0937,  0.0727,  0.1780,  0.1894,  0.0968,
         0.1201,  0.0977,  0.1724,  0.2191,  0.1422,  0.1204,  0.0130,  0.2062,
         0.1691,  0.1144,  0.2904,  0.1300,  0.0668,  0.0436,  0.1110,  0.1452,
         0.0741,  0.1100,  0.0586,  0.1701,  0.2229,  0.2921,  0.1270,  0.0114,
         0.0906,  0.1576,  0.1125,  0.1687,  0.1676,  0.2095,  0.0693,  0.1735,
         0.1687,  0.0707,  0.1876,  0.1182,  0.1587,  0.1541,  0.0870,  0.0469,
         0.2100,  0.0944,  0.1776,  0.2918,  0.1531,  0.1469,  0.0432,  0.1015,
         0.1286,  0.1647,  0.0872,  0.0712,  0.0666,  0.1115,  0.0607,  0.1132,
         0.3246,  0.2135,  0.0983,  0.1861,  0.1315,  0.1181,  0.1063,  0.0615,
         0.0730,  0.1286,  0.1424,  0.1858,  0.0539,  0.0988,  0.0928,  0.1643,
         0.0408,  0.1180,  0.0370,  0.1991,  0.1121,  0.1176,  0.1292,  0.1377],
       device='cuda:0')]
FreqWeightedHS completed in 397.81 seconds
ours1 WeightedHSdebiased
LBFGS iterations run: 779
LBFGS iterations run: 312
LBFGS iterations run: 1
LBFGS iterations run: 450
LBFGS iterations run: 2
Mean +- SE trainNLL over 5 fold(s) 20461.1625 +- 151.4700723956484
Sum testNLL over 5 fold(s) 25733.1640625
weights for each 5 fold [tensor([ 1.5871e-01,  3.2438e-01,  1.0579e-01,  1.4127e-01,  1.2106e-02,
         1.5235e-01,  1.4626e-01,  1.0991e-01,  9.8006e-02,  9.3223e-02,
         8.1912e-04, -5.7025e-02,  5.8936e-03,  7.5719e-02,  5.4212e-02,
        -9.3454e-03,  1.1219e-01,  1.6927e-01,  1.3814e-01,  5.0764e-02,
         5.9494e-02,  2.4148e-01,  1.2941e-01,  1.6445e-01,  1.2783e-01,
         1.3282e-01,  4.2013e-02,  6.4153e-02,  3.4967e-02,  4.4340e-02,
        -6.5593e-03,  2.9965e-01,  9.8331e-02,  5.5418e-02,  9.6807e-02,
         1.6159e-01,  1.2159e-01,  8.8692e-02,  4.1847e-02,  1.7603e-01,
         1.0276e-01,  2.2524e-01,  5.2571e-02,  4.4823e-02,  1.1422e-01,
         1.3904e-01,  9.5148e-02,  1.4451e-01,  9.6139e-02,  1.8964e-01,
        -1.5572e-01,  1.5812e-01,  1.3077e-01,  5.7041e-02,  1.8638e-01,
         1.5844e-01,  2.1957e-01, -9.9375e-01,  1.2784e-01,  8.3973e-02,
         4.6723e-02,  1.0351e-01,  1.3908e-01,  7.6775e-02,  9.2034e-02,
         6.5119e-02,  1.7483e-01,  2.1700e-01,  3.0260e-01,  1.2781e-01,
        -1.0135e-01,  5.8043e-02,  7.4908e-02,  1.7157e-01,  1.1488e-02,
         1.8403e-01,  2.2427e-01,  8.2267e-02,  1.6054e-01,  1.2460e-01,
         1.0028e-01,  5.3306e-02,  2.3095e-01,  1.4859e-01,  1.8658e-01,
         9.1968e-02,  6.8676e-02,  4.2347e-01,  7.8495e-02,  2.4392e-01,
         1.1971e-01,  1.9396e-01,  1.1385e-01,  4.7365e-02,  1.0788e-01,
         1.6818e-01, -7.6084e-01,  7.8259e-02,  9.8759e-02,  1.3229e-01,
         1.1282e-01,  3.3186e-02,  1.0543e-01, -1.5111e-01,  2.1777e-01,
         1.5209e-01,  2.1943e-01,  9.1215e-02,  1.0795e-01, -1.4697e-02,
         1.1084e-01,  6.0082e-02,  1.4329e-01,  1.4869e-01,  1.9395e-01,
         6.8464e-02, -1.1015e-01,  8.3937e-02,  1.0920e-01,  1.9403e-01,
         1.0499e-01,  8.6200e-02,  1.9254e-01,  1.4491e-01,  2.1541e-02,
         1.6263e-01,  2.0413e-01, -1.4448e-01,  9.6845e-01, -1.5829e-01,
        -3.1647e-01, -3.1063e-01, -1.4930e-02,  6.5411e-02,  2.1667e-02,
         1.4666e-02, -2.1742e-01, -7.3658e-01,  3.9072e-02, -2.4216e-02,
        -3.2866e-01, -8.7232e-02, -9.1838e-02, -1.6856e-01,  3.1907e-01,
         4.8797e-02, -1.3988e-01,  3.8300e-02,  3.5582e-02,  1.2497e-03,
         1.2812e-01,  6.9503e-02,  1.8974e-02, -1.5889e-01, -8.1512e-03,
        -1.3097e-01,  3.5660e-02,  9.5909e-02,  1.8676e-01, -7.7477e-03,
        -5.3698e-02, -1.1761e-02,  3.3180e-02, -1.5868e-01, -3.1966e-02,
        -1.0848e-01, -2.2304e-02, -1.9664e-02,  8.9100e-02,  7.4324e-02,
         1.3137e-02,  4.1064e-02, -1.8583e-03, -6.1765e-02,  5.5569e-02,
         6.5104e-02,  1.7971e-02, -4.9619e-01, -3.0236e-02, -3.4798e-02,
         3.0067e-02, -1.1354e-01,  2.4528e-02, -5.6721e-03, -9.9288e-01,
        -5.3586e-04, -2.8966e-02,  3.8698e-02,  8.0395e-02, -1.1995e-01,
         6.0744e-04, -2.3755e-02,  4.9611e-02,  5.8317e-02,  9.4060e-02,
         3.8748e-02, -3.7543e-02, -5.3161e-02, -1.1919e-01, -1.1582e-01,
        -7.2799e-02, -7.4335e-02,  4.7630e-02, -1.3474e-02,  3.4017e-02,
         1.0498e-01,  6.7621e-02,  3.7942e-02, -8.4498e-02,  1.4514e-01,
        -3.6528e-02,  2.0650e-02,  5.7560e-02, -2.3658e-02, -6.8853e-02,
        -7.6913e-02, -5.0259e-02,  1.4582e-01, -6.8706e-02,  4.0929e-02,
        -1.6006e-02,  2.0479e-02, -1.1044e-02, -9.9547e-01,  5.4393e-03,
        -6.5858e-02,  7.1313e-02,  6.8379e-03,  1.4495e-01, -7.2667e-02,
        -2.6653e-01, -1.4754e-02,  1.1435e-01, -3.7581e-02, -7.7943e-03,
        -1.1268e-01,  2.3456e-01,  3.5814e-02, -5.7054e-03,  5.5642e-02,
        -5.0444e-02, -8.7083e-02,  4.3453e-02, -4.4543e-01,  5.2362e-02,
         1.3521e-02,  1.5412e-01, -2.7624e-02,  1.7130e-02,  4.7585e-02,
         9.5244e-02, -2.0176e-01,  4.8103e-02,  9.3513e-02], device='cuda:0'), tensor([ 1.5433e-01,  3.4498e-01,  1.5944e-01,  1.9834e-01,  2.6872e-02,
         9.5612e-02,  1.4114e-01,  1.1224e-01,  9.5693e-02,  1.0028e-01,
        -6.2091e-03, -2.0500e-02,  5.1571e-02,  1.0605e-01,  5.2166e-02,
         1.0322e-02,  1.7464e-01,  1.7148e-01,  1.9580e-01, -4.1741e-02,
         8.9284e-02,  3.4231e-01,  1.0755e-01,  1.6586e-01,  1.5029e-01,
         9.6564e-02, -1.4590e-01,  4.6721e-02, -1.0718e-02,  7.0925e-02,
        -2.1746e-02,  2.3443e-01,  1.0698e-01,  8.5506e-02,  6.9133e-02,
         2.5581e-01, -1.4880e-02,  8.4922e-02,  5.7209e-02,  1.8749e-01,
         1.4397e-01,  1.8859e-01,  8.1445e-02,  1.0248e-01,  1.5315e-01,
         1.3500e-01,  1.2732e-01,  1.9532e-01,  1.1560e-01,  2.2103e-01,
        -7.0439e-02,  1.1310e-01,  6.3952e-02,  4.2807e-02,  1.8867e-01,
         1.8718e-01,  5.7030e-02, -1.6212e+00,  1.0391e-01,  1.0095e-01,
         1.5190e-02,  1.2262e-01,  1.6380e-01,  8.0514e-02,  1.1410e-01,
         8.8320e-02,  1.3007e-01,  1.9261e-01, -1.4398e-01,  1.0631e-01,
         5.1165e-01,  1.0301e-01,  1.0825e-01,  1.0905e-01,  1.4660e-01,
         1.9531e-01,  2.1517e-01,  9.0833e-02,  1.4462e-01,  1.6612e-01,
         1.8150e-01,  9.2409e-02,  1.8578e-01,  1.2299e-01,  1.6591e-01,
         1.0592e-01,  5.4467e-02,  4.8056e-01,  1.2069e-01,  1.5773e-01,
         1.9432e-01,  1.6928e-01,  9.4859e-02,  6.3831e-02,  1.4879e-01,
         1.1871e-01,  1.1677e-02,  1.0266e-01,  1.4421e-01,  9.2962e-02,
         1.0659e-01,  6.2994e-02,  8.0883e-02, -9.7100e-01,  1.7154e-01,
         1.6076e-01,  2.0583e-01,  1.9710e-01,  1.3716e-01,  2.4850e-02,
         8.6163e-02,  4.9083e-02,  1.6447e-01,  1.2115e-01,  1.7405e-01,
         3.8891e-02, -1.0804e-01,  3.2574e-03,  1.5093e-01, -1.7212e-01,
         1.3762e-01,  6.5115e-02,  1.7368e-01,  1.1197e-01,  8.8669e-02,
         1.8356e-01,  2.0268e-01, -1.4330e-01,  5.1728e-01, -1.6102e-01,
        -2.3761e-01, -1.8559e-01, -3.2334e-02, -8.7001e-03,  9.2049e-02,
        -5.7422e-02, -1.4053e-01, -1.1879e-01,  8.8491e-02,  1.3917e-01,
        -2.4385e-01, -1.6470e-01,  1.9049e-02, -4.5742e-02,  2.7690e-01,
         4.6955e-02, -2.8850e-01, -3.6795e-04,  8.7761e-02,  3.4195e-02,
         1.2472e-01,  5.7712e-02,  3.7011e-02, -3.2633e-01, -2.0320e-02,
        -1.3878e-01,  2.0936e-02,  6.5575e-02,  2.8676e-02, -8.9433e-02,
        -3.4036e-02, -5.3022e-02,  6.7056e-02, -3.1124e-01, -3.6602e-02,
        -6.5705e-02,  7.8063e-03, -6.5688e-02,  3.4449e-02,  5.8586e-02,
         1.0128e-01,  9.9030e-02, -3.9860e-02, -8.9056e-02,  8.5177e-02,
         1.1788e-01, -8.3493e-02, -1.4775e-01, -3.3003e-02, -2.8265e-02,
         3.7445e-02, -5.6180e-03,  2.8697e-02, -7.8177e-02, -1.5378e+00,
        -1.4880e-03, -9.6367e-03,  1.3196e-02, -1.0730e-02, -1.7585e-01,
        -4.0223e-03, -7.9012e-03,  8.5424e-02, -1.6400e-03,  9.1248e-02,
        -3.9825e-01, -2.3279e-02,  4.8504e-01, -1.7685e-02, -1.5270e-01,
         4.3497e-02,  1.8984e-02,  1.3421e-01,  7.9492e-03,  6.7775e-02,
         8.1164e-02,  7.6120e-02,  1.9279e-01, -9.0841e-02,  1.1898e-01,
         3.0219e-03,  2.7319e-02, -7.0756e-03, -5.1999e-02,  1.6130e-01,
        -5.6714e-02, -1.2590e-01,  4.0136e-01, -1.1182e-01,  8.3188e-02,
         2.8568e-02,  3.3284e-02,  8.3056e-02, -2.0548e-01, -7.2636e-03,
         1.4975e-01,  4.4774e-02,  4.3406e-02,  1.5373e-01, -6.2800e-02,
        -8.8003e-01, -5.4745e-02,  9.7073e-02,  3.3543e-03, -1.4446e-01,
        -1.1304e-01,  8.4788e-02,  1.8040e-02, -4.0457e-02,  3.1515e-02,
        -2.6295e-02, -1.5991e-01, -6.6927e-02, -3.7134e-01,  8.1125e-02,
         1.4217e-02, -1.0617e-01, -6.6545e-02, -1.1999e-02,  4.5526e-02,
         1.0521e-01, -1.3365e-01,  6.2647e-02,  1.2406e-01], device='cuda:0'), tensor([ 1.5434e-01,  3.4499e-01,  1.5944e-01,  1.9836e-01,  2.6944e-02,
         9.5612e-02,  1.4116e-01,  1.1225e-01,  9.5691e-02,  1.0028e-01,
        -6.1859e-03, -2.0482e-02,  5.1590e-02,  1.0606e-01,  5.2168e-02,
         1.0331e-02,  1.7466e-01,  1.7148e-01,  1.9582e-01, -4.1760e-02,
         8.9301e-02,  3.4234e-01,  1.0755e-01,  1.6587e-01,  1.5029e-01,
         9.6570e-02, -1.4597e-01,  4.6719e-02, -1.0743e-02,  7.0943e-02,
        -2.1753e-02,  2.3440e-01,  1.0698e-01,  8.5520e-02,  6.9130e-02,
         2.5584e-01, -1.4935e-02,  8.4916e-02,  5.7215e-02,  1.8751e-01,
         1.4398e-01,  1.8858e-01,  8.1451e-02,  1.0248e-01,  1.5316e-01,
         1.3501e-01,  1.2733e-01,  1.9534e-01,  1.1561e-01,  2.2104e-01,
        -7.1134e-02,  1.1309e-01,  6.3929e-02,  4.2788e-02,  1.8867e-01,
         1.8718e-01,  5.6983e-02, -1.6218e+00,  1.0390e-01,  1.0095e-01,
         1.5180e-02,  1.2262e-01,  1.6381e-01,  8.0512e-02,  1.1411e-01,
         8.8324e-02,  1.3001e-01,  1.9260e-01, -1.4449e-01,  1.0631e-01,
         5.1188e-01,  1.0302e-01,  1.0826e-01,  1.0903e-01,  1.4665e-01,
         1.9530e-01,  2.1517e-01,  9.0839e-02,  1.4462e-01,  1.6613e-01,
         1.8158e-01,  9.2422e-02,  1.8577e-01,  1.2298e-01,  1.6590e-01,
         1.0592e-01,  5.4476e-02,  4.8059e-01,  1.2071e-01,  1.5771e-01,
         1.9447e-01,  1.6928e-01,  9.4864e-02,  6.3829e-02,  1.4880e-01,
         1.1869e-01,  1.2006e-02,  1.0266e-01,  1.4427e-01,  9.2961e-02,
         1.0659e-01,  6.3004e-02,  8.0868e-02, -9.7163e-01,  1.7152e-01,
         1.6076e-01,  2.0582e-01,  1.9713e-01,  1.3716e-01,  2.4863e-02,
         8.6164e-02,  4.9074e-02,  1.6447e-01,  1.2113e-01,  1.7404e-01,
         3.8880e-02, -1.0798e-01,  3.2376e-03,  1.5094e-01, -1.7236e-01,
         1.3764e-01,  6.5107e-02,  1.7366e-01,  1.1194e-01,  8.8689e-02,
         1.8355e-01,  2.0267e-01, -1.4329e-01,  5.1698e-01, -1.6104e-01,
        -2.3754e-01, -1.8542e-01, -3.2319e-02, -8.7336e-03,  9.2066e-02,
        -5.7440e-02, -1.4051e-01, -1.1843e-01,  8.8504e-02,  1.3928e-01,
        -2.4381e-01, -1.6472e-01,  1.9068e-02, -4.5710e-02,  2.7685e-01,
         4.6959e-02, -2.8855e-01, -3.8749e-04,  8.7778e-02,  3.4214e-02,
         1.2471e-01,  5.7707e-02,  3.6995e-02, -3.2639e-01, -2.0315e-02,
        -1.3878e-01,  2.0934e-02,  6.5570e-02,  2.8616e-02, -8.9461e-02,
        -3.4026e-02, -5.3036e-02,  6.7061e-02, -3.1131e-01, -3.6608e-02,
        -6.5686e-02,  7.8019e-03, -6.5688e-02,  3.4427e-02,  5.8576e-02,
         1.0130e-01,  9.9052e-02, -3.9871e-02, -8.9069e-02,  8.5186e-02,
         1.1789e-01, -8.3547e-02, -1.4837e-01, -3.3030e-02, -2.8262e-02,
         3.7448e-02, -5.5917e-03,  2.8704e-02, -7.8201e-02, -1.5384e+00,
        -1.5047e-03, -9.6570e-03,  1.3186e-02, -1.0760e-02, -1.7585e-01,
        -4.0216e-03, -7.8815e-03,  8.5429e-02, -1.7249e-03,  9.1237e-02,
        -3.9878e-01, -2.3285e-02,  4.8525e-01, -1.7651e-02, -1.5274e-01,
         4.3529e-02,  1.9046e-02,  1.3422e-01,  7.9501e-03,  6.7779e-02,
         8.1155e-02,  7.6111e-02,  1.9291e-01, -9.0836e-02,  1.1897e-01,
         3.0343e-03,  2.7326e-02, -7.0897e-03, -5.2021e-02,  1.6139e-01,
        -5.6709e-02, -1.2595e-01,  4.0160e-01, -1.1185e-01,  8.3188e-02,
         2.8583e-02,  3.3286e-02,  8.3108e-02, -2.0510e-01, -7.2648e-03,
         1.4986e-01,  4.4753e-02,  4.3410e-02,  1.5373e-01, -6.2788e-02,
        -8.8052e-01, -5.4752e-02,  9.7073e-02,  3.3603e-03, -1.4450e-01,
        -1.1304e-01,  8.4749e-02,  1.8046e-02, -4.0460e-02,  3.1511e-02,
        -2.6291e-02, -1.5995e-01, -6.6965e-02, -3.7126e-01,  8.1146e-02,
         1.4206e-02, -1.0639e-01, -6.6543e-02, -1.1999e-02,  4.5504e-02,
         1.0522e-01, -1.3363e-01,  6.2663e-02,  1.2408e-01], device='cuda:0'), tensor([ 1.4319e-01,  2.0021e-01,  3.7046e-02,  1.9029e-01,  2.1580e-01,
         5.4194e-02,  8.1055e-02,  1.1163e-01,  1.0429e-01,  6.2669e-02,
         7.4128e-02, -7.0733e-03,  1.4157e-01,  2.0101e-01,  5.1836e-02,
         7.9515e-03,  1.3588e-01,  1.2956e-01,  2.1181e-01, -2.3598e-02,
         1.0172e-01,  2.7894e-01,  7.2594e-02,  1.8275e-01,  1.6060e-01,
         1.6232e-01,  1.8123e-02,  4.5839e-02,  4.3967e-02,  6.8818e-02,
        -3.6007e-03,  2.8977e-01,  1.1839e-01,  6.3514e-02,  1.2361e-01,
         2.5286e-01,  1.2823e-01,  5.7087e-02,  1.0663e-02,  1.5826e-01,
         7.7121e-02,  1.8188e-01,  9.4728e-02,  4.2764e-02,  1.2566e-01,
         2.2019e-01,  1.0508e-01,  1.1728e-01,  9.2205e-02,  2.6229e-01,
        -2.9313e-01,  1.3814e-01,  1.3069e-01,  5.2783e-02,  1.9986e-01,
         1.4460e-01,  7.8068e-02, -1.5172e+00,  1.1586e-01,  1.0394e-01,
         6.7692e-02,  1.2489e-01,  1.6732e-01,  2.2491e-02,  1.3463e-01,
         9.9205e-02,  1.1074e-01,  2.1498e-01,  3.1546e-01,  1.2038e-01,
         4.3553e-01,  7.9111e-02,  1.2777e-01,  1.4092e-01, -1.9020e-01,
         1.9340e-01,  1.9903e-01,  6.4477e-02,  2.0859e-01,  1.8322e-01,
         1.9623e-01,  1.8904e-01,  2.0039e-01,  1.3814e-01,  1.2594e-01,
         6.8621e-02,  3.5238e-02,  1.9006e-01,  9.7435e-02,  1.1358e-01,
         1.4505e-01,  1.5303e-01,  1.2124e-01,  3.9095e-02,  1.2981e-01,
         1.6974e-01, -7.4672e-02,  8.5877e-02,  1.2651e-01,  9.5058e-02,
         9.8521e-02,  5.5147e-02,  1.4129e-01, -6.4498e-01, -4.4121e-01,
         1.4199e-01,  1.5849e-01,  3.2909e-01,  1.1738e-01, -2.1310e-03,
         1.0837e-01,  2.7557e-02,  1.5880e-01,  1.2321e-01,  1.7245e-01,
         1.5815e-02, -3.0231e-01,  1.0553e-02,  1.2830e-01,  8.6385e-02,
         1.0704e-01,  5.1411e-02,  1.9241e-01,  8.7290e-02,  1.5016e-01,
         1.7027e-01,  1.7438e-01, -1.6313e-01,  5.4872e-01, -3.1653e-01,
        -1.3929e-01, -1.8543e-02, -4.5391e-02,  5.1622e-02,  5.6233e-02,
        -4.4459e-02, -5.0032e-02, -4.5549e-01,  1.2304e-01,  3.6824e-02,
        -4.2269e-02, -8.9010e-02, -6.3412e-02, -1.2803e-01,  1.9844e-01,
         1.8521e-01, -1.0242e-01, -2.0215e-02,  8.6838e-02,  5.4171e-02,
         1.7982e-01,  8.5266e-02,  6.9230e-02, -1.4538e-01, -5.4574e-02,
        -9.6320e-02,  1.5824e-02, -2.0248e-02,  1.0274e-01, -8.0577e-02,
        -4.7910e-02,  1.2246e-03,  1.2838e-01, -2.5809e-02, -3.6083e-03,
        -1.1201e-01, -6.9039e-02, -7.1044e-02, -3.5107e-02,  8.4847e-02,
         4.0528e-03,  9.1273e-03, -4.6593e-02, -6.8441e-02,  3.9504e-02,
         5.8337e-02, -4.6115e-02, -3.9363e-01, -7.2329e-02,  1.9717e-02,
         1.1585e-02, -8.4766e-02, -1.6719e-02, -1.2217e-02, -1.6015e+00,
         1.9461e-03, -1.3620e-01,  2.7975e-02,  1.7709e-02, -1.5874e-01,
        -1.7365e-02, -6.9670e-02,  2.6920e-03, -2.0376e-01,  6.1989e-02,
        -6.2034e-02, -5.7537e-02,  4.3632e-01,  5.3055e-02, -6.6903e-02,
        -8.8422e-02, -2.5899e-01,  7.0350e-02, -5.6754e-02,  1.2752e-02,
         1.1281e-01,  7.4468e-02,  6.0457e-02,  2.7054e-02,  2.4261e-01,
         9.0532e-03, -3.7839e-02,  5.6557e-02, -1.1213e-01, -1.2217e-01,
        -4.5853e-02, -1.7310e-02,  1.2446e-01, -1.0781e-01,  5.5615e-02,
         2.2369e-02,  1.5565e-02, -4.8178e-02, -3.1465e-01,  4.3701e-02,
         1.1939e-01,  8.4586e-02, -3.4304e-03,  1.7760e-01,  7.3006e-04,
        -1.0073e+00,  7.0981e-01,  7.0910e-02,  1.8347e-02, -2.0564e-01,
        -7.2378e-02,  1.2275e-01, -7.0176e-03, -4.8866e-02,  1.2167e-01,
        -7.0493e-02, -1.3379e-01, -3.3551e-02, -2.9223e-01,  5.7209e-02,
        -4.0152e-03,  2.7539e-02,  4.3162e-02,  6.8666e-03,  1.8121e-02,
         1.3642e-01, -8.9794e-03,  7.0797e-02,  9.0599e-02], device='cuda:0'), tensor([ 1.4320e-01,  2.0014e-01,  3.6994e-02,  1.9030e-01,  2.1597e-01,
         5.4187e-02,  8.1053e-02,  1.1163e-01,  1.0429e-01,  6.2683e-02,
         7.4150e-02, -7.0604e-03,  1.4159e-01,  2.0101e-01,  5.1861e-02,
         7.9555e-03,  1.3587e-01,  1.2955e-01,  2.1181e-01, -2.3601e-02,
         1.0171e-01,  2.7892e-01,  7.2602e-02,  1.8276e-01,  1.6059e-01,
         1.6231e-01,  1.8159e-02,  4.5829e-02,  4.3982e-02,  6.8831e-02,
        -3.6057e-03,  2.8978e-01,  1.1840e-01,  6.3520e-02,  1.2361e-01,
         2.5285e-01,  1.2827e-01,  5.7081e-02,  1.0641e-02,  1.5828e-01,
         7.7092e-02,  1.8187e-01,  9.4756e-02,  4.2762e-02,  1.2567e-01,
         2.2018e-01,  1.0508e-01,  1.1725e-01,  9.2179e-02,  2.6229e-01,
        -2.9122e-01,  1.3815e-01,  1.3070e-01,  5.2752e-02,  1.9983e-01,
         1.4461e-01,  7.8089e-02, -1.5166e+00,  1.1590e-01,  1.0393e-01,
         6.7700e-02,  1.2488e-01,  1.6732e-01,  2.2490e-02,  1.3462e-01,
         9.9199e-02,  1.1063e-01,  2.1499e-01,  3.1553e-01,  1.2041e-01,
         4.3571e-01,  7.9105e-02,  1.2777e-01,  1.4094e-01, -1.9045e-01,
         1.9339e-01,  1.9902e-01,  6.4473e-02,  2.0859e-01,  1.8323e-01,
         1.9619e-01,  1.8907e-01,  2.0041e-01,  1.3815e-01,  1.2594e-01,
         6.8621e-02,  3.5229e-02,  1.8987e-01,  9.7437e-02,  1.1360e-01,
         1.4488e-01,  1.5305e-01,  1.2126e-01,  3.9116e-02,  1.2981e-01,
         1.6975e-01, -7.4454e-02,  8.5864e-02,  1.2649e-01,  9.5044e-02,
         9.8521e-02,  5.5125e-02,  1.4128e-01, -6.4421e-01, -4.4786e-01,
         1.4198e-01,  1.5848e-01,  3.2911e-01,  1.1737e-01, -2.1643e-03,
         1.0838e-01,  2.7559e-02,  1.5879e-01,  1.2321e-01,  1.7245e-01,
         1.5818e-02, -3.0230e-01,  1.0563e-02,  1.2827e-01,  8.6452e-02,
         1.0704e-01,  5.1441e-02,  1.9241e-01,  8.7326e-02,  1.5017e-01,
         1.7026e-01,  1.7438e-01, -1.6309e-01,  5.4876e-01, -3.1662e-01,
        -1.3927e-01, -1.8336e-02, -4.5393e-02,  5.1647e-02,  5.6223e-02,
        -4.4445e-02, -5.0025e-02, -4.5566e-01,  1.2305e-01,  3.6818e-02,
        -4.2233e-02, -8.8965e-02, -6.3436e-02, -1.2803e-01,  1.9842e-01,
         1.8522e-01, -1.0231e-01, -2.0196e-02,  8.6815e-02,  5.4187e-02,
         1.7984e-01,  8.5270e-02,  6.9206e-02, -1.4533e-01, -5.4571e-02,
        -9.6286e-02,  1.5824e-02, -2.0266e-02,  1.0276e-01, -8.0559e-02,
        -4.7924e-02,  1.2280e-03,  1.2839e-01, -2.5760e-02, -3.6000e-03,
        -1.1200e-01, -6.9062e-02, -7.1060e-02, -3.5107e-02,  8.4861e-02,
         4.0512e-03,  9.0945e-03, -4.6586e-02, -6.8444e-02,  3.9477e-02,
         5.8323e-02, -4.6103e-02, -3.9172e-01, -7.2335e-02,  1.9736e-02,
         1.1576e-02, -8.4767e-02, -1.6729e-02, -1.2209e-02, -1.6010e+00,
         1.9293e-03, -1.3626e-01,  2.7970e-02,  1.7710e-02, -1.5874e-01,
        -1.7373e-02, -6.9687e-02,  2.6699e-03, -2.0390e-01,  6.1979e-02,
        -6.1979e-02, -5.7516e-02,  4.3653e-01,  5.3056e-02, -6.6903e-02,
        -8.8442e-02, -2.5922e-01,  7.0312e-02, -5.6746e-02,  1.2744e-02,
         1.1281e-01,  7.4479e-02,  6.0398e-02,  2.7093e-02,  2.4261e-01,
         9.0356e-03, -3.7837e-02,  5.6569e-02, -1.1214e-01, -1.2238e-01,
        -4.5860e-02, -1.7256e-02,  1.2421e-01, -1.0783e-01,  5.5629e-02,
         2.2336e-02,  1.5557e-02, -4.8202e-02, -3.1444e-01,  4.3717e-02,
         1.1934e-01,  8.4587e-02, -3.4367e-03,  1.7759e-01,  7.4060e-04,
        -1.0066e+00,  7.1653e-01,  7.0894e-02,  1.8337e-02, -2.0566e-01,
        -7.2394e-02,  1.2277e-01, -7.0187e-03, -4.8877e-02,  1.2171e-01,
        -7.0509e-02, -1.3376e-01, -3.3546e-02, -2.9216e-01,  5.7192e-02,
        -4.0375e-03,  2.7571e-02,  4.3156e-02,  6.8448e-03,  1.8137e-02,
         1.3640e-01, -8.9429e-03,  7.0788e-02,  9.0586e-02], device='cuda:0')]
WeightedHSdebiased completed in 1129.02 seconds
ours1 FreqWeightedHSdebiased
LBFGS iterations run: 736
LBFGS iterations run: 3
LBFGS iterations run: 2
LBFGS iterations run: 3
LBFGS iterations run: 360
Mean +- SE trainNLL over 5 fold(s) 20475.19765625 +- 97.81372054793334
Sum testNLL over 5 fold(s) 25671.2861328125
weights for each 5 fold [tensor([-5.7433e-03,  9.9215e-02,  2.7691e-01, -5.4218e-02,  1.9707e-01,
         2.2732e-01,  1.2621e-01,  1.1220e-01,  8.6639e-02,  8.0921e-02,
         9.3198e-02,  9.4260e-02, -2.8894e-02,  1.2891e-01,  8.3812e-03,
         8.5786e-02,  4.1890e-02,  1.6959e-01,  2.2555e-01,  1.4207e-01,
         7.7223e-02,  5.8737e-02,  3.0133e-01,  1.3695e-01,  1.5325e-01,
         1.4983e-01,  1.3114e-01, -2.3051e-02,  7.1070e-02,  5.9665e-02,
         1.5154e-02, -1.2955e-02,  2.2198e-01,  1.3283e-01,  5.3410e-02,
         1.2528e-01,  1.2942e-01,  1.3173e-01,  7.9414e-02,  2.5477e-02,
         1.8061e-01,  8.9939e-02,  2.1475e-01,  8.1775e-02,  9.3352e-02,
         1.7814e-01,  1.5924e-01,  1.1067e-01,  1.8806e-01,  1.1734e-01,
         2.1435e-01, -3.3608e-01,  1.3285e-01,  1.2413e-01,  2.5383e-02,
         1.6996e-01,  1.7413e-01,  1.4386e-01, -8.1117e-01,  1.5168e-01,
         1.5046e-01, -3.1758e-03,  1.3926e-01,  1.9086e-01,  6.4081e-02,
         1.3130e-01,  7.5243e-02, -1.7095e-02,  1.8182e-01,  2.3463e-01,
         9.7829e-02,  3.8143e-01,  1.3280e-01,  1.2852e-01,  1.8972e-01,
         1.2868e-01,  1.7823e-01,  1.8615e-01,  5.9817e-02,  1.5459e-01,
         2.0913e-01,  1.7932e-01,  1.0522e-02,  2.0705e-01,  1.0252e-01,
         2.1647e-01,  1.0623e-01,  5.4713e-02,  3.8062e-01,  8.0963e-02,
         1.7377e-01,  7.9947e-03,  1.6642e-01,  1.1184e-01,  2.6758e-02,
         1.1473e-01,  1.6314e-01, -3.5302e-01,  9.6601e-02, -1.5319e-02,
         8.7003e-02,  1.0431e-01,  3.7122e-02,  9.9167e-02,  3.0295e-01,
         2.9262e-01,  1.9223e-01,  1.8961e-01,  1.5870e-01,  1.4516e-01,
         3.1069e-02,  1.2526e-01,  7.5417e-02,  1.5765e-01,  1.0345e-01,
         1.8502e-01,  5.0841e-02, -1.9188e-01,  1.0085e-01,  1.1162e-01,
         1.4649e-01,  1.3494e-01,  7.3385e-02,  1.7104e-01,  1.2643e-01,
         6.0775e-02,  1.7142e-01,  1.9372e-01, -2.2089e-02,  5.0603e-01,
        -3.4038e-01, -7.4051e-02, -1.6242e-02,  5.0503e-02,  8.8265e-03,
        -8.1887e-03, -4.9225e-02, -1.0111e-01, -2.9159e-01,  3.3251e-02,
        -7.8303e-03, -2.3062e-01, -7.6615e-02, -3.2775e-02, -3.9043e-02,
         2.8271e-01,  1.1991e-01, -7.4265e-02,  1.4171e-02,  1.4351e-01,
         3.5226e-02,  1.8920e-01,  5.1796e-02,  5.4143e-02, -1.1194e-01,
         2.3530e-02, -7.4435e-02,  1.0751e-01, -2.7483e-02, -7.0873e-03,
        -7.2968e-02, -6.8236e-02, -2.2723e-02, -6.5027e-02, -1.4249e-01,
        -9.0337e-03, -7.5656e-02, -7.7402e-02, -6.8856e-02, -9.8864e-04,
         5.3208e-02,  2.2389e-03,  5.5691e-02, -2.7235e-02, -9.1725e-02,
         3.5615e-02,  5.9682e-02, -2.1656e-02, -3.7184e-01, -1.0720e-01,
         6.0770e-04, -1.4624e-02, -6.1266e-02, -8.1061e-02,  9.8342e-03,
        -9.5321e-01, -8.4179e-03,  2.2096e-02, -1.5154e-02, -1.8155e-02,
        -1.3456e-01, -2.1438e-02, -6.2546e-02,  2.8652e-02, -2.3340e-01,
         6.9850e-02, -1.2519e-01,  2.3280e-02,  4.9196e-01,  7.6290e-02,
        -9.9591e-02, -4.5697e-02,  6.4422e-03,  4.5625e-02, -5.7831e-02,
         4.6844e-02,  8.0759e-02,  8.0832e-02,  1.4584e-01, -1.5350e-01,
         1.5178e-01, -2.8227e-02,  1.9466e-02,  8.3073e-02, -2.2459e-02,
         1.2541e-01, -2.4270e-02, -5.8381e-02, -1.1088e-01, -4.0257e-02,
         9.7869e-02, -1.0182e-02,  6.6418e-02,  8.6200e-02, -7.3144e-01,
        -2.2717e-02, -1.1717e-01,  9.1684e-02, -1.0475e-02,  2.0282e-01,
         1.9774e-03, -3.1334e-02, -7.7928e-03,  5.8155e-02, -5.5676e-03,
        -6.1573e-02, -7.7293e-02,  1.1757e-01, -2.2490e-02, -3.5465e-02,
         2.9647e-02, -3.1492e-02, -1.4692e-01, -2.2914e-02, -3.2979e-01,
         6.3370e-02, -1.1225e-02,  3.3299e-01, -4.4342e-02, -6.5644e-03,
         3.4340e-02,  9.2407e-02, -1.4764e-01,  4.5966e-02,  2.0822e-01],
       device='cuda:0'), tensor([-5.9741e-03,  9.9528e-02,  2.6168e-01, -5.0470e-02,  1.9714e-01,
         2.3175e-01,  1.2745e-01,  1.1147e-01,  8.6303e-02,  8.0687e-02,
         9.2965e-02,  1.1222e-01, -2.8997e-02,  1.2919e-01,  8.8034e-03,
         8.5852e-02,  4.2104e-02,  1.6908e-01,  2.2506e-01,  1.4197e-01,
         7.3913e-02,  5.9309e-02,  3.0034e-01,  1.3642e-01,  1.5299e-01,
         1.4985e-01,  1.3190e-01, -2.5299e-02,  7.1211e-02,  5.9116e-02,
         1.5215e-02, -1.2866e-02,  2.2183e-01,  1.3276e-01,  5.3455e-02,
         1.2486e-01,  1.2924e-01,  1.3294e-01,  8.0035e-02,  2.6080e-02,
         1.8044e-01,  8.9912e-02,  2.1498e-01,  8.1119e-02,  9.2596e-02,
         1.8483e-01,  1.5836e-01,  1.1102e-01,  1.8756e-01,  1.1734e-01,
         2.1367e-01, -3.9379e-01,  1.3312e-01,  1.2312e-01,  2.4716e-02,
         1.6960e-01,  1.7371e-01,  1.4317e-01, -2.2344e+00,  1.5101e-01,
         1.4982e-01, -5.1421e-03,  1.3906e-01,  1.9137e-01,  6.4722e-02,
         1.3115e-01,  7.5770e-02, -1.1626e-02,  1.8153e-01,  2.3661e-01,
         9.8016e-02,  3.7313e-01,  1.3194e-01,  1.2812e-01,  1.8926e-01,
         1.2982e-01,  1.7687e-01,  1.8502e-01,  6.0412e-02,  1.5474e-01,
         2.0859e-01,  1.7897e-01,  1.0746e-02,  2.0693e-01,  1.0228e-01,
         2.1592e-01,  1.0617e-01,  5.4946e-02,  3.8183e-01,  8.0954e-02,
         1.7260e-01,  2.2690e-02,  1.6650e-01,  1.1157e-01,  2.7000e-02,
         1.1500e-01,  1.6317e-01, -3.5545e-01,  9.6914e-02, -8.4753e-03,
         8.6991e-02,  1.0349e-01,  3.7012e-02,  9.9011e-02, -8.3008e-01,
         2.6931e-01,  1.9149e-01,  1.8898e-01,  1.5908e-01,  1.4586e-01,
         3.1045e-02,  1.2513e-01,  7.4168e-02,  1.5727e-01,  1.0323e-01,
         1.8465e-01,  5.1273e-02, -1.9106e-01,  1.0154e-01,  1.1226e-01,
         1.6767e-01,  1.3495e-01,  7.3372e-02,  1.7095e-01,  1.2641e-01,
         6.5539e-02,  1.7081e-01,  1.9325e-01, -1.5005e-02,  4.6517e-01,
        -3.3545e-01, -6.7595e-02, -1.3029e-02,  5.4120e-02,  1.0599e-02,
        -8.2015e-03, -4.9987e-02, -1.0262e-01, -2.4369e-01,  3.2339e-02,
        -6.7505e-03, -2.2918e-01, -7.5472e-02, -3.4423e-02, -3.8421e-02,
         2.8341e-01,  1.2054e-01, -7.7753e-02,  1.4539e-02,  1.4358e-01,
         3.4908e-02,  1.8966e-01,  5.0065e-02,  5.4462e-02, -1.1015e-01,
         2.4599e-02, -7.5186e-02,  1.0813e-01, -2.9331e-02, -9.1815e-03,
        -7.3943e-02, -6.9564e-02, -2.1202e-02, -6.5756e-02, -1.3885e-01,
        -1.1646e-02, -7.4177e-02, -7.8155e-02, -7.0014e-02,  1.1651e-04,
         5.2422e-02,  7.0521e-05,  4.7120e-02, -2.7698e-02, -9.1091e-02,
         3.7370e-02,  5.7702e-02, -2.2586e-02, -4.2266e-01, -1.0616e-01,
        -1.6306e-04, -1.5257e-02, -6.1136e-02, -8.1577e-02,  1.1438e-02,
        -2.3864e+00, -9.6207e-03,  2.3085e-02, -1.7896e-02, -1.7988e-02,
        -1.3477e-01, -2.1015e-02, -6.3511e-02,  3.0236e-02, -2.2781e-01,
         6.8334e-02, -1.1975e-01,  2.4827e-02,  4.8353e-01,  7.7446e-02,
        -1.0104e-01, -4.5277e-02,  6.8992e-03,  4.6322e-02, -5.9291e-02,
         4.6630e-02,  8.0419e-02,  8.0727e-02,  1.4359e-01, -1.5372e-01,
         1.5061e-01, -2.7977e-02,  1.5577e-02,  8.4372e-02, -2.3491e-02,
         1.2651e-01, -2.5085e-02, -5.7498e-02, -9.8941e-02, -4.2209e-02,
         9.4781e-02, -1.2949e-02,  6.5420e-02,  8.7113e-02, -7.3609e-01,
        -2.2726e-02, -1.1055e-01,  9.0661e-02, -1.1035e-02,  2.0199e-01,
         2.8619e-03, -1.1802e+00,  1.5165e-02,  5.8112e-02, -6.5022e-03,
        -6.0240e-02, -7.8350e-02,  1.1823e-01, -2.1771e-02, -3.6525e-02,
         2.8876e-02, -3.2278e-02, -1.4765e-01, -2.4318e-02, -3.2618e-01,
         6.1274e-02, -1.1838e-02,  3.5616e-01, -4.4446e-02, -7.9144e-03,
         3.5035e-02,  9.2014e-02, -1.4134e-01,  4.5619e-02,  2.0721e-01],
       device='cuda:0'), tensor([-4.9158e-03,  9.9706e-02,  2.5844e-01, -4.9448e-02,  1.9722e-01,
         2.3146e-01,  1.2692e-01,  1.1263e-01,  8.7564e-02,  8.0931e-02,
         9.3168e-02,  1.1540e-01, -2.8814e-02,  1.2853e-01,  8.6696e-03,
         8.5879e-02,  4.1839e-02,  1.6972e-01,  2.2516e-01,  1.4233e-01,
         7.3484e-02,  5.8433e-02,  3.0080e-01,  1.3700e-01,  1.5340e-01,
         1.4903e-01,  1.2994e-01, -2.5058e-02,  7.0850e-02,  5.9308e-02,
         1.4704e-02, -1.2489e-02,  2.2181e-01,  1.3258e-01,  5.4184e-02,
         1.2606e-01,  1.2910e-01,  1.3319e-01,  7.9612e-02,  2.6220e-02,
         1.8048e-01,  9.0231e-02,  2.1489e-01,  8.1131e-02,  9.2947e-02,
         1.8612e-01,  1.5909e-01,  1.1035e-01,  1.8815e-01,  1.1750e-01,
         2.1371e-01, -4.2018e-01,  1.3330e-01,  1.2393e-01,  2.5470e-02,
         1.7048e-01,  1.7437e-01,  1.4312e-01, -2.7731e+00,  1.5214e-01,
         1.5040e-01, -5.1518e-03,  1.3971e-01,  1.9088e-01,  6.3985e-02,
         1.3164e-01,  7.5062e-02, -1.1248e-02,  1.8090e-01,  2.3780e-01,
         9.7565e-02,  3.7039e-01,  1.3309e-01,  1.2721e-01,  1.8960e-01,
         1.3036e-01,  1.7848e-01,  1.8561e-01,  5.9111e-02,  1.5434e-01,
         2.0905e-01,  1.7846e-01,  1.1177e-02,  2.0641e-01,  1.0255e-01,
         2.1397e-01,  1.0653e-01,  5.4550e-02,  3.8220e-01,  8.0406e-02,
         1.7259e-01,  2.4935e-02,  1.6752e-01,  1.1157e-01,  2.4917e-02,
         1.1459e-01,  1.6277e-01, -3.6210e-01,  9.6562e-02, -8.1681e-03,
         8.7112e-02,  1.0474e-01,  3.6857e-02,  9.9597e-02, -1.2552e+00,
         2.6348e-01,  1.9193e-01,  1.9029e-01,  1.5930e-01,  1.4485e-01,
         3.0587e-02,  1.2468e-01,  7.4529e-02,  1.5695e-01,  1.0319e-01,
         1.8537e-01,  4.9737e-02, -1.9170e-01,  1.0217e-01,  1.1133e-01,
         1.7493e-01,  1.3540e-01,  7.2611e-02,  1.7119e-01,  1.2670e-01,
         6.5742e-02,  1.7133e-01,  1.9303e-01, -1.4797e-02,  4.5588e-01,
        -3.3329e-01, -6.5898e-02, -1.4677e-02,  5.6353e-02,  1.0368e-02,
        -8.8607e-03, -4.9661e-02, -1.0305e-01, -2.3142e-01,  3.2333e-02,
        -7.1788e-03, -2.2852e-01, -7.5041e-02, -3.3700e-02, -3.8326e-02,
         2.8374e-01,  1.2033e-01, -7.8752e-02,  1.2833e-02,  1.4370e-01,
         3.5290e-02,  1.9023e-01,  4.9744e-02,  5.4909e-02, -1.1030e-01,
         2.4537e-02, -7.5636e-02,  1.0923e-01, -3.0154e-02, -9.7449e-03,
        -7.4823e-02, -6.9504e-02, -2.2639e-02, -6.5690e-02, -1.3766e-01,
        -1.2375e-02, -7.4636e-02, -7.7651e-02, -6.9848e-02,  1.1561e-03,
         5.2724e-02, -3.9939e-04,  4.4869e-02, -2.7908e-02, -9.0608e-02,
         3.7477e-02,  5.6837e-02, -2.1915e-02, -4.4683e-01, -1.0529e-01,
         4.8726e-04, -1.3610e-02, -6.0382e-02, -8.0867e-02,  1.2559e-02,
        -2.9289e+00, -8.3310e-03,  2.3786e-02, -1.8941e-02, -1.9187e-02,
        -1.3454e-01, -2.0937e-02, -6.3233e-02,  2.8877e-02, -2.2680e-01,
         6.7739e-02, -1.1754e-01,  2.3089e-02,  4.8103e-01,  7.6728e-02,
        -1.0022e-01, -4.4527e-02,  6.6797e-03,  4.6734e-02, -6.0766e-02,
         4.8110e-02,  8.1002e-02,  8.0068e-02,  1.4247e-01, -1.5432e-01,
         1.5048e-01, -2.7805e-02,  1.5153e-02,  8.4041e-02, -2.2209e-02,
         1.2701e-01, -2.4645e-02, -5.6335e-02, -9.7711e-02, -4.1211e-02,
         9.4853e-02, -1.0561e-02,  6.5991e-02,  8.7764e-02, -7.4344e-01,
        -2.2910e-02, -1.0952e-01,  9.1376e-02, -1.0641e-02,  2.0322e-01,
         2.0550e-03, -1.6137e+00,  2.0982e-02,  5.8443e-02, -6.0269e-03,
        -5.9407e-02, -7.7730e-02,  1.1794e-01, -2.2082e-02, -3.7265e-02,
         3.0480e-02, -3.2665e-02, -1.4593e-01, -2.2572e-02, -3.2500e-01,
         6.1503e-02, -1.0464e-02,  3.6508e-01, -4.4291e-02, -7.1878e-03,
         3.5363e-02,  9.3507e-02, -1.3887e-01,  4.7173e-02,  2.0706e-01],
       device='cuda:0'), tensor([-5.0294e-03,  9.9663e-02,  2.5808e-01, -4.9394e-02,  1.9723e-01,
         2.3157e-01,  1.2703e-01,  1.1250e-01,  8.7409e-02,  8.0876e-02,
         9.3143e-02,  1.1589e-01, -2.8824e-02,  1.2859e-01,  8.7125e-03,
         8.5852e-02,  4.1864e-02,  1.6966e-01,  2.2514e-01,  1.4230e-01,
         7.3409e-02,  5.8443e-02,  3.0076e-01,  1.3692e-01,  1.5342e-01,
         1.4912e-01,  1.3013e-01, -2.5145e-02,  7.0902e-02,  5.9249e-02,
         1.4779e-02, -1.2539e-02,  2.2181e-01,  1.3261e-01,  5.4070e-02,
         1.2587e-01,  1.2912e-01,  1.3323e-01,  7.9590e-02,  2.6208e-02,
         1.8047e-01,  9.0177e-02,  2.1493e-01,  8.1079e-02,  9.2888e-02,
         1.8621e-01,  1.5907e-01,  1.1043e-01,  1.8807e-01,  1.1746e-01,
         2.1368e-01, -4.1969e-01,  1.3325e-01,  1.2383e-01,  2.5390e-02,
         1.7044e-01,  1.7428e-01,  1.4314e-01, -2.7830e+00,  1.5194e-01,
         1.5031e-01, -5.2059e-03,  1.3958e-01,  1.9093e-01,  6.4049e-02,
         1.3156e-01,  7.5138e-02, -1.1109e-02,  1.8094e-01,  2.3778e-01,
         9.7597e-02,  3.7036e-01,  1.3294e-01,  1.2728e-01,  1.8953e-01,
         1.3034e-01,  1.7831e-01,  1.8553e-01,  5.9345e-02,  1.5439e-01,
         2.0897e-01,  1.7850e-01,  1.1141e-02,  2.0648e-01,  1.0253e-01,
         2.1416e-01,  1.0647e-01,  5.4643e-02,  3.8222e-01,  8.0459e-02,
         1.7255e-01,  2.5247e-02,  1.6742e-01,  1.1158e-01,  2.5257e-02,
         1.1465e-01,  1.6284e-01, -3.6137e-01,  9.6593e-02, -7.9884e-03,
         8.7124e-02,  1.0447e-01,  3.6887e-02,  9.9470e-02, -1.2636e+00,
         2.6300e-01,  1.9188e-01,  1.9009e-01,  1.5929e-01,  1.4501e-01,
         3.0618e-02,  1.2469e-01,  7.4535e-02,  1.5701e-01,  1.0317e-01,
         1.8536e-01,  4.9867e-02, -1.9165e-01,  1.0213e-01,  1.1142e-01,
         1.7487e-01,  1.3535e-01,  7.2787e-02,  1.7108e-01,  1.2663e-01,
         6.5904e-02,  1.7125e-01,  1.9305e-01, -1.4524e-02,  4.5478e-01,
        -3.3322e-01, -6.5806e-02, -1.4504e-02,  5.6324e-02,  1.0432e-02,
        -8.7798e-03, -4.9722e-02, -1.0308e-01, -2.3028e-01,  3.2264e-02,
        -7.1206e-03, -2.2851e-01, -7.5051e-02, -3.3838e-02, -3.8321e-02,
         2.8373e-01,  1.2037e-01, -7.8870e-02,  1.3000e-02,  1.4368e-01,
         3.5249e-02,  1.9015e-01,  4.9707e-02,  5.4942e-02, -1.1022e-01,
         2.4570e-02, -7.5609e-02,  1.0916e-01, -3.0148e-02, -9.7750e-03,
        -7.4813e-02, -6.9542e-02, -2.2463e-02, -6.5730e-02, -1.3765e-01,
        -1.2404e-02, -7.4531e-02, -7.7711e-02, -6.9871e-02,  1.1130e-03,
         5.2627e-02, -4.3304e-04,  4.4742e-02, -2.7941e-02, -9.0595e-02,
         3.7543e-02,  5.6885e-02, -2.2007e-02, -4.4622e-01, -1.0535e-01,
         4.0403e-04, -1.3758e-02, -6.0437e-02, -8.1009e-02,  1.2514e-02,
        -2.9388e+00, -8.5059e-03,  2.3798e-02, -1.8948e-02, -1.9029e-02,
        -1.3454e-01, -2.0893e-02, -6.3279e-02,  2.9070e-02, -2.2675e-01,
         6.7743e-02, -1.1749e-01,  2.3310e-02,  4.8096e-01,  7.6861e-02,
        -1.0034e-01, -4.4585e-02,  6.7247e-03,  4.6747e-02, -6.0658e-02,
         4.7857e-02,  8.0946e-02,  8.0157e-02,  1.4246e-01, -1.5426e-01,
         1.5045e-01, -2.7788e-02,  1.5047e-02,  8.4135e-02, -2.2448e-02,
         1.2699e-01, -2.4710e-02, -5.6391e-02, -9.7449e-02, -4.1396e-02,
         9.4725e-02, -1.0898e-02,  6.5940e-02,  8.7750e-02, -7.4263e-01,
        -2.2872e-02, -1.0944e-01,  9.1248e-02, -1.0630e-02,  2.0306e-01,
         2.1954e-03, -1.6220e+00,  2.1412e-02,  5.8363e-02, -6.1530e-03,
        -5.9453e-02, -7.7781e-02,  1.1799e-01, -2.2012e-02, -3.7293e-02,
         3.0287e-02, -3.2661e-02, -1.4616e-01, -2.2765e-02, -3.2503e-01,
         6.1386e-02, -1.0624e-02,  3.6496e-01, -4.4293e-02, -7.3333e-03,
         3.5316e-02,  9.3346e-02, -1.3888e-01,  4.6971e-02,  2.0701e-01],
       device='cuda:0'), tensor([-2.5685e-02,  1.4278e-01,  2.5910e-01,  6.9696e-02,  2.3373e-01,
         7.2642e-02,  6.7589e-02,  1.3775e-01,  1.1771e-01,  9.3845e-02,
         9.9844e-02,  2.4727e-02, -1.0991e-01,  1.1879e-01,  1.1069e-01,
         6.1305e-02,  3.6601e-02,  1.0643e-01,  2.3661e-01,  2.2967e-01,
         4.2450e-02,  6.6338e-02,  3.1233e-01,  7.1096e-02,  1.7475e-01,
         1.6103e-01,  1.1155e-01, -4.1583e-02,  5.5617e-02, -1.3002e-02,
         8.6142e-02,  3.3110e-03,  1.4303e-01,  1.1017e-01,  7.7320e-02,
         1.0797e-01,  2.5846e-01,  7.9090e-02,  5.5235e-02,  5.8150e-02,
         1.8420e-01,  9.7023e-02,  1.9539e-01,  1.4115e-01,  4.8815e-02,
         1.3689e-01,  1.9103e-01,  1.2151e-01,  1.2494e-01,  1.0189e-01,
         2.7661e-01, -3.1744e-01,  1.2917e-01,  1.0414e-01,  5.1014e-02,
         1.7168e-01,  1.4014e-01,  1.2988e-01, -4.7670e+00,  1.1089e-01,
         1.4353e-01,  6.1191e-02,  1.2175e-01,  1.8521e-01,  5.1056e-02,
         1.2387e-01,  1.0125e-01,  1.2381e-01,  2.2729e-01, -3.2510e-02,
         1.2758e-01,  3.6868e-01,  1.6891e-02,  5.5628e-02,  1.3162e-01,
        -1.1950e-01,  1.7239e-01,  1.3215e-01,  9.7087e-02,  1.5998e-01,
         1.3993e-01,  8.0293e-02,  1.8915e-01,  1.6386e-01,  1.6033e-01,
         1.5085e-01,  9.7130e-02,  4.6604e-02,  4.3280e-01,  9.5604e-02,
         1.7897e-01,  1.3304e-01,  1.4932e-01,  1.2148e-01,  5.1653e-02,
         9.2710e-02,  1.5265e-01, -4.5316e-01,  5.5372e-02,  1.1134e-01,
         9.0999e-02,  1.1035e-01,  5.0986e-02,  8.3410e-02, -2.8565e+00,
         8.4935e-02,  1.2557e-01,  1.6775e-01,  2.9964e-01,  1.1968e-01,
         3.3315e-02,  8.1020e-02,  3.3890e-02,  1.5920e-01,  1.2756e-01,
         1.8282e-01, -1.4103e-02, -1.2879e-01,  3.0984e-02,  1.3596e-01,
         1.7301e-01,  1.1171e-01,  1.0326e-01,  1.9248e-01,  1.2051e-01,
         5.9099e-02,  1.9112e-01,  1.6138e-01, -1.3303e-02,  7.3122e-01,
        -2.2017e-01, -1.6691e-01, -4.2554e-01, -8.8322e-02,  4.9376e-02,
         2.6177e-02, -6.8552e-02, -4.1099e-02, -3.7621e-01, -4.3342e-02,
         9.5789e-02, -6.1033e-02, -1.5101e-01,  7.4732e-04, -1.3305e-01,
         4.0665e-01,  1.8835e-01, -2.1344e-01,  5.1980e-02,  8.2307e-02,
         2.7384e-03,  1.5352e-01,  4.8306e-02,  6.3513e-02, -2.0995e-01,
        -2.8386e-02, -1.5906e-01,  4.6381e-02,  3.2941e-02,  8.7487e-02,
        -8.0518e-02, -4.6126e-02, -3.7815e-02,  1.7951e-01, -8.4812e-02,
        -2.6145e-02, -4.1912e-02,  8.6638e-03, -6.9734e-02, -2.1115e-02,
         5.6395e-02, -3.5643e-02, -1.7824e-02, -5.9002e-02, -5.6518e-02,
         6.8062e-02,  8.2560e-02, -1.8951e-03, -5.3708e-01, -4.5558e-02,
         1.5449e-03,  2.3851e-02, -5.7742e-02, -1.3161e-02,  5.5639e-02,
        -4.8403e+00, -2.4579e-03,  4.1094e-02,  3.4848e-02,  1.5258e-02,
        -1.4357e-01, -4.0544e-02, -3.5179e-03,  2.2206e-02, -8.8254e-02,
         1.4860e-02, -3.4510e-01, -8.0573e-02,  5.1166e-01, -7.7632e-02,
        -1.4002e-01, -4.2698e-02, -2.1721e-01,  8.1149e-02, -1.1703e-01,
         3.4485e-03,  1.1945e-01,  3.8645e-03, -1.1051e-02,  4.2765e-02,
         1.2108e-01,  9.1183e-03, -4.0292e-02,  2.8020e-02, -1.0045e-01,
         1.9231e-01, -9.7099e-02, -5.3317e-02, -7.6732e-02, -5.0063e-02,
         5.9484e-02, -6.8216e-03,  4.0368e-02,  7.9506e-03, -7.0372e-01,
         1.2810e-02,  4.3531e-02,  7.0307e-02,  1.3632e-02,  1.7037e-01,
         2.3739e-03, -3.0830e+00,  2.2200e-01,  9.9181e-02,  3.0161e-02,
        -2.6969e-01, -5.6446e-02,  1.2385e-01,  2.8650e-02, -5.6525e-02,
         4.4843e-02, -3.0408e-02, -9.4323e-02, -6.4539e-02, -2.4053e-01,
         5.1678e-02, -4.1244e-02,  2.8685e-01, -2.1863e-02, -1.2485e-06,
         4.5833e-02,  1.2799e-01, -6.4484e-02,  9.0440e-02,  1.3716e-01],
       device='cuda:0')]
FreqWeightedHSdebiased completed in 832.52 seconds
hills OneCueStaticLocal
LBFGS iterations run: 310
LBFGS iterations run: 0
LBFGS iterations run: 1
LBFGS iterations run: 0
LBFGS iterations run: 0
Mean +- SE trainNLL over 5 fold(s) 22127.01875 +- 89.44171791112392
Sum testNLL over 5 fold(s) 27658.77490234375
weights for each 5 fold [tensor([3.6811], device='cuda:0'), tensor([3.6811], device='cuda:0'), tensor([3.6811], device='cuda:0'), tensor([3.6811], device='cuda:0'), tensor([3.6811], device='cuda:0')]
OneCueStaticLocal completed in 179.89 seconds
hills CombinedCueStatic
LBFGS iterations run: 506
LBFGS iterations run: 117
LBFGS iterations run: 1
LBFGS iterations run: 126
LBFGS iterations run: 4
Mean +- SE trainNLL over 5 fold(s) 22065.2921875 +- 199.03887616809266
Sum testNLL over 5 fold(s) 27584.23779296875
weights for each 5 fold [tensor([-0.1947,  5.0821], device='cuda:0'), tensor([-0.2142,  5.4030], device='cuda:0'), tensor([-0.2142,  5.4035], device='cuda:0'), tensor([-0.2065,  5.5717], device='cuda:0'), tensor([-0.2057,  5.5694], device='cuda:0')]
CombinedCueStatic completed in 418.15 seconds
heineman Freq_Sim_Subcategory
LBFGS iterations run: 755
LBFGS iterations run: 360
LBFGS iterations run: 469
LBFGS iterations run: 486
LBFGS iterations run: 5
Mean +- SE trainNLL over 5 fold(s) 21773.345426858014 +- 127.6621889737768
Sum testNLL over 5 fold(s) 27221.48094711554
weights for each 5 fold [tensor([-0.1634,  3.7398,  4.3002], device='cuda:0'), tensor([-0.1415,  3.5055,  4.2669], device='cuda:0'), tensor([-0.1688,  3.8775,  4.0224], device='cuda:0'), tensor([-0.1638,  3.5426,  4.3324], device='cuda:0'), tensor([-0.1637,  3.5413,  4.3341], device='cuda:0')]
Freq_Sim_Subcategory completed in 688.83 seconds
heineman Subcategory
LBFGS iterations run: 763
LBFGS iterations run: 1
LBFGS iterations run: 0
LBFGS iterations run: 0
LBFGS iterations run: 0
Mean +- SE trainNLL over 5 fold(s) 21863.074697230488 +- 124.21578643754164
Sum testNLL over 5 fold(s) 27328.843371538114
weights for each 5 fold [tensor([4.8430], device='cuda:0'), tensor([4.8430], device='cuda:0'), tensor([4.8430], device='cuda:0'), tensor([4.8430], device='cuda:0'), tensor([4.8430], device='cuda:0')]
Subcategory completed in 255.63 seconds
heineman Freq_Subcategory
LBFGS iterations run: 852
LBFGS iterations run: 451
LBFGS iterations run: 409
LBFGS iterations run: 318
LBFGS iterations run: 1
Mean +- SE trainNLL over 5 fold(s) 21860.599081035758 +- 122.1362440634922
Sum testNLL over 5 fold(s) 27327.551332675237
weights for each 5 fold [tensor([-0.0306,  4.9512], device='cuda:0'), tensor([-0.0391,  4.8415], device='cuda:0'), tensor([-0.0328,  4.7265], device='cuda:0'), tensor([-0.0276,  4.7427], device='cuda:0'), tensor([-0.0276,  4.7427], device='cuda:0')]
Freq_Subcategory completed in 670.37 seconds
heineman Sim_Subcategory
LBFGS iterations run: 679
LBFGS iterations run: 1
LBFGS iterations run: 411
LBFGS iterations run: 1
LBFGS iterations run: 460
Mean +- SE trainNLL over 5 fold(s) 21810.673410522308 +- 194.8956348854181
Sum testNLL over 5 fold(s) 27266.278839908093
weights for each 5 fold [tensor([2.5539, 4.4552], device='cuda:0'), tensor([2.5539, 4.4552], device='cuda:0'), tensor([2.3189, 4.3216], device='cuda:0'), tensor([2.3189, 4.3216], device='cuda:0'), tensor([2.8021, 4.2526], device='cuda:0')]
Sim_Subcategory completed in 513.64 seconds
