nohup: ignoring input
cuda
CUDA available: True
GPU count: 1
{'dataset': 'hills', 'representation': 'clip', 'fit': True, 'lr': 0.01, 'initval': 1.0, 'tol': 1e-06, 'maxiter': 5000, 'plot': True, 'fitting': 'group', 'cv': 5, 'refnll': 'none', 'mask': False, 'hills': True, 'useallresp': False, 'useapifreq': True, 'morales': True, 'heineman': True, 'abbott': True, 'ours1': True, 'ours2': True, 'print': True, 'simulate': False, 'recovery': False, 'preventrepetition': True, 'sensitivity': 5, 'test': True}
PearsonRResult(statistic=0.8112413448848204, pvalue=4.808592270108805e-84)
SignificanceResult(statistic=0.8317162142582375, pvalue=5.6796511198379345e-92)
{'bleu1': 0.97, 'bleu2': 0.38, 'bleu3': 0.06, 'bleu4': 0.0}
Human BLEU: 0.35250000000000004 0.5212569316081331
--------------------------------FITTING MODELS--------------------------------
ours1 Random
Mean +- SE trainNLL over 5 fold(s) 22481.7484375 +- 68.47887173979913
Mean +- SE testNLL over 5 fold(s) 5620.43681640625 +- 68.47941377843965
Random completed in 3.25 seconds
ours1 Freq
LBFGS iterations run: 260
LBFGS iterations run: 105
LBFGS iterations run: 1
LBFGS iterations run: 1
LBFGS iterations run: 0
Mean +- SE trainNLL over 5 fold(s) 21453.717578125 +- 61.39879850174998
Mean +- SE testNLL over 5 fold(s) 5363.55615234375 +- 61.3922254734835
mean weights over 5 fold(s) tensor([0.8409], device='cuda:0')
Freq completed in 216.65 seconds
ours1 HS
LBFGS iterations run: 446
LBFGS iterations run: 1
LBFGS iterations run: 1
LBFGS iterations run: 0
LBFGS iterations run: 0
Mean +- SE trainNLL over 5 fold(s) 20915.311328125 +- 64.80366793624202
Mean +- SE testNLL over 5 fold(s) 5228.8283203125 +- 64.80413303228272
mean weights over 5 fold(s) tensor([11.9473], device='cuda:0')
HS completed in 263.69 seconds
ours1 HS2step
LBFGS iterations run: 359
LBFGS iterations run: 4
LBFGS iterations run: 35
LBFGS iterations run: 1
LBFGS iterations run: 1
Mean +- SE trainNLL over 5 fold(s) 22040.29765625 +- 71.11449977413186
Mean +- SE testNLL over 5 fold(s) 5510.1244140625 +- 71.11238162739785
mean weights over 5 fold(s) tensor([7.0412], device='cuda:0')
HS2step completed in 235.40 seconds
ours1 Pers
LBFGS iterations run: 443
LBFGS iterations run: 1
LBFGS iterations run: 1
LBFGS iterations run: 0
LBFGS iterations run: 0
Mean +- SE trainNLL over 5 fold(s) 21128.33515625 +- 68.88670738366434
Mean +- SE testNLL over 5 fold(s) 5282.08388671875 +- 68.88728974228754
mean weights over 5 fold(s) tensor([11.6646], device='cuda:0')
Pers completed in 260.72 seconds
ours1 Freq_HS
LBFGS iterations run: 435
LBFGS iterations run: 3
LBFGS iterations run: 3
LBFGS iterations run: 1
LBFGS iterations run: 1
Mean +- SE trainNLL over 5 fold(s) 20083.84921875 +- 58.714608302264764
Mean +- SE testNLL over 5 fold(s) 5020.9603515625 +- 58.71520478942573
mean weights over 5 fold(s) tensor([ 0.7561, 10.8402], device='cuda:0')
Freq_HS completed in 257.99 seconds
ours1 HS_HS2step
LBFGS iterations run: 436
LBFGS iterations run: 1
LBFGS iterations run: 2
LBFGS iterations run: 1
LBFGS iterations run: 1
Mean +- SE trainNLL over 5 fold(s) 20884.113671875 +- 65.90299236212809
Mean +- SE testNLL over 5 fold(s) 5221.0275390625 +- 65.90336338869614
mean weights over 5 fold(s) tensor([11.2684,  2.2799], device='cuda:0')
HS_HS2step completed in 257.46 seconds
ours1 HS_Pers
LBFGS iterations run: 451
LBFGS iterations run: 1
LBFGS iterations run: 54
LBFGS iterations run: 3
LBFGS iterations run: 1
Mean +- SE trainNLL over 5 fold(s) 20879.337109375 +- 65.90463182811149
Mean +- SE testNLL over 5 fold(s) 5219.915234375 +- 65.9115265721525
mean weights over 5 fold(s) tensor([8.7275, 3.9233], device='cuda:0')
HS_Pers completed in 295.82 seconds
ours1 Freq_Pers
LBFGS iterations run: 438
LBFGS iterations run: 10
LBFGS iterations run: 1
LBFGS iterations run: 1
LBFGS iterations run: 12
Mean +- SE trainNLL over 5 fold(s) 20298.625390625 +- 62.41821201656784
Mean +- SE testNLL over 5 fold(s) 5074.648828125 +- 62.41921069140869
mean weights over 5 fold(s) tensor([ 0.7501, 10.4566], device='cuda:0')
Freq_Pers completed in 267.29 seconds
ours1 Freq_HS_HS2step
LBFGS iterations run: 433
LBFGS iterations run: 4
LBFGS iterations run: 1
LBFGS iterations run: 1
LBFGS iterations run: 78
Mean +- SE trainNLL over 5 fold(s) 20063.312890625 +- 59.61461321594494
Mean +- SE testNLL over 5 fold(s) 5015.89345703125 +- 59.61994283368844
mean weights over 5 fold(s) tensor([ 0.7491, 10.3357,  1.7938], device='cuda:0')
Freq_HS_HS2step completed in 300.48 seconds
ours1 Freq_HS_Pers
LBFGS iterations run: 428
LBFGS iterations run: 2
LBFGS iterations run: 1
LBFGS iterations run: 1
LBFGS iterations run: 1
Mean +- SE trainNLL over 5 fold(s) 20060.587890625 +- 59.65739444200431
Mean +- SE testNLL over 5 fold(s) 5015.1408203125 +- 59.657793568500004
mean weights over 5 fold(s) tensor([0.7494, 8.2786, 3.1553], device='cuda:0')
Freq_HS_Pers completed in 250.09 seconds
ours1 WeightedHS
LBFGS iterations run: 550
LBFGS iterations run: 3
LBFGS iterations run: 3
LBFGS iterations run: 343
LBFGS iterations run: 2
Mean +- SE trainNLL over 5 fold(s) 19612.520703125 +- 65.07989778169507
Mean +- SE testNLL over 5 fold(s) 4912.002734375 +- 65.0279082162501
mean weights over 5 fold(s) tensor([ 0.2465, -0.4614,  0.5700,  0.5294,  0.5651,  0.5417,  0.1489,  0.0970,
         0.0817,  0.0825,  0.6698, -0.5282,  0.1091,  0.0271,  0.1471, -0.0644,
         0.4003,  0.4560, -0.0502,  0.0036,  0.2313,  0.3846,  0.0119,  0.0600,
         0.0089, -0.0376, -0.0969,  0.0276, -0.0392,  0.4795, -0.5075,  0.1487,
         0.1395, -0.0927,  0.0500, -0.5631,  0.0837,  0.4740, -0.0016, -0.1088,
         0.0239,  0.1640,  0.1955, -0.1484,  0.1531, -0.0841,  0.1808, -0.4359,
         0.1074,  0.2727,  1.2503,  0.1391,  0.2785,  0.0147,  0.1912,  0.4939,
         0.3570, -1.1929,  0.0042, -0.1341, -0.2417,  0.0723,  0.1412,  0.1020,
        -0.0144,  0.2150, -0.0926,  0.3122,  0.6635,  0.1375,  1.0388, -0.3038,
        -0.1945,  0.1860, -0.0468,  0.1511,  0.2380, -0.0572,  0.2172,  0.9460,
        -0.2093,  0.3934,  0.0737,  0.0674,  0.2572, -0.1011,  0.0959, -0.9451,
         0.5129,  0.0764, -0.9342,  0.9940,  0.0923, -0.0594, -0.0139,  0.2584,
         0.2016,  0.1460,  0.0171, -0.2049, -0.0757,  0.0560,  0.2711,  0.0745,
         1.2873, -0.0158,  0.2046,  0.0867,  0.0670,  0.6474, -0.0026, -0.0026,
         0.1108, -0.1486,  0.2199,  0.0557, -0.3299,  0.5032,  0.1259, -0.3303,
         0.1902,  0.3582,  0.0562, -0.0895,  0.1447,  0.1824,  0.3092],
       device='cuda:0')
WeightedHS completed in 854.40 seconds
ours1 FreqWeightedHS
LBFGS iterations run: 575
LBFGS iterations run: 373
LBFGS iterations run: 3
LBFGS iterations run: 328
LBFGS iterations run: 323
Mean +- SE trainNLL over 5 fold(s) 19015.962109375 +- 63.067369654301466
Mean +- SE testNLL over 5 fold(s) 4777.43642578125 +- 63.094538071614146
mean weights over 5 fold(s) tensor([ 0.7485,  0.2754, -0.1203,  0.4738,  0.4627,  0.3987,  0.3962,  0.1786,
         0.0950,  0.0887,  0.1032,  0.4263, -0.4683,  0.2534,  0.0155,  0.1666,
        -0.0854,  0.4421,  0.4328, -0.1886,  0.0183,  0.2446,  0.4579, -0.0036,
         0.0531,  0.0123, -0.0312,  0.0098,  0.0231, -0.0573,  0.4344, -0.5513,
         0.0519,  0.1289, -0.1019,  0.0213, -0.3617, -0.0702,  0.5432,  0.0144,
        -0.1191,  0.0068,  0.1219,  0.0332, -0.1061,  0.2445, -0.0634,  0.1724,
        -0.5773,  0.0386,  0.2807,  0.7142,  0.1779,  0.3430, -0.1183,  0.1560,
         0.4371,  0.2556, -0.9096,  0.0146, -0.0945, -0.3434,  0.0822,  0.0550,
         0.1022, -0.0297,  0.1052, -0.1778,  0.2053,  0.2115,  0.1609,  0.8699,
        -0.2502, -0.1089,  0.1159, -0.0074,  0.1043,  0.1476,  0.0038,  0.1722,
         0.4523, -0.2933,  0.4554, -0.0582,  0.0488,  0.3077, -0.0613,  0.0879,
        -0.4656,  0.2212,  0.0694, -0.6817,  0.9600,  0.0798, -0.0570,  0.0231,
         0.2046,  0.1629,  0.1401,  0.1037, -0.1658, -0.0509,  0.0463,  0.2249,
         0.2693,  0.2229,  0.0428,  0.1862,  0.2754,  0.1259, -0.0913, -0.0260,
         0.0341,  0.1283, -0.1178,  0.1383,  0.1518, -0.1533,  0.2878,  0.1622,
         0.0463,  0.1001,  0.3407,  0.0435, -0.0768,  0.0840,  0.0622,  0.3142],
       device='cuda:0')
FreqWeightedHS completed in 1561.92 seconds
hills OneCueStaticLocal
LBFGS iterations run: 438
LBFGS iterations run: 3
LBFGS iterations run: 1
LBFGS iterations run: 1
LBFGS iterations run: 0
Mean +- SE trainNLL over 5 fold(s) 20565.789453125 +- 56.3458462187622
Mean +- SE testNLL over 5 fold(s) 5141.446484375 +- 56.344842071630076
mean weights over 5 fold(s) tensor([11.9284], device='cuda:0')
OneCueStaticLocal completed in 255.49 seconds
hills OneCueStaticLocal_2step
LBFGS iterations run: 418
LBFGS iterations run: 41
LBFGS iterations run: 1
LBFGS iterations run: 0
LBFGS iterations run: 1
Mean +- SE trainNLL over 5 fold(s) 21381.431640625 +- 67.70076538284371
Mean +- SE testNLL over 5 fold(s) 5345.35654296875 +- 67.69826054872637
mean weights over 5 fold(s) tensor([9.6685], device='cuda:0')
OneCueStaticLocal_2step completed in 265.39 seconds
hills OneCueStaticLocal_12step
LBFGS iterations run: 466
LBFGS iterations run: 92
LBFGS iterations run: 1
LBFGS iterations run: 1
LBFGS iterations run: 3
Mean +- SE trainNLL over 5 fold(s) 20330.394140625 +- 58.33958143929563
Mean +- SE testNLL over 5 fold(s) 5082.6603515625 +- 58.33967284993903
mean weights over 5 fold(s) tensor([10.5021,  5.7165], device='cuda:0')
OneCueStaticLocal_12step completed in 317.44 seconds
hills CombinedCueStatic
LBFGS iterations run: 422
LBFGS iterations run: 2
LBFGS iterations run: 7
LBFGS iterations run: 1
LBFGS iterations run: 69
Mean +- SE trainNLL over 5 fold(s) 20283.963671875 +- 54.36477067539583
Mean +- SE testNLL over 5 fold(s) 5071.05078125 +- 54.368219103985474
mean weights over 5 fold(s) tensor([ 0.4860, 10.9060], device='cuda:0')
CombinedCueStatic completed in 283.41 seconds
hills CombinedCueStatic_12step
LBFGS iterations run: 454
LBFGS iterations run: 3
LBFGS iterations run: 3
LBFGS iterations run: 4
LBFGS iterations run: 3
Mean +- SE trainNLL over 5 fold(s) 20187.823828125 +- 56.12487665012458
Mean +- SE testNLL over 5 fold(s) 5046.954296875 +- 56.12693608665453
mean weights over 5 fold(s) tensor([ 0.3735, 10.1967,  4.0567], device='cuda:0')
CombinedCueStatic_12step completed in 264.99 seconds
heineman Freq_Sim_Subcategory
LBFGS iterations run: 635
LBFGS iterations run: 403
LBFGS iterations run: 1
LBFGS iterations run: 1
LBFGS iterations run: 1
Mean +- SE trainNLL over 5 fold(s) 19507.79496389258 +- 55.6714553109767
Mean +- SE testNLL over 5 fold(s) 4877.118295284473 +- 55.67139800490238
mean weights over 5 fold(s) tensor([0.5434, 7.3884, 7.0420], device='cuda:0')
Freq_Sim_Subcategory completed in 354.19 seconds
--------------------------------PLOTTING MODELS--------------------------------
ours1 Random
ours1 Freq
ours1 HS
ours1 HS2step
ours1 Pers
ours1 Freq_HS
ours1 HS_HS2step
ours1 HS_Pers
ours1 Freq_Pers
ours1 Freq_HS_HS2step
ours1 Freq_HS_Pers
ours1 WeightedHS
ours1 FreqWeightedHS
hills OneCueStaticLocal
hills OneCueStaticLocal_2step
hills OneCueStaticLocal_12step
hills CombinedCueStatic
hills CombinedCueStatic_12step
heineman Freq_Sim_Subcategory
