nohup: ignoring input
cuda
CUDA available: True
GPU count: 1
{'dataset': 'hills', 'representation': 'clip', 'fit': True, 'lr': 0.01, 'initval': 1.0, 'tol': 1e-06, 'maxiter': 5000, 'plot': True, 'fitting': 'group', 'cv': 5, 'refnll': 'none', 'mask': True, 'hills': True, 'useallresp': False, 'useapifreq': True, 'heineman': True, 'ours1': True, 'print': True, 'simulate': True, 'recovery': False, 'preventrepetition': True, 'sensitivity': 5, 'test': True}
PearsonRResult(statistic=0.8112413448848204, pvalue=4.808592270108805e-84)
SignificanceResult(statistic=0.8317162142582375, pvalue=5.6796511198379345e-92)
TRUE BLEUS MEAN: {'bleu1': 0.9066666666666666, 'bleu2': 0.242, 'bleu3': 0.030000000000000002, 'bleu4': 0.0006666666666666666}
--------------------------------FITTING MODELS--------------------------------
ours1 Random
Mean +- SE trainNLL over 5 fold(s) 22262.5046875 +- 67.07533796193292
Sum testNLL over 5 fold(s) 27828.12060546875
Random completed in 2.95 seconds
ours1 Freq
LBFGS iterations run: 135
LBFGS iterations run: 108
LBFGS iterations run: 1
LBFGS iterations run: 1
LBFGS iterations run: 0
Mean +- SE trainNLL over 5 fold(s) 21032.2546875 +- 57.982100155794306
Sum testNLL over 5 fold(s) 26291.16748046875
weights for each 5 fold [tensor([0.9611], device='cuda:0'), tensor([0.9395], device='cuda:0'), tensor([0.9395], device='cuda:0'), tensor([0.9395], device='cuda:0'), tensor([0.9395], device='cuda:0')]
Freq completed in 135.64 seconds
ours1 HS
LBFGS iterations run: 472
LBFGS iterations run: 1
LBFGS iterations run: 1
LBFGS iterations run: 0
LBFGS iterations run: 1
Mean +- SE trainNLL over 5 fold(s) 20332.08046875 +- 62.43357326778508
Sum testNLL over 5 fold(s) 25415.103515625
weights for each 5 fold [tensor([12.7039], device='cuda:0'), tensor([12.7039], device='cuda:0'), tensor([12.7039], device='cuda:0'), tensor([12.7039], device='cuda:0'), tensor([12.7039], device='cuda:0')]
HS completed in 257.66 seconds
ours1 HS2step
LBFGS iterations run: 390
LBFGS iterations run: 2
LBFGS iterations run: 1
LBFGS iterations run: 0
LBFGS iterations run: 0
Mean +- SE trainNLL over 5 fold(s) 21732.487109375 +- 70.22056080819411
Sum testNLL over 5 fold(s) 27165.61328125
weights for each 5 fold [tensor([6.8874], device='cuda:0'), tensor([6.8874], device='cuda:0'), tensor([6.8874], device='cuda:0'), tensor([6.8874], device='cuda:0'), tensor([6.8874], device='cuda:0')]
HS2step completed in 216.04 seconds
ours1 Pers
LBFGS iterations run: 468
LBFGS iterations run: 1
LBFGS iterations run: 1
LBFGS iterations run: 0
LBFGS iterations run: 1
Mean +- SE trainNLL over 5 fold(s) 20635.784765625 +- 67.65292388935461
Sum testNLL over 5 fold(s) 25794.736328125
weights for each 5 fold [tensor([10.8245], device='cuda:0'), tensor([10.8245], device='cuda:0'), tensor([10.8245], device='cuda:0'), tensor([10.8245], device='cuda:0'), tensor([10.8245], device='cuda:0')]
Pers completed in 268.99 seconds
ours1 Freq_HS
LBFGS iterations run: 463
LBFGS iterations run: 2
LBFGS iterations run: 1
LBFGS iterations run: 1
LBFGS iterations run: 1
Mean +- SE trainNLL over 5 fold(s) 19210.689453125 +- 54.21262728003507
Sum testNLL over 5 fold(s) 24013.36181640625
weights for each 5 fold [tensor([ 0.8988, 12.3867], device='cuda:0'), tensor([ 0.8986, 12.3888], device='cuda:0'), tensor([ 0.8986, 12.3888], device='cuda:0'), tensor([ 0.8986, 12.3888], device='cuda:0'), tensor([ 0.8986, 12.3888], device='cuda:0')]
Freq_HS completed in 254.60 seconds
ours1 HS_HS2step
LBFGS iterations run: 470
LBFGS iterations run: 1
LBFGS iterations run: 1
LBFGS iterations run: 1
LBFGS iterations run: 1
Mean +- SE trainNLL over 5 fold(s) 20300.151953125 +- 63.65577457576666
Sum testNLL over 5 fold(s) 25375.1943359375
weights for each 5 fold [tensor([11.9595,  2.0936], device='cuda:0'), tensor([11.9595,  2.0936], device='cuda:0'), tensor([11.9595,  2.0936], device='cuda:0'), tensor([11.9595,  2.0936], device='cuda:0'), tensor([11.9595,  2.0936], device='cuda:0')]
HS_HS2step completed in 256.04 seconds
ours1 HS_Pers
LBFGS iterations run: 457
LBFGS iterations run: 1
LBFGS iterations run: 1
LBFGS iterations run: 0
LBFGS iterations run: 1
Mean +- SE trainNLL over 5 fold(s) 20292.75703125 +- 63.72078528754282
Sum testNLL over 5 fold(s) 25365.94384765625
weights for each 5 fold [tensor([9.5786, 3.4265], device='cuda:0'), tensor([9.5786, 3.4265], device='cuda:0'), tensor([9.5786, 3.4265], device='cuda:0'), tensor([9.5786, 3.4265], device='cuda:0'), tensor([9.5786, 3.4265], device='cuda:0')]
HS_Pers completed in 246.87 seconds
ours1 Freq_Pers
LBFGS iterations run: 451
LBFGS iterations run: 16
LBFGS iterations run: 1
LBFGS iterations run: 1
LBFGS iterations run: 1
Mean +- SE trainNLL over 5 fold(s) 19529.451171875 +- 59.71229392134521
Sum testNLL over 5 fold(s) 24411.79052734375
weights for each 5 fold [tensor([ 0.8851, 10.4074], device='cuda:0'), tensor([ 0.8841, 10.4187], device='cuda:0'), tensor([ 0.8841, 10.4187], device='cuda:0'), tensor([ 0.8841, 10.4187], device='cuda:0'), tensor([ 0.8841, 10.4187], device='cuda:0')]
Freq_Pers completed in 252.37 seconds
ours1 Freq_HS_HS2step
LBFGS iterations run: 456
LBFGS iterations run: 3
LBFGS iterations run: 2
LBFGS iterations run: 10
LBFGS iterations run: 153
Mean +- SE trainNLL over 5 fold(s) 19188.128125 +- 55.29956200093376
Sum testNLL over 5 fold(s) 23986.57568359375
weights for each 5 fold [tensor([ 0.8932, 11.7407,  1.7756], device='cuda:0'), tensor([ 0.8929, 11.7436,  1.7757], device='cuda:0'), tensor([ 0.8929, 11.7443,  1.7751], device='cuda:0'), tensor([ 0.8923, 11.7534,  1.7668], device='cuda:0'), tensor([ 0.8809, 11.8652,  1.5205], device='cuda:0')]
Freq_HS_HS2step completed in 331.26 seconds
ours1 Freq_HS_Pers
LBFGS iterations run: 457
LBFGS iterations run: 7
LBFGS iterations run: 67
LBFGS iterations run: 2
LBFGS iterations run: 90
Mean +- SE trainNLL over 5 fold(s) 19183.3390625 +- 55.31379299391369
Sum testNLL over 5 fold(s) 23980.83740234375
weights for each 5 fold [tensor([0.8920, 9.7596, 2.8806], device='cuda:0'), tensor([0.8915, 9.7632, 2.8817], device='cuda:0'), tensor([0.8886, 9.7962, 2.7506], device='cuda:0'), tensor([0.8885, 9.7974, 2.7496], device='cuda:0'), tensor([ 0.8796, 10.0551,  2.5225], device='cuda:0')]
Freq_HS_Pers completed in 330.37 seconds
ours1 WeightedHS
LBFGS iterations run: 533
LBFGS iterations run: 248
LBFGS iterations run: 1
LBFGS iterations run: 1
LBFGS iterations run: 302
Mean +- SE trainNLL over 5 fold(s) 19536.842578125 +- 72.5400118315976
Sum testNLL over 5 fold(s) 24471.1181640625
weights for each 5 fold [tensor([ 0.0712,  0.1526,  0.5168,  0.5300,  0.4965,  0.1384,  0.1479,  0.1524,
         0.0513, -0.5581,  0.2026, -0.0165,  0.2402,  0.2699,  0.1727,  0.0977,
         0.0946,  0.0552,  0.0283, -0.1025,  0.5243, -0.2769,  0.1877,  0.0145,
         0.1559,  0.5178,  0.1143, -0.0982,  0.0787,  0.1789,  0.2548, -0.1724,
         0.3453, -0.0866,  0.2117,  0.1513,  0.2993,  0.1369,  0.3415,  0.0711,
         0.2524,  0.5879,  0.4051,  0.0763, -0.0946,  0.1382,  0.2079,  0.0891,
         0.0495,  0.3495,  0.3747,  0.1568, -0.2206, -0.2252,  0.3262,  0.2256,
         0.1915, -0.0452,  0.2587,  0.5614,  0.1274,  0.1702, -0.0605,  0.2018,
         0.5193, -0.1301,  0.0835,  0.0401,  0.0748,  0.3630,  0.1567, -0.1681,
        -0.0348,  0.1401,  0.3325, -0.0074,  0.2886,  0.1088,  0.0434,  0.0738,
         0.1052, -0.1517,  0.2721,  0.0706,  0.6303,  0.1492,  0.3058,  0.4113,
        -0.0434,  0.1989,  0.3969], device='cuda:0'), tensor([-0.0019,  0.1413,  0.5162,  0.5170,  0.4125,  0.2194,  0.1694,  0.1405,
         0.0767, -0.5449,  0.2194, -0.0358,  0.2615,  0.3156,  0.2138,  0.1058,
         0.0977,  0.0548, -0.0134, -0.0701,  0.5233, -0.2881,  0.1961,  0.0214,
         0.1620,  0.5345,  0.0937, -0.1251,  0.0744,  0.2295,  0.2438, -0.1725,
         0.3529, -0.1049,  0.2176,  0.1213,  0.3542,  0.1349,  0.3637,  0.0293,
         0.2443,  0.6325,  0.3628,  0.0620, -0.0743,  0.1312,  0.1591,  0.1482,
         0.0358,  0.3230,  0.3757,  0.1331, -0.2453, -0.1828,  0.3124,  0.1756,
         0.1949, -0.0631,  0.2704,  0.6098,  0.1162,  0.1936, -0.0777,  0.1703,
         0.5393, -0.2708,  0.0205,  0.0565,  0.1100,  0.3501,  0.1287, -0.2090,
        -0.0051,  0.0983,  0.3091,  0.0355,  0.2938,  0.1257,  0.0632,  0.0856,
         0.1082, -0.1772,  0.2601,  0.0908,  0.6639,  0.1503,  0.3001,  0.3935,
        -0.0187,  0.1834,  0.4409], device='cuda:0'), tensor([-0.0019,  0.1413,  0.5162,  0.5170,  0.4125,  0.2194,  0.1694,  0.1405,
         0.0767, -0.5449,  0.2194, -0.0358,  0.2615,  0.3156,  0.2138,  0.1058,
         0.0977,  0.0548, -0.0134, -0.0701,  0.5233, -0.2881,  0.1961,  0.0214,
         0.1620,  0.5345,  0.0937, -0.1251,  0.0744,  0.2295,  0.2438, -0.1725,
         0.3529, -0.1049,  0.2176,  0.1213,  0.3542,  0.1349,  0.3637,  0.0293,
         0.2443,  0.6324,  0.3628,  0.0620, -0.0743,  0.1312,  0.1591,  0.1482,
         0.0358,  0.3230,  0.3757,  0.1331, -0.2453, -0.1828,  0.3124,  0.1756,
         0.1949, -0.0631,  0.2704,  0.6098,  0.1162,  0.1936, -0.0777,  0.1703,
         0.5393, -0.2708,  0.0205,  0.0565,  0.1100,  0.3501,  0.1287, -0.2090,
        -0.0051,  0.0983,  0.3091,  0.0355,  0.2938,  0.1257,  0.0632,  0.0856,
         0.1082, -0.1772,  0.2601,  0.0908,  0.6639,  0.1503,  0.3001,  0.3935,
        -0.0187,  0.1834,  0.4409], device='cuda:0'), tensor([-0.0019,  0.1413,  0.5162,  0.5170,  0.4125,  0.2194,  0.1694,  0.1405,
         0.0767, -0.5449,  0.2194, -0.0358,  0.2615,  0.3156,  0.2138,  0.1058,
         0.0977,  0.0548, -0.0134, -0.0701,  0.5233, -0.2881,  0.1961,  0.0214,
         0.1620,  0.5345,  0.0937, -0.1251,  0.0744,  0.2294,  0.2438, -0.1725,
         0.3529, -0.1049,  0.2176,  0.1213,  0.3542,  0.1349,  0.3637,  0.0293,
         0.2443,  0.6324,  0.3628,  0.0620, -0.0743,  0.1312,  0.1591,  0.1482,
         0.0358,  0.3230,  0.3757,  0.1331, -0.2453, -0.1828,  0.3124,  0.1756,
         0.1949, -0.0631,  0.2704,  0.6098,  0.1162,  0.1936, -0.0778,  0.1703,
         0.5393, -0.2708,  0.0205,  0.0565,  0.1100,  0.3501,  0.1287, -0.2090,
        -0.0051,  0.0983,  0.3091,  0.0355,  0.2937,  0.1257,  0.0632,  0.0856,
         0.1082, -0.1772,  0.2601,  0.0908,  0.6639,  0.1503,  0.3001,  0.3935,
        -0.0187,  0.1834,  0.4409], device='cuda:0'), tensor([ 0.0262,  0.1556,  0.5583,  0.4977,  0.3533,  0.1949,  0.1426,  0.1114,
         0.0825, -0.4984,  0.2082, -0.0437,  0.2243,  0.2830,  0.2450,  0.0657,
         0.0676,  0.0199, -0.0010, -0.0541,  0.4996, -0.2268,  0.1654, -0.0156,
         0.1489,  0.5367,  0.0889, -0.0846,  0.0714,  0.2179,  0.2139, -0.1732,
         0.3360, -0.0917,  0.2303,  0.1523,  0.3089,  0.1570,  0.3235,  0.0377,
         0.2623,  0.5717,  0.3574,  0.0543, -0.1442,  0.1527,  0.2126,  0.0821,
         0.0454,  0.3584,  0.3518,  0.1823, -0.2187, -0.1485,  0.3118,  0.2000,
         0.1596, -0.0325,  0.2505,  0.6342,  0.0970,  0.2272, -0.0354,  0.2197,
         0.5461, -0.2080, -0.0079,  0.0273,  0.1361,  0.3873,  0.1488, -0.1247,
         0.0024,  0.1020,  0.3158,  0.0363,  0.2844,  0.1173,  0.0963,  0.0869,
         0.1188, -0.1652,  0.2876,  0.0750,  0.5906,  0.1518,  0.2551,  0.3965,
        -0.0225,  0.2030,  0.3932], device='cuda:0')]
WeightedHS completed in 841.37 seconds
ours1 FreqWeightedHS
LBFGS iterations run: 550
LBFGS iterations run: 253
LBFGS iterations run: 1
LBFGS iterations run: 1
LBFGS iterations run: 1
Mean +- SE trainNLL over 5 fold(s) 18436.00703125 +- 66.33633573894491
Sum testNLL over 5 fold(s) 23069.22216796875
weights for each 5 fold [tensor([ 0.9749,  0.1815,  0.2004,  0.4110,  0.4538,  0.4945,  0.0958,  0.1511,
         0.1733,  0.0659, -0.5816,  0.2188, -0.1533,  0.3624,  0.2847,  0.1115,
         0.0998,  0.0421,  0.0532,  0.0431, -0.1934,  0.4714, -0.4597,  0.1639,
        -0.0101,  0.1144,  0.5764,  0.1750, -0.1024,  0.0649,  0.1786,  0.0724,
        -0.0682,  0.3950, -0.0487,  0.1814, -0.0575,  0.3233,  0.1637,  0.4446,
        -0.0468,  0.1928,  0.6127,  0.3373,  0.1152, -0.1913,  0.1486,  0.0834,
         0.1433,  0.0365,  0.3134,  0.3911,  0.1610, -0.1714, -0.1532,  0.2339,
         0.2008,  0.0748,  0.0519,  0.2563,  0.6834,  0.0802,  0.2001, -0.0021,
         0.1745,  0.2037, -0.0637,  0.1231,  0.0416,  0.0669,  0.2930,  0.1674,
        -0.0918, -0.0276,  0.1878,  0.2721,  0.0486,  0.2972,  0.1568, -0.0076,
         0.0729,  0.1359, -0.1011,  0.1803,  0.1848,  0.3453,  0.2244,  0.1323,
         0.3977, -0.0464,  0.1184,  0.4330], device='cuda:0'), tensor([ 9.5507e-01,  1.1196e-01,  1.9426e-01,  4.0896e-01,  4.2693e-01,
         4.1419e-01,  1.7952e-01,  1.7237e-01,  1.5827e-01,  8.5206e-02,
        -5.5008e-01,  2.3411e-01, -1.6587e-01,  3.8156e-01,  3.3111e-01,
         1.4673e-01,  1.0830e-01,  4.5465e-02,  5.4803e-02,  9.5023e-04,
        -1.6081e-01,  4.6033e-01, -4.7050e-01,  1.6929e-01, -1.7087e-03,
         1.1944e-01,  5.8566e-01,  1.5519e-01, -1.3191e-01,  5.7323e-02,
         2.3648e-01,  6.6512e-02, -6.6262e-02,  4.0695e-01, -6.0654e-02,
         1.8857e-01, -8.7133e-02,  3.7473e-01,  1.6273e-01,  4.6315e-01,
        -9.2781e-02,  1.9441e-01,  6.6439e-01,  2.9857e-01,  9.7510e-02,
        -1.7133e-01,  1.4073e-01,  3.9115e-02,  2.0003e-01,  1.8229e-02,
         2.8223e-01,  3.8239e-01,  1.4134e-01, -1.9394e-01, -1.0800e-01,
         2.2368e-01,  1.4766e-01,  7.7814e-02,  3.2660e-02,  2.7167e-01,
         7.3594e-01,  6.9147e-02,  2.2696e-01, -2.1868e-02,  1.4647e-01,
         2.2248e-01, -2.1826e-01,  5.9865e-02,  5.8757e-02,  9.6986e-02,
         2.8215e-01,  1.4146e-01, -1.2785e-01,  7.1168e-03,  1.4321e-01,
         2.5203e-01,  8.6974e-02,  3.0429e-01,  1.8326e-01,  1.6184e-02,
         8.8973e-02,  1.3672e-01, -1.2190e-01,  1.6757e-01,  2.0835e-01,
         3.7161e-01,  2.1922e-01,  1.2336e-01,  3.8116e-01, -2.2571e-02,
         9.7727e-02,  4.7582e-01], device='cuda:0'), tensor([ 9.5507e-01,  1.1195e-01,  1.9426e-01,  4.0896e-01,  4.2693e-01,
         4.1418e-01,  1.7951e-01,  1.7236e-01,  1.5827e-01,  8.5202e-02,
        -5.5008e-01,  2.3411e-01, -1.6587e-01,  3.8155e-01,  3.3111e-01,
         1.4673e-01,  1.0830e-01,  4.5463e-02,  5.4802e-02,  9.4736e-04,
        -1.6081e-01,  4.6033e-01, -4.7050e-01,  1.6929e-01, -1.7142e-03,
         1.1943e-01,  5.8566e-01,  1.5519e-01, -1.3191e-01,  5.7319e-02,
         2.3648e-01,  6.6511e-02, -6.6264e-02,  4.0695e-01, -6.0657e-02,
         1.8857e-01, -8.7133e-02,  3.7473e-01,  1.6272e-01,  4.6315e-01,
        -9.2782e-02,  1.9441e-01,  6.6439e-01,  2.9857e-01,  9.7508e-02,
        -1.7133e-01,  1.4073e-01,  3.9114e-02,  2.0003e-01,  1.8226e-02,
         2.8223e-01,  3.8239e-01,  1.4134e-01, -1.9394e-01, -1.0801e-01,
         2.2367e-01,  1.4766e-01,  7.7813e-02,  3.2659e-02,  2.7167e-01,
         7.3594e-01,  6.9145e-02,  2.2696e-01, -2.1870e-02,  1.4646e-01,
         2.2248e-01, -2.1827e-01,  5.9862e-02,  5.8755e-02,  9.6985e-02,
         2.8215e-01,  1.4145e-01, -1.2785e-01,  7.1159e-03,  1.4320e-01,
         2.5203e-01,  8.6974e-02,  3.0429e-01,  1.8326e-01,  1.6183e-02,
         8.8973e-02,  1.3672e-01, -1.2190e-01,  1.6757e-01,  2.0835e-01,
         3.7161e-01,  2.1922e-01,  1.2336e-01,  3.8116e-01, -2.2573e-02,
         9.7724e-02,  4.7582e-01], device='cuda:0'), tensor([ 9.5505e-01,  1.1195e-01,  1.9425e-01,  4.0896e-01,  4.2693e-01,
         4.1419e-01,  1.7950e-01,  1.7236e-01,  1.5826e-01,  8.5194e-02,
        -5.5008e-01,  2.3410e-01, -1.6588e-01,  3.8155e-01,  3.3110e-01,
         1.4673e-01,  1.0829e-01,  4.5459e-02,  5.4800e-02,  9.4744e-04,
        -1.6082e-01,  4.6033e-01, -4.7050e-01,  1.6928e-01, -1.7190e-03,
         1.1943e-01,  5.8566e-01,  1.5519e-01, -1.3192e-01,  5.7316e-02,
         2.3647e-01,  6.6509e-02, -6.6265e-02,  4.0695e-01, -6.0658e-02,
         1.8857e-01, -8.7133e-02,  3.7473e-01,  1.6272e-01,  4.6314e-01,
        -9.2780e-02,  1.9441e-01,  6.6439e-01,  2.9857e-01,  9.7507e-02,
        -1.7133e-01,  1.4072e-01,  3.9113e-02,  2.0003e-01,  1.8224e-02,
         2.8223e-01,  3.8239e-01,  1.4133e-01, -1.9394e-01, -1.0801e-01,
         2.2367e-01,  1.4766e-01,  7.7812e-02,  3.2660e-02,  2.7167e-01,
         7.3594e-01,  6.9141e-02,  2.2696e-01, -2.1872e-02,  1.4646e-01,
         2.2248e-01, -2.1826e-01,  5.9858e-02,  5.8751e-02,  9.6982e-02,
         2.8215e-01,  1.4145e-01, -1.2785e-01,  7.1122e-03,  1.4321e-01,
         2.5203e-01,  8.6971e-02,  3.0429e-01,  1.8326e-01,  1.6179e-02,
         8.8971e-02,  1.3672e-01, -1.2190e-01,  1.6756e-01,  2.0834e-01,
         3.7161e-01,  2.1922e-01,  1.2335e-01,  3.8115e-01, -2.2577e-02,
         9.7722e-02,  4.7581e-01], device='cuda:0'), tensor([ 9.5503e-01,  1.1195e-01,  1.9425e-01,  4.0896e-01,  4.2693e-01,
         4.1419e-01,  1.7949e-01,  1.7235e-01,  1.5826e-01,  8.5185e-02,
        -5.5009e-01,  2.3409e-01, -1.6588e-01,  3.8155e-01,  3.3110e-01,
         1.4672e-01,  1.0828e-01,  4.5454e-02,  5.4798e-02,  9.4748e-04,
        -1.6082e-01,  4.6032e-01, -4.7050e-01,  1.6928e-01, -1.7245e-03,
         1.1943e-01,  5.8566e-01,  1.5519e-01, -1.3192e-01,  5.7313e-02,
         2.3647e-01,  6.6507e-02, -6.6267e-02,  4.0695e-01, -6.0659e-02,
         1.8856e-01, -8.7134e-02,  3.7473e-01,  1.6272e-01,  4.6314e-01,
        -9.2779e-02,  1.9440e-01,  6.6439e-01,  2.9857e-01,  9.7506e-02,
        -1.7133e-01,  1.4072e-01,  3.9112e-02,  2.0002e-01,  1.8222e-02,
         2.8224e-01,  3.8239e-01,  1.4133e-01, -1.9394e-01, -1.0801e-01,
         2.2367e-01,  1.4766e-01,  7.7810e-02,  3.2661e-02,  2.7167e-01,
         7.3594e-01,  6.9136e-02,  2.2695e-01, -2.1876e-02,  1.4646e-01,
         2.2247e-01, -2.1825e-01,  5.9852e-02,  5.8746e-02,  9.6979e-02,
         2.8215e-01,  1.4145e-01, -1.2785e-01,  7.1077e-03,  1.4321e-01,
         2.5203e-01,  8.6968e-02,  3.0429e-01,  1.8326e-01,  1.6174e-02,
         8.8968e-02,  1.3671e-01, -1.2190e-01,  1.6756e-01,  2.0834e-01,
         3.7161e-01,  2.1922e-01,  1.2335e-01,  3.8115e-01, -2.2583e-02,
         9.7719e-02,  4.7581e-01], device='cuda:0')]
FreqWeightedHS completed in 731.15 seconds
ours1 FreqWeightedHSWeightedPers
LBFGS iterations run: 544
LBFGS iterations run: 253
LBFGS iterations run: 1
LBFGS iterations run: 334
LBFGS iterations run: 1
Mean +- SE trainNLL over 5 fold(s) 18425.2546875 +- 65.73006526449896
Sum testNLL over 5 fold(s) 23090.5849609375
weights for each 5 fold [tensor([ 0.9750,  0.1790,  0.1996,  0.4083,  0.4502,  0.4884,  0.0939,  0.1503,
         0.1720,  0.0656, -0.5773,  0.2170, -0.1518,  0.3596,  0.2823,  0.1106,
         0.0991,  0.0418,  0.0533,  0.0422, -0.1929,  0.4666, -0.4552,  0.1625,
        -0.0111,  0.1151,  0.5710,  0.1737, -0.1014,  0.0643,  0.1763,  0.0719,
        -0.0678,  0.3899, -0.0483,  0.1804, -0.0562,  0.3210,  0.1615,  0.4408,
        -0.0476,  0.1914,  0.6070,  0.3327,  0.1148, -0.1888,  0.1472,  0.0821,
         0.1414,  0.0362,  0.3112,  0.3875,  0.1595, -0.1700, -0.1541,  0.2316,
         0.1981,  0.0726,  0.0520,  0.2546,  0.6746,  0.0798,  0.1966, -0.0025,
         0.1738,  0.2030, -0.0639,  0.1224,  0.0414,  0.0654,  0.2886,  0.1660,
        -0.0910, -0.0265,  0.1848,  0.2705,  0.0479,  0.2945,  0.1566, -0.0078,
         0.0725,  0.1350, -0.1005,  0.1787,  0.1834,  0.3412,  0.2232,  0.1313,
         0.3948, -0.0460,  0.1177,  0.4282], device='cuda:0'), tensor([ 9.5531e-01,  1.1006e-01,  1.9383e-01,  4.0592e-01,  4.2348e-01,
         4.0892e-01,  1.7691e-01,  1.7128e-01,  1.5704e-01,  8.4851e-02,
        -5.4657e-01,  2.3227e-01, -1.6459e-01,  3.7891e-01,  3.2803e-01,
         1.4544e-01,  1.0746e-01,  4.5068e-02,  5.4587e-02,  5.4736e-04,
        -1.6079e-01,  4.5549e-01, -4.6632e-01,  1.6838e-01, -2.9589e-03,
         1.1991e-01,  5.7994e-01,  1.5428e-01, -1.3103e-01,  5.6664e-02,
         2.3386e-01,  6.6016e-02, -6.5780e-02,  4.0163e-01, -6.0429e-02,
         1.8761e-01, -8.5534e-02,  3.7187e-01,  1.6067e-01,  4.5909e-01,
        -9.2940e-02,  1.9278e-01,  6.5777e-01,  2.9463e-01,  9.7268e-02,
        -1.6933e-01,  1.3935e-01,  3.8208e-02,  1.9746e-01,  1.7787e-02,
         2.8047e-01,  3.7830e-01,  1.4012e-01, -1.9223e-01, -1.0965e-01,
         2.2131e-01,  1.4548e-01,  7.5569e-02,  3.2722e-02,  2.6980e-01,
         7.2657e-01,  6.8362e-02,  2.2308e-01, -2.2328e-02,  1.4585e-01,
         2.2135e-01, -2.1623e-01,  5.9489e-02,  5.8369e-02,  9.5482e-02,
         2.7814e-01,  1.4023e-01, -1.2716e-01,  7.5552e-03,  1.4075e-01,
         2.5057e-01,  8.5829e-02,  3.0192e-01,  1.8216e-01,  1.6062e-02,
         8.8788e-02,  1.3583e-01, -1.2079e-01,  1.6578e-01,  2.0631e-01,
         3.6715e-01,  2.1796e-01,  1.2261e-01,  3.7792e-01, -2.2526e-02,
         9.7185e-02,  4.7104e-01], device='cuda:0'), tensor([ 9.5532e-01,  1.1005e-01,  1.9383e-01,  4.0592e-01,  4.2348e-01,
         4.0892e-01,  1.7691e-01,  1.7128e-01,  1.5703e-01,  8.4846e-02,
        -5.4657e-01,  2.3227e-01, -1.6459e-01,  3.7891e-01,  3.2803e-01,
         1.4544e-01,  1.0746e-01,  4.5066e-02,  5.4586e-02,  5.4446e-04,
        -1.6079e-01,  4.5549e-01, -4.6632e-01,  1.6837e-01, -2.9645e-03,
         1.1990e-01,  5.7993e-01,  1.5428e-01, -1.3103e-01,  5.6660e-02,
         2.3386e-01,  6.6016e-02, -6.5781e-02,  4.0163e-01, -6.0432e-02,
         1.8760e-01, -8.5534e-02,  3.7187e-01,  1.6066e-01,  4.5909e-01,
        -9.2941e-02,  1.9278e-01,  6.5777e-01,  2.9462e-01,  9.7266e-02,
        -1.6933e-01,  1.3935e-01,  3.8207e-02,  1.9746e-01,  1.7784e-02,
         2.8047e-01,  3.7830e-01,  1.4011e-01, -1.9223e-01, -1.0965e-01,
         2.2131e-01,  1.4548e-01,  7.5569e-02,  3.2721e-02,  2.6980e-01,
         7.2657e-01,  6.8360e-02,  2.2308e-01, -2.2330e-02,  1.4585e-01,
         2.2135e-01, -2.1623e-01,  5.9486e-02,  5.8366e-02,  9.5482e-02,
         2.7814e-01,  1.4023e-01, -1.2717e-01,  7.5543e-03,  1.4074e-01,
         2.5057e-01,  8.5828e-02,  3.0192e-01,  1.8216e-01,  1.6061e-02,
         8.8787e-02,  1.3583e-01, -1.2079e-01,  1.6578e-01,  2.0630e-01,
         3.6715e-01,  2.1795e-01,  1.2260e-01,  3.7792e-01, -2.2528e-02,
         9.7182e-02,  4.7104e-01], device='cuda:0'), tensor([ 9.6073e-01,  1.6929e-01,  2.2997e-01,  3.7992e-01,  3.8002e-01,
         5.0366e-01,  1.8428e-01,  1.2676e-01,  1.1119e-01,  9.7198e-02,
        -4.7585e-01,  1.9328e-01, -1.5513e-01,  2.5215e-01,  3.3641e-01,
         1.6280e-01,  7.1610e-02,  5.6442e-02,  3.8691e-02,  2.2922e-02,
        -1.4528e-01,  4.3590e-01, -4.8408e-01,  1.6110e-01, -1.7713e-02,
         1.1284e-01,  5.8126e-01,  1.6896e-01, -1.1772e-01,  1.1227e-01,
         1.4447e-01,  7.0356e-02, -7.0418e-02,  3.0044e-01, -3.3971e-02,
         2.1318e-01, -5.9313e-02,  3.5157e-01,  1.5647e-01,  4.5294e-01,
        -4.5728e-02,  1.9705e-01,  6.6471e-01,  2.8294e-01,  7.5791e-02,
        -1.7802e-01,  1.5627e-01,  7.9979e-02,  1.6827e-01,  9.4267e-03,
         2.8527e-01,  3.5631e-01,  1.4975e-01, -1.8778e-01, -5.0378e-02,
         2.3208e-01,  2.0481e-01,  2.8259e-02,  9.8144e-02,  2.2666e-01,
         7.4446e-01,  5.4036e-02,  2.6547e-01,  4.5362e-04,  1.7633e-01,
         2.4611e-01, -8.5726e-02,  7.5273e-02,  4.8007e-04,  7.4641e-02,
         2.8224e-01,  1.6765e-01, -7.0718e-02,  1.1758e-02,  1.7403e-01,
         2.5306e-01,  3.7912e-02,  3.0087e-01,  1.3524e-01,  3.4212e-02,
         4.0343e-02,  1.3435e-01, -1.1518e-01,  1.9739e-01,  1.8265e-01,
         3.3322e-01,  2.4115e-01,  5.4359e-02,  3.6530e-01, -5.1351e-02,
         1.3311e-01,  4.1557e-01], device='cuda:0'), tensor([ 9.6073e-01,  1.6929e-01,  2.2997e-01,  3.7992e-01,  3.8002e-01,
         5.0366e-01,  1.8428e-01,  1.2676e-01,  1.1119e-01,  9.7198e-02,
        -4.7585e-01,  1.9328e-01, -1.5513e-01,  2.5215e-01,  3.3641e-01,
         1.6280e-01,  7.1610e-02,  5.6441e-02,  3.8691e-02,  2.2923e-02,
        -1.4528e-01,  4.3590e-01, -4.8408e-01,  1.6110e-01, -1.7712e-02,
         1.1284e-01,  5.8126e-01,  1.6896e-01, -1.1773e-01,  1.1227e-01,
         1.4447e-01,  7.0356e-02, -7.0419e-02,  3.0044e-01, -3.3971e-02,
         2.1318e-01, -5.9313e-02,  3.5157e-01,  1.5647e-01,  4.5294e-01,
        -4.5728e-02,  1.9705e-01,  6.6471e-01,  2.8294e-01,  7.5791e-02,
        -1.7802e-01,  1.5627e-01,  7.9979e-02,  1.6827e-01,  9.4272e-03,
         2.8527e-01,  3.5631e-01,  1.4975e-01, -1.8778e-01, -5.0378e-02,
         2.3208e-01,  2.0481e-01,  2.8259e-02,  9.8144e-02,  2.2666e-01,
         7.4446e-01,  5.4036e-02,  2.6547e-01,  4.5379e-04,  1.7633e-01,
         2.4611e-01, -8.5726e-02,  7.5271e-02,  4.8100e-04,  7.4642e-02,
         2.8224e-01,  1.6765e-01, -7.0717e-02,  1.1758e-02,  1.7403e-01,
         2.5306e-01,  3.7912e-02,  3.0087e-01,  1.3524e-01,  3.4212e-02,
         4.0343e-02,  1.3435e-01, -1.1518e-01,  1.9739e-01,  1.8265e-01,
         3.3322e-01,  2.4115e-01,  5.4360e-02,  3.6530e-01, -5.1350e-02,
         1.3311e-01,  4.1557e-01], device='cuda:0')]
FreqWeightedHSWeightedPers completed in 283.31 seconds
hills OneCueStaticLocal
LBFGS iterations run: 514
LBFGS iterations run: 1
LBFGS iterations run: 0
LBFGS iterations run: 1
LBFGS iterations run: 0
Mean +- SE trainNLL over 5 fold(s) 19272.997265625 +- 48.760510155729214
Sum testNLL over 5 fold(s) 24091.24609375
weights for each 5 fold [tensor([21.6537], device='cuda:0'), tensor([21.6537], device='cuda:0'), tensor([21.6537], device='cuda:0'), tensor([21.6537], device='cuda:0'), tensor([21.6537], device='cuda:0')]
OneCueStaticLocal completed in 479.97 seconds
hills OneCueStaticLocal_2step
LBFGS iterations run: 461
LBFGS iterations run: 22
LBFGS iterations run: 1
LBFGS iterations run: 0
LBFGS iterations run: 1
Mean +- SE trainNLL over 5 fold(s) 20640.714453125 +- 65.44117728501101
Sum testNLL over 5 fold(s) 25800.86279296875
weights for each 5 fold [tensor([15.2564], device='cuda:0'), tensor([15.2968], device='cuda:0'), tensor([15.2968], device='cuda:0'), tensor([15.2968], device='cuda:0'), tensor([15.2968], device='cuda:0')]
OneCueStaticLocal_2step completed in 457.20 seconds
hills OneCueStaticLocal_12step
LBFGS iterations run: 511
LBFGS iterations run: 1
LBFGS iterations run: 4
LBFGS iterations run: 1
LBFGS iterations run: 1
Mean +- SE trainNLL over 5 fold(s) 19103.130859375 +- 50.448222774963476
Sum testNLL over 5 fold(s) 23878.90869140625
weights for each 5 fold [tensor([19.0872,  6.3862], device='cuda:0'), tensor([19.0872,  6.3862], device='cuda:0'), tensor([19.0872,  6.3862], device='cuda:0'), tensor([19.0872,  6.3862], device='cuda:0'), tensor([19.0872,  6.3862], device='cuda:0')]
OneCueStaticLocal_12step completed in 485.75 seconds
hills CombinedCueStatic
LBFGS iterations run: 486
LBFGS iterations run: 2
LBFGS iterations run: 1
LBFGS iterations run: 2
LBFGS iterations run: 74
Mean +- SE trainNLL over 5 fold(s) 19086.81875 +- 47.266176079561184
Sum testNLL over 5 fold(s) 23859.00537109375
weights for each 5 fold [tensor([ 0.4240, 20.1353], device='cuda:0'), tensor([ 0.4239, 20.1365], device='cuda:0'), tensor([ 0.4239, 20.1365], device='cuda:0'), tensor([ 0.4239, 20.1368], device='cuda:0'), tensor([ 0.4130, 20.2451], device='cuda:0')]
CombinedCueStatic completed in 535.74 seconds
hills CombinedCueStatic_12step
LBFGS iterations run: 491
LBFGS iterations run: 3
LBFGS iterations run: 1
LBFGS iterations run: 1
LBFGS iterations run: 71
Mean +- SE trainNLL over 5 fold(s) 19008.639453125 +- 48.69297711252174
Sum testNLL over 5 fold(s) 23761.27490234375
weights for each 5 fold [tensor([ 0.3330, 18.5459,  4.6189], device='cuda:0'), tensor([ 0.3327, 18.5504,  4.6247], device='cuda:0'), tensor([ 0.3327, 18.5504,  4.6247], device='cuda:0'), tensor([ 0.3327, 18.5505,  4.6247], device='cuda:0'), tensor([ 0.3220, 18.6624,  4.6264], device='cuda:0')]
CombinedCueStatic_12step completed in 521.16 seconds
hills CombinedCueDynamicCat
LBFGS iterations run: 404
LBFGS iterations run: 112
LBFGS iterations run: 1
LBFGS iterations run: 1
LBFGS iterations run: 1
Mean +- SE trainNLL over 5 fold(s) 20853.228515625 +- 58.59455475749434
Sum testNLL over 5 fold(s) 26067.16015625
weights for each 5 fold [tensor([0.8413, 8.3870], device='cuda:0'), tensor([0.8224, 8.6258], device='cuda:0'), tensor([0.8224, 8.6258], device='cuda:0'), tensor([0.8224, 8.6258], device='cuda:0'), tensor([0.8224, 8.6258], device='cuda:0')]
CombinedCueDynamicCat completed in 482.73 seconds
hills CombinedCueDynamicSimdrop
Traceback (most recent call last):
  File "/home/snath/process_modelling/models/runner.py", line 214, in <module>
    run(config)
  File "/home/snath/process_modelling/models/runner.py", line 78, in run
    models[model_class].models[model_name].fit()
  File "/home/snath/process_modelling/models/Model.py", line 432, in fit
    optimizer.step(closure)
  File "/home/snath/miniconda3/envs/process_modelling/lib/python3.12/site-packages/torch/optim/optimizer.py", line 493, in wrapper
    out = func(*args, **kwargs)
          ^^^^^^^^^^^^^^^^^^^^^
  File "/home/snath/miniconda3/envs/process_modelling/lib/python3.12/site-packages/torch/utils/_contextlib.py", line 116, in decorate_context
    return func(*args, **kwargs)
           ^^^^^^^^^^^^^^^^^^^^^
  File "/home/snath/miniconda3/envs/process_modelling/lib/python3.12/site-packages/torch/optim/lbfgs.py", line 330, in step
    orig_loss = closure()
                ^^^^^^^^^
  File "/home/snath/miniconda3/envs/process_modelling/lib/python3.12/site-packages/torch/utils/_contextlib.py", line 116, in decorate_context
    return func(*args, **kwargs)
           ^^^^^^^^^^^^^^^^^^^^^
  File "/home/snath/process_modelling/models/Model.py", line 425, in closure
    loss = torch.stack([model.module.get_nll(seq) for seq in train_sequences]).sum()
                        ^^^^^^^^^^^^^^^^^^^^^^^^^
  File "/home/snath/process_modelling/models/Hills_Pytorch.py", line 42, in get_nll
    if self.dynamic_cat:
       ^^^^^^^^^^^^^^^^
  File "/home/snath/miniconda3/envs/process_modelling/lib/python3.12/site-packages/torch/nn/modules/module.py", line 1928, in __getattr__
    raise AttributeError(
AttributeError: 'CombinedCueDynamicSimdrop' object has no attribute 'dynamic_cat'
