nohup: ignoring input
cuda
CUDA available: True
GPU count: 1
{'dataset': 'hills', 'representation': 'clip', 'fit': False, 'lr': 0.01, 'initval': 1.0, 'tol': 1e-06, 'maxiter': 5000, 'plot': False, 'fitting': 'group', 'cv': 5, 'refnll': 'none', 'featurestouse': 'vf_features', 'mask': True, 'usehillsresp': True, 'useapifreq': True, 'hills': True, 'heineman': True, 'ours1': True, 'print': True, 'simulate': False, 'recovery': True, 'test': True}
PearsonRResult(statistic=0.8119866335089142, pvalue=4.416893758556285e-84)
SignificanceResult(statistic=0.833226288919769, pvalue=2.4293387168113275e-92)
TRUE BLEUS MEAN: {'bleu1': 0.9066666666666666, 'bleu2': 0.242, 'bleu3': 0.030000000000000002, 'bleu4': 0.0006666666666666666}
dict_keys(['feature_Is mammal', 'feature_Is bird', 'feature_Is insect', 'feature_Is reptile', 'feature_Is amphibian', 'feature_Is fish', 'feature_Is carnivore', 'feature_Is herbivore', 'feature_Is omnivore', 'feature_Has fur', 'feature_Has feathers', 'feature_Has scales', 'feature_Has exoskeleton', 'feature_Has beak', 'feature_Has claws', 'feature_Has whiskers', 'feature_Has horns', 'feature_Has antlers', 'feature_Has tusks', 'feature_Has wings', 'feature_Has tail', 'feature_Can fly', 'feature_Can swim', 'feature_Can climb', 'feature_Can dig', 'feature_Can jump', 'feature_Is nocturnal', 'feature_Is diurnal', 'feature_Has more than four limbs', 'feature_Lives in water', 'feature_Lives in trees', 'feature_Lives underground', 'feature_Lives on land', 'feature_Lays eggs', 'feature_Gives birth', 'feature_Has a long neck', 'feature_Is venomous', 'feature_Is domesticated', 'feature_Lives in groups', 'feature_Is solitary', 'feature_Builds nests', 'feature_Is migratory', 'feature_Has social hierarchy', 'feature_Uses tools', 'feature_Shows intelligence', 'feature_Communicates vocally', 'feature_Has camouflage', 'feature_Has stripes', 'feature_Has spots', 'feature_Can change color', 'feature_Is endangered', 'feature_Is commonly kept as a pet', 'feature_Is used in farming', 'feature_Is hunted by humans', 'feature_Is used for food by humans', 'feature_Is found in zoos', 'feature_Is capable of mimicry', 'feature_Has echolocation', 'feature_Is warm-blooded', 'feature_Is cold-blooded', 'feature_Has a long lifespan', 'feature_Is capable of regrowth', 'feature_Has specialized hunting techniques', 'feature_Is known for speed', 'feature_Is known for strength', 'feature_Has a specialized diet', 'feature_Can hibernate', 'feature_Has a backbone', 'feature_Is marsupial', 'feature_Is placental', 'feature_Is monotreme', 'feature_Is flightless', 'feature_Has webbed feet', 'feature_Is known for intelligence', 'feature_Is a scavenger', 'feature_Is territorial', 'feature_Is native to Africa', 'feature_Is native to Asia', 'feature_Is native to North America', 'feature_Is native to South America', 'feature_Is native to Australia', 'feature_Is native to Europe', 'feature_Is found in deserts', 'feature_Is found in forests', 'feature_Is found in oceans', 'feature_Is found in grasslands', 'feature_Is found in mountains', 'feature_Has a mane', 'feature_Has a crest', 'feature_Has gills', 'feature_Is bioluminescent', 'feature_Is used in scientific research', 'feature_Is a predator', 'feature_Is prey for larger animals', 'feature_Is capable of parental care', 'feature_Lives in a burrow', 'feature_Is a pollinator', 'feature_Can tolerate extreme temperatures', 'feature_Exhibits seasonal color changes', 'feature_Migrates seasonally', 'feature_Is active during dawn or dusk (crepuscular)', 'feature_Produces pheromones for communication', 'feature_Lives symbiotically with other species', 'feature_Is a parasite', 'feature_Is a host for parasites', 'feature_Is bi-parental (both parents care for offspring)', 'feature_Displays mating rituals', 'feature_Has specialized courtship behavior', 'feature_Exhibits territorial marking', 'feature_Is associated with mythology or folklore', 'feature_Exhibits altruistic behavior', 'feature_Is a keystone species in its ecosystem', 'feature_Uses burrows or dens for shelter', 'feature_Can regenerate body parts', 'feature_Is raised in captivity or farms', 'feature_Has unique reproductive strategies (e.g., asexual reproduction)', 'feature_Hibernates during winter', 'feature_Has a role in biological pest control', 'feature_Has distinct seasonal breeding cycles', 'feature_Forms a symbiotic relationship with plants (e.g., pollination)', 'feature_Uses specific vocalizations to communicate', 'feature_Is a flagship species (conservation symbol)', 'feature_Can be trained or tamed by humans', 'feature_Displays warning coloration', 'feature_Has flippers', 'feature_Has compound eyes', 'feature_Has a segmented body'])
--------------------------------RECOVERING MODELS--------------------------------
ours1 Random
Mean +- SE trainNLL over 5 fold(s) 22251.01796875 +- 137.19074740381646
Sum testNLL over 5 fold(s) 27813.7734375
Random completed in 3.01 seconds
ours1 Freq
LBFGS iterations run: 275
LBFGS iterations run: 71
LBFGS iterations run: 1
LBFGS iterations run: 1
LBFGS iterations run: 1
Mean +- SE trainNLL over 5 fold(s) 21296.55 +- 157.89077764577758
Sum testNLL over 5 fold(s) 26620.89794921875
weights for each 5 fold [tensor([0.8259], device='cuda:0'), tensor([0.8142], device='cuda:0'), tensor([0.8142], device='cuda:0'), tensor([0.8142], device='cuda:0'), tensor([0.8142], device='cuda:0')]
Freq completed in 191.21 seconds
ours1 HS
LBFGS iterations run: 457
LBFGS iterations run: 87
LBFGS iterations run: 1
LBFGS iterations run: 1
LBFGS iterations run: 0
Mean +- SE trainNLL over 5 fold(s) 20381.40390625 +- 95.76702656072047
Sum testNLL over 5 fold(s) 25477.123046875
weights for each 5 fold [tensor([15.3478], device='cuda:0'), tensor([15.5252], device='cuda:0'), tensor([15.5252], device='cuda:0'), tensor([15.5252], device='cuda:0'), tensor([15.5252], device='cuda:0')]
HS completed in 299.13 seconds
ours1 Freq_HS
LBFGS iterations run: 483
LBFGS iterations run: 3
LBFGS iterations run: 1
LBFGS iterations run: 1
LBFGS iterations run: 1
Mean +- SE trainNLL over 5 fold(s) 19526.366015625 +- 36.408733446177244
Sum testNLL over 5 fold(s) 24407.9580078125
weights for each 5 fold [tensor([ 0.7789, 14.9977], device='cuda:0'), tensor([ 0.7782, 15.0225], device='cuda:0'), tensor([ 0.7782, 15.0225], device='cuda:0'), tensor([ 0.7782, 15.0225], device='cuda:0'), tensor([ 0.7782, 15.0225], device='cuda:0')]
Freq_HS completed in 264.21 seconds
ours1 WeightedHS
LBFGS iterations run: 619
LBFGS iterations run: 5
LBFGS iterations run: 4
LBFGS iterations run: 367
LBFGS iterations run: 1
Mean +- SE trainNLL over 5 fold(s) 18748.353515625 +- 84.26677592346898
Sum testNLL over 5 fold(s) 23467.712890625
weights for each 5 fold [tensor([ 8.5654e-02, -7.4831e-02,  1.0184e-01,  3.0667e-01,  4.5471e-01,
         6.2266e-01,  2.4242e-01,  3.3152e-02,  7.6679e-02,  1.2091e-02,
        -1.3564e-01, -5.0970e-01, -2.0921e-01,  7.4585e-02,  1.7855e-01,
        -2.0851e-02,  4.0613e-01,  5.1997e-01, -6.4884e-03,  4.1947e-01,
         3.2352e-01,  2.9403e-01,  1.0425e-01,  1.3727e-01,  3.7430e-02,
         2.6569e-02, -1.0677e-01, -1.6275e-03, -2.8290e-01,  6.0823e-01,
        -3.4762e-01,  3.0842e-01,  9.4773e-02,  4.1245e-02,  1.0610e-01,
        -5.5813e-01,  7.6666e-01,  4.0489e-01,  9.2106e-02, -7.1552e-02,
        -2.4957e-02,  3.1941e-01,  2.2864e-01, -1.7130e-01,  3.4800e-01,
        -5.6005e-03,  2.4946e-01, -6.0697e-01,  1.9872e-01,  2.7093e-01,
         7.6513e-01,  1.0182e-01,  2.4146e-01,  3.2930e-02,  1.3276e-01,
         6.0665e-01,  2.2678e-01, -1.3009e+00, -6.4448e-02,  8.9856e-03,
        -2.2063e-01,  6.3706e-02,  1.5690e-01,  3.3613e-02,  1.1434e-01,
         2.4009e-01, -8.2576e-02,  4.9127e-01,  8.0894e-01,  1.6203e-01,
         2.1104e-01, -3.2205e-01, -5.5405e-02,  3.1148e-01,  1.2821e-01,
         2.3175e-01,  2.0563e-01,  1.7666e-01,  2.9750e-01,  1.1352e+00,
         3.4255e-02,  7.0013e-01,  3.2213e-01,  1.5363e-01,  3.2285e-01,
         8.3415e-03,  7.6778e-02, -9.2558e-01,  5.0610e-01, -6.0230e-02,
        -1.4973e+00,  1.1076e+00,  1.4411e-02, -2.9796e-02,  2.0659e-01,
         4.0686e-01,  1.4568e+00,  9.8225e-02,  1.1122e-01, -1.9626e-01,
        -1.3122e-02,  7.4127e-02,  2.9507e-01,  2.9268e-01,  1.5258e+00,
         6.6306e-02,  2.6597e-01,  2.7165e-01,  9.0332e-02,  7.1672e-01,
         1.2086e-01,  8.0869e-02,  5.3711e-02, -1.3403e-01,  3.1525e-01,
         9.2591e-02, -4.1043e-01,  6.0683e-01,  1.9896e-01, -1.6790e+00,
         2.5479e-01,  3.5956e-01,  8.6323e-02, -1.1676e-02, -8.9628e-02,
         2.2658e-01,  6.4225e-01], device='cuda:0'), tensor([ 0.0857, -0.0859,  0.1018,  0.3067,  0.4547,  0.6227,  0.2424,  0.0331,
         0.0767,  0.0121, -0.1246, -0.5100, -0.2093,  0.0749,  0.1786, -0.0208,
         0.4061,  0.5200, -0.0067,  0.4192,  0.3234,  0.2940,  0.1041,  0.1372,
         0.0374,  0.0265, -0.1066, -0.0017, -0.2829,  0.6082, -0.3478,  0.3083,
         0.0947,  0.0413,  0.1060, -0.5583,  0.7667,  0.4048,  0.0921, -0.0716,
        -0.0251,  0.3194,  0.2286, -0.1714,  0.3485, -0.0057,  0.2494, -0.6070,
         0.1986,  0.2709,  0.7657,  0.1018,  0.2413,  0.0328,  0.1326,  0.6066,
         0.2269, -1.3010, -0.0646,  0.0091, -0.2207,  0.0636,  0.1568,  0.0335,
         0.1143,  0.2400, -0.0829,  0.4913,  0.8093,  0.1620,  0.2110, -0.3221,
        -0.0556,  0.3114,  0.1281,  0.2317,  0.2055,  0.1766,  0.2975,  1.1352,
         0.0342,  0.7001,  0.3222,  0.1535,  0.3228,  0.0083,  0.0766, -0.9257,
         0.5061, -0.0601, -1.4977,  1.1076,  0.0145, -0.0298,  0.2067,  0.4069,
         1.4573,  0.0981,  0.1110, -0.1965, -0.0132,  0.0741,  0.2950,  0.2846,
         1.5322,  0.0663,  0.2660,  0.2715,  0.0902,  0.7167,  0.1208,  0.0808,
         0.0538, -0.1341,  0.3152,  0.0926, -0.4103,  0.6068,  0.1988, -1.6789,
         0.2549,  0.3596,  0.0862, -0.0116, -0.0898,  0.2266,  0.6423],
       device='cuda:0'), tensor([ 0.0857, -0.0922,  0.1018,  0.3068,  0.4547,  0.6228,  0.2423,  0.0330,
         0.0767,  0.0122, -0.1183, -0.5102, -0.2093,  0.0751,  0.1785, -0.0209,
         0.4060,  0.5200, -0.0068,  0.4189,  0.3234,  0.2939,  0.1040,  0.1372,
         0.0373,  0.0265, -0.1065, -0.0017, -0.2829,  0.6083, -0.3479,  0.3082,
         0.0947,  0.0414,  0.1060, -0.5584,  0.7667,  0.4048,  0.0921, -0.0717,
        -0.0251,  0.3194,  0.2286, -0.1714,  0.3488, -0.0057,  0.2494, -0.6070,
         0.1985,  0.2709,  0.7660,  0.1017,  0.2414,  0.0328,  0.1327,  0.6065,
         0.2270, -1.3010, -0.0646,  0.0092, -0.2207,  0.0636,  0.1567,  0.0335,
         0.1142,  0.2399, -0.0830,  0.4914,  0.8095,  0.1620,  0.2110, -0.3221,
        -0.0557,  0.3114,  0.1280,  0.2318,  0.2055,  0.1767,  0.2975,  1.1352,
         0.0341,  0.7000,  0.3222,  0.1536,  0.3229,  0.0082,  0.0766, -0.9259,
         0.5060, -0.0600, -1.4979,  1.1076,  0.0144, -0.0298,  0.2067,  0.4069,
         1.4576,  0.0981,  0.1108, -0.1966, -0.0132,  0.0741,  0.2949,  0.2801,
         1.5358,  0.0663,  0.2660,  0.2714,  0.0902,  0.7166,  0.1208,  0.0807,
         0.0538, -0.1340,  0.3153,  0.0927, -0.4102,  0.6068,  0.1987, -1.6789,
         0.2549,  0.3596,  0.0861, -0.0116, -0.0898,  0.2266,  0.6423],
       device='cuda:0'), tensor([ 0.1257,  0.1626,  0.0257,  0.2998,  0.3776,  0.5931,  0.2378,  0.0352,
         0.0745,  0.0227, -0.4406, -0.5381, -0.1632,  0.0883,  0.1455, -0.0392,
         0.3785,  0.5156, -0.0305,  0.4407,  0.3056,  0.2818,  0.0553,  0.1632,
         0.0242,  0.0452, -0.0373, -0.0490, -0.1880,  0.5379, -0.4330,  0.2850,
         0.1253,  0.0522,  0.0862, -0.5572,  0.6843,  0.3479,  0.0638, -0.0962,
        -0.0025,  0.3163,  0.1745, -0.1933,  0.2841,  0.0317,  0.2484, -0.6176,
         0.2133,  0.2314,  0.7738,  0.0926,  0.2488,  0.0407,  0.1862,  0.5921,
         0.2575, -1.3142,  0.0033, -0.0452, -0.2427,  0.0673,  0.1794,  0.0511,
         0.1397,  0.2469, -0.0847,  0.4528,  0.8074,  0.1466,  0.2625, -0.3125,
        -0.0859,  0.2789,  0.1374,  0.2506,  0.1965,  0.1424,  0.3378,  1.1237,
        -0.0126,  0.6752,  0.3601,  0.1566,  0.3165,  0.0727,  0.0690, -1.0069,
         0.5811, -0.0256, -1.4691,  0.9931,  0.0676,  0.0206,  0.1746,  0.3501,
         1.4304,  0.1238,  0.1032, -0.1874, -0.0116,  0.0516,  0.2928,  0.3670,
         1.9118,  0.0542,  0.2677,  0.3411,  0.0743,  0.7157,  0.0955,  0.0414,
         0.0825, -0.1373,  0.3339,  0.1199, -0.4291,  0.7162,  0.2040, -1.6681,
         0.2673,  0.3450,  0.0972,  0.0041, -0.0311,  0.2253,  0.6091],
       device='cuda:0'), tensor([ 0.1257,  0.1626,  0.0257,  0.2998,  0.3776,  0.5931,  0.2378,  0.0353,
         0.0745,  0.0227, -0.4406, -0.5381, -0.1632,  0.0883,  0.1455, -0.0392,
         0.3785,  0.5156, -0.0305,  0.4407,  0.3056,  0.2818,  0.0553,  0.1632,
         0.0242,  0.0452, -0.0373, -0.0490, -0.1880,  0.5379, -0.4330,  0.2850,
         0.1253,  0.0522,  0.0862, -0.5572,  0.6843,  0.3479,  0.0638, -0.0962,
        -0.0025,  0.3163,  0.1745, -0.1933,  0.2841,  0.0317,  0.2484, -0.6176,
         0.2133,  0.2314,  0.7738,  0.0926,  0.2488,  0.0407,  0.1862,  0.5921,
         0.2575, -1.3142,  0.0033, -0.0452, -0.2427,  0.0673,  0.1794,  0.0511,
         0.1397,  0.2470, -0.0847,  0.4528,  0.8074,  0.1466,  0.2625, -0.3125,
        -0.0859,  0.2789,  0.1374,  0.2506,  0.1965,  0.1424,  0.3378,  1.1237,
        -0.0126,  0.6752,  0.3601,  0.1566,  0.3165,  0.0727,  0.0690, -1.0069,
         0.5811, -0.0256, -1.4691,  0.9931,  0.0676,  0.0206,  0.1746,  0.3501,
         1.4304,  0.1238,  0.1032, -0.1874, -0.0116,  0.0516,  0.2928,  0.3670,
         1.9118,  0.0542,  0.2677,  0.3411,  0.0743,  0.7157,  0.0955,  0.0413,
         0.0826, -0.1373,  0.3339,  0.1199, -0.4291,  0.7162,  0.2040, -1.6681,
         0.2673,  0.3450,  0.0972,  0.0041, -0.0311,  0.2253,  0.6091],
       device='cuda:0')]
WeightedHS completed in 704.38 seconds
ours1 FreqWeightedHS
LBFGS iterations run: 561
LBFGS iterations run: 1
LBFGS iterations run: 303
LBFGS iterations run: 363
LBFGS iterations run: 2
Mean +- SE trainNLL over 5 fold(s) 18177.259765625 +- 62.26750735519292
Sum testNLL over 5 fold(s) 22798.908203125
weights for each 5 fold [tensor([ 7.5998e-01,  1.5475e-01,  2.6549e-01,  2.0969e-03,  2.5434e-01,
         3.5911e-01,  5.0116e-01,  2.3214e-01,  4.1617e-02,  1.1352e-01,
         6.7059e-02, -2.8678e-01, -5.2342e-01,  3.2602e-02, -1.5480e-02,
         1.9303e-01, -7.8692e-02,  5.7345e-01,  4.6791e-01, -1.2793e-01,
         4.0184e-01,  3.1043e-01,  3.8917e-01,  6.8961e-02,  1.2421e-01,
         2.8111e-02,  6.1418e-02, -9.3900e-03,  6.6177e-03, -2.4025e-01,
         4.9067e-01, -4.4067e-01,  1.7878e-01,  9.0173e-02,  3.1576e-02,
         6.8038e-02, -3.0121e-01,  5.2280e-01,  4.1421e-01,  8.1473e-02,
        -6.8876e-02, -1.0112e-02,  2.0941e-01,  1.1741e-01, -1.1251e-01,
         2.3390e-01,  2.1777e-02,  2.4342e-01, -8.1278e-01,  2.2049e-01,
         2.6987e-01,  3.0267e-01,  1.2450e-01,  3.0136e-01, -7.6916e-02,
         1.1325e-01,  5.4337e-01,  1.6079e-01, -9.7132e-01, -1.7353e-02,
         3.4535e-02, -2.7546e-01,  7.8408e-02,  7.6930e-02,  3.1207e-02,
         7.5044e-02,  1.5317e-01, -4.0116e-01,  3.0839e-01,  4.5538e-01,
         1.4786e-01, -3.9590e-02, -2.5004e-01,  3.1881e-02,  2.4328e-01,
         2.4624e-01,  2.2010e-01,  1.3167e-01,  2.2638e-01,  2.8802e-01,
         6.3862e-01, -1.6077e-01,  7.7612e-01,  3.0190e-01,  1.3543e-01,
         4.0496e-01,  7.0255e-02,  5.1643e-02, -5.4432e-01,  2.6238e-01,
         1.5313e-01, -1.2177e+00,  1.0468e+00,  6.6260e-02, -3.3013e-02,
         2.0519e-01,  3.6377e-01,  1.3744e+00,  1.4772e-01,  1.8035e-01,
        -1.4330e-01,  1.6143e-02,  6.3755e-02,  2.7766e-01,  6.3687e-01,
         6.3129e-01,  1.3665e-01,  2.5563e-01,  4.8376e-01,  1.5702e-01,
        -2.3865e-02,  1.1514e-01,  5.4561e-02,  5.7189e-02, -7.8556e-02,
         2.3964e-01,  1.8354e-01, -9.1994e-02,  4.1367e-01,  2.3001e-01,
        -1.1976e+00,  9.7419e-02,  3.5519e-01,  4.2463e-02,  1.2044e-03,
        -4.2276e-02,  1.4952e-01,  5.9991e-01], device='cuda:0'), tensor([ 7.5998e-01,  1.5475e-01,  2.6546e-01,  2.0969e-03,  2.5434e-01,
         3.5912e-01,  5.0116e-01,  2.3214e-01,  4.1617e-02,  1.1352e-01,
         6.7060e-02, -2.8675e-01, -5.2342e-01,  3.2602e-02, -1.5480e-02,
         1.9303e-01, -7.8692e-02,  5.7345e-01,  4.6791e-01, -1.2793e-01,
         4.0184e-01,  3.1043e-01,  3.8917e-01,  6.8959e-02,  1.2421e-01,
         2.8111e-02,  6.1417e-02, -9.3899e-03,  6.6175e-03, -2.4025e-01,
         4.9067e-01, -4.4067e-01,  1.7878e-01,  9.0173e-02,  3.1577e-02,
         6.8038e-02, -3.0121e-01,  5.2280e-01,  4.1421e-01,  8.1473e-02,
        -6.8877e-02, -1.0112e-02,  2.0941e-01,  1.1741e-01, -1.1251e-01,
         2.3390e-01,  2.1777e-02,  2.4342e-01, -8.1278e-01,  2.2049e-01,
         2.6987e-01,  3.0267e-01,  1.2450e-01,  3.0136e-01, -7.6917e-02,
         1.1325e-01,  5.4337e-01,  1.6079e-01, -9.7132e-01, -1.7353e-02,
         3.4534e-02, -2.7546e-01,  7.8408e-02,  7.6929e-02,  3.1206e-02,
         7.5043e-02,  1.5317e-01, -4.0117e-01,  3.0839e-01,  4.5538e-01,
         1.4786e-01, -3.9588e-02, -2.5004e-01,  3.1880e-02,  2.4328e-01,
         2.4624e-01,  2.2010e-01,  1.3167e-01,  2.2638e-01,  2.8802e-01,
         6.3862e-01, -1.6078e-01,  7.7612e-01,  3.0190e-01,  1.3543e-01,
         4.0496e-01,  7.0254e-02,  5.1643e-02, -5.4432e-01,  2.6238e-01,
         1.5313e-01, -1.2177e+00,  1.0468e+00,  6.6259e-02, -3.3013e-02,
         2.0519e-01,  3.6377e-01,  1.3745e+00,  1.4772e-01,  1.8035e-01,
        -1.4330e-01,  1.6143e-02,  6.3755e-02,  2.7766e-01,  6.3686e-01,
         6.3127e-01,  1.3665e-01,  2.5563e-01,  4.8376e-01,  1.5702e-01,
        -2.3866e-02,  1.1514e-01,  5.4561e-02,  5.7188e-02, -7.8557e-02,
         2.3964e-01,  1.8354e-01, -9.1992e-02,  4.1367e-01,  2.3001e-01,
        -1.1976e+00,  9.7420e-02,  3.5519e-01,  4.2462e-02,  1.2037e-03,
        -4.2275e-02,  1.4952e-01,  5.9991e-01], device='cuda:0'), tensor([ 0.7423,  0.1687,  0.2446,  0.0817,  0.3203,  0.3773,  0.5096,  0.1791,
        -0.0021,  0.1330,  0.0792, -0.1843, -0.5277,  0.0500, -0.0781,  0.1706,
        -0.0596,  0.4986,  0.4862, -0.1727,  0.3873,  0.2858,  0.3304,  0.0702,
         0.1218,  0.0211,  0.0402, -0.0673, -0.0332, -0.2920,  0.5584, -0.4477,
         0.2853,  0.1042,  0.0738,  0.0910, -0.3124,  0.4683,  0.4419,  0.1396,
        -0.0881,  0.0068,  0.2042,  0.0540, -0.1344,  0.3010,  0.0098,  0.1835,
        -0.7799,  0.1286,  0.3311,  0.2407,  0.1332,  0.2929, -0.1138,  0.1486,
         0.5318,  0.1937, -0.9673, -0.0155, -0.0341, -0.2851,  0.0812,  0.0799,
         0.0786,  0.1031,  0.1411, -0.1962,  0.3711,  0.5048,  0.1316,  0.1021,
        -0.2566, -0.0818,  0.1991,  0.1454,  0.2465,  0.0701,  0.2336,  0.2958,
         0.6867, -0.1036,  0.7816,  0.2693,  0.1402,  0.3487,  0.0969,  0.0716,
        -0.5502,  0.2899,  0.0112, -1.1410,  1.1125,  0.0967,  0.0113,  0.2277,
         0.3084,  1.3994,  0.1380,  0.2508, -0.1606,  0.0204,  0.1057,  0.2763,
         0.3697,  0.6527,  0.1202,  0.2496,  0.4982,  0.1161,  0.0123,  0.0586,
         0.0546,  0.0790, -0.1007,  0.2492,  0.1749, -0.3744,  0.4689,  0.2249,
        -1.2602,  0.2064,  0.3356,  0.0337, -0.0101, -0.0907,  0.1494,  0.5496],
       device='cuda:0'), tensor([ 0.7545,  0.1909,  0.0238,  0.0247,  0.3160,  0.3169,  0.4775,  0.2041,
         0.0395,  0.1111,  0.0568, -0.1183, -0.4682, -0.0442,  0.0131,  0.1559,
        -0.0431,  0.4976,  0.4226, -0.1013,  0.3999,  0.3224,  0.3252,  0.0528,
         0.1160,  0.0412,  0.0612,  0.0337, -0.0130, -0.2948,  0.5280, -0.4611,
         0.2487,  0.1303,  0.0402,  0.0577, -0.3596,  0.5423,  0.4549,  0.1361,
        -0.0831, -0.0065,  0.2309,  0.0719, -0.1461,  0.2360,  0.0381,  0.2862,
        -0.8440,  0.1928,  0.3380,  0.2992,  0.1393,  0.3504, -0.1102,  0.1006,
         0.4953,  0.1799, -1.1482, -0.0202, -0.0464, -0.3501,  0.0583,  0.1056,
         0.0589,  0.1208,  0.1542, -0.2556,  0.3922,  0.5442,  0.1674, -0.0050,
        -0.2284, -0.0685,  0.2580,  0.1464,  0.2140,  0.1472,  0.2372,  0.3038,
         0.6607, -0.1709,  0.7965,  0.2412,  0.0991,  0.3776,  0.0850,  0.0703,
        -0.5757,  0.2558, -0.0145, -1.2145,  1.0046,  0.0799, -0.0047,  0.2537,
         0.3034,  1.5091,  0.0990,  0.2281, -0.1497,  0.0127,  0.1019,  0.2509,
         0.8241,  0.5600,  0.0646,  0.2724,  0.4325,  0.1290, -0.0301,  0.0550,
         0.0462,  0.0551, -0.1045,  0.2377,  0.1709, -0.2653,  0.4369,  0.2406,
        -1.2309,  0.1441,  0.3456,  0.0632,  0.0230, -0.0823,  0.1267,  0.5240],
       device='cuda:0'), tensor([ 0.7545,  0.1909,  0.0236,  0.0247,  0.3160,  0.3168,  0.4775,  0.2041,
         0.0396,  0.1111,  0.0568, -0.1182, -0.4682, -0.0442,  0.0131,  0.1559,
        -0.0431,  0.4977,  0.4226, -0.1012,  0.3999,  0.3224,  0.3252,  0.0528,
         0.1160,  0.0412,  0.0612,  0.0338, -0.0129, -0.2948,  0.5280, -0.4611,
         0.2486,  0.1303,  0.0401,  0.0577, -0.3596,  0.5423,  0.4549,  0.1361,
        -0.0831, -0.0065,  0.2310,  0.0719, -0.1461,  0.2360,  0.0381,  0.2862,
        -0.8440,  0.1929,  0.3380,  0.2992,  0.1393,  0.3504, -0.1102,  0.1006,
         0.4953,  0.1799, -1.1483, -0.0202, -0.0464, -0.3501,  0.0584,  0.1056,
         0.0589,  0.1208,  0.1542, -0.2557,  0.3922,  0.5442,  0.1674, -0.0051,
        -0.2284, -0.0685,  0.2581,  0.1464,  0.2140,  0.1472,  0.2372,  0.3038,
         0.6606, -0.1710,  0.7965,  0.2412,  0.0991,  0.3776,  0.0850,  0.0703,
        -0.5757,  0.2557, -0.0145, -1.2146,  1.0045,  0.0799, -0.0048,  0.2537,
         0.3033,  1.5092,  0.0990,  0.2281, -0.1496,  0.0127,  0.1019,  0.2509,
         0.8247,  0.5600,  0.0646,  0.2724,  0.4325,  0.1290, -0.0301,  0.0550,
         0.0462,  0.0551, -0.1045,  0.2377,  0.1709, -0.2652,  0.4369,  0.2406,
        -1.2309,  0.1441,  0.3456,  0.0632,  0.0230, -0.0823,  0.1267,  0.5240],
       device='cuda:0')]
FreqWeightedHS completed in 896.13 seconds
ours1 WeightedHSdebiased
LBFGS iterations run: 742
LBFGS iterations run: 5
LBFGS iterations run: 2
LBFGS iterations run: 3
LBFGS iterations run: 544
Mean +- SE trainNLL over 5 fold(s) 16830.6998046875 +- 123.88054336896745
Sum testNLL over 5 fold(s) 21128.38427734375
weights for each 5 fold [tensor([ 2.0388e-01,  1.4328e-02,  3.8927e-01,  6.4055e-01,  3.6116e-01,
         2.6257e-01,  2.6790e-01,  9.6142e-02,  1.0636e-01,  1.5000e-01,
         2.5309e-01, -2.6462e-01,  2.1570e-01, -1.2473e-01,  1.8032e-01,
        -1.1004e-01,  1.9656e-01,  5.7778e-01,  1.6158e-02,  8.9678e-02,
         3.1223e-01,  2.5369e-01, -1.0092e-01,  9.8040e-02, -3.6089e-02,
         3.4747e-02,  1.9213e-01,  6.6607e-02, -6.5280e-02,  5.5530e-01,
        -6.0097e-02,  7.2263e-01,  1.9294e-02, -2.1225e-02,  5.1805e-02,
        -2.1497e-01,  1.8030e-01,  5.0760e-01,  1.3273e-01, -1.5976e-01,
         1.0437e-01,  2.7618e-01, -2.2619e-02,  7.4483e-02, -5.7534e-02,
         1.2899e-01,  1.7409e-01, -8.5505e-02,  5.8442e-02,  2.0423e-01,
        -1.1169e+00,  2.3858e-01,  2.3890e-01, -1.7141e-02,  6.0765e-02,
         2.3650e-01,  2.6305e-01,  3.7652e-01, -2.7309e-02,  8.8721e-02,
         2.4920e-03,  8.5861e-02,  7.2101e-02,  1.3850e-01,  1.0313e-01,
         1.4069e-02, -1.8867e-01,  2.4207e-01,  7.8501e-01,  1.9921e-01,
        -4.9741e-01,  1.2562e-01,  9.4524e-02,  1.3157e-01,  4.5550e-01,
         1.8951e-01,  3.0665e-01,  2.1792e-01,  2.6404e-01, -1.0422e-02,
         3.7767e-01,  7.0290e-01, -1.9719e-01,  1.3133e-01,  3.5184e-01,
         7.9813e-02,  7.2006e-02, -2.7530e-01, -1.4855e-01,  1.6098e-01,
        -2.5969e-01,  4.1789e-01,  6.6782e-02, -8.3420e-02,  1.2700e-01,
         3.0694e-01,  1.0985e+00,  1.3364e-01,  3.5030e-01, -1.3050e-01,
         2.7241e-02,  2.0144e-02,  1.7044e-01, -1.9875e-01,  1.8653e-01,
         1.2502e-01,  7.0993e-02,  1.6643e-01, -1.2243e-01,  5.2488e-01,
         1.8403e-01,  1.1436e-01,  1.1466e-01,  3.0456e-02,  1.5502e-01,
         1.8474e-01,  7.4497e-02,  5.4710e-01,  1.9959e-01, -1.0908e+00,
         6.8898e-02,  2.3028e-01,  9.1181e-02, -5.5094e-02,  3.7721e-01,
         1.0154e-01,  3.4223e-01, -6.9267e-01, -1.3247e-01,  8.4128e-01,
        -3.3393e-01,  3.2426e-01, -2.0740e+00, -3.6044e-01, -4.8952e-01,
        -1.3973e-01,  3.8441e-01, -1.0649e+00,  1.3381e+00,  1.5363e+00,
         5.7495e-01, -2.9783e-01, -1.7807e-01, -7.9281e-01, -3.0136e-01,
        -2.4328e-01, -7.7864e-01,  2.5082e-01, -6.8665e-01, -1.2394e-01,
        -1.5913e-01,  2.1073e-01, -6.3888e-02,  5.5609e-01,  3.2065e-01,
         8.5127e-02, -1.4210e-01, -4.3823e-02,  1.3917e+00,  3.4056e-01,
         1.5427e-01, -6.1387e-01,  3.3987e-01, -8.0353e-01,  1.0501e+00,
        -3.1328e-01, -3.5272e-02,  3.1278e-01, -4.0208e-01,  4.3584e-01,
         1.0137e+00, -5.9005e-01,  3.0900e-01, -3.9595e-01,  3.0538e-01,
         2.8777e-01, -1.7272e-01, -3.0736e+00,  5.4860e-01, -4.8649e-02,
         6.2974e-01,  2.9978e-01,  3.5470e-01, -1.1824e+00,  3.2166e+00,
         3.8829e-01, -5.7511e-02,  1.2107e-02, -6.8279e-02, -5.0943e-01,
         1.2214e-01,  2.9184e-01,  7.3735e-01, -2.5980e-01,  8.4772e-01,
         1.5069e-01,  3.5609e-01, -2.3720e+00,  7.1961e-01,  4.3191e-01,
        -2.0700e-02,  2.4840e-01,  1.5324e-01,  6.5692e-01, -3.4765e-01,
        -3.6258e-02, -1.7205e+00,  9.3365e-01, -6.2826e-02, -7.5150e-01,
         4.3450e-01,  2.9953e-01, -2.5538e-02,  2.3281e-01,  1.0748e+00,
        -1.1649e+00,  3.4925e-01,  1.6369e+00,  1.5973e+00,  6.6584e-01,
         1.1831e-01,  2.9260e-01, -3.7551e-01,  4.0628e-01, -6.2048e-01,
         9.4114e-01,  5.4447e-01,  1.9865e-02, -9.3730e-01,  8.1025e-01,
         1.5676e+00,  3.5449e-01, -2.4839e-01,  3.8862e-01, -1.1386e+00,
         1.9895e-01,  2.1358e-01, -2.9147e-01,  2.5025e-01, -1.9937e-01,
         3.1292e-01,  8.2203e-01, -6.0483e-01,  6.1906e-01,  7.3031e-01,
        -4.1979e-01,  7.4170e-01,  3.9433e-01,  5.8350e-01,  2.5868e-02,
        -1.7810e-01,  5.5265e-01, -4.1977e-01, -8.8897e-01], device='cuda:0'), tensor([ 2.0407e-01,  3.9335e-02,  3.8932e-01,  6.4113e-01,  3.6213e-01,
         2.6308e-01,  2.6786e-01,  9.6056e-02,  1.0613e-01,  1.4993e-01,
         2.2790e-01, -2.6499e-01,  2.1563e-01, -1.2546e-01,  1.8035e-01,
        -1.1004e-01,  1.9640e-01,  5.7760e-01,  1.6191e-02,  9.0224e-02,
         3.1204e-01,  2.5359e-01, -1.0112e-01,  9.8075e-02, -3.6195e-02,
         3.4953e-02,  1.9229e-01,  6.6643e-02, -6.5225e-02,  5.5515e-01,
        -6.0238e-02,  7.2242e-01,  1.9061e-02, -2.1379e-02,  5.1592e-02,
        -2.1507e-01,  1.8067e-01,  5.0782e-01,  1.3279e-01, -1.5976e-01,
         1.0446e-01,  2.7606e-01, -2.2395e-02,  7.4406e-02, -5.6901e-02,
         1.2890e-01,  1.7391e-01, -8.5571e-02,  5.8459e-02,  2.0425e-01,
        -1.2810e+00,  2.3890e-01,  2.3908e-01, -1.7288e-02,  6.0456e-02,
         2.3651e-01,  2.6299e-01,  3.7610e-01, -2.7503e-02,  8.8858e-02,
         2.2469e-03,  8.5537e-02,  7.2034e-02,  1.3852e-01,  1.0314e-01,
         1.4024e-02, -1.8758e-01,  2.4203e-01,  7.8582e-01,  1.9906e-01,
        -5.6093e-01,  1.2574e-01,  9.4727e-02,  1.3142e-01,  4.5544e-01,
         1.8944e-01,  3.0654e-01,  2.1787e-01,  2.6398e-01, -4.2358e-03,
         3.7736e-01,  7.0282e-01, -1.9689e-01,  1.3151e-01,  3.5226e-01,
         7.9750e-02,  7.1818e-02, -2.7517e-01, -1.4860e-01,  1.6090e-01,
        -2.6084e-01,  4.1934e-01,  6.6820e-02, -8.3401e-02,  1.2728e-01,
         3.0724e-01,  1.0919e+00,  1.3383e-01,  3.5016e-01, -1.3071e-01,
         2.7152e-02,  1.9946e-02,  1.7028e-01, -2.5439e-01,  1.7099e-01,
         1.2507e-01,  7.1139e-02,  1.6124e-01, -1.2226e-01,  5.2515e-01,
         1.8370e-01,  1.1449e-01,  1.1465e-01,  2.9998e-02,  1.5502e-01,
         1.8461e-01,  7.3789e-02,  5.4722e-01,  1.9946e-01, -1.0777e+00,
         6.8919e-02,  2.3008e-01,  9.1504e-02, -5.5097e-02,  3.7665e-01,
         1.0143e-01,  3.4229e-01, -6.9304e-01, -6.7345e-02,  8.3975e-01,
        -3.2964e-01,  3.3440e-01, -2.0743e+00, -3.5910e-01, -4.8935e-01,
        -1.4011e-01,  3.8502e-01, -1.1353e+00,  1.3380e+00,  1.5384e+00,
         5.7161e-01, -2.9650e-01, -1.7800e-01, -7.9311e-01, -2.9980e-01,
        -2.4391e-01, -7.6816e-01,  2.5028e-01, -6.8665e-01, -1.2428e-01,
        -1.5867e-01,  2.1184e-01, -6.5107e-02,  5.5712e-01,  3.2115e-01,
         8.5851e-02, -1.3911e-01, -4.2046e-02,  1.3922e+00,  3.4282e-01,
         1.5371e-01, -6.1266e-01,  3.4055e-01, -8.0229e-01,  1.0499e+00,
        -3.1538e-01, -3.6147e-02,  3.1423e-01, -4.0363e-01,  4.3769e-01,
         1.0160e+00, -5.9247e-01,  3.0969e-01, -3.9682e-01,  3.0496e-01,
         2.8790e-01, -1.7192e-01, -3.2457e+00,  5.4871e-01, -4.7833e-02,
         6.3046e-01,  2.9830e-01,  3.5443e-01, -1.1840e+00,  3.2155e+00,
         3.8868e-01, -6.0115e-02,  1.1173e-02, -6.8897e-02, -5.0897e-01,
         1.2263e-01,  2.9075e-01,  7.3768e-01, -2.5479e-01,  8.5170e-01,
         1.4748e-01,  3.5780e-01, -2.4377e+00,  7.1861e-01,  4.3379e-01,
        -2.0867e-02,  2.4611e-01,  1.5199e-01,  6.5763e-01, -3.4788e-01,
        -3.7150e-02, -1.7127e+00,  9.3523e-01, -6.3243e-02, -7.5236e-01,
         4.3346e-01,  2.9893e-01, -2.6030e-02,  2.3419e-01,  1.0737e+00,
        -1.1650e+00,  3.4963e-01,  1.6388e+00,  1.5948e+00,  6.6322e-01,
         1.1840e-01,  2.9071e-01, -3.7733e-01,  3.9625e-01, -6.1962e-01,
         9.3955e-01,  5.4449e-01,  2.0172e-02, -9.3667e-01,  8.1110e-01,
         1.5074e+00,  3.7294e-01, -2.4971e-01,  3.8807e-01, -1.1320e+00,
         1.9689e-01,  2.1325e-01, -2.9221e-01,  2.5074e-01, -1.9828e-01,
         3.1289e-01,  8.2138e-01, -6.0465e-01,  6.1351e-01,  7.3007e-01,
        -4.1904e-01,  7.5230e-01,  3.9321e-01,  5.8433e-01,  2.5585e-02,
        -1.7731e-01,  5.5504e-01, -4.2086e-01, -8.8921e-01], device='cuda:0'), tensor([ 2.0401e-01,  4.4560e-02,  3.8934e-01,  6.4126e-01,  3.6235e-01,
         2.6314e-01,  2.6790e-01,  9.6022e-02,  1.0620e-01,  1.4980e-01,
         2.2268e-01, -2.6515e-01,  2.1566e-01, -1.2558e-01,  1.8032e-01,
        -1.1006e-01,  1.9643e-01,  5.7757e-01,  1.6159e-02,  9.0356e-02,
         3.1205e-01,  2.5360e-01, -1.0116e-01,  9.8075e-02, -3.6154e-02,
         3.4972e-02,  1.9233e-01,  6.6743e-02, -6.5146e-02,  5.5519e-01,
        -6.0268e-02,  7.2233e-01,  1.9083e-02, -2.1526e-02,  5.1562e-02,
        -2.1499e-01,  1.8077e-01,  5.0781e-01,  1.3269e-01, -1.5986e-01,
         1.0444e-01,  2.7609e-01, -2.2325e-02,  7.4352e-02, -5.6721e-02,
         1.2896e-01,  1.7384e-01, -8.5521e-02,  5.8559e-02,  2.0427e-01,
        -1.3165e+00,  2.3892e-01,  2.3898e-01, -1.7274e-02,  6.0574e-02,
         2.3651e-01,  2.6298e-01,  3.7603e-01, -2.7452e-02,  8.8832e-02,
         2.1772e-03,  8.5709e-02,  7.2001e-02,  1.3847e-01,  1.0314e-01,
         1.3980e-02, -1.8739e-01,  2.4206e-01,  7.8597e-01,  1.9902e-01,
        -5.7414e-01,  1.2577e-01,  9.4839e-02,  1.3141e-01,  4.5543e-01,
         1.8936e-01,  3.0659e-01,  2.1781e-01,  2.6401e-01, -3.0362e-03,
         3.7726e-01,  7.0281e-01, -1.9679e-01,  1.3149e-01,  3.5240e-01,
         7.9737e-02,  7.1802e-02, -2.7513e-01, -1.4855e-01,  1.6084e-01,
        -2.6109e-01,  4.1961e-01,  6.6839e-02, -8.3527e-02,  1.2733e-01,
         3.0727e-01,  1.0905e+00,  1.3390e-01,  3.5012e-01, -1.3062e-01,
         2.7328e-02,  1.9943e-02,  1.7031e-01, -2.6663e-01,  1.6757e-01,
         1.2505e-01,  7.1062e-02,  1.6024e-01, -1.2227e-01,  5.2518e-01,
         1.8363e-01,  1.1433e-01,  1.1466e-01,  3.0130e-02,  1.5491e-01,
         1.8458e-01,  7.3671e-02,  5.4726e-01,  1.9963e-01, -1.0750e+00,
         6.8828e-02,  2.3009e-01,  9.1447e-02, -5.5076e-02,  3.7655e-01,
         1.0142e-01,  3.4234e-01, -6.9317e-01, -5.3677e-02,  8.3942e-01,
        -3.2879e-01,  3.3650e-01, -2.0744e+00, -3.5893e-01, -4.8923e-01,
        -1.4030e-01,  3.8513e-01, -1.1501e+00,  1.3381e+00,  1.5389e+00,
         5.7083e-01, -2.9629e-01, -1.7805e-01, -7.9317e-01, -2.9943e-01,
        -2.4400e-01, -7.6600e-01,  2.5010e-01, -6.8666e-01, -1.2434e-01,
        -1.5855e-01,  2.1198e-01, -6.5303e-02,  5.5727e-01,  3.2119e-01,
         8.5980e-02, -1.3850e-01, -4.1690e-02,  1.3923e+00,  3.4332e-01,
         1.5363e-01, -6.1246e-01,  3.4062e-01, -8.0206e-01,  1.0498e+00,
        -3.1578e-01, -3.6399e-02,  3.1454e-01, -4.0401e-01,  4.3812e-01,
         1.0165e+00, -5.9307e-01,  3.0979e-01, -3.9694e-01,  3.0480e-01,
         2.8781e-01, -1.7176e-01, -3.2830e+00,  5.4876e-01, -4.7607e-02,
         6.3061e-01,  2.9802e-01,  3.5432e-01, -1.1843e+00,  3.2153e+00,
         3.8866e-01, -6.0614e-02,  1.0983e-02, -6.9031e-02, -5.0881e-01,
         1.2278e-01,  2.9054e-01,  7.3772e-01, -2.5381e-01,  8.5260e-01,
         1.4683e-01,  3.5812e-01, -2.4515e+00,  7.1844e-01,  4.3417e-01,
        -2.0852e-02,  2.4563e-01,  1.5175e-01,  6.5773e-01, -3.4790e-01,
        -3.7323e-02, -1.7112e+00,  9.3554e-01, -6.3345e-02, -7.5256e-01,
         4.3328e-01,  2.9878e-01, -2.6081e-02,  2.3451e-01,  1.0734e+00,
        -1.1651e+00,  3.4975e-01,  1.6392e+00,  1.5944e+00,  6.6261e-01,
         1.1853e-01,  2.9026e-01, -3.7775e-01,  3.9406e-01, -6.1953e-01,
         9.3926e-01,  5.4454e-01,  2.0161e-02, -9.3649e-01,  8.1128e-01,
         1.4941e+00,  3.7706e-01, -2.5000e-01,  3.8791e-01, -1.1307e+00,
         1.9643e-01,  2.1321e-01, -2.9234e-01,  2.5086e-01, -1.9811e-01,
         3.1297e-01,  8.2128e-01, -6.0458e-01,  6.1242e-01,  7.3007e-01,
        -4.1890e-01,  7.5455e-01,  3.9283e-01,  5.8459e-01,  2.5484e-02,
        -1.7716e-01,  5.5553e-01, -4.2113e-01, -8.8928e-01], device='cuda:0'), tensor([ 2.0411e-01,  4.8441e-02,  3.8936e-01,  6.4137e-01,  3.6248e-01,
         2.6318e-01,  2.6789e-01,  9.6008e-02,  1.0616e-01,  1.4978e-01,
         2.1882e-01, -2.6523e-01,  2.1570e-01, -1.2565e-01,  1.8035e-01,
        -1.1008e-01,  1.9641e-01,  5.7756e-01,  1.6185e-02,  9.0476e-02,
         3.1206e-01,  2.5362e-01, -1.0116e-01,  9.8046e-02, -3.6171e-02,
         3.4944e-02,  1.9235e-01,  6.6753e-02, -6.5141e-02,  5.5519e-01,
        -6.0235e-02,  7.2223e-01,  1.9067e-02, -2.1508e-02,  5.1530e-02,
        -2.1502e-01,  1.8084e-01,  5.0773e-01,  1.3271e-01, -1.5985e-01,
         1.0449e-01,  2.7611e-01, -2.2267e-02,  7.4338e-02, -5.6542e-02,
         1.2901e-01,  1.7386e-01, -8.5562e-02,  5.8540e-02,  2.0426e-01,
        -1.3425e+00,  2.3882e-01,  2.3899e-01, -1.7339e-02,  6.0628e-02,
         2.3655e-01,  2.6299e-01,  3.7599e-01, -2.7384e-02,  8.8835e-02,
         2.1685e-03,  8.5757e-02,  7.2025e-02,  1.3853e-01,  1.0308e-01,
         1.4021e-02, -1.8727e-01,  2.4209e-01,  7.8610e-01,  1.9902e-01,
        -5.8379e-01,  1.2577e-01,  9.4867e-02,  1.3132e-01,  4.5541e-01,
         1.8937e-01,  3.0653e-01,  2.1782e-01,  2.6402e-01, -2.2197e-03,
         3.7721e-01,  7.0279e-01, -1.9673e-01,  1.3154e-01,  3.5246e-01,
         7.9724e-02,  7.1814e-02, -2.7514e-01, -1.4852e-01,  1.6079e-01,
        -2.6131e-01,  4.1980e-01,  6.6846e-02, -8.3592e-02,  1.2735e-01,
         3.0727e-01,  1.0895e+00,  1.3386e-01,  3.5010e-01, -1.3061e-01,
         2.7390e-02,  1.9982e-02,  1.7034e-01, -2.7551e-01,  1.6509e-01,
         1.2501e-01,  7.1073e-02,  1.5956e-01, -1.2221e-01,  5.2518e-01,
         1.8360e-01,  1.1435e-01,  1.1464e-01,  3.0107e-02,  1.5489e-01,
         1.8455e-01,  7.3584e-02,  5.4727e-01,  1.9963e-01, -1.0730e+00,
         6.8849e-02,  2.3005e-01,  9.1359e-02, -5.5112e-02,  3.7644e-01,
         1.0139e-01,  3.4237e-01, -6.9325e-01, -4.3729e-02,  8.3923e-01,
        -3.2822e-01,  3.3800e-01, -2.0744e+00, -3.5873e-01, -4.8919e-01,
        -1.4037e-01,  3.8521e-01, -1.1608e+00,  1.3382e+00,  1.5392e+00,
         5.7030e-01, -2.9610e-01, -1.7802e-01, -7.9320e-01, -2.9920e-01,
        -2.4412e-01, -7.6445e-01,  2.5004e-01, -6.8667e-01, -1.2434e-01,
        -1.5853e-01,  2.1215e-01, -6.5405e-02,  5.5738e-01,  3.2129e-01,
         8.6107e-02, -1.3799e-01, -4.1513e-02,  1.3924e+00,  3.4360e-01,
         1.5359e-01, -6.1234e-01,  3.4078e-01, -8.0188e-01,  1.0497e+00,
        -3.1609e-01, -3.6570e-02,  3.1480e-01, -4.0423e-01,  4.3844e-01,
         1.0168e+00, -5.9347e-01,  3.0995e-01, -3.9711e-01,  3.0477e-01,
         2.8781e-01, -1.7161e-01, -3.3102e+00,  5.4881e-01, -4.7481e-02,
         6.3069e-01,  2.9781e-01,  3.5427e-01, -1.1846e+00,  3.2151e+00,
         3.8869e-01, -6.0985e-02,  1.0802e-02, -6.9094e-02, -5.0875e-01,
         1.2284e-01,  2.9033e-01,  7.3785e-01, -2.5313e-01,  8.5324e-01,
         1.4636e-01,  3.5835e-01, -2.4615e+00,  7.1828e-01,  4.3449e-01,
        -2.0881e-02,  2.4529e-01,  1.5162e-01,  6.5790e-01, -3.4798e-01,
        -3.7438e-02, -1.7101e+00,  9.3569e-01, -6.3408e-02, -7.5271e-01,
         4.3307e-01,  2.9872e-01, -2.6132e-02,  2.3469e-01,  1.0733e+00,
        -1.1651e+00,  3.4983e-01,  1.6395e+00,  1.5940e+00,  6.6224e-01,
         1.1859e-01,  2.8994e-01, -3.7806e-01,  3.9248e-01, -6.1940e-01,
         9.3903e-01,  5.4461e-01,  2.0218e-02, -9.3636e-01,  8.1136e-01,
         1.4844e+00,  3.8007e-01, -2.5015e-01,  3.8788e-01, -1.1298e+00,
         1.9611e-01,  2.1316e-01, -2.9244e-01,  2.5093e-01, -1.9794e-01,
         3.1295e-01,  8.2116e-01, -6.0457e-01,  6.1165e-01,  7.3005e-01,
        -4.1876e-01,  7.5616e-01,  3.9263e-01,  5.8470e-01,  2.5451e-02,
        -1.7703e-01,  5.5589e-01, -4.2124e-01, -8.8930e-01], device='cuda:0'), tensor([ 1.8423e-01, -1.9727e-01,  3.7129e-01,  7.2640e-01,  2.7856e-01,
         3.9782e-01,  2.5707e-01,  7.7189e-02,  7.3450e-02,  1.3064e-01,
         3.5063e-01, -4.0575e-01,  3.2179e-01, -1.2470e-01,  2.0932e-01,
        -1.5682e-01,  2.5428e-01,  5.5903e-01, -1.1161e-01,  1.8355e-01,
         2.6488e-01,  2.0668e-01, -7.1593e-02,  9.0624e-02,  2.0508e-02,
         7.0723e-02,  2.4009e-01,  8.4927e-02, -6.1340e-02,  5.0511e-01,
        -1.0990e-01,  6.1952e-01, -1.5282e-03,  7.5904e-02,  4.8266e-02,
        -1.5142e-01,  1.4156e-01,  4.7868e-01,  1.0164e-01, -1.3682e-01,
         1.6317e-01,  2.6675e-01,  7.3739e-02,  2.7249e-02,  6.0305e-02,
         1.0329e-01,  1.3780e-01, -7.9430e-03,  4.8424e-02,  2.7497e-01,
        -1.0368e+00,  1.7762e-01,  2.3926e-01, -9.1766e-02,  1.0132e-01,
         2.8578e-01,  3.0903e-01,  2.2158e-01, -2.9882e-02,  9.4507e-02,
        -4.9380e-02,  9.7403e-02,  5.9929e-02,  1.7464e-01,  1.1519e-01,
        -2.5847e-02, -4.4964e-01,  2.7135e-01,  7.9617e-01,  1.3954e-01,
        -5.8321e-01,  1.3016e-01,  1.2317e-01,  6.2858e-02,  5.5141e-01,
         1.8020e-01,  3.3647e-01,  2.3404e-01,  3.0869e-01,  1.9731e-01,
         8.0878e-02,  5.3399e-01, -2.1924e-01,  1.2036e-01,  4.4580e-01,
         7.0102e-02,  4.7689e-02, -1.2677e-01, -1.3428e-01,  5.9431e-02,
        -3.0713e-01,  3.9672e-01,  8.0487e-02, -6.2048e-02,  9.9929e-02,
         3.4372e-01,  7.3262e-01,  1.0132e-01,  3.3101e-01, -1.0835e-01,
         3.5881e-02,  6.6346e-02,  1.7841e-01,  1.2224e+00,  8.0552e-02,
         1.6889e-01,  9.7128e-02,  7.8055e-02, -6.2838e-02,  3.7460e-01,
         2.0297e-01,  1.7106e-01,  8.0892e-02, -1.1863e-02,  1.9662e-01,
         1.3480e-01,  2.2982e-01,  4.8022e-01,  1.9722e-01, -7.5401e-01,
         1.0540e-01,  2.6034e-01,  7.6665e-02, -5.0787e-02,  2.0998e-01,
         9.2699e-02,  4.4542e-01, -6.6733e-01, -8.4870e-01,  7.8685e-01,
        -6.2215e-01,  5.8663e-01, -2.1096e+00, -4.9186e-01, -3.5812e-01,
        -1.7295e-01,  3.0433e-01, -4.4425e-01,  1.6310e+00,  1.8330e+00,
         7.7852e-01, -2.5188e-01, -1.5490e-01, -7.5833e-01, -4.5703e-01,
        -3.6105e-01, -8.0893e-01,  3.1104e-01, -8.1842e-01, -9.4496e-02,
        -2.0474e-01,  2.9439e-01, -1.8663e-02,  5.5797e-01,  3.5384e-01,
         9.2897e-02, -7.8432e-02, -2.0462e-01,  1.2870e+00,  2.5899e-01,
         1.2392e-01, -6.9343e-01,  2.7742e-01, -8.4135e-01,  1.0174e+00,
        -3.4296e-01,  3.0414e-02,  3.7882e-01, -2.7760e-01,  3.9355e-01,
         1.0891e+00, -6.4739e-01,  3.0826e-01, -4.6161e-01,  2.8265e-01,
         2.3405e-01, -3.1157e-01, -2.9606e+00,  4.6619e-01, -7.2754e-02,
         6.4845e-01,  3.6773e-01,  4.5567e-01, -1.0946e+00,  3.0658e+00,
         4.4514e-01, -2.2285e-01,  6.2526e-02, -2.6343e-02, -5.5343e-01,
         1.1757e-01,  2.0903e-01,  8.2509e-01, -6.4197e-01,  9.3785e-01,
         3.3110e-01,  3.0593e-01, -2.7701e+00,  7.1968e-01,  3.6399e-01,
        -4.5954e-04,  2.7901e-01,  2.9783e-01,  6.3657e-01, -3.4410e-01,
        -8.5910e-02, -1.5535e+00,  5.4208e-01, -1.3605e-01, -7.7322e-01,
         4.4391e-01,  3.1073e-01,  2.2560e-02,  2.5357e-01,  1.1848e+00,
        -1.2785e+00, -4.6977e-03,  1.7301e+00,  1.5351e+00,  8.5398e-01,
         1.6171e-01,  3.2085e-01, -5.1044e-01,  1.6784e-01, -7.0475e-01,
         1.2304e+00,  5.1875e-01,  1.6017e-02, -9.6981e-01,  8.2291e-01,
         2.6612e+00,  2.6533e-01, -3.0256e-01,  4.8665e-01, -1.1077e+00,
         1.2569e-01,  2.6997e-01, -3.8597e-01,  2.5121e-01, -1.7040e-01,
         2.9575e-01,  7.7173e-01, -5.6619e-01,  8.9420e-01,  8.4260e-01,
        -4.4034e-01,  1.0864e+00,  3.3815e-01,  5.3564e-01,  3.2037e-02,
        -1.5460e-01,  5.5422e-01, -4.0984e-01, -8.4785e-01], device='cuda:0')]
WeightedHSdebiased completed in 949.94 seconds
ours1 FreqWeightedHSdebiased
LBFGS iterations run: 703
LBFGS iterations run: 412
LBFGS iterations run: 425
LBFGS iterations run: 393
LBFGS iterations run: 1
Mean +- SE trainNLL over 5 fold(s) 16802.9453125 +- 93.27572407437596
Sum testNLL over 5 fold(s) 21259.73193359375
weights for each 5 fold [tensor([ 3.6781e-02,  2.1191e-01,  1.2108e-01,  4.1438e-01,  6.7546e-01,
         7.5610e-02,  3.3941e-01,  2.6336e-01,  7.1347e-02,  1.2138e-01,
         1.1161e-01,  2.5820e-01, -3.1445e-01,  2.6478e-01, -2.3975e-01,
         1.7715e-01, -1.1341e-01,  1.5750e-01,  6.6761e-01, -1.0012e-02,
         3.4859e-02,  2.9874e-01,  2.0180e-01, -5.7060e-02,  1.1013e-01,
        -1.0495e-02,  7.3201e-02,  2.5399e-01,  7.7816e-02, -5.7326e-03,
         6.0675e-01, -6.1879e-02,  6.8645e-01,  1.8612e-02,  4.1830e-02,
         3.4482e-02, -2.3279e-01,  1.2664e-01,  4.5103e-01,  1.6055e-01,
        -1.9488e-01,  1.4755e-01,  2.3587e-01,  7.1309e-02,  7.6591e-02,
         4.6102e-03,  1.2365e-01,  1.4973e-01,  1.9532e-02,  4.9374e-02,
         2.3983e-01, -9.3243e-01,  2.0245e-01,  2.5129e-01, -5.8304e-02,
         8.7260e-02,  1.7824e-01,  2.5918e-01,  3.4200e-01, -4.1113e-02,
         7.9240e-02, -1.0642e-01,  9.0877e-02,  6.2767e-02,  1.7160e-01,
         1.0212e-01,  3.8807e-03, -5.7182e-01,  2.2769e-01,  9.6623e-01,
         1.8457e-01, -9.2352e-02,  1.4276e-01,  7.0409e-02,  7.6674e-02,
         5.3979e-01,  2.4914e-01,  2.9387e-01,  2.9013e-01,  2.7622e-01,
        -6.1150e-02,  2.3773e-01,  6.6368e-01, -1.5087e-01,  1.3666e-01,
         3.8839e-01,  8.6466e-02,  7.9134e-02, -2.0480e-01, -1.0646e-02,
         1.1573e-01, -2.8691e-01,  4.8026e-01,  8.8588e-02, -5.5078e-02,
         1.6349e-01,  2.9531e-01,  6.2319e-01,  1.2322e-01,  3.4383e-01,
        -1.1290e-01,  3.5300e-02,  3.2394e-02,  1.5108e-01,  9.2078e-01,
         9.7788e-02,  1.6933e-01,  4.1082e-02,  3.5303e-01, -1.1810e-01,
         4.8205e-01,  2.2636e-01,  1.5694e-01,  1.1964e-01, -5.2179e-04,
         1.8458e-01,  1.5616e-01,  1.7396e-01,  5.0089e-01,  2.2132e-01,
        -1.2630e+00,  5.8673e-02,  2.2592e-01,  5.5443e-02, -5.7148e-02,
         2.8900e-01,  1.0679e-01,  3.9281e-01, -7.4097e-01,  1.1405e-02,
         8.5301e-01, -3.6200e-01,  3.1566e-01, -1.9975e+00, -4.5084e-01,
        -4.2917e-01, -1.3597e-01,  4.0415e-01, -1.1189e+00,  1.4706e+00,
         1.7733e+00,  5.2232e-01, -3.1558e-01, -1.0478e-01, -7.1909e-01,
        -3.3138e-01, -3.0610e-01, -9.1776e-01,  3.0085e-01, -6.2003e-01,
        -1.1670e-01, -2.3871e-01,  2.0243e-01, -5.1902e-02,  5.9373e-01,
         3.4374e-01,  8.6090e-02, -7.8577e-02, -7.3042e-02,  1.2693e+00,
         2.7749e-01,  1.7303e-01, -6.9696e-01,  2.1957e-01, -8.2608e-01,
         1.0268e+00, -2.7798e-01,  2.0039e-02,  3.2759e-01, -2.5019e-01,
         3.6885e-01,  1.0977e+00, -5.5660e-01,  3.3848e-01, -4.4985e-01,
         4.7734e-01,  2.7318e-01, -1.6078e-01, -2.8175e+00,  5.4097e-01,
        -5.7539e-02,  6.2732e-01,  3.0603e-01,  4.2092e-01, -1.1458e+00,
         3.2842e+00,  3.5195e-01, -2.3076e-01, -1.0375e-01, -1.2653e-02,
        -4.8589e-01,  1.5505e-01,  2.9399e-01,  7.8546e-01, -8.5577e-01,
         8.6089e-01,  4.4878e-01,  3.5813e-01, -2.2975e+00,  7.2443e-01,
         4.2326e-01,  1.3938e-02,  2.9171e-01,  2.0069e-01,  6.2568e-01,
        -2.4934e-01,  2.1760e-02, -1.5874e+00,  6.9882e-01,  6.1426e-02,
        -6.9930e-01,  3.7782e-01,  2.2457e-01,  2.2230e-02,  2.6060e-01,
         1.0268e+00, -1.0709e+00, -2.6396e-02,  1.7565e+00,  1.3861e+00,
         7.3490e-01,  1.3278e-01,  2.3951e-01, -4.2955e-01, -2.6905e-01,
        -6.2457e-01,  1.0366e+00,  4.3092e-01,  1.5735e-03, -7.8861e-01,
         7.5084e-01,  2.4597e+00,  2.5654e-01, -2.4876e-01,  4.4043e-01,
        -1.2837e+00,  1.5640e-01,  6.1869e-02, -2.3246e-01,  2.2837e-01,
        -2.2081e-01,  3.3776e-01,  7.9264e-01, -5.9801e-01,  9.4795e-01,
         8.3524e-01, -3.9730e-01,  6.5466e-01,  2.8301e-01,  5.6920e-01,
        -1.7676e-02, -2.5736e-01,  6.6890e-01, -3.7418e-01, -8.2398e-01],
       device='cuda:0'), tensor([ 0.0344,  0.2066,  0.0422,  0.3658,  0.6234,  0.2655,  0.2829,  0.2308,
         0.1054,  0.0725,  0.1224,  0.1895, -0.3404,  0.2757, -0.0811,  0.1892,
        -0.1224,  0.2277,  0.6383, -0.0418,  0.0946,  0.3023,  0.2102, -0.0952,
         0.0795, -0.0215,  0.0194,  0.2502,  0.0778, -0.1173,  0.5535, -0.0295,
         0.6049,  0.0181,  0.0289,  0.0407, -0.1517,  0.1701,  0.4948,  0.1218,
        -0.1762,  0.1298,  0.2969,  0.0207,  0.0090,  0.1811,  0.1073,  0.1496,
         0.0229,  0.0276,  0.2347, -1.4545,  0.1896,  0.2538, -0.0672,  0.1218,
         0.3420,  0.2550,  0.3080, -0.0332,  0.1087,  0.0347,  0.1059,  0.0562,
         0.1917,  0.0922, -0.0401, -0.3570,  0.1538,  0.8098,  0.1799, -0.5732,
         0.1356,  0.1037,  0.1016,  0.3808,  0.1705,  0.3379,  0.2182,  0.2728,
         0.0530,  0.2896,  0.6500, -0.2309,  0.1263,  0.4336,  0.0774,  0.0878,
        -0.2968, -0.0795,  0.1212, -0.4660,  0.3865,  0.1084, -0.0806,  0.0791,
         0.3396,  1.0143,  0.1060,  0.3921, -0.1247,  0.0551,  0.0112,  0.1803,
         0.9944,  0.0181,  0.1391,  0.1539,  0.2309, -0.0899,  0.3248,  0.2312,
         0.1759,  0.1025,  0.0371,  0.1892,  0.1436,  0.1554,  0.4695,  0.1830,
        -0.8706,  0.1275,  0.2247,  0.0884, -0.0689,  0.2839,  0.0678,  0.4001,
        -0.8224,  0.1593,  0.7400, -0.6807,  0.1803, -2.2152, -0.4695, -0.4571,
        -0.1403,  0.3678, -1.3281,  1.5424,  1.6130,  0.3802, -0.2641, -0.1453,
        -0.7481, -0.3576, -0.3217, -0.6599,  0.2249, -0.8763, -0.1325, -0.2030,
         0.2310,  0.0042,  0.6382,  0.3897,  0.0521, -0.0205, -0.1371,  1.3162,
         0.3328,  0.1766, -0.6838,  0.3685, -0.8915,  1.0481, -0.3832, -0.0476,
         0.3816, -0.2079,  0.4039,  1.0709, -0.7081,  0.2930, -0.4654,  0.3617,
         0.2597, -0.2228, -3.4442,  0.4614, -0.0484,  0.7352,  0.2844,  0.3839,
        -1.1396,  3.1210,  0.4342, -0.1217,  0.1491, -0.0305, -0.5030,  0.1137,
         0.2591,  0.7879, -0.5252,  1.0014,  0.4022,  0.3225, -2.3796,  0.7194,
         0.3178, -0.0324,  0.0905,  0.2443,  0.7172, -0.3634,  0.0270, -1.5951,
         0.6806, -0.0420, -0.7560,  0.4326,  0.2977, -0.0305,  0.2507,  0.9786,
        -1.1686,  0.0752,  1.6357,  1.3765,  0.8176,  0.0887,  0.3378, -0.4374,
         0.2733, -0.6651,  1.1781,  0.4918,  0.0184, -0.8724,  0.7610,  2.8565,
         0.3153, -0.2779,  0.4081, -1.1041,  0.1281,  0.2577, -0.3009,  0.2535,
        -0.1640,  0.2910,  0.8252, -0.5445,  0.6978,  0.7869, -0.4185,  0.9959,
         0.2868,  0.4909, -0.0425, -0.2068,  0.7176, -0.4273, -0.8021],
       device='cuda:0'), tensor([ 6.7537e-02,  1.8831e-01, -1.2509e-01,  3.9428e-01,  6.9722e-01,
         3.6102e-01,  3.1325e-01,  2.6521e-01,  7.9905e-02,  7.9183e-02,
         1.2173e-01,  2.4560e-01, -3.3511e-01,  2.8815e-01, -4.0715e-02,
         1.8352e-01, -1.3806e-01,  1.9187e-01,  6.4551e-01, -1.3230e-03,
         1.3910e-01,  3.1598e-01,  2.4962e-01, -1.3845e-01,  1.3047e-01,
         3.1019e-02,  4.1515e-02,  1.9482e-01,  6.0289e-02, -8.8063e-02,
         5.7795e-01, -1.3099e-01,  5.9368e-01,  8.3789e-03,  1.4542e-03,
         4.7983e-02, -1.6826e-01,  1.5843e-01,  4.8490e-01,  1.3375e-01,
        -1.0671e-01,  1.1739e-01,  3.3732e-01,  1.4456e-02,  5.8910e-03,
        -1.0524e-02,  1.2952e-01,  1.9548e-01, -1.5296e-01,  1.1878e-01,
         1.3751e-01, -1.5239e+00,  2.1719e-01,  2.7869e-01, -5.2486e-02,
         7.7139e-02,  2.4096e-01,  3.2911e-01,  3.1558e-01, -5.6071e-03,
         6.5076e-02, -6.1879e-02,  7.4909e-02,  1.2295e-01,  1.4171e-01,
         1.0837e-01, -1.7353e-02, -3.5243e-01,  3.0596e-01,  8.8079e-01,
         1.9119e-01, -5.5780e-01,  7.4910e-02,  1.3341e-01,  5.5174e-02,
         4.7462e-01,  1.4812e-01,  3.3252e-01,  1.7584e-01,  2.8877e-01,
         1.7475e-02,  1.8386e-01,  5.4494e-01, -3.2999e-01,  1.1123e-01,
         3.6459e-01,  7.5446e-02,  3.1505e-02, -1.4383e-01, -1.6373e-01,
         1.8865e-01, -1.6754e-01,  2.6253e-01,  1.0009e-01, -8.9272e-02,
         9.8879e-02,  3.8986e-01,  8.7305e-01,  8.9371e-02,  3.9505e-01,
        -1.4208e-01,  1.7262e-02,  5.4532e-02,  1.7798e-01,  6.9929e-01,
         9.2434e-02,  1.4061e-01,  1.0910e-01,  9.1404e-02, -1.2226e-01,
         6.1513e-01,  1.4933e-01,  2.1787e-01,  7.0519e-02, -2.1404e-02,
         1.3418e-01,  1.6422e-01,  6.8375e-02,  4.7158e-01,  2.0990e-01,
        -8.7698e-01,  3.9823e-02,  2.4671e-01,  9.8059e-02, -5.9351e-02,
         2.9913e-01,  1.2189e-01,  3.8491e-01, -5.7190e-01, -2.5546e-01,
         7.9954e-01, -5.3376e-01,  5.3188e-01, -2.1535e+00, -3.1862e-01,
        -4.1232e-01, -2.0700e-01,  3.4205e-01, -1.0322e+00,  1.4851e+00,
         1.5904e+00,  7.0145e-01, -2.9416e-01, -1.8669e-01, -8.2349e-01,
        -3.5666e-01, -3.0152e-01, -8.1492e-01,  2.3388e-01, -6.7174e-01,
        -1.8720e-02, -2.2732e-01,  1.9358e-01,  1.3400e-02,  5.5979e-01,
         2.9855e-01,  1.1706e-01, -9.9235e-02, -1.4558e-01,  1.2816e+00,
         2.2605e-01,  1.8486e-01, -6.2428e-01,  2.7581e-01, -9.6232e-01,
         1.0195e+00, -3.4087e-01, -1.0772e-02,  3.0397e-01, -2.4653e-01,
         4.5423e-01,  9.8023e-01, -6.8397e-01,  3.1911e-01, -4.4880e-01,
         3.0055e-01,  2.1858e-01, -2.8214e-01, -3.3784e+00,  5.2150e-01,
        -4.5597e-02,  6.2391e-01,  3.3515e-01,  3.7969e-01, -1.1943e+00,
         3.0255e+00,  4.5044e-01, -1.0340e-01,  6.4554e-03, -3.4144e-02,
        -5.9447e-01,  2.6235e-02,  2.7278e-01,  7.4394e-01, -3.2400e-01,
         8.2957e-01,  3.7439e-01,  2.8141e-01, -2.3902e+00,  6.9293e-01,
         2.8200e-01,  4.0237e-02,  3.7448e-01,  2.9842e-01,  7.4105e-01,
        -3.9892e-01,  1.8405e-02, -1.7602e+00,  7.4159e-01, -1.8004e-01,
        -8.0386e-01,  4.6660e-01,  3.3988e-01, -2.4431e-02,  2.7358e-01,
         1.0857e+00, -1.2515e+00,  1.0935e-01,  1.6515e+00,  1.8009e+00,
         7.6155e-01,  1.0328e-01,  3.1820e-01, -3.4523e-01,  3.3991e-01,
        -6.6504e-01,  1.2300e+00,  4.7097e-01, -7.9875e-03, -9.5895e-01,
         8.2271e-01,  2.4437e+00,  5.2461e-01, -2.6544e-01,  4.6351e-01,
        -1.0013e+00,  8.6518e-02,  6.1397e-02, -2.9764e-01,  1.7658e-01,
        -8.8536e-02,  3.7559e-01,  7.9744e-01, -6.1297e-01,  6.3464e-01,
         7.2356e-01, -4.4112e-01,  1.1011e+00,  3.2251e-01,  5.6014e-01,
         9.0121e-02, -1.2145e-01,  6.0273e-01, -3.4373e-01, -9.1698e-01],
       device='cuda:0'), tensor([ 4.8514e-02,  2.0813e-01, -1.2249e-01,  4.5414e-01,  5.8596e-01,
         2.2418e-01,  3.0469e-01,  2.6196e-01,  5.3814e-02,  8.9896e-02,
         9.1769e-02,  3.4850e-01, -3.1808e-01,  1.7173e-01, -1.5273e-01,
         1.6409e-01, -9.4478e-02,  1.6602e-01,  5.4404e-01,  1.8262e-02,
         2.2226e-01,  2.8438e-01,  1.5238e-01, -9.0457e-02,  5.8694e-02,
        -1.7381e-02,  8.2328e-02,  2.1177e-01,  8.6877e-02, -7.2664e-02,
         5.8115e-01, -1.1195e-01,  7.3347e-01, -6.2471e-03, -2.8752e-02,
         5.9624e-02, -1.3838e-01,  2.0045e-01,  4.9755e-01,  1.3567e-01,
        -1.2549e-01,  1.2537e-01,  2.6339e-01,  9.3608e-03,  5.4523e-02,
         1.5782e-01,  1.1876e-01,  1.8871e-01, -1.1901e-01,  6.4021e-02,
         2.8231e-01, -1.5711e+00,  2.0985e-01,  2.8351e-01, -3.7035e-02,
         8.8182e-02,  2.7737e-01,  2.2217e-01,  3.7603e-01, -6.2970e-02,
         1.7425e-01,  5.8596e-04,  8.7112e-02,  1.2301e-01,  1.6519e-01,
         1.3489e-01, -2.8242e-02, -2.9708e-01,  2.9016e-01,  7.9878e-01,
         1.6020e-01, -3.1206e-01,  8.5197e-02,  9.8512e-02,  3.0181e-02,
         4.7828e-01,  1.6564e-01,  2.9344e-01,  2.0413e-01,  3.0423e-01,
         1.3112e-01,  1.4875e-01,  6.5500e-01, -1.0182e-01,  1.2290e-01,
         3.8142e-01,  9.1016e-02,  7.8550e-02, -5.8045e-02, -3.8549e-02,
         6.8266e-02, -3.5626e-01,  3.4458e-01,  1.0418e-01, -1.0960e-01,
         1.4487e-01,  3.7360e-01,  9.9701e-01,  1.1648e-01,  3.5216e-01,
        -1.1045e-01,  3.6531e-02,  3.8049e-02,  1.5408e-01,  5.3386e-01,
         2.6244e-01,  1.1212e-01,  3.6312e-02,  1.9883e-01, -6.4750e-02,
         4.5118e-01,  1.9417e-01,  1.8048e-01,  7.6235e-02,  2.2401e-02,
         1.4985e-01,  1.5148e-01,  6.7906e-02,  5.7591e-01,  2.0476e-01,
        -9.6413e-01,  7.9032e-02,  2.4805e-01,  7.1310e-02, -5.0962e-02,
         2.8951e-01,  7.0495e-02,  3.8185e-01, -6.9648e-01, -3.5479e-01,
         7.9012e-01, -6.3058e-01,  3.8153e-01, -2.1242e+00, -3.3388e-01,
        -3.8484e-01, -1.2856e-01,  3.5987e-01, -8.0077e-01,  1.5174e+00,
         1.6373e+00,  4.3724e-01, -3.2892e-01, -7.6516e-02, -8.2612e-01,
        -4.1175e-01, -3.1802e-01, -6.6414e-01,  2.5366e-01, -7.2825e-01,
        -5.6311e-02, -2.0202e-01,  2.1597e-01, -3.0735e-02,  4.6301e-01,
         2.8709e-01,  1.7296e-01, -1.4978e-01, -1.2391e-01,  1.2320e+00,
         2.8566e-01,  1.4782e-01, -5.5232e-01,  4.3352e-01, -8.3400e-01,
         1.0564e+00, -3.5569e-01,  7.3966e-02,  3.4336e-01, -3.4512e-01,
         4.5210e-01,  1.0381e+00, -6.0755e-01,  3.7685e-01, -4.1672e-01,
         2.1903e-01,  2.0951e-01, -1.8096e-01, -3.5340e+00,  5.1455e-01,
        -5.8536e-02,  6.7918e-01,  3.0081e-01,  3.1161e-01, -1.1583e+00,
         2.9947e+00,  3.5885e-01, -5.4867e-02, -1.3513e-02, -2.2539e-02,
        -5.2774e-01,  8.9287e-02,  2.8219e-01,  7.6819e-01, -3.1893e-01,
         8.5611e-01,  3.7287e-01,  2.9365e-01, -2.1918e+00,  7.1044e-01,
         3.6839e-01, -9.6489e-03,  2.5046e-01,  2.1038e-01,  6.7608e-01,
        -2.6996e-01,  2.2148e-03, -1.4074e+00,  5.4828e-01,  5.6617e-02,
        -6.8547e-01,  3.7613e-01,  3.0979e-01, -2.6926e-02,  2.9735e-01,
         1.2251e+00, -1.0857e+00,  6.4987e-02,  1.5941e+00,  1.5102e+00,
         7.3034e-01,  1.7267e-01,  3.3678e-01, -3.5738e-01,  9.3046e-02,
        -6.6736e-01,  1.0382e+00,  5.0508e-01,  7.6189e-04, -8.3744e-01,
         7.8861e-01,  2.2976e+00,  7.2962e-01, -2.6710e-01,  4.4473e-01,
        -9.9637e-01,  6.4551e-02,  7.3382e-02, -3.6510e-01,  2.1396e-01,
        -1.9179e-01,  3.3915e-01,  7.1076e-01, -5.5998e-01,  3.8394e-01,
         7.4268e-01, -4.4988e-01,  9.6215e-01,  3.3313e-01,  6.0749e-01,
         2.6459e-02, -2.0480e-01,  5.7654e-01, -4.2452e-01, -8.0500e-01],
       device='cuda:0'), tensor([ 4.8504e-02,  2.0814e-01, -1.2259e-01,  4.5417e-01,  5.8594e-01,
         2.2410e-01,  3.0469e-01,  2.6194e-01,  5.3807e-02,  8.9907e-02,
         9.1767e-02,  3.4861e-01, -3.1807e-01,  1.7170e-01, -1.5277e-01,
         1.6408e-01, -9.4474e-02,  1.6602e-01,  5.4402e-01,  1.8265e-02,
         2.2227e-01,  2.8439e-01,  1.5236e-01, -9.0436e-02,  5.8682e-02,
        -1.7386e-02,  8.2330e-02,  2.1178e-01,  8.6875e-02, -7.2663e-02,
         5.8115e-01, -1.1194e-01,  7.3349e-01, -6.2478e-03, -2.8756e-02,
         5.9638e-02, -1.3837e-01,  2.0046e-01,  4.9755e-01,  1.3567e-01,
        -1.2551e-01,  1.2537e-01,  2.6337e-01,  9.3658e-03,  5.4532e-02,
         1.5775e-01,  1.1874e-01,  1.8870e-01, -1.1901e-01,  6.3998e-02,
         2.8235e-01, -1.5712e+00,  2.0985e-01,  2.8351e-01, -3.7039e-02,
         8.8176e-02,  2.7739e-01,  2.2215e-01,  3.7604e-01, -6.2973e-02,
         1.7428e-01,  5.9988e-04,  8.7107e-02,  1.2300e-01,  1.6520e-01,
         1.3491e-01, -2.8249e-02, -2.9704e-01,  2.9015e-01,  7.9877e-01,
         1.6020e-01, -3.1204e-01,  8.5211e-02,  9.8508e-02,  3.0185e-02,
         4.7827e-01,  1.6564e-01,  2.9344e-01,  2.0414e-01,  3.0423e-01,
         1.3128e-01,  1.4873e-01,  6.5504e-01, -1.0174e-01,  1.2291e-01,
         3.8142e-01,  9.1015e-02,  7.8569e-02, -5.7990e-02, -3.8536e-02,
         6.8238e-02, -3.5632e-01,  3.4465e-01,  1.0416e-01, -1.0960e-01,
         1.4488e-01,  3.7360e-01,  9.9695e-01,  1.1649e-01,  3.5212e-01,
        -1.1045e-01,  3.6539e-02,  3.8038e-02,  1.5408e-01,  5.3479e-01,
         2.6268e-01,  1.1211e-01,  3.6300e-02,  1.9896e-01, -6.4745e-02,
         4.5113e-01,  1.9418e-01,  1.8046e-01,  7.6232e-02,  2.2407e-02,
         1.4986e-01,  1.5149e-01,  6.7883e-02,  5.7592e-01,  2.0476e-01,
        -9.6410e-01,  7.9049e-02,  2.4804e-01,  7.1296e-02, -5.0969e-02,
         2.8951e-01,  7.0489e-02,  3.8186e-01, -6.9650e-01, -3.5530e-01,
         7.9016e-01, -6.3064e-01,  3.8130e-01, -2.1241e+00, -3.3388e-01,
        -3.8485e-01, -1.2854e-01,  3.5987e-01, -8.0018e-01,  1.5174e+00,
         1.6372e+00,  4.3716e-01, -3.2894e-01, -7.6468e-02, -8.2611e-01,
        -4.1177e-01, -3.1801e-01, -6.6412e-01,  2.5369e-01, -7.2826e-01,
        -5.6305e-02, -2.0203e-01,  2.1596e-01, -3.0724e-02,  4.6298e-01,
         2.8709e-01,  1.7297e-01, -1.4981e-01, -1.2392e-01,  1.2320e+00,
         2.8565e-01,  1.4781e-01, -5.5233e-01,  4.3357e-01, -8.3396e-01,
         1.0564e+00, -3.5570e-01,  7.3987e-02,  3.4336e-01, -3.4512e-01,
         4.5208e-01,  1.0381e+00, -6.0737e-01,  3.7686e-01, -4.1671e-01,
         2.1904e-01,  2.0951e-01, -1.8092e-01, -3.5340e+00,  5.1454e-01,
        -5.8543e-02,  6.7918e-01,  3.0083e-01,  3.1157e-01, -1.1582e+00,
         2.9947e+00,  3.5882e-01, -5.4826e-02, -1.3528e-02, -2.2526e-02,
        -5.2770e-01,  8.9299e-02,  2.8220e-01,  7.6819e-01, -3.1890e-01,
         8.5607e-01,  3.7296e-01,  2.9364e-01, -2.1918e+00,  7.1045e-01,
         3.6841e-01, -9.6499e-03,  2.5042e-01,  2.1037e-01,  6.7607e-01,
        -2.6995e-01,  2.2410e-03, -1.4071e+00,  5.4821e-01,  5.6701e-02,
        -6.8541e-01,  3.7610e-01,  3.0980e-01, -2.6932e-02,  2.9733e-01,
         1.2252e+00, -1.0857e+00,  6.4969e-02,  1.5940e+00,  1.5101e+00,
         7.3034e-01,  1.7268e-01,  3.3681e-01, -3.5736e-01,  9.2807e-02,
        -6.6736e-01,  1.0381e+00,  5.0509e-01,  7.6385e-04, -8.3742e-01,
         7.8859e-01,  2.2985e+00,  7.2982e-01, -2.6709e-01,  4.4472e-01,
        -9.9647e-01,  6.4563e-02,  7.3400e-02, -3.6511e-01,  2.1397e-01,
        -1.9181e-01,  3.3912e-01,  7.1075e-01, -5.5997e-01,  3.8387e-01,
         7.4268e-01, -4.4990e-01,  9.6220e-01,  3.3315e-01,  6.0749e-01,
         2.6432e-02, -2.0482e-01,  5.7653e-01, -4.2453e-01, -8.0497e-01],
       device='cuda:0')]
FreqWeightedHSdebiased completed in 1459.36 seconds
hills OneCueStaticLocal
LBFGS iterations run: 474
LBFGS iterations run: 0
LBFGS iterations run: 0
LBFGS iterations run: 0
LBFGS iterations run: 0
Mean +- SE trainNLL over 5 fold(s) 20598.01171875 +- 77.62493875055767
Sum testNLL over 5 fold(s) 25747.50927734375
weights for each 5 fold [tensor([15.5269], device='cuda:0'), tensor([15.5269], device='cuda:0'), tensor([15.5269], device='cuda:0'), tensor([15.5269], device='cuda:0'), tensor([15.5269], device='cuda:0')]
OneCueStaticLocal completed in 268.57 seconds
hills CombinedCueStatic
LBFGS iterations run: 462
LBFGS iterations run: 2
LBFGS iterations run: 1
LBFGS iterations run: 1
LBFGS iterations run: 1
Mean +- SE trainNLL over 5 fold(s) 20408.1546875 +- 180.13881862848905
Sum testNLL over 5 fold(s) 25510.1953125
weights for each 5 fold [tensor([ 0.4110, 13.2245], device='cuda:0'), tensor([ 0.4110, 13.2246], device='cuda:0'), tensor([ 0.4110, 13.2246], device='cuda:0'), tensor([ 0.4110, 13.2247], device='cuda:0'), tensor([ 0.4110, 13.2247], device='cuda:0')]
CombinedCueStatic completed in 256.29 seconds
heineman Freq_Sim_Subcategory
LBFGS iterations run: 658
LBFGS iterations run: 273
LBFGS iterations run: 232
LBFGS iterations run: 344
LBFGS iterations run: 222
Mean +- SE trainNLL over 5 fold(s) 19953.7785461583 +- 116.55170656390324
Sum testNLL over 5 fold(s) 24945.10130615922
weights for each 5 fold [tensor([ 0.4946, 10.1783,  5.1533], device='cuda:0'), tensor([ 0.4854, 10.2382,  5.3491], device='cuda:0'), tensor([ 0.4860, 10.2530,  5.2759], device='cuda:0'), tensor([ 0.5088, 10.0893,  5.2574], device='cuda:0'), tensor([ 0.5038, 10.1601,  5.1459], device='cuda:0')]
Freq_Sim_Subcategory completed in 569.72 seconds
heineman Subcategory
LBFGS iterations run: 809
LBFGS iterations run: 269
LBFGS iterations run: 1
LBFGS iterations run: 1
LBFGS iterations run: 0
Mean +- SE trainNLL over 5 fold(s) 21397.654246364127 +- 125.78375640674984
Sum testNLL over 5 fold(s) 26747.057624434896
weights for each 5 fold [tensor([7.0022], device='cuda:0'), tensor([7.0252], device='cuda:0'), tensor([7.0252], device='cuda:0'), tensor([7.0252], device='cuda:0'), tensor([7.0252], device='cuda:0')]
Subcategory completed in 356.55 seconds
heineman Freq_Subcategory
LBFGS iterations run: 657
LBFGS iterations run: 215
LBFGS iterations run: 1
LBFGS iterations run: 1
LBFGS iterations run: 1
Mean +- SE trainNLL over 5 fold(s) 20474.382498034254 +- 103.70897923809787
Sum testNLL over 5 fold(s) 25593.07264882495
weights for each 5 fold [tensor([0.8073, 6.7236], device='cuda:0'), tensor([0.7996, 6.7368], device='cuda:0'), tensor([0.7996, 6.7368], device='cuda:0'), tensor([0.7996, 6.7368], device='cuda:0'), tensor([0.7996, 6.7368], device='cuda:0')]
Freq_Subcategory completed in 286.11 seconds
heineman Sim_Subcategory
LBFGS iterations run: 713
LBFGS iterations run: 300
LBFGS iterations run: 16
LBFGS iterations run: 499
LBFGS iterations run: 228
Mean +- SE trainNLL over 5 fold(s) 20225.266400962126 +- 186.7405139656459
Sum testNLL over 5 fold(s) 25283.480823340284
weights for each 5 fold [tensor([12.9413,  4.7939], device='cuda:0'), tensor([13.1639,  4.7979], device='cuda:0'), tensor([13.1639,  4.7979], device='cuda:0'), tensor([12.7965,  4.7117], device='cuda:0'), tensor([12.9073,  4.6829], device='cuda:0')]
Sim_Subcategory completed in 573.07 seconds
