nohup: ignoring input
cuda
CUDA available: True
GPU count: 1
{'dataset': 'hills', 'representation': 'clip', 'fit': False, 'lr': 0.01, 'initval': 1.0, 'tol': 1e-06, 'maxiter': 5000, 'plot': False, 'fitting': 'group', 'cv': 5, 'refnll': 'none', 'featurestouse': 'vf_features', 'mask': True, 'usehillsresp': True, 'useapifreq': True, 'hills': True, 'heineman': True, 'ours1': True, 'print': True, 'simulate': False, 'recovery': True, 'test': True}
PearsonRResult(statistic=0.8119866335089142, pvalue=4.416893758556285e-84)
SignificanceResult(statistic=0.833226288919769, pvalue=2.4293387168113275e-92)
TRUE BLEUS MEAN: {'bleu1': 0.9066666666666666, 'bleu2': 0.242, 'bleu3': 0.030000000000000002, 'bleu4': 0.0006666666666666666}
dict_keys(['feature_Is mammal', 'feature_Is bird', 'feature_Is insect', 'feature_Is reptile', 'feature_Is amphibian', 'feature_Is fish', 'feature_Is carnivore', 'feature_Is herbivore', 'feature_Is omnivore', 'feature_Has fur', 'feature_Has feathers', 'feature_Has scales', 'feature_Has exoskeleton', 'feature_Has beak', 'feature_Has claws', 'feature_Has whiskers', 'feature_Has horns', 'feature_Has antlers', 'feature_Has tusks', 'feature_Has wings', 'feature_Has tail', 'feature_Can fly', 'feature_Can swim', 'feature_Can climb', 'feature_Can dig', 'feature_Can jump', 'feature_Is nocturnal', 'feature_Is diurnal', 'feature_Has more than four limbs', 'feature_Lives in water', 'feature_Lives in trees', 'feature_Lives underground', 'feature_Lives on land', 'feature_Lays eggs', 'feature_Gives birth', 'feature_Has a long neck', 'feature_Is venomous', 'feature_Is domesticated', 'feature_Lives in groups', 'feature_Is solitary', 'feature_Builds nests', 'feature_Is migratory', 'feature_Has social hierarchy', 'feature_Uses tools', 'feature_Shows intelligence', 'feature_Communicates vocally', 'feature_Has camouflage', 'feature_Has stripes', 'feature_Has spots', 'feature_Can change color', 'feature_Is endangered', 'feature_Is commonly kept as a pet', 'feature_Is used in farming', 'feature_Is hunted by humans', 'feature_Is used for food by humans', 'feature_Is found in zoos', 'feature_Is capable of mimicry', 'feature_Has echolocation', 'feature_Is warm-blooded', 'feature_Is cold-blooded', 'feature_Has a long lifespan', 'feature_Is capable of regrowth', 'feature_Has specialized hunting techniques', 'feature_Is known for speed', 'feature_Is known for strength', 'feature_Has a specialized diet', 'feature_Can hibernate', 'feature_Has a backbone', 'feature_Is marsupial', 'feature_Is placental', 'feature_Is monotreme', 'feature_Is flightless', 'feature_Has webbed feet', 'feature_Is known for intelligence', 'feature_Is a scavenger', 'feature_Is territorial', 'feature_Is native to Africa', 'feature_Is native to Asia', 'feature_Is native to North America', 'feature_Is native to South America', 'feature_Is native to Australia', 'feature_Is native to Europe', 'feature_Is found in deserts', 'feature_Is found in forests', 'feature_Is found in oceans', 'feature_Is found in grasslands', 'feature_Is found in mountains', 'feature_Has a mane', 'feature_Has a crest', 'feature_Has gills', 'feature_Is bioluminescent', 'feature_Is used in scientific research', 'feature_Is a predator', 'feature_Is prey for larger animals', 'feature_Is capable of parental care', 'feature_Lives in a burrow', 'feature_Is a pollinator', 'feature_Can tolerate extreme temperatures', 'feature_Exhibits seasonal color changes', 'feature_Migrates seasonally', 'feature_Is active during dawn or dusk (crepuscular)', 'feature_Produces pheromones for communication', 'feature_Lives symbiotically with other species', 'feature_Is a parasite', 'feature_Is a host for parasites', 'feature_Is bi-parental (both parents care for offspring)', 'feature_Displays mating rituals', 'feature_Has specialized courtship behavior', 'feature_Exhibits territorial marking', 'feature_Is associated with mythology or folklore', 'feature_Exhibits altruistic behavior', 'feature_Is a keystone species in its ecosystem', 'feature_Uses burrows or dens for shelter', 'feature_Can regenerate body parts', 'feature_Is raised in captivity or farms', 'feature_Has unique reproductive strategies (e.g., asexual reproduction)', 'feature_Hibernates during winter', 'feature_Has a role in biological pest control', 'feature_Has distinct seasonal breeding cycles', 'feature_Forms a symbiotic relationship with plants (e.g., pollination)', 'feature_Uses specific vocalizations to communicate', 'feature_Is a flagship species (conservation symbol)', 'feature_Can be trained or tamed by humans', 'feature_Displays warning coloration', 'feature_Has flippers', 'feature_Has compound eyes', 'feature_Has a segmented body'])
--------------------------------RECOVERING MODELS--------------------------------
ours1 Random
Mean +- SE trainNLL over 5 fold(s) 22251.01796875 +- 137.19074740381646
Sum testNLL over 5 fold(s) 27813.7734375
Random completed in 2.89 seconds
ours1 Freq
LBFGS iterations run: 86
LBFGS iterations run: 1
LBFGS iterations run: 1
LBFGS iterations run: 1
LBFGS iterations run: 0
Mean +- SE trainNLL over 5 fold(s) 20940.00859375 +- 150.87864718687305
Sum testNLL over 5 fold(s) 26175.015625
weights for each 5 fold [tensor([0.9743], device='cuda:0'), tensor([0.9743], device='cuda:0'), tensor([0.9743], device='cuda:0'), tensor([0.9743], device='cuda:0'), tensor([0.9743], device='cuda:0')]
Freq completed in 51.86 seconds
ours1 HS
LBFGS iterations run: 463
LBFGS iterations run: 1
LBFGS iterations run: 1
LBFGS iterations run: 72
LBFGS iterations run: 1
Mean +- SE trainNLL over 5 fold(s) 20291.7421875 +- 93.9014911504775
Sum testNLL over 5 fold(s) 25364.94189453125
weights for each 5 fold [tensor([15.9745], device='cuda:0'), tensor([15.9745], device='cuda:0'), tensor([15.9745], device='cuda:0'), tensor([15.8456], device='cuda:0'), tensor([15.8456], device='cuda:0')]
HS completed in 288.33 seconds
ours1 Freq_HS
LBFGS iterations run: 473
LBFGS iterations run: 2
LBFGS iterations run: 1
LBFGS iterations run: 60
LBFGS iterations run: 1
Mean +- SE trainNLL over 5 fold(s) 19101.056640625 +- 27.792177842532546
Sum testNLL over 5 fold(s) 23876.37841796875
weights for each 5 fold [tensor([ 0.9076, 15.3748], device='cuda:0'), tensor([ 0.9078, 15.3790], device='cuda:0'), tensor([ 0.9078, 15.3790], device='cuda:0'), tensor([ 0.9157, 15.3105], device='cuda:0'), tensor([ 0.9157, 15.3105], device='cuda:0')]
Freq_HS completed in 285.09 seconds
ours1 WeightedHS
LBFGS iterations run: 583
LBFGS iterations run: 1
LBFGS iterations run: 307
LBFGS iterations run: 330
LBFGS iterations run: 348
Mean +- SE trainNLL over 5 fold(s) 18606.930078125 +- 102.23473451466572
Sum testNLL over 5 fold(s) 23370.076171875
weights for each 5 fold [tensor([ 0.1039,  0.1749,  0.0467,  0.5155,  0.5533,  0.6311,  0.1736,  0.0353,
         0.1216,  0.0873, -0.5219, -0.4354, -0.0688,  0.1634,  0.1707, -0.0974,
         0.4076,  0.7852,  0.1965,  0.3937,  0.3342,  0.4606,  0.1377,  0.1893,
         0.0217,  0.0480, -0.0152,  0.0041, -0.1367,  0.5231, -0.3431,  0.3457,
         0.0112,  0.1118,  0.1205, -0.6832,  0.5430,  0.4279,  0.1117, -0.1378,
        -0.0100,  0.3254,  0.1533, -0.1955,  0.2747, -0.1545,  0.2585, -0.3002,
         0.1512,  0.3397,  0.5525,  0.1703,  0.2618,  0.1036,  0.1982,  0.6545,
         0.2528, -1.1307,  0.0361, -0.0328, -0.2925,  0.1155,  0.1945,  0.1141,
         0.0321,  0.2551, -0.0480,  0.4998,  0.6051,  0.1014,  0.1017, -0.3103,
        -0.0691,  0.3194,  0.1413,  0.2632,  0.2041,  0.0981,  0.2076,  1.2866,
         0.1472,  0.5847,  0.4685,  0.0254,  0.2736,  0.0637,  0.0372, -0.9993,
         0.6671, -0.0957, -1.5402,  0.8303,  0.1284, -0.0310,  0.1158,  0.2366,
         1.2060,  0.1152,  0.0748, -0.1824, -0.0220,  0.0661,  0.2644,  0.2872,
         1.0318,  0.0857,  0.2067,  0.1181,  0.1303,  1.0342,  0.1557,  0.0643,
         0.1264, -0.1263,  0.3363,  0.1618, -0.2378,  0.8018,  0.0907, -1.6235,
         0.2785,  0.3488,  0.1304, -0.0302, -0.1357,  0.1783,  0.4451],
       device='cuda:0'), tensor([ 0.1040,  0.1745,  0.0467,  0.5155,  0.5534,  0.6311,  0.1736,  0.0353,
         0.1216,  0.0873, -0.5215, -0.4354, -0.0688,  0.1634,  0.1707, -0.0974,
         0.4076,  0.7852,  0.1965,  0.3936,  0.3342,  0.4606,  0.1376,  0.1893,
         0.0217,  0.0479, -0.0152,  0.0041, -0.1367,  0.5231, -0.3432,  0.3457,
         0.0112,  0.1118,  0.1205, -0.6832,  0.5430,  0.4279,  0.1117, -0.1378,
        -0.0100,  0.3254,  0.1533, -0.1955,  0.2748, -0.1545,  0.2585, -0.3002,
         0.1512,  0.3397,  0.5525,  0.1703,  0.2618,  0.1036,  0.1982,  0.6545,
         0.2528, -1.1308,  0.0361, -0.0328, -0.2925,  0.1155,  0.1945,  0.1141,
         0.0321,  0.2551, -0.0480,  0.4998,  0.6051,  0.1014,  0.1017, -0.3103,
        -0.0691,  0.3194,  0.1413,  0.2632,  0.2041,  0.0980,  0.2075,  1.2866,
         0.1472,  0.5847,  0.4685,  0.0254,  0.2736,  0.0637,  0.0372, -0.9993,
         0.6671, -0.0957, -1.5402,  0.8303,  0.1284, -0.0310,  0.1158,  0.2366,
         1.2062,  0.1152,  0.0748, -0.1824, -0.0220,  0.0661,  0.2644,  0.2867,
         1.0319,  0.0857,  0.2067,  0.1181,  0.1303,  1.0342,  0.1557,  0.0643,
         0.1264, -0.1263,  0.3363,  0.1618, -0.2378,  0.8018,  0.0907, -1.6236,
         0.2785,  0.3488,  0.1304, -0.0302, -0.1357,  0.1784,  0.4451],
       device='cuda:0'), tensor([ 6.8171e-02,  8.5279e-02,  1.1847e-01,  5.4978e-01,  6.7705e-01,
         7.2861e-01,  1.4210e-01,  7.5162e-02,  8.3400e-02,  9.9335e-02,
        -4.7679e-01, -4.0053e-01, -7.7234e-02,  1.5092e-01,  1.7185e-01,
        -1.9166e-02,  3.9075e-01,  6.7306e-01,  1.5444e-01,  5.2801e-01,
         3.2898e-01,  3.9866e-01,  1.4732e-01,  1.9998e-01, -1.6019e-03,
         3.7645e-02, -5.7689e-02, -1.1206e-02, -1.4140e-01,  4.6606e-01,
        -3.6749e-01,  3.5721e-01,  3.4758e-02,  7.1814e-02,  9.5150e-02,
        -5.7204e-01,  6.0467e-01,  4.6008e-01,  9.3618e-02, -1.4165e-01,
         3.7452e-02,  2.7031e-01,  2.1366e-01, -1.6954e-01,  3.6838e-01,
        -1.7166e-01,  2.3857e-01, -3.1933e-01,  1.1619e-01,  3.4274e-01,
         5.7863e-01,  1.6362e-01,  2.8472e-01,  7.5508e-02,  2.0312e-01,
         6.4683e-01,  2.4956e-01, -1.0978e+00,  3.6937e-02, -1.4105e-01,
        -3.0697e-01,  1.6335e-01,  1.9245e-01,  1.0028e-01,  2.9589e-02,
         2.7193e-01, -3.7505e-02,  4.4069e-01,  7.1087e-01,  8.6332e-02,
         1.1000e-01, -3.6609e-01, -1.2949e-01,  3.0625e-01,  1.3853e-01,
         2.7095e-01,  2.2535e-01,  8.1050e-02,  2.1993e-01,  1.3369e+00,
         8.5495e-02,  5.0177e-01,  4.7030e-01,  4.3770e-02,  3.4026e-01,
         1.1038e-02,  1.6692e-02, -1.0412e+00,  6.7883e-01, -1.4397e-01,
        -1.4276e+00,  8.6355e-01,  1.4617e-01, -1.3796e-02,  7.7514e-02,
         2.6966e-01,  1.1705e+00,  1.3350e-01,  8.0229e-02, -2.1038e-01,
        -4.2475e-02,  3.4839e-02,  2.8114e-01, -8.9177e-02,  9.9794e-01,
         7.1497e-02,  2.6802e-01,  1.4428e-01,  1.0256e-01,  1.0891e+00,
         1.3682e-01,  1.1219e-01,  1.4876e-01, -7.0436e-02,  3.2598e-01,
         1.3326e-01, -4.5420e-01,  7.6422e-01,  1.1811e-01, -1.6303e+00,
         2.7400e-01,  3.3109e-01,  8.9738e-02, -3.4551e-02, -1.5395e-01,
         1.7141e-01,  4.7370e-01], device='cuda:0'), tensor([ 0.0238,  0.0658, -0.0290,  0.4911,  0.4511,  0.6441,  0.1669,  0.0132,
         0.0770,  0.1045, -0.4452, -0.3601, -0.0970,  0.1184,  0.1601, -0.0912,
         0.3870,  0.7057,  0.1756,  0.4932,  0.3389,  0.4075,  0.1350,  0.1761,
         0.0542,  0.0286,  0.0533, -0.0194, -0.1330,  0.4544, -0.3782,  0.3156,
         0.0912,  0.1237,  0.1120, -0.6391,  0.5942,  0.4275,  0.1153, -0.1748,
         0.0187,  0.2508,  0.1583, -0.1643,  0.3726, -0.1445,  0.2700, -0.2521,
         0.1024,  0.3171,  0.5108,  0.1596,  0.2404,  0.0591,  0.1779,  0.6374,
         0.2454, -1.0002,  0.0238, -0.0892, -0.2604,  0.1176,  0.1877,  0.0767,
         0.0623,  0.2670, -0.1008,  0.4335,  0.6001,  0.1083,  0.0590, -0.3322,
        -0.0994,  0.3291,  0.0923,  0.2922,  0.2263,  0.0586,  0.2228,  1.3177,
         0.0988,  0.5559,  0.5020,  0.0494,  0.3410,  0.0786,  0.0820, -1.1044,
         0.7313, -0.1117, -1.4762,  0.8897,  0.1407, -0.0171,  0.0805,  0.2474,
         1.1738,  0.1531,  0.0439, -0.1897, -0.0332,  0.0672,  0.2824,  0.0200,
         1.1086,  0.0636,  0.2328,  0.2111,  0.0964,  0.9943,  0.1520,  0.0754,
         0.1129, -0.1133,  0.3229,  0.1497, -0.3321,  0.8217,  0.0927, -1.4988,
         0.2920,  0.3552,  0.1416,  0.0053, -0.1871,  0.1774,  0.5137],
       device='cuda:0'), tensor([ 0.0561,  0.0227, -0.0088,  0.5208,  0.5432,  0.6572,  0.1307, -0.0104,
         0.1313,  0.1066, -0.3323, -0.4230, -0.1025,  0.1739,  0.1587, -0.0624,
         0.4814,  0.5768,  0.1800,  0.3729,  0.3633,  0.4251,  0.1484,  0.1884,
         0.0234,  0.0710,  0.0437,  0.0177, -0.1380,  0.5160, -0.3792,  0.3545,
         0.0623,  0.1094,  0.0727, -0.5797,  0.6620,  0.4888,  0.1476, -0.1488,
         0.0168,  0.2408,  0.2070, -0.1963,  0.2944, -0.1166,  0.2489, -0.2438,
         0.0722,  0.2968,  0.5052,  0.1699,  0.2706,  0.0412,  0.1963,  0.6695,
         0.2796, -1.0517, -0.0157, -0.0654, -0.2576,  0.1258,  0.2082,  0.0904,
         0.0527,  0.2633, -0.1126,  0.4542,  0.6627,  0.1150,  0.1183, -0.3531,
        -0.1117,  0.3402,  0.1544,  0.2707,  0.2087,  0.0578,  0.2470,  1.3266,
         0.0668,  0.6160,  0.4949,  0.0135,  0.3163,  0.0387,  0.0489, -1.1194,
         0.6912, -0.0717, -1.5687,  0.8472,  0.1562, -0.0367,  0.1073,  0.2515,
         1.1297,  0.1649,  0.0058, -0.1776, -0.0352,  0.0588,  0.2841, -0.1497,
         1.2866,  0.0449,  0.2765,  0.2523,  0.1021,  1.0473,  0.1502,  0.0864,
         0.1274, -0.1049,  0.3530,  0.1327, -0.2993,  0.7283,  0.1101, -1.5707,
         0.2547,  0.3607,  0.1066, -0.0363, -0.1138,  0.1850,  0.4644],
       device='cuda:0')]
WeightedHS completed in 1116.69 seconds
ours1 FreqWeightedHS
LBFGS iterations run: 594
LBFGS iterations run: 1
LBFGS iterations run: 303
LBFGS iterations run: 1
LBFGS iterations run: 3
Mean +- SE trainNLL over 5 fold(s) 17777.803515625 +- 82.20647268423626
Sum testNLL over 5 fold(s) 22246.47509765625
weights for each 5 fold [tensor([ 9.2616e-01,  1.0634e-01,  7.9027e-02,  4.1033e-03,  4.6586e-01,
         4.1368e-01,  5.1579e-01,  8.6235e-02, -3.5525e-03,  1.1376e-01,
         1.6119e-01, -2.6019e-01, -3.9606e-01,  1.5309e-01,  1.1115e-01,
         1.6433e-01, -6.4033e-02,  5.1909e-01,  6.7581e-01,  7.6869e-02,
         4.6074e-01,  3.2757e-01,  4.5257e-01,  1.3870e-01,  1.6182e-01,
        -1.4122e-03,  6.6910e-02,  4.3097e-02,  8.6216e-04, -2.3228e-01,
         3.7444e-01, -4.7514e-01,  2.4600e-01,  6.7010e-02,  1.1442e-01,
         7.7528e-02, -3.1206e-01,  3.9029e-01,  5.4695e-01,  1.5489e-01,
        -1.6901e-01,  3.2882e-02,  1.8828e-01,  4.1658e-02, -1.0912e-01,
         2.7465e-01, -1.3222e-01,  2.4717e-01, -4.6907e-01,  3.4264e-02,
         4.1227e-01, -8.6845e-03,  2.2158e-01,  3.5786e-01, -9.0478e-02,
         1.8483e-01,  5.9812e-01,  1.9426e-01, -7.4118e-01,  5.3660e-02,
        -5.9258e-03, -4.2950e-01,  1.4653e-01,  1.1031e-01,  1.2346e-01,
         3.1785e-02,  1.4125e-01, -3.2097e-01,  3.4631e-01,  2.8437e-01,
         1.0906e-01, -1.1941e-01, -2.8155e-01, -1.8137e-02,  2.0196e-01,
         1.0929e-01,  2.3901e-01,  1.3214e-01,  1.2679e-01,  1.6002e-01,
         7.8593e-01, -1.6587e-01,  7.1357e-01,  3.0873e-01, -3.2606e-03,
         4.2631e-01,  8.6201e-02,  5.6767e-02, -5.6785e-01,  3.5638e-01,
        -4.3555e-02, -1.1815e+00,  9.0878e-01,  2.0375e-01, -5.5516e-02,
         1.2857e-01,  2.2410e-01,  1.2412e+00,  1.5440e-01,  8.1621e-02,
        -1.2143e-01, -3.0399e-02,  1.1101e-01,  2.3683e-01,  2.7783e-01,
        -1.4457e-01,  1.3969e-01,  1.9989e-01,  5.9304e-01,  1.4288e-01,
         2.3299e-01,  8.4682e-02,  1.1364e-01,  1.3577e-01, -6.0671e-02,
         2.3992e-01,  2.6188e-01, -1.2851e-02,  4.7519e-01,  1.6680e-01,
        -1.1254e+00,  1.4467e-01,  3.4606e-01,  6.4210e-02,  1.0525e-02,
        -2.1653e-01,  9.1973e-02,  4.2241e-01], device='cuda:0'), tensor([ 9.2622e-01,  1.0633e-01,  7.8626e-02,  4.1070e-03,  4.6587e-01,
         4.1369e-01,  5.1579e-01,  8.6231e-02, -3.5540e-03,  1.1376e-01,
         1.6118e-01, -2.5980e-01, -3.9607e-01,  1.5309e-01,  1.1116e-01,
         1.6433e-01, -6.4029e-02,  5.1909e-01,  6.7581e-01,  7.6864e-02,
         4.6072e-01,  3.2756e-01,  4.5256e-01,  1.3869e-01,  1.6182e-01,
        -1.4180e-03,  6.6906e-02,  4.3099e-02,  8.5697e-04, -2.3229e-01,
         3.7444e-01, -4.7515e-01,  2.4599e-01,  6.7006e-02,  1.1442e-01,
         7.7524e-02, -3.1207e-01,  3.9028e-01,  5.4694e-01,  1.5489e-01,
        -1.6901e-01,  3.2875e-02,  1.8828e-01,  4.1658e-02, -1.0912e-01,
         2.7469e-01, -1.3223e-01,  2.4717e-01, -4.6906e-01,  3.4257e-02,
         4.1227e-01, -8.6599e-03,  2.2158e-01,  3.5785e-01, -9.0483e-02,
         1.8483e-01,  5.9812e-01,  1.9426e-01, -7.4118e-01,  5.3657e-02,
        -5.9269e-03, -4.2951e-01,  1.4653e-01,  1.1030e-01,  1.2346e-01,
         3.1782e-02,  1.4125e-01, -3.2099e-01,  3.4631e-01,  2.8440e-01,
         1.0906e-01, -1.1941e-01, -2.8156e-01, -1.8147e-02,  2.0196e-01,
         1.0929e-01,  2.3901e-01,  1.3214e-01,  1.2678e-01,  1.6002e-01,
         7.8593e-01, -1.6588e-01,  7.1358e-01,  3.0873e-01, -3.2622e-03,
         4.2631e-01,  8.6196e-02,  5.6764e-02, -5.6786e-01,  3.5638e-01,
        -4.3561e-02, -1.1816e+00,  9.0879e-01,  2.0375e-01, -5.5519e-02,
         1.2857e-01,  2.2410e-01,  1.2413e+00,  1.5440e-01,  8.1624e-02,
        -1.2144e-01, -3.0402e-02,  1.1100e-01,  2.3683e-01,  2.7761e-01,
        -1.4515e-01,  1.3968e-01,  1.9988e-01,  5.9305e-01,  1.4287e-01,
         2.3298e-01,  8.4675e-02,  1.1364e-01,  1.3577e-01, -6.0677e-02,
         2.3992e-01,  2.6188e-01, -1.2853e-02,  4.7519e-01,  1.6680e-01,
        -1.1254e+00,  1.4468e-01,  3.4606e-01,  6.4206e-02,  1.0520e-02,
        -2.1655e-01,  9.1967e-02,  4.2241e-01], device='cuda:0'), tensor([ 0.9504,  0.1435,  0.0045,  0.0754,  0.4972,  0.4912,  0.5364,  0.1433,
         0.0507,  0.1037,  0.1362, -0.2575, -0.4034,  0.0187,  0.0955,  0.1856,
        -0.1286,  0.4970,  0.6269,  0.0761,  0.4593,  0.3494,  0.4581,  0.1414,
         0.1879, -0.0025,  0.0484,  0.0546,  0.0280, -0.1762,  0.3256, -0.3746,
         0.2123,  0.0592,  0.1022,  0.0586, -0.3375,  0.3326,  0.5205,  0.1804,
        -0.1798,  0.0187,  0.1897,  0.0199, -0.1178,  0.3163, -0.1338,  0.2733,
        -0.5021,  0.0344,  0.4222, -0.0212,  0.2408,  0.3267, -0.0442,  0.1642,
         0.6222,  0.1392, -0.7198,  0.0471, -0.0592, -0.4442,  0.1247,  0.0873,
         0.1176,  0.0582,  0.1391, -0.2603,  0.3732,  0.2800,  0.1139, -0.1859,
        -0.2695,  0.0212,  0.2186,  0.1464,  0.2396,  0.1383,  0.1607,  0.1690,
         0.7446, -0.0644,  0.7024,  0.2936,  0.0031,  0.3816,  0.1103,  0.0516,
        -0.5671,  0.3400,  0.0150, -1.1855,  1.0418,  0.1685, -0.0564,  0.0982,
         0.2235,  1.1881,  0.1743,  0.1159, -0.1248, -0.0106,  0.1345,  0.2643,
         0.2976, -0.3308,  0.0952,  0.2521,  0.5279,  0.1336,  0.2763,  0.0803,
         0.1115,  0.1618, -0.0689,  0.2505,  0.2346, -0.0851,  0.4310,  0.1475,
        -0.9959,  0.1319,  0.3454,  0.0702,  0.0044, -0.2066,  0.0928,  0.4416],
       device='cuda:0'), tensor([ 0.9504,  0.1435,  0.0045,  0.0754,  0.4972,  0.4912,  0.5364,  0.1434,
         0.0507,  0.1037,  0.1362, -0.2575, -0.4034,  0.0187,  0.0955,  0.1856,
        -0.1286,  0.4970,  0.6269,  0.0761,  0.4593,  0.3494,  0.4581,  0.1414,
         0.1879, -0.0025,  0.0484,  0.0546,  0.0280, -0.1762,  0.3256, -0.3746,
         0.2123,  0.0592,  0.1022,  0.0586, -0.3376,  0.3325,  0.5205,  0.1805,
        -0.1798,  0.0187,  0.1897,  0.0199, -0.1178,  0.3163, -0.1338,  0.2733,
        -0.5021,  0.0344,  0.4222, -0.0212,  0.2408,  0.3267, -0.0442,  0.1642,
         0.6222,  0.1391, -0.7198,  0.0471, -0.0592, -0.4442,  0.1247,  0.0873,
         0.1176,  0.0582,  0.1391, -0.2603,  0.3732,  0.2800,  0.1139, -0.1859,
        -0.2695,  0.0212,  0.2186,  0.1464,  0.2396,  0.1383,  0.1607,  0.1690,
         0.7446, -0.0643,  0.7024,  0.2936,  0.0031,  0.3816,  0.1103,  0.0516,
        -0.5671,  0.3400,  0.0150, -1.1855,  1.0418,  0.1685, -0.0564,  0.0982,
         0.2235,  1.1881,  0.1743,  0.1159, -0.1248, -0.0106,  0.1346,  0.2643,
         0.2976, -0.3308,  0.0952,  0.2521,  0.5279,  0.1336,  0.2763,  0.0803,
         0.1115,  0.1618, -0.0689,  0.2505,  0.2346, -0.0851,  0.4310,  0.1475,
        -0.9959,  0.1319,  0.3454,  0.0702,  0.0043, -0.2066,  0.0928,  0.4416],
       device='cuda:0'), tensor([ 0.9504,  0.1436,  0.0045,  0.0756,  0.4974,  0.4913,  0.5364,  0.1435,
         0.0508,  0.1037,  0.1362, -0.2577, -0.4034,  0.0184,  0.0954,  0.1857,
        -0.1289,  0.4971,  0.6268,  0.0761,  0.4592,  0.3495,  0.4582,  0.1412,
         0.1879, -0.0025,  0.0483,  0.0546,  0.0281, -0.1761,  0.3257, -0.3745,
         0.2121,  0.0592,  0.1022,  0.0585, -0.3376,  0.3325,  0.5204,  0.1805,
        -0.1797,  0.0186,  0.1897,  0.0197, -0.1178,  0.3166, -0.1338,  0.2733,
        -0.5021,  0.0343,  0.4222, -0.0213,  0.2408,  0.3266, -0.0441,  0.1642,
         0.6222,  0.1390, -0.7198,  0.0471, -0.0593, -0.4442,  0.1247,  0.0872,
         0.1175,  0.0582,  0.1391, -0.2600,  0.3732,  0.2798,  0.1139, -0.1860,
        -0.2695,  0.0213,  0.2187,  0.1465,  0.2396,  0.1382,  0.1608,  0.1690,
         0.7444, -0.0640,  0.7024,  0.2935,  0.0031,  0.3815,  0.1103,  0.0516,
        -0.5670,  0.3399,  0.0152, -1.1854,  1.0420,  0.1685, -0.0564,  0.0981,
         0.2235,  1.1880,  0.1743,  0.1161, -0.1248, -0.0106,  0.1346,  0.2643,
         0.2974, -0.3313,  0.0950,  0.2522,  0.5278,  0.1336,  0.2761,  0.0803,
         0.1114,  0.1618, -0.0690,  0.2505,  0.2345, -0.0854,  0.4309,  0.1475,
        -0.9956,  0.1318,  0.3454,  0.0702,  0.0043, -0.2067,  0.0928,  0.4416],
       device='cuda:0')]
FreqWeightedHS completed in 660.94 seconds
ours1 WeightedHSdebiased
LBFGS iterations run: 681
LBFGS iterations run: 405
LBFGS iterations run: 386
LBFGS iterations run: 1
LBFGS iterations run: 377
Mean +- SE trainNLL over 5 fold(s) 16610.3931640625 +- 97.94955033888913
Sum testNLL over 5 fold(s) 20968.744873046875
weights for each 5 fold [tensor([ 1.6180e-01, -1.7090e-01,  4.3165e-01,  8.8821e-01,  2.7476e-01,
         2.4438e-01,  9.3808e-02,  6.7736e-02,  1.0429e-01,  1.8675e-01,
         2.3305e-01, -2.0074e-01,  4.1243e-01, -6.3925e-02,  2.1441e-01,
        -1.9924e-01,  1.7396e-01,  7.5036e-01,  2.7395e-01,  1.4643e-01,
         3.3075e-01,  4.3745e-01, -3.4098e-02,  1.5307e-01, -3.5883e-02,
         5.3799e-02,  2.8526e-01,  1.1472e-01,  7.4201e-02,  4.1704e-01,
        -1.0544e-01,  6.5715e-01, -6.0978e-02,  8.2815e-02,  2.7955e-02,
        -1.2970e-01,  1.4535e-01,  5.6727e-01,  1.2718e-01, -1.9022e-01,
         1.5616e-01,  2.8606e-01,  5.1731e-02,  9.1011e-02,  1.2129e-01,
        -5.0771e-02,  1.5931e-01,  3.1456e-01, -4.2977e-02,  2.3582e-01,
        -3.6222e-01,  2.9422e-01,  2.6297e-01, -5.2677e-02,  1.6738e-01,
         3.7869e-01,  2.9966e-01,  4.9916e-01,  4.8448e-02,  5.2250e-02,
        -2.2018e-02,  1.5127e-01,  1.4516e-01,  2.2607e-01,  1.9844e-03,
         2.7144e-02, -4.4125e-01,  1.5540e-01,  5.5615e-01,  1.4931e-01,
        -5.7160e-01,  8.8390e-02,  1.2960e-01,  1.0318e-01,  5.1403e-01,
         1.4398e-01,  3.8101e-01,  1.5592e-01,  1.3472e-01,  3.6471e-01,
         2.8435e-01,  3.3447e-01, -4.5903e-02,  4.4438e-02,  3.3546e-01,
         6.5095e-02,  5.6369e-02, -2.8902e-01,  1.2394e-01,  1.2848e-01,
        -2.6641e-01,  4.2075e-01,  2.1867e-01, -9.1426e-02,  2.7995e-02,
         2.3647e-01,  7.6272e-01,  1.2813e-01,  6.4527e-01, -1.1280e-01,
        -1.2311e-02,  9.9329e-03,  1.8409e-01,  9.1928e-01,  1.4616e-03,
         2.4848e-02,  5.6373e-02,  4.7635e-01, -8.7326e-02,  5.0174e-01,
         2.3160e-01,  1.8735e-01,  1.8956e-01,  3.3008e-02,  1.7857e-01,
         2.1293e-01,  2.2926e-01,  4.4905e-01,  7.7083e-02, -8.8394e-01,
         5.4735e-02,  2.2492e-01,  1.4935e-01, -8.2579e-02,  2.4670e-01,
         3.3340e-02,  2.2711e-01, -5.3064e-01, -1.1062e+00,  9.5972e-01,
        -4.6087e-01, -1.5041e-01, -2.0494e+00, -2.4969e-01, -3.9327e-01,
        -1.0569e-01,  4.0671e-01,  2.6772e-01,  1.2076e+00,  1.5824e+00,
         2.0002e-01, -3.5649e-01, -3.0777e-01, -7.7246e-01, -5.1418e-01,
        -1.1294e-01, -7.8348e-01,  3.0025e-01, -7.9423e-01, -1.3893e-02,
        -7.2780e-02,  1.4242e-01, -6.9816e-02,  7.2685e-01,  3.9197e-01,
         9.3854e-02, -4.1412e-01, -1.4509e-01,  9.6441e-01,  1.6120e-01,
         1.5499e-01, -7.4858e-01,  5.4059e-01, -8.5087e-01,  9.8320e-01,
        -2.7864e-01,  1.1683e-01,  3.4900e-01, -1.0017e-01,  1.3365e-01,
         1.0864e+00, -3.0432e-01,  2.8105e-01, -2.9303e-01,  4.6984e-01,
         1.9263e-01, -1.6207e-01, -1.8693e+00,  6.5526e-01, -2.0496e-01,
         5.9091e-01,  4.3381e-01,  3.9639e-02, -1.0715e+00,  2.9507e+00,
         4.9325e-01, -1.0775e-02,  1.0512e-01, -6.3713e-02, -5.8403e-01,
         6.8404e-02,  4.2462e-01,  7.9784e-01, -4.6271e-01,  7.4571e-01,
         3.7906e-01,  3.3865e-01, -2.2831e+00,  8.5702e-01,  2.9920e-01,
         1.5702e-01,  2.6964e-01,  3.9889e-01,  5.7806e-01, -2.4281e-01,
         5.8069e-02, -1.4353e+00,  6.2086e-01, -2.6343e-01, -7.7215e-01,
         3.9426e-01,  3.3184e-01,  2.3249e-01,  8.3957e-02,  1.0850e+00,
        -8.8829e-01,  1.4864e-01,  1.3878e+00,  1.3353e+00,  7.1798e-01,
         1.8514e-01,  1.1804e-01, -2.3572e-01,  1.6164e-01, -7.2793e-01,
         1.2870e+00,  4.5004e-01,  8.7818e-02, -8.7743e-01,  7.2914e-01,
         1.9764e+00,  2.5523e-01, -3.4295e-01,  4.0950e-01, -1.2285e+00,
         2.3677e-02,  5.9162e-01, -3.4066e-01,  1.3054e-02, -2.0731e-01,
         3.8888e-01,  8.2026e-01, -4.5187e-01,  7.1052e-01,  8.1993e-01,
        -4.0077e-01,  1.0786e+00,  4.4958e-01,  6.4553e-01,  2.8970e-02,
        -3.0485e-01,  5.4451e-01, -3.2323e-01, -8.3118e-01], device='cuda:0'), tensor([ 1.5217e-01, -1.9060e-01,  5.8139e-01,  8.7999e-01,  2.3065e-01,
         2.9230e-01,  1.8820e-01,  1.0424e-01,  8.3167e-02,  2.0513e-01,
         8.5305e-02, -1.5149e-01,  3.3592e-01,  1.0140e-01,  2.1425e-01,
        -1.8168e-01,  2.3903e-01,  7.1236e-01,  1.7101e-01,  2.6144e-01,
         3.1398e-01,  3.3842e-01, -5.3508e-02,  1.2999e-01, -1.5832e-02,
         4.2221e-02,  2.7606e-01,  1.0502e-01,  1.2523e-01,  3.3522e-01,
         1.8259e-02,  6.1429e-01, -2.3453e-02,  8.9094e-02,  3.0915e-04,
        -1.1179e-01,  7.4333e-02,  5.6442e-01,  1.6343e-01, -1.9993e-01,
         1.0821e-01,  2.8426e-01,  5.9219e-02,  5.8540e-02,  1.7814e-01,
        -2.9338e-02,  1.6115e-01,  3.5333e-01, -3.4717e-02,  2.9436e-01,
        -9.6965e-01,  2.7127e-01,  2.5467e-01, -2.3890e-02,  1.6082e-01,
         4.0449e-01,  3.0346e-01,  4.8860e-01,  9.9318e-03,  2.6896e-02,
        -3.9881e-02,  1.4209e-01,  1.3751e-01,  2.3192e-01,  4.0152e-02,
         5.6248e-02, -5.5336e-01,  2.4063e-01,  4.8774e-01,  8.8590e-02,
        -1.4246e+00,  1.4853e-01,  1.1733e-01,  7.1168e-02,  4.6933e-01,
         1.4539e-01,  3.5305e-01,  1.3351e-01,  1.5322e-01,  5.0351e-01,
         3.0631e-01,  3.3388e-01, -1.1760e-01,  6.7428e-03,  3.6682e-01,
         8.9918e-02,  6.9473e-02, -3.2455e-01,  3.5747e-02,  1.1214e-01,
        -4.6296e-01,  2.5345e-01,  2.1213e-01, -9.5792e-02,  9.1803e-03,
         2.7498e-01,  4.6914e-01,  1.5071e-01,  6.5466e-01, -1.5666e-01,
         1.4513e-02,  1.8402e-02,  1.4558e-01,  7.4729e-01, -2.8165e-01,
         7.0727e-02,  1.1157e-01,  4.6587e-01, -9.9281e-02,  2.1382e-01,
         2.5333e-01,  1.9081e-01,  1.5399e-01,  8.0845e-03,  1.6035e-01,
         2.1189e-01,  4.6384e-02,  5.5993e-01,  1.0611e-01, -3.9946e-01,
         8.0121e-02,  2.3440e-01,  1.0415e-01, -6.9854e-02,  2.2428e-01,
         4.2610e-02,  2.3886e-01, -6.3949e-01, -8.2107e-01,  8.0565e-01,
        -3.9341e-01,  3.2595e-01, -1.8538e+00, -1.8310e-01, -3.3317e-01,
        -8.9529e-02,  4.7136e-01, -2.4440e-01,  1.4079e+00,  1.6045e+00,
         2.4076e-01, -3.7812e-01, -3.7478e-01, -5.9186e-01, -5.4745e-01,
        -2.2115e-01, -5.7704e-01,  2.6019e-01, -8.8134e-01, -2.5216e-02,
        -4.5767e-02,  2.6919e-01, -9.2800e-02,  7.2822e-01,  4.7990e-01,
         3.2026e-01, -4.9207e-01,  1.0528e-01,  8.9312e-01,  1.3558e-01,
         2.0319e-01, -6.1866e-01,  5.4538e-01, -9.2504e-01,  9.8746e-01,
        -2.2330e-01, -3.7296e-03,  3.5919e-01, -1.2709e-01,  1.2620e-01,
         1.0337e+00, -5.1343e-01,  3.2651e-01, -3.4516e-01,  5.6740e-01,
         2.1283e-01, -2.6824e-01, -2.4293e+00,  6.5240e-01, -1.2709e-01,
         6.1347e-01,  4.6561e-01,  5.3993e-02, -1.0269e+00,  2.9122e+00,
         5.0457e-01, -1.0886e-01,  1.0596e-02, -5.9955e-02, -5.7033e-01,
         2.8692e-02,  4.0346e-01,  7.3058e-01, -3.7173e-01,  8.0939e-01,
         4.1074e-01,  3.3847e-01, -3.1537e+00,  8.9984e-01,  3.4644e-01,
         2.4278e-01,  2.0102e-02,  3.9909e-01,  5.4058e-01, -2.0792e-01,
        -1.2464e-02, -1.3520e+00,  4.9286e-01, -3.6855e-01, -8.4617e-01,
         3.7606e-01,  3.4173e-01,  1.6030e-01,  4.6538e-02,  1.2253e+00,
        -9.9936e-01,  9.1225e-02,  1.3776e+00,  1.5059e+00,  7.9075e-01,
         2.7178e-01,  2.2568e-01, -1.4735e-01, -1.3450e-01, -7.1497e-01,
         1.3402e+00,  4.7558e-01,  1.1009e-01, -9.3400e-01,  7.2760e-01,
         2.4123e+00,  5.7632e-01, -3.7427e-01,  3.1745e-01, -1.3875e+00,
         4.4949e-02,  1.1445e+00, -3.8854e-01,  1.4214e-01, -1.3969e-01,
         2.8389e-01,  7.9301e-01, -4.6399e-01,  3.2356e-01,  6.0492e-01,
        -4.7390e-01,  1.6233e+00,  3.8422e-01,  5.9899e-01,  2.8164e-02,
        -3.1379e-01,  6.0862e-01, -3.9706e-01, -7.7770e-01], device='cuda:0'), tensor([ 1.4199e-01, -2.3888e-01,  4.9338e-01,  8.2164e-01,  2.9045e-01,
         1.7118e-01,  1.3978e-01,  7.8693e-02,  1.0163e-01,  2.1066e-01,
         3.4223e-01, -8.3267e-02,  3.6730e-01, -1.3519e-01,  1.8098e-01,
        -1.3675e-01,  2.4837e-01,  7.2118e-01,  1.4143e-01,  1.3616e-01,
         3.2788e-01,  3.8612e-01, -2.1099e-02,  1.6336e-01, -7.4395e-02,
         4.5494e-02,  2.7548e-01,  1.2666e-01,  8.3112e-02,  3.6243e-01,
         4.4852e-02,  7.0155e-01,  1.2028e-02,  7.7722e-02,  1.3706e-02,
        -1.5381e-01,  2.2653e-01,  5.9574e-01,  1.7353e-01, -2.0759e-01,
         1.4298e-01,  3.5309e-01, -1.7881e-02,  5.4229e-02,  2.2140e-01,
        -2.9643e-02,  1.7737e-01,  2.5896e-01, -2.3338e-02,  2.9344e-01,
        -4.5982e-01,  2.9980e-01,  2.8175e-01, -1.1275e-02,  1.4696e-01,
         4.0131e-01,  3.1777e-01,  5.6848e-01, -5.7533e-04,  5.4772e-02,
        -9.5946e-02,  1.3945e-01,  1.4565e-01,  2.3892e-01,  2.3988e-02,
         3.8924e-02, -4.8786e-01,  1.6455e-01,  5.1679e-01,  1.4926e-01,
        -1.3134e+00,  1.0379e-01,  1.0220e-01,  9.0560e-02,  4.0375e-01,
         1.4997e-01,  3.2438e-01,  1.3328e-01,  1.5778e-01,  5.5800e-01,
         3.3367e-01,  2.2402e-01, -2.2680e-02,  2.5849e-02,  3.2487e-01,
         3.9681e-02,  5.3012e-02, -3.0529e-01,  9.7920e-02,  5.5858e-02,
        -2.9324e-01,  4.3029e-01,  2.4516e-01, -1.4879e-01,  4.7545e-02,
         2.5358e-01,  4.9388e-01,  1.5461e-01,  6.2330e-01, -1.1845e-01,
         3.9597e-02,  1.1473e-02,  1.3037e-01,  9.2782e-01, -3.5543e-01,
         1.2423e-01,  8.6486e-02,  2.9883e-01, -1.2936e-01,  3.1636e-01,
         2.4705e-01,  1.8994e-01,  1.6216e-01,  1.9549e-02,  1.7202e-01,
         2.4351e-01,  2.2013e-01,  3.8297e-01,  1.0324e-01, -6.6997e-01,
         9.6433e-02,  2.0782e-01,  7.8248e-02, -8.3803e-02,  3.0248e-01,
         3.6448e-02,  2.1796e-01, -5.7064e-01, -1.0523e+00,  8.1682e-01,
        -3.6296e-01,  3.0448e-01, -2.1449e+00, -2.5797e-01, -3.8485e-01,
        -1.3122e-01,  6.2212e-01,  2.0644e-01,  1.3627e+00,  1.7270e+00,
         8.1971e-02, -5.2112e-01, -2.8183e-01, -6.9634e-01, -5.7918e-01,
        -2.1493e-01, -7.8052e-01,  2.5340e-01, -6.9660e-01, -6.4186e-02,
        -1.2135e-01,  2.3152e-01, -5.6030e-02,  6.6309e-01,  4.1686e-01,
         2.8019e-01, -5.9753e-01,  3.2370e-02,  1.0303e+00,  8.5053e-03,
         1.3728e-01, -6.6723e-01,  4.7757e-01, -7.8803e-01,  1.0073e+00,
        -2.7932e-01,  1.3117e-01,  3.5783e-01, -2.5211e-02,  3.6351e-01,
         1.1426e+00, -4.9638e-01,  3.1707e-01, -4.6520e-01,  3.6362e-01,
         3.4147e-01, -1.2212e-01, -2.1753e+00,  6.3372e-01, -8.7640e-02,
         6.3108e-01,  4.7430e-01,  1.0261e-01, -1.1668e+00,  3.0454e+00,
         4.6102e-01, -1.4368e-02, -9.9221e-02, -8.4032e-02, -5.5533e-01,
         3.4142e-03,  4.1886e-01,  8.0929e-01, -4.6187e-01,  8.9301e-01,
         2.5851e-01,  3.4967e-01, -3.0723e+00,  8.4076e-01,  3.6236e-01,
         2.0004e-01,  1.6062e-02,  4.3302e-01,  5.9470e-01, -2.6532e-01,
         2.1330e-01, -1.3371e+00,  5.8465e-01, -3.8124e-01, -7.9431e-01,
         3.9526e-01,  4.1066e-01,  2.4223e-01,  1.2989e-01,  1.2598e+00,
        -9.5877e-01,  1.7612e-01,  1.3735e+00,  1.3819e+00,  7.9565e-01,
         2.1854e-01,  6.7192e-02, -2.1105e-01, -3.8476e-02, -7.7171e-01,
         1.1750e+00,  3.8216e-01,  1.5189e-01, -8.5953e-01,  7.5766e-01,
         2.4155e+00,  4.1219e-01, -3.6901e-01,  3.0166e-01, -1.2644e+00,
        -5.3532e-02,  9.7854e-01, -3.4570e-01,  1.1192e-02, -2.0497e-01,
         2.7278e-01,  8.7344e-01, -4.3623e-01,  4.3676e-01,  8.4079e-01,
        -5.6337e-01,  1.3976e+00,  4.0188e-01,  6.5447e-01, -3.2316e-02,
        -3.3171e-01,  6.9243e-01, -3.2320e-01, -8.1798e-01], device='cuda:0'), tensor([ 1.4199e-01, -2.3895e-01,  4.9337e-01,  8.2163e-01,  2.9046e-01,
         1.7116e-01,  1.3976e-01,  7.8683e-02,  1.0163e-01,  2.1066e-01,
         3.4231e-01, -8.3258e-02,  3.6730e-01, -1.3522e-01,  1.8097e-01,
        -1.3675e-01,  2.4837e-01,  7.2118e-01,  1.4143e-01,  1.3614e-01,
         3.2788e-01,  3.8612e-01, -2.1100e-02,  1.6336e-01, -7.4398e-02,
         4.5494e-02,  2.7548e-01,  1.2666e-01,  8.3108e-02,  3.6243e-01,
         4.4854e-02,  7.0156e-01,  1.2034e-02,  7.7720e-02,  1.3706e-02,
        -1.5382e-01,  2.2654e-01,  5.9575e-01,  1.7354e-01, -2.0760e-01,
         1.4298e-01,  3.5309e-01, -1.7889e-02,  5.4226e-02,  2.2142e-01,
        -2.9647e-02,  1.7738e-01,  2.5895e-01, -2.3336e-02,  2.9344e-01,
        -4.5978e-01,  2.9981e-01,  2.8176e-01, -1.1278e-02,  1.4696e-01,
         4.0131e-01,  3.1777e-01,  5.6849e-01, -5.7176e-04,  5.4774e-02,
        -9.5951e-02,  1.3944e-01,  1.4565e-01,  2.3891e-01,  2.3987e-02,
         3.8924e-02, -4.8788e-01,  1.6454e-01,  5.1678e-01,  1.4926e-01,
        -1.3134e+00,  1.0379e-01,  1.0221e-01,  9.0561e-02,  4.0374e-01,
         1.4997e-01,  3.2438e-01,  1.3327e-01,  1.5778e-01,  5.5801e-01,
         3.3368e-01,  2.2401e-01, -2.2673e-02,  2.5852e-02,  3.2487e-01,
         3.9676e-02,  5.3011e-02, -3.0529e-01,  9.7925e-02,  5.5858e-02,
        -2.9323e-01,  4.3032e-01,  2.4514e-01, -1.4879e-01,  4.7548e-02,
         2.5358e-01,  4.9389e-01,  1.5461e-01,  6.2329e-01, -1.1845e-01,
         3.9595e-02,  1.1470e-02,  1.3037e-01,  9.2777e-01, -3.5547e-01,
         1.2423e-01,  8.6486e-02,  2.9880e-01, -1.2936e-01,  3.1638e-01,
         2.4705e-01,  1.8994e-01,  1.6215e-01,  1.9551e-02,  1.7202e-01,
         2.4351e-01,  2.2015e-01,  3.8295e-01,  1.0324e-01, -6.7002e-01,
         9.6436e-02,  2.0782e-01,  7.8254e-02, -8.3800e-02,  3.0248e-01,
         3.6450e-02,  2.1795e-01, -5.7062e-01, -1.0523e+00,  8.1684e-01,
        -3.6296e-01,  3.0449e-01, -2.1449e+00, -2.5797e-01, -3.8485e-01,
        -1.3123e-01,  6.2214e-01,  2.0649e-01,  1.3627e+00,  1.7270e+00,
         8.1941e-02, -5.2113e-01, -2.8182e-01, -6.9635e-01, -5.7918e-01,
        -2.1494e-01, -7.8056e-01,  2.5339e-01, -6.9657e-01, -6.4191e-02,
        -1.2135e-01,  2.3152e-01, -5.6035e-02,  6.6309e-01,  4.1685e-01,
         2.8018e-01, -5.9754e-01,  3.2359e-02,  1.0303e+00,  8.4977e-03,
         1.3727e-01, -6.6723e-01,  4.7757e-01, -7.8801e-01,  1.0073e+00,
        -2.7933e-01,  1.3119e-01,  3.5783e-01, -2.5204e-02,  3.6353e-01,
         1.1426e+00, -4.9641e-01,  3.1707e-01, -4.6520e-01,  3.6360e-01,
         3.4148e-01, -1.2211e-01, -2.1753e+00,  6.3372e-01, -8.7634e-02,
         6.3108e-01,  4.7429e-01,  1.0261e-01, -1.1668e+00,  3.0454e+00,
         4.6101e-01, -1.4359e-02, -9.9227e-02, -8.4038e-02, -5.5532e-01,
         3.4207e-03,  4.1886e-01,  8.0930e-01, -4.6192e-01,  8.9302e-01,
         2.5847e-01,  3.4966e-01, -3.0724e+00,  8.4075e-01,  3.6236e-01,
         2.0003e-01,  1.6059e-02,  4.3303e-01,  5.9471e-01, -2.6532e-01,
         2.1332e-01, -1.3371e+00,  5.8468e-01, -3.8124e-01, -7.9431e-01,
         3.9525e-01,  4.1067e-01,  2.4224e-01,  1.2990e-01,  1.2598e+00,
        -9.5877e-01,  1.7613e-01,  1.3735e+00,  1.3819e+00,  7.9565e-01,
         2.1854e-01,  6.7175e-02, -2.1106e-01, -3.8446e-02, -7.7172e-01,
         1.1750e+00,  3.8216e-01,  1.5189e-01, -8.5952e-01,  7.5766e-01,
         2.4154e+00,  4.1218e-01, -3.6902e-01,  3.0166e-01, -1.2644e+00,
        -5.3547e-02,  9.7850e-01, -3.4570e-01,  1.1181e-02, -2.0497e-01,
         2.7278e-01,  8.7344e-01, -4.3622e-01,  4.3679e-01,  8.4082e-01,
        -5.6338e-01,  1.3976e+00,  4.0188e-01,  6.5447e-01, -3.2321e-02,
        -3.3172e-01,  6.9244e-01, -3.2320e-01, -8.1799e-01], device='cuda:0'), tensor([ 1.3276e-01,  8.5374e-04,  4.5909e-01,  8.5572e-01,  3.8210e-01,
         2.8935e-01,  1.3113e-01,  9.2700e-02,  7.6848e-02,  2.1141e-01,
         4.6026e-02, -2.0875e-01,  3.9698e-01, -7.1943e-02,  1.8572e-01,
        -1.3565e-01,  2.2901e-01,  7.1640e-01,  1.5529e-01,  1.6141e-01,
         3.3657e-01,  4.4987e-01, -1.0133e-02,  1.5265e-01,  3.4491e-03,
         7.4005e-02,  2.9154e-01,  1.0117e-01,  1.0427e-01,  3.4768e-01,
         3.6714e-02,  6.5922e-01, -2.8492e-02,  9.3941e-02,  3.4268e-03,
        -1.8259e-01,  1.9860e-02,  5.7155e-01,  1.2919e-01, -2.2166e-01,
         1.7175e-01,  2.7589e-01,  5.2479e-02,  1.3495e-03,  3.1372e-01,
        -5.2846e-02,  1.4940e-01,  2.5025e-01, -2.3541e-02,  3.0128e-01,
        -5.4683e-01,  2.8193e-01,  2.4290e-01, -4.1558e-03,  1.5552e-01,
         3.7852e-01,  3.4573e-01,  2.8398e-01,  5.0360e-02,  5.4254e-02,
        -1.0602e-01,  1.6296e-01,  1.5858e-01,  2.4309e-01,  4.9860e-02,
         1.3523e-01, -6.0381e-01,  2.2874e-01,  3.0371e-01,  1.4343e-01,
        -1.2028e+00,  1.8265e-01,  1.3640e-01,  9.0601e-04,  5.0761e-01,
         1.7838e-01,  3.3119e-01,  1.6039e-01,  1.8033e-01,  6.0167e-01,
         4.5016e-01,  2.2797e-01, -1.5690e-01,  1.2104e-02,  3.6313e-01,
         8.7694e-02,  2.2411e-02, -4.3990e-01,  1.1957e-01,  4.5768e-02,
        -4.2177e-01,  3.3608e-01,  2.2833e-01, -1.0366e-01,  3.3783e-02,
         2.1891e-01,  4.6257e-01,  1.3652e-01,  5.1237e-01, -1.4578e-01,
         4.9422e-03,  1.1474e-02,  1.5233e-01,  7.9250e-01, -1.8348e-01,
         8.0268e-02,  7.6817e-02,  3.8842e-01, -1.4433e-01,  4.4911e-01,
         3.0249e-01,  1.7302e-01,  1.3729e-01,  2.0696e-02,  1.9938e-01,
         2.1626e-01,  2.0986e-01,  4.7813e-01,  1.0084e-01, -6.0344e-01,
         9.3571e-02,  2.3693e-01,  1.1646e-01, -8.4939e-02,  3.1567e-01,
         7.7691e-02,  2.1707e-01, -4.3691e-01, -8.4958e-01,  8.7042e-01,
        -3.5171e-01,  1.3593e-01, -2.0105e+00, -2.6747e-01, -3.6727e-01,
        -1.0297e-01,  5.3460e-01, -1.4196e-01,  1.3241e+00,  1.6574e+00,
         1.9026e-01, -4.7452e-01, -2.7564e-01, -6.8631e-01, -6.7200e-01,
        -2.1575e-01, -5.9943e-01,  3.0400e-01, -7.4437e-01,  8.7628e-03,
        -1.3353e-01,  2.1766e-01, -3.0748e-02,  7.0099e-01,  4.2372e-01,
         2.7383e-01, -5.8019e-01,  4.6041e-02,  1.0165e+00,  1.2588e-01,
         1.8898e-01, -6.7212e-01,  4.7180e-01, -8.0828e-01,  1.1001e+00,
        -2.8603e-01,  7.7007e-02,  3.3426e-01, -8.7223e-02,  2.0117e-01,
         1.0742e+00, -4.2693e-01,  2.9109e-01, -2.6172e-01,  3.9251e-01,
         3.0187e-01, -1.3371e-01, -2.2050e+00,  6.3985e-01, -8.9346e-02,
         4.8473e-01,  4.7198e-01,  1.9071e-01, -1.0412e+00,  2.6930e+00,
         4.7883e-01, -1.4793e-01, -8.2547e-02, -6.7963e-02, -5.5249e-01,
         2.1074e-02,  3.6222e-01,  6.6310e-01, -3.9443e-01,  7.9589e-01,
        -3.0764e-02,  3.3945e-01, -2.8978e+00,  9.6010e-01,  3.3580e-01,
         2.3289e-01,  9.8766e-02,  4.2482e-01,  4.7581e-01, -2.1262e-01,
         1.0121e-01, -1.2092e+00,  6.4350e-01, -2.3544e-01, -8.2615e-01,
         3.3867e-01,  4.8914e-01,  1.9606e-01,  3.5434e-02,  9.9275e-01,
        -1.0102e+00,  1.8000e-01,  1.3933e+00,  1.5523e+00,  7.0174e-01,
         2.2201e-01,  1.6690e-01, -2.7626e-01, -1.7087e-01, -7.5029e-01,
         1.2765e+00,  4.3174e-01,  1.0694e-01, -9.8759e-01,  7.7728e-01,
         2.3445e+00,  6.6232e-01, -3.2540e-01,  3.4042e-01, -1.2065e+00,
         2.3075e-02,  7.5727e-01, -4.9335e-01,  8.9983e-02, -1.8219e-01,
         2.9205e-01,  8.0976e-01, -4.1827e-01,  4.8555e-01,  7.6837e-01,
        -4.8428e-01,  1.2771e+00,  4.8458e-01,  7.1903e-01, -1.2774e-01,
        -3.1573e-01,  6.1188e-01, -3.0780e-01, -8.9868e-01], device='cuda:0')]
WeightedHSdebiased completed in 1361.84 seconds
ours1 FreqWeightedHSdebiased
LBFGS iterations run: 784
LBFGS iterations run: 4
