nohup: ignoring input
cuda
CUDA available: True
GPU count: 1
{'dataset': 'hills', 'representation': 'clip', 'fit': False, 'lr': 0.01, 'initval': 1.0, 'tol': 1e-06, 'maxiter': 5000, 'plot': False, 'fitting': 'group', 'cv': 5, 'refnll': 'none', 'featurestouse': 'vf_features', 'mask': True, 'usehillsresp': True, 'useapifreq': True, 'hills': True, 'heineman': True, 'ours1': True, 'print': True, 'simulate': False, 'recovery': True, 'test': True}
PearsonRResult(statistic=0.8119866335089143, pvalue=4.416893758556285e-84)
SignificanceResult(statistic=0.833226288919769, pvalue=2.4293387168113275e-92)
TRUE BLEUS MEAN: {'bleu1': 0.9066666666666666, 'bleu2': 0.242, 'bleu3': 0.030000000000000002, 'bleu4': 0.0006666666666666666}
dict_keys(['feature_Is mammal', 'feature_Is bird', 'feature_Is insect', 'feature_Is reptile', 'feature_Is amphibian', 'feature_Is fish', 'feature_Is carnivore', 'feature_Is herbivore', 'feature_Is omnivore', 'feature_Has fur', 'feature_Has feathers', 'feature_Has scales', 'feature_Has exoskeleton', 'feature_Has beak', 'feature_Has claws', 'feature_Has whiskers', 'feature_Has horns', 'feature_Has antlers', 'feature_Has tusks', 'feature_Has wings', 'feature_Has tail', 'feature_Can fly', 'feature_Can swim', 'feature_Can climb', 'feature_Can dig', 'feature_Can jump', 'feature_Is nocturnal', 'feature_Is diurnal', 'feature_Has more than four limbs', 'feature_Lives in water', 'feature_Lives in trees', 'feature_Lives underground', 'feature_Lives on land', 'feature_Lays eggs', 'feature_Gives birth', 'feature_Has a long neck', 'feature_Is venomous', 'feature_Is domesticated', 'feature_Lives in groups', 'feature_Is solitary', 'feature_Builds nests', 'feature_Is migratory', 'feature_Has social hierarchy', 'feature_Uses tools', 'feature_Shows intelligence', 'feature_Communicates vocally', 'feature_Has camouflage', 'feature_Has stripes', 'feature_Has spots', 'feature_Can change color', 'feature_Is endangered', 'feature_Is commonly kept as a pet', 'feature_Is used in farming', 'feature_Is hunted by humans', 'feature_Is used for food by humans', 'feature_Is found in zoos', 'feature_Is capable of mimicry', 'feature_Has echolocation', 'feature_Is warm-blooded', 'feature_Is cold-blooded', 'feature_Has a long lifespan', 'feature_Is capable of regrowth', 'feature_Has specialized hunting techniques', 'feature_Is known for speed', 'feature_Is known for strength', 'feature_Has a specialized diet', 'feature_Can hibernate', 'feature_Has a backbone', 'feature_Is marsupial', 'feature_Is placental', 'feature_Is monotreme', 'feature_Is flightless', 'feature_Has webbed feet', 'feature_Is known for intelligence', 'feature_Is a scavenger', 'feature_Is territorial', 'feature_Is native to Africa', 'feature_Is native to Asia', 'feature_Is native to North America', 'feature_Is native to South America', 'feature_Is native to Australia', 'feature_Is native to Europe', 'feature_Is found in deserts', 'feature_Is found in forests', 'feature_Is found in oceans', 'feature_Is found in grasslands', 'feature_Is found in mountains', 'feature_Has a mane', 'feature_Has a crest', 'feature_Has gills', 'feature_Is bioluminescent', 'feature_Is used in scientific research', 'feature_Is a predator', 'feature_Is prey for larger animals', 'feature_Is capable of parental care', 'feature_Lives in a burrow', 'feature_Is a pollinator', 'feature_Can tolerate extreme temperatures', 'feature_Exhibits seasonal color changes', 'feature_Migrates seasonally', 'feature_Is active during dawn or dusk (crepuscular)', 'feature_Produces pheromones for communication', 'feature_Lives symbiotically with other species', 'feature_Is a parasite', 'feature_Is a host for parasites', 'feature_Is bi-parental (both parents care for offspring)', 'feature_Displays mating rituals', 'feature_Has specialized courtship behavior', 'feature_Exhibits territorial marking', 'feature_Is associated with mythology or folklore', 'feature_Exhibits altruistic behavior', 'feature_Is a keystone species in its ecosystem', 'feature_Uses burrows or dens for shelter', 'feature_Can regenerate body parts', 'feature_Is raised in captivity or farms', 'feature_Has unique reproductive strategies (e.g., asexual reproduction)', 'feature_Hibernates during winter', 'feature_Has a role in biological pest control', 'feature_Has distinct seasonal breeding cycles', 'feature_Forms a symbiotic relationship with plants (e.g., pollination)', 'feature_Uses specific vocalizations to communicate', 'feature_Is a flagship species (conservation symbol)', 'feature_Can be trained or tamed by humans', 'feature_Displays warning coloration', 'feature_Has flippers', 'feature_Has compound eyes', 'feature_Has a segmented body'])
--------------------------------RECOVERING MODELS--------------------------------
ours1 Random
Mean +- SE trainNLL over 5 fold(s) 22251.01796875 +- 137.19074740381646
Sum testNLL over 5 fold(s) 27813.7734375
Random completed in 3.47 seconds
ours1 Freq
LBFGS iterations run: 185
LBFGS iterations run: 1
LBFGS iterations run: 1
LBFGS iterations run: 1
LBFGS iterations run: 1
Mean +- SE trainNLL over 5 fold(s) 21044.753515625 +- 164.27853545649518
Sum testNLL over 5 fold(s) 26305.9375
weights for each 5 fold [tensor([0.9363], device='cuda:0'), tensor([0.9363], device='cuda:0'), tensor([0.9363], device='cuda:0'), tensor([0.9363], device='cuda:0'), tensor([0.9363], device='cuda:0')]
Freq completed in 123.57 seconds
ours1 HS
LBFGS iterations run: 202
LBFGS iterations run: 1
LBFGS iterations run: 1
LBFGS iterations run: 0
LBFGS iterations run: 0
Mean +- SE trainNLL over 5 fold(s) 22251.02109375 +- 101.4811661308869
Sum testNLL over 5 fold(s) 27813.7724609375
weights for each 5 fold [tensor([0.0009], device='cuda:0'), tensor([0.0009], device='cuda:0'), tensor([0.0009], device='cuda:0'), tensor([0.0009], device='cuda:0'), tensor([0.0009], device='cuda:0')]
HS completed in 130.10 seconds
ours1 Freq_HS
LBFGS iterations run: 276
LBFGS iterations run: 7
LBFGS iterations run: 112
LBFGS iterations run: 1
LBFGS iterations run: 67
Mean +- SE trainNLL over 5 fold(s) 21043.91796875 +- 31.752235326700823
Sum testNLL over 5 fold(s) 26306.36669921875
weights for each 5 fold [tensor([ 0.9302, -0.0782], device='cuda:0'), tensor([ 0.9307, -0.0892], device='cuda:0'), tensor([ 0.9222, -0.3560], device='cuda:0'), tensor([ 0.9223, -0.3565], device='cuda:0'), tensor([ 0.9295, -0.4376], device='cuda:0')]
Freq_HS completed in 255.19 seconds
ours1 WeightedHS
LBFGS iterations run: 583
LBFGS iterations run: 278
LBFGS iterations run: 1
LBFGS iterations run: 2
LBFGS iterations run: 309
Mean +- SE trainNLL over 5 fold(s) 21852.0375 +- 106.98871721251174
Sum testNLL over 5 fold(s) 27377.7294921875
weights for each 5 fold [tensor([ 4.1775e-02, -1.7099e-04,  1.4807e-01,  9.2273e-02,  2.5947e-01,
         2.0615e-01,  9.8817e-02,  1.5893e-02, -1.0471e-02, -8.2196e-02,
        -3.0901e-01, -7.0832e-02, -5.7019e-02,  1.8854e-01, -1.7390e-02,
        -1.6906e-02, -1.8524e-01,  1.6832e-01,  8.6880e-02, -1.1931e-02,
         1.5473e-02,  6.6301e-02,  1.6733e-02,  8.7107e-02, -1.4449e-03,
        -2.5408e-02, -2.3380e-01, -1.5687e-02,  4.0559e-02, -1.8024e-02,
         3.3109e-02, -1.3196e-02,  2.6752e-02, -2.8795e-02,  1.4057e-01,
        -3.1285e-01,  2.5866e-01, -1.1777e-01, -1.1968e-03, -7.8757e-02,
         4.6961e-03, -1.8256e-02,  1.2402e-01, -1.4641e-01,  8.2323e-02,
        -5.8096e-02,  1.0615e-01,  2.2556e-01,  1.4079e-01, -9.5264e-02,
         3.3756e-01,  1.7284e-02, -2.4737e-02,  1.4669e-01,  3.4029e-02,
         4.4349e-02,  5.2284e-02, -4.7675e-01,  3.1409e-02,  9.3499e-02,
         2.5470e-03, -9.3412e-03,  6.0835e-02,  5.9412e-02,  7.7608e-05,
         5.8496e-02, -8.2354e-02,  6.5918e-02,  3.7669e-01, -1.0486e-01,
         8.0091e-02, -6.3154e-02, -1.2102e-01,  1.0286e-01,  9.0512e-02,
         9.6807e-03,  1.8470e-01,  4.3168e-02,  7.0209e-02,  6.0266e-01,
         3.7206e-03, -8.2430e-02,  5.9844e-02, -4.9348e-02, -1.2086e-01,
        -7.5981e-02, -6.0969e-02, -5.2988e-01,  2.9945e-01, -7.4974e-02,
        -4.5398e-01, -5.1976e-02, -6.4908e-02, -5.4145e-02, -2.1268e-02,
         7.0277e-02, -3.8808e-01,  2.6760e-02, -2.5329e-01, -1.9464e-02,
        -3.0539e-02,  5.7119e-02,  6.0919e-02, -8.5310e-01,  8.3491e-01,
        -7.1623e-02, -6.6675e-02, -3.7261e-01,  3.1696e-02,  8.4984e-01,
         1.3442e-02, -9.9679e-02,  7.0240e-02, -8.0130e-02,  9.5527e-02,
        -1.0990e-01,  1.3676e-01,  2.8683e-01, -1.7885e-02, -4.7701e-01,
         1.3150e-01,  3.9909e-03, -1.7717e-02, -3.9773e-02,  4.5623e-01,
         5.7138e-02, -8.0755e-02], device='cuda:0'), tensor([ 0.0367, -0.0741,  0.1469,  0.0031,  0.1188,  0.1784,  0.0642,  0.0330,
        -0.0296, -0.0739, -0.2352, -0.1219, -0.1224,  0.1700,  0.0226, -0.0098,
        -0.2094,  0.1798,  0.0349, -0.0239,  0.0211,  0.0784,  0.0088,  0.0455,
         0.0131, -0.0061, -0.1856,  0.0249,  0.0672, -0.0323,  0.0901,  0.0072,
         0.0377, -0.0453,  0.1048, -0.2501,  0.3029, -0.1328, -0.0238, -0.0456,
        -0.0297,  0.0272,  0.0855, -0.1379,  0.1816, -0.0318,  0.1056,  0.1650,
         0.1576, -0.0441,  0.4122,  0.0046, -0.0537,  0.1757,  0.0506,  0.0495,
         0.0774, -0.5032,  0.0163,  0.1635,  0.0191, -0.0087,  0.0351,  0.0274,
        -0.0249,  0.0321, -0.0240,  0.0282,  0.3961, -0.1240,  0.1467, -0.0934,
        -0.1044,  0.0941,  0.0187, -0.0127,  0.1734,  0.0087,  0.0457,  0.5471,
         0.0050, -0.0904,  0.0632, -0.0354, -0.0984, -0.0615, -0.0569, -0.4884,
         0.3056, -0.0165, -0.6426, -0.0254, -0.0311, -0.0474, -0.0385,  0.0795,
        -0.3519,  0.0349, -0.2969, -0.0346, -0.0051, -0.0322,  0.0388, -1.0592,
         0.7955, -0.1125, -0.0864, -0.3913,  0.0344,  0.8773,  0.0960, -0.1296,
         0.0166, -0.0450,  0.0960, -0.1004,  0.0172,  0.2660, -0.0193, -0.5490,
         0.0700, -0.0032, -0.0331, -0.0346,  0.4708,  0.0441, -0.0073],
       device='cuda:0'), tensor([ 0.0367, -0.0741,  0.1469,  0.0031,  0.1188,  0.1784,  0.0642,  0.0330,
        -0.0296, -0.0739, -0.2352, -0.1219, -0.1224,  0.1700,  0.0226, -0.0098,
        -0.2094,  0.1798,  0.0349, -0.0239,  0.0211,  0.0784,  0.0088,  0.0455,
         0.0131, -0.0061, -0.1856,  0.0249,  0.0672, -0.0323,  0.0902,  0.0072,
         0.0377, -0.0453,  0.1048, -0.2500,  0.3029, -0.1328, -0.0238, -0.0455,
        -0.0297,  0.0272,  0.0855, -0.1379,  0.1816, -0.0318,  0.1056,  0.1650,
         0.1576, -0.0441,  0.4122,  0.0046, -0.0537,  0.1757,  0.0506,  0.0495,
         0.0774, -0.5032,  0.0163,  0.1635,  0.0191, -0.0087,  0.0351,  0.0274,
        -0.0249,  0.0321, -0.0240,  0.0282,  0.3961, -0.1240,  0.1468, -0.0934,
        -0.1044,  0.0941,  0.0187, -0.0127,  0.1734,  0.0087,  0.0457,  0.5471,
         0.0050, -0.0904,  0.0632, -0.0353, -0.0984, -0.0615, -0.0569, -0.4884,
         0.3056, -0.0165, -0.6426, -0.0254, -0.0311, -0.0474, -0.0385,  0.0795,
        -0.3519,  0.0349, -0.2970, -0.0346, -0.0051, -0.0323,  0.0388, -1.0592,
         0.7954, -0.1125, -0.0864, -0.3913,  0.0344,  0.8773,  0.0960, -0.1296,
         0.0166, -0.0450,  0.0960, -0.1004,  0.0172,  0.2660, -0.0193, -0.5491,
         0.0699, -0.0032, -0.0331, -0.0346,  0.4708,  0.0441, -0.0073],
       device='cuda:0'), tensor([ 0.0367, -0.0743,  0.1469,  0.0029,  0.1184,  0.1783,  0.0641,  0.0330,
        -0.0297, -0.0737, -0.2350, -0.1221, -0.1226,  0.1700,  0.0227, -0.0097,
        -0.2094,  0.1799,  0.0348, -0.0240,  0.0211,  0.0784,  0.0087,  0.0455,
         0.0132, -0.0061, -0.1855,  0.0250,  0.0673, -0.0325,  0.0903,  0.0073,
         0.0376, -0.0454,  0.1049, -0.2499,  0.3030, -0.1330, -0.0238, -0.0455,
        -0.0298,  0.0273,  0.0853, -0.1378,  0.1818, -0.0318,  0.1056,  0.1648,
         0.1577, -0.0440,  0.4124,  0.0045, -0.0539,  0.1756,  0.0504,  0.0493,
         0.0775, -0.5033,  0.0163,  0.1637,  0.0191, -0.0088,  0.0349,  0.0273,
        -0.0250,  0.0319, -0.0238,  0.0280,  0.3962, -0.1239,  0.1470, -0.0934,
        -0.1044,  0.0940,  0.0186, -0.0130,  0.1734,  0.0086,  0.0457,  0.5470,
         0.0050, -0.0904,  0.0633, -0.0352, -0.0985, -0.0615, -0.0568, -0.4884,
         0.3055, -0.0164, -0.6431, -0.0254, -0.0310, -0.0474, -0.0387,  0.0795,
        -0.3518,  0.0348, -0.2970, -0.0347, -0.0051, -0.0325,  0.0387, -1.0598,
         0.7953, -0.1125, -0.0866, -0.3914,  0.0341,  0.8774,  0.0961, -0.1296,
         0.0166, -0.0450,  0.0959, -0.1004,  0.0169,  0.2658, -0.0194, -0.5493,
         0.0697, -0.0032, -0.0332, -0.0345,  0.4708,  0.0441, -0.0071],
       device='cuda:0'), tensor([ 8.5066e-03,  7.7050e-02,  1.9556e-01,  1.9961e-02,  1.2727e-01,
         1.5227e-01,  9.6936e-02,  3.7330e-02, -3.6044e-02, -5.1349e-02,
        -3.8710e-01, -5.7425e-02, -1.0151e-01,  1.4751e-01,  9.2195e-03,
         1.9202e-02, -2.1194e-01,  2.2152e-01,  5.9961e-02,  2.6902e-02,
        -7.3742e-04,  4.1915e-02,  2.0022e-02,  5.6143e-02, -1.2068e-04,
        -2.6087e-02, -2.1880e-01,  1.3936e-02,  6.8370e-02, -1.6483e-02,
         5.1476e-02,  2.2300e-02,  2.2973e-02, -3.5006e-02,  1.1149e-01,
        -3.1736e-01,  3.1363e-01, -8.2913e-02, -1.6993e-02, -7.2073e-02,
        -5.8239e-02, -4.4646e-03,  5.3129e-02, -1.0113e-01,  1.8159e-01,
        -9.6174e-03,  7.5928e-02,  2.7296e-01,  1.4886e-01, -9.5452e-02,
         4.4868e-01,  1.3401e-02, -5.8325e-02,  1.5154e-01,  1.2587e-02,
         5.6952e-02,  1.0105e-01, -5.6925e-01,  3.6393e-02,  1.4405e-01,
        -4.5709e-02, -1.5630e-02,  1.9465e-02,  8.7473e-03, -9.7942e-03,
         5.0194e-02, -1.3607e-02,  4.2303e-02,  3.0162e-01, -9.0614e-02,
         6.8948e-02, -5.8690e-02, -1.0834e-01,  1.1194e-01,  4.5269e-02,
         1.1690e-02,  2.0403e-01,  1.5267e-02,  6.1110e-02,  5.1780e-01,
         7.7160e-02, -6.9834e-02,  7.4705e-02,  1.7428e-03, -1.2262e-01,
        -8.6147e-02, -3.3335e-02, -4.9409e-01,  3.0824e-01, -4.1873e-02,
        -5.2759e-01, -1.4450e-02, -2.8357e-02, -2.8420e-02, -3.8008e-02,
         8.9327e-02, -4.0118e-01,  2.0308e-02, -2.2798e-01, -3.1801e-02,
        -3.0626e-02,  6.7481e-02,  5.5883e-02, -8.9699e-01,  8.0991e-01,
        -6.8213e-02, -8.4477e-02, -3.8109e-01, -1.6345e-02,  8.4924e-01,
         8.7201e-02, -1.2355e-01,  4.0310e-02, -4.0006e-02,  9.1595e-02,
        -1.0753e-01, -2.6814e-02,  2.8940e-01, -3.6225e-03, -4.9422e-01,
         7.6103e-02,  3.6435e-03, -5.2632e-02, -1.0193e-02,  4.9692e-01,
         6.0702e-03, -7.2580e-02], device='cuda:0')]
WeightedHS completed in 866.24 seconds
ours1 FreqWeightedHS
LBFGS iterations run: 587
LBFGS iterations run: 260
LBFGS iterations run: 334
LBFGS iterations run: 2
LBFGS iterations run: 353
Mean +- SE trainNLL over 5 fold(s) 20990.109375 +- 90.34462505284938
Sum testNLL over 5 fold(s) 26356.30859375
weights for each 5 fold [tensor([ 9.1883e-01,  2.8020e-02, -3.1441e-02,  9.7710e-02,  6.7948e-02,
         7.6381e-02,  3.7478e-02,  2.8308e-02,  6.6829e-02,  3.7782e-03,
        -9.0264e-02, -1.3963e-01,  3.5338e-02, -5.0542e-02,  1.6175e-01,
        -1.0778e-02, -6.7307e-03, -5.5962e-02,  3.7440e-02,  3.4468e-03,
         6.4942e-03,  2.3399e-02,  8.0477e-02, -7.1659e-03, -2.3261e-02,
        -1.9177e-02, -7.3525e-03, -1.2219e-01, -1.6693e-02,  2.4429e-02,
        -1.1191e-01,  1.4199e-02,  5.4936e-03,  3.7316e-02, -4.6395e-02,
         6.4625e-02,  2.0403e-02,  1.1483e-01, -2.9314e-02,  3.7984e-02,
        -7.5091e-02, -2.2389e-02,  1.8837e-02, -1.2751e-01, -4.3155e-02,
         1.1909e-01,  7.0073e-04,  1.0119e-01,  5.8304e-03,  1.8395e-02,
        -1.8965e-01,  6.4261e-02, -3.1090e-02,  2.2409e-02,  2.7329e-02,
         2.5800e-02,  3.5454e-02, -1.4636e-02,  3.1912e-02,  6.3672e-02,
        -1.0179e-02, -2.4372e-02, -2.3040e-02, -3.2424e-02,  5.4134e-02,
        -2.3650e-02, -2.4723e-02,  1.4959e-01, -2.2805e-02, -4.9051e-02,
        -4.5230e-02, -1.3116e-02,  4.4871e-03,  4.8132e-02,  9.9298e-02,
         1.0324e-02,  3.0365e-03, -1.3034e-02,  3.7895e-03, -6.8836e-02,
         2.3370e-03, -4.4280e-02, -5.8818e-02,  1.2180e-03,  3.1358e-02,
         2.8614e-03, -2.0583e-02, -1.2546e-02, -1.8733e-02, -3.0903e-02,
         7.4661e-02, -8.6816e-02, -1.0720e-01, -2.8969e-03, -4.5556e-02,
        -2.4499e-02,  6.4623e-02, -2.7600e-01,  4.8013e-02,  1.1055e-02,
         1.0529e-02, -3.7009e-02,  1.0031e-01, -4.2777e-03, -2.2178e-01,
        -9.6624e-03, -3.4986e-02, -7.8700e-02,  8.3743e-03, -6.5408e-02,
        -1.2841e-02,  2.9063e-04, -1.7326e-02,  7.0820e-02, -3.5484e-02,
         1.8487e-02, -1.0637e-02,  1.6089e-02, -3.0883e-02,  3.4665e-02,
         4.5102e-02,  2.9697e-02,  4.6475e-02, -8.6879e-03, -3.1121e-02,
        -1.8083e-02, -8.2831e-03, -6.2975e-02], device='cuda:0'), tensor([ 9.3862e-01,  5.0812e-02,  1.1366e-01,  1.1446e-01,  5.4710e-03,
         1.2863e-01,  2.7847e-02,  5.3942e-02,  8.1155e-02, -1.9575e-02,
        -9.7827e-02, -2.6316e-01,  1.1873e-02, -5.3868e-02,  1.2260e-01,
         2.7839e-02, -2.3898e-02, -1.5521e-02, -2.4872e-02, -5.7365e-02,
         1.5703e-02,  2.4000e-02,  6.8706e-02, -1.0925e-02,  2.8267e-02,
        -7.2005e-03, -1.4625e-02, -8.9493e-02, -4.2283e-03, -2.7126e-03,
        -1.1416e-01, -4.3426e-03, -5.9662e-02,  2.0466e-02, -2.9279e-02,
         5.3816e-02,  9.5136e-03,  4.6101e-02, -4.2092e-02,  1.3355e-02,
        -6.8519e-02, -8.8921e-03, -2.9217e-02, -1.1077e-01, -2.1756e-02,
         1.1245e-01,  1.9612e-02,  6.9672e-02, -6.9167e-02, -2.0648e-02,
        -1.2029e-01,  1.7736e-01,  1.4863e-02, -1.2206e-02,  7.8947e-02,
         3.1822e-02,  6.3924e-02,  3.6737e-03, -7.8304e-02,  2.2730e-02,
         3.5859e-02, -9.5477e-03,  5.7005e-03, -5.4157e-02,  2.6563e-02,
        -2.9054e-02,  2.6486e-02,  4.1378e-02,  4.3798e-02, -1.4831e-02,
        -7.9895e-02, -1.0133e-01,  1.6537e-02,  3.4617e-02,  2.5226e-02,
         1.9152e-02,  2.9139e-02, -5.0392e-02, -3.7592e-02, -2.5861e-02,
         9.2548e-03, -1.5792e-02,  5.7820e-03,  6.5398e-03, -9.3633e-03,
         7.3675e-03, -2.0156e-02, -1.6884e-02,  2.2641e-02,  9.3711e-04,
         1.7000e-02,  4.9574e-02, -1.7076e-01, -7.6970e-02, -3.6736e-02,
        -8.6715e-02,  9.4897e-02, -3.2032e-01,  5.3035e-02, -4.8690e-02,
        -8.5055e-03, -5.5276e-02,  5.3968e-02, -3.7816e-02,  2.9589e-02,
         4.8825e-02, -4.9527e-02, -6.0884e-02, -1.0672e-02, -2.6916e-02,
         1.4470e-02,  3.3498e-04, -7.3892e-03,  7.5583e-02, -2.4693e-02,
         2.0741e-02, -3.3949e-02,  1.1154e-01,  5.3970e-02,  2.1616e-02,
         1.0915e-01,  3.8009e-02,  1.4275e-02, -1.4342e-02,  9.1307e-03,
        -1.6797e-04, -3.0993e-02, -7.4724e-02], device='cuda:0'), tensor([ 9.5995e-01,  7.4180e-02,  4.8677e-02,  6.6820e-02,  2.6932e-02,
         2.0037e-01,  8.6245e-02,  4.8674e-02,  2.4344e-03, -2.8250e-03,
        -8.6685e-02, -1.9271e-01, -5.4356e-03, -6.1611e-02,  1.4106e-01,
        -1.6511e-02, -1.3546e-02,  1.0910e-02, -2.9664e-02, -1.3909e-02,
         4.8542e-03,  1.5367e-02,  6.1422e-02, -1.1742e-02,  5.8738e-02,
        -2.3420e-02, -1.6924e-02, -1.5431e-01, -4.7928e-02,  1.2320e-02,
        -1.4225e-01,  9.2785e-03, -5.4865e-02,  3.4101e-02, -6.2194e-03,
         5.3529e-02,  4.2223e-02,  8.6871e-02, -3.7081e-02,  8.8499e-03,
        -1.0746e-01, -2.2637e-02,  1.9434e-02, -1.0009e-01, -1.9866e-02,
         8.4476e-03, -3.0626e-02,  1.3257e-01, -1.3569e-01,  1.2272e-02,
        -1.3640e-01,  1.7021e-01,  2.5898e-02,  1.0201e-02,  5.8792e-02,
         9.4709e-04,  6.3371e-02,  6.8998e-03,  6.7671e-02,  2.1584e-02,
        -1.3305e-02,  3.0400e-03,  1.0736e-02,  8.2978e-04,  3.9900e-02,
        -2.3390e-02, -7.2911e-03, -1.9039e-02, -3.2474e-02, -6.4991e-02,
        -6.4520e-02, -3.8036e-03, -7.2460e-02,  1.8123e-02,  5.8807e-02,
         3.3733e-02, -2.2871e-03, -5.3810e-04,  3.9904e-03, -4.7449e-02,
        -7.9030e-02, -8.6522e-02, -7.3725e-02, -1.5013e-02, -3.7972e-02,
         1.9784e-02,  1.0367e-02, -5.0168e-02, -5.4416e-02, -4.0025e-02,
         7.1882e-03, -6.0437e-02, -1.2780e-01, -7.6390e-02, -4.7592e-02,
        -1.1094e-01,  8.7455e-02, -2.0476e-01,  5.6696e-02, -4.1168e-02,
        -8.9690e-04, -4.2476e-02,  1.0255e-02, -2.2762e-02,  5.2821e-02,
        -1.2531e-01, -7.2774e-02, -8.1172e-02,  1.0788e-01, -4.0595e-02,
        -2.3243e-01, -4.8700e-03,  2.0841e-02,  8.9464e-02, -1.9060e-02,
         4.5787e-03, -2.1485e-02,  1.2251e-01, -2.4901e-03,  2.6010e-02,
         5.5120e-02,  5.4239e-02,  3.2811e-02, -2.4340e-02, -3.1873e-02,
        -1.1325e-02,  7.7597e-03, -4.2265e-02], device='cuda:0'), tensor([ 9.5995e-01,  7.4168e-02,  4.8603e-02,  6.6784e-02,  2.6971e-02,
         2.0039e-01,  8.6288e-02,  4.8690e-02,  2.3818e-03, -2.8254e-03,
        -8.6690e-02, -1.9261e-01, -5.4295e-03, -6.1610e-02,  1.4109e-01,
        -1.6528e-02, -1.3539e-02,  1.0908e-02, -2.9652e-02, -1.3869e-02,
         4.8418e-03,  1.5370e-02,  6.1409e-02, -1.1740e-02,  5.8715e-02,
        -2.3450e-02, -1.6932e-02, -1.5434e-01, -4.7967e-02,  1.2319e-02,
        -1.4225e-01,  9.2906e-03, -5.4835e-02,  3.4108e-02, -6.2258e-03,
         5.3527e-02,  4.2248e-02,  8.6911e-02, -3.7076e-02,  8.8628e-03,
        -1.0746e-01, -2.2644e-02,  1.9477e-02, -1.0008e-01, -1.9873e-02,
         8.4031e-03, -3.0637e-02,  1.3262e-01, -1.3570e-01,  1.2311e-02,
        -1.3644e-01,  1.7017e-01,  2.5870e-02,  1.0239e-02,  5.8748e-02,
         9.2250e-04,  6.3347e-02,  6.8875e-03,  6.7797e-02,  2.1616e-02,
        -1.3339e-02,  3.0453e-03,  1.0722e-02,  8.5359e-04,  3.9911e-02,
        -2.3394e-02, -7.3013e-03, -1.9046e-02, -3.2532e-02, -6.5044e-02,
        -6.4508e-02, -3.7043e-03, -7.2491e-02,  1.8123e-02,  5.8849e-02,
         3.3736e-02, -2.2996e-03, -4.9890e-04,  4.0327e-03, -4.7468e-02,
        -7.9086e-02, -8.6567e-02, -7.3783e-02, -1.5028e-02, -3.7970e-02,
         1.9799e-02,  1.0374e-02, -5.0177e-02, -5.4472e-02, -4.0054e-02,
         7.2086e-03, -6.0536e-02, -1.2775e-01, -7.6309e-02, -4.7608e-02,
        -1.1091e-01,  8.7430e-02, -2.0469e-01,  5.6670e-02, -4.1145e-02,
        -8.6491e-04, -4.2447e-02,  1.0268e-02, -2.2745e-02,  5.2756e-02,
        -1.2546e-01, -7.2777e-02, -8.1188e-02,  1.0796e-01, -4.0602e-02,
        -2.3258e-01, -4.8481e-03,  2.0849e-02,  8.9464e-02, -1.9069e-02,
         4.5873e-03, -2.1468e-02,  1.2249e-01, -2.5466e-03,  2.6023e-02,
         5.5059e-02,  5.4251e-02,  3.2838e-02, -2.4335e-02, -3.1923e-02,
        -1.1340e-02,  7.7695e-03, -4.2238e-02], device='cuda:0'), tensor([ 0.9387,  0.0402,  0.0177,  0.0688,  0.0458,  0.1022,  0.0507,  0.0047,
         0.0345,  0.0082, -0.1363, -0.1774,  0.0289, -0.1064,  0.1406,  0.0071,
         0.0100,  0.0026,  0.0434, -0.0585,  0.0063,  0.0194,  0.0824, -0.0014,
         0.0201, -0.0429, -0.0369, -0.0933, -0.0061, -0.0137, -0.1402,  0.0061,
        -0.0533,  0.0299, -0.0057,  0.0776,  0.0238,  0.1658, -0.0113,  0.0212,
        -0.0443, -0.0014, -0.0286, -0.1238, -0.0258, -0.0196, -0.0155,  0.1197,
        -0.0648, -0.0252, -0.1095, -0.0028,  0.0416,  0.0265,  0.0372,  0.0086,
         0.0485, -0.0400, -0.1113,  0.0689,  0.0068, -0.0891, -0.0130, -0.0552,
         0.0301, -0.0109,  0.0521, -0.0631, -0.0082, -0.0296, -0.0585,  0.0512,
         0.0305,  0.0462,  0.0826, -0.0105,  0.0202, -0.0017,  0.0132, -0.0373,
        -0.0129, -0.1251, -0.0275,  0.0082, -0.0053,  0.0627, -0.0034, -0.0175,
         0.0126,  0.0029,  0.0715, -0.0912, -0.1036, -0.0211, -0.0437, -0.0712,
         0.1082, -0.2717,  0.0201, -0.0399, -0.0054,  0.0083,  0.0257, -0.0334,
        -0.1297,  0.0730, -0.0880, -0.0804,  0.0922, -0.0071, -0.0213, -0.0078,
         0.0343,  0.0912, -0.0486,  0.0046,  0.0169,  0.0852, -0.0197, -0.0183,
         0.0512,  0.0259, -0.0148,  0.0083, -0.0442, -0.0154,  0.0079, -0.0111],
       device='cuda:0')]
FreqWeightedHS completed in 1153.26 seconds
ours1 WeightedHSdebiased
LBFGS iterations run: 852
LBFGS iterations run: 4
LBFGS iterations run: 529
LBFGS iterations run: 432
LBFGS iterations run: 384
Mean +- SE trainNLL over 5 fold(s) 21310.023828125 +- 150.66354370150663
Sum testNLL over 5 fold(s) 26876.400390625
weights for each 5 fold [tensor([ 4.1098e-02, -4.2353e-02,  1.2944e-01,  9.2294e-02, -2.9543e-01,
         9.0528e-02,  4.7518e-02,  7.8594e-02,  2.6261e-04, -9.4543e-02,
        -1.0537e-01, -8.3699e-03, -5.1094e-02,  1.7173e-01,  6.9929e-03,
        -2.1755e-02, -4.0475e-02,  7.2727e-02, -1.7313e-01,  2.3584e-02,
         1.2155e-02,  1.0982e-01,  1.1020e-02, -4.9262e-02, -2.9954e-02,
        -1.5648e-02,  3.8596e-02, -2.2888e-02, -2.9228e-02, -1.2499e-01,
        -1.5203e-02, -5.5291e-02, -1.8959e-02, -5.2652e-02,  8.0829e-02,
        -3.9338e-02,  4.2200e-02, -2.6762e-02,  5.6449e-02, -7.6134e-02,
        -2.5365e-03, -6.4322e-03, -1.5710e-01,  3.9960e-02,  3.6514e-02,
         1.9908e-02,  1.1394e-01,  1.2426e-02, -8.4680e-03, -2.1199e-01,
        -1.8634e+00,  2.7682e-02,  4.1997e-02,  9.6188e-02, -1.5852e-02,
         4.5292e-03, -8.9832e-02, -1.2028e+00,  7.5860e-02, -9.2070e-03,
         1.0467e-01,  1.2807e-03, -5.5810e-02,  3.7398e-02, -4.3298e-02,
         5.3173e-02, -1.8517e+00, -3.7345e-02,  8.7754e-02, -5.2817e-02,
         2.4329e-01,  7.8291e-02,  1.5680e-02,  7.0666e-02, -1.2705e-01,
        -1.5620e-02, -9.7927e-03, -3.2097e-02, -8.8290e-02, -1.5952e-01,
        -1.8490e-02,  1.2855e-01,  1.8212e-01, -5.9213e-03,  8.0015e-03,
        -3.0342e-02, -3.3237e-02,  1.9642e-02, -8.5763e-02,  1.1452e-01,
         2.1490e-02,  3.3793e-02, -5.7398e-02, -3.6177e-02, -2.7868e-02,
        -3.0309e-02, -6.1784e-01,  4.0656e-02,  1.6781e-01,  1.0478e-02,
        -2.6616e-02,  2.5416e-02, -5.8292e-02, -1.3266e+00, -3.7576e-01,
        -4.1489e-02, -8.7130e-02, -4.8984e-02, -8.1514e-05, -3.1335e-01,
        -2.1356e-02, -8.3757e-03,  7.7193e-02, -2.9814e-02,  1.2803e-02,
        -1.8956e-02,  4.2402e-02,  2.3015e-02, -1.6985e-02,  6.1306e-02,
         5.4681e-03, -4.2458e-03, -6.7530e-03, -1.5833e-02,  2.8959e-01,
         3.0154e-03,  1.8509e-03, -4.2521e-01, -6.6042e-02, -2.3050e-01,
        -2.9717e-01, -5.8345e-01, -5.9466e-01, -3.8352e-01, -1.0147e-02,
         3.4279e-02, -2.3538e-01, -4.7514e-01,  3.1627e-01,  3.5973e-01,
         3.7885e-01,  2.2816e-02, -9.7354e-02, -1.1464e-01, -3.5285e-01,
        -4.4322e-01, -2.3005e-01, -2.0265e-02, -1.9096e-01, -2.0793e-01,
        -2.5345e-01, -5.4849e-02,  3.4112e-02,  4.9724e-01, -2.5896e-02,
        -8.2268e-02, -2.8008e-01, -3.4203e-01,  6.4480e-02,  1.5640e-01,
        -4.7046e-02, -2.4826e-01,  1.7754e-01, -7.2789e-01,  6.4151e-02,
        -6.9901e-02,  1.2130e-01,  1.8571e-01, -1.7496e-01,  3.9935e-01,
         3.7373e-01,  1.3566e-01, -9.2660e-02, -2.0852e-01, -4.7261e-01,
        -5.4733e-03, -2.6815e-01, -2.7248e+00,  1.7409e-02,  2.2707e-02,
         7.0006e-02,  4.4091e-01,  1.1639e-02, -1.1119e-01, -7.0009e-01,
         2.3746e-01, -3.9102e-01,  1.7917e-01, -6.4231e-02,  2.4471e-02,
        -5.2011e-02,  1.5397e-01,  6.2994e-02, -1.6649e+00,  4.0656e-01,
        -1.1601e-01,  2.2676e-01, -1.2373e-01, -7.8708e-02,  5.8594e-02,
         1.2640e-02, -2.2993e-01,  2.2425e-01, -2.5524e-02, -3.0802e-01,
        -2.3457e-01, -6.1208e-01, -1.0013e-01, -2.0124e-02,  1.8546e-01,
         2.0323e-02,  2.1121e-01, -9.8610e-02,  9.5013e-02,  7.2615e-01,
        -6.1533e-01,  8.6970e-03,  3.9020e-01,  6.1266e-02,  3.1322e-01,
         4.4903e-03, -1.7616e-01, -2.2890e-01, -1.3065e-01, -2.0476e-01,
         3.9833e-01,  1.5209e-01,  2.0155e-01, -3.5028e-01,  2.4048e-01,
         2.6752e-01,  6.7880e-01, -6.5885e-02,  1.8182e-01, -7.5604e-01,
        -1.5313e-01,  1.3930e+00,  1.2517e-01,  2.0089e-01,  2.9409e-02,
         2.4502e-01,  2.2784e-01,  3.0828e-01, -2.6502e-01,  2.2351e-01,
         2.3219e-01,  9.9357e-01,  1.3348e-01,  3.3969e-01,  2.0493e-01,
        -7.0130e-02, -3.2763e-01, -3.3408e-01,  2.4551e-01], device='cuda:0'), tensor([ 4.1119e-02, -4.2329e-02,  1.2950e-01,  9.2282e-02, -2.9251e-01,
         9.0529e-02,  4.7471e-02,  7.8620e-02,  2.7592e-04, -9.4494e-02,
        -1.0541e-01, -8.3598e-03, -5.1119e-02,  1.7172e-01,  7.0156e-03,
        -2.1739e-02, -4.0457e-02,  7.2214e-02, -1.7311e-01,  2.3554e-02,
         1.2178e-02,  1.0982e-01,  1.0996e-02, -4.9231e-02, -2.9905e-02,
        -1.5606e-02,  3.8572e-02, -2.2857e-02, -2.9226e-02, -1.2496e-01,
        -1.5192e-02, -5.5300e-02, -1.8898e-02, -5.2635e-02,  8.0804e-02,
        -3.9322e-02,  4.2205e-02, -2.6783e-02,  5.6441e-02, -7.6170e-02,
        -2.5393e-03, -6.4212e-03, -1.5714e-01,  3.9940e-02,  3.6593e-02,
         1.9861e-02,  1.1394e-01,  1.2544e-02, -8.5327e-03, -2.1204e-01,
        -1.8899e+00,  2.7687e-02,  4.1972e-02,  9.6145e-02, -1.5835e-02,
         4.5706e-03, -8.9806e-02, -1.2241e+00,  7.5844e-02, -9.2530e-03,
         1.0467e-01,  1.2667e-03, -5.5806e-02,  3.7412e-02, -4.3301e-02,
         5.3163e-02, -1.8768e+00, -3.7278e-02,  8.7629e-02, -5.2851e-02,
         2.4322e-01,  7.8250e-02,  1.5688e-02,  7.0666e-02, -1.2700e-01,
        -1.5627e-02, -9.7929e-03, -3.2064e-02, -8.8245e-02, -1.5942e-01,
        -1.8442e-02,  1.2855e-01,  1.8209e-01, -5.9221e-03,  7.9917e-03,
        -3.0312e-02, -3.3229e-02,  1.9727e-02, -8.5741e-02,  1.1449e-01,
         2.1422e-02,  3.3816e-02, -5.7423e-02, -3.6194e-02, -2.7878e-02,
        -3.0262e-02, -6.1825e-01,  4.0642e-02,  1.6784e-01,  1.0489e-02,
        -2.6595e-02,  2.5410e-02, -5.8250e-02, -1.3458e+00, -3.8508e-01,
        -4.1519e-02, -8.7126e-02, -4.9042e-02, -7.9062e-05, -3.1131e-01,
        -2.1357e-02, -8.3661e-03,  7.7206e-02, -2.9817e-02,  1.2788e-02,
        -1.8918e-02,  4.2307e-02,  2.3011e-02, -1.6935e-02,  6.1431e-02,
         5.5074e-03, -4.1944e-03, -6.7770e-03, -1.5868e-02,  2.8963e-01,
         2.9821e-03,  1.8296e-03, -4.2515e-01, -6.5832e-02, -2.3050e-01,
        -2.9704e-01, -5.8032e-01, -5.9465e-01, -3.8348e-01, -1.0167e-02,
         3.4265e-02, -2.3538e-01, -4.7542e-01,  3.1635e-01,  3.5975e-01,
         3.7886e-01,  2.2845e-02, -9.7346e-02, -1.1462e-01, -3.5347e-01,
        -4.4325e-01, -2.2997e-01, -2.0212e-02, -1.9092e-01, -2.0794e-01,
        -2.5347e-01, -5.4889e-02,  3.4045e-02,  4.9730e-01, -2.5882e-02,
        -8.2280e-02, -2.8004e-01, -3.4202e-01,  6.4469e-02,  1.5641e-01,
        -4.7060e-02, -2.4823e-01,  1.7754e-01, -7.2785e-01,  6.4101e-02,
        -6.9880e-02,  1.2128e-01,  1.8568e-01, -1.7495e-01,  3.9934e-01,
         3.7370e-01,  1.3558e-01, -9.2665e-02, -2.0850e-01, -4.7245e-01,
        -5.4978e-03, -2.6811e-01, -2.7514e+00,  1.7423e-02,  2.2731e-02,
         6.9992e-02,  4.4085e-01,  1.1664e-02, -1.1120e-01, -7.2137e-01,
         2.3747e-01, -3.9111e-01,  1.7915e-01, -6.4232e-02,  2.4501e-02,
        -5.2019e-02,  1.5392e-01,  6.3064e-02, -1.6900e+00,  4.0657e-01,
        -1.1613e-01,  2.2676e-01, -1.2384e-01, -7.8711e-02,  5.8525e-02,
         1.2668e-02, -2.2990e-01,  2.2423e-01, -2.5537e-02, -3.0801e-01,
        -2.3457e-01, -6.1203e-01, -1.0006e-01, -2.0134e-02,  1.8546e-01,
         2.0341e-02,  2.1120e-01, -9.8610e-02,  9.5034e-02,  7.2624e-01,
        -6.1531e-01,  8.6820e-03,  3.9021e-01,  6.1237e-02,  3.1323e-01,
         4.4649e-03, -1.7621e-01, -2.2893e-01, -1.3113e-01, -2.0473e-01,
         3.9840e-01,  1.5208e-01,  2.0154e-01, -3.5027e-01,  2.4045e-01,
         2.4818e-01,  6.8817e-01, -6.5870e-02,  1.8186e-01, -7.5593e-01,
        -1.5317e-01,  1.3909e+00,  1.2516e-01,  2.0086e-01,  2.9404e-02,
         2.4498e-01,  2.2783e-01,  3.0821e-01, -2.6514e-01,  2.2357e-01,
         2.3213e-01,  9.9369e-01,  1.3346e-01,  3.3966e-01,  2.0491e-01,
        -7.0090e-02, -3.2758e-01, -3.3408e-01,  2.4547e-01], device='cuda:0'), tensor([ 5.6723e-02,  4.1770e-02, -3.7847e-03,  1.9976e-02, -2.9816e-01,
        -7.1449e-02, -2.8666e-02,  8.6708e-02, -2.4161e-02, -1.3455e-01,
        -2.9152e-01,  1.9356e-01, -2.5039e-02,  2.1430e-01,  1.8454e-02,
        -2.4017e-02, -2.3151e-02,  1.3365e-01, -1.1279e-01,  3.4537e-02,
         8.0841e-03,  1.1091e-01, -3.6721e-03, -1.1992e-02, -2.8427e-02,
         2.3637e-03,  6.6794e-02, -2.2671e-02,  1.5976e-02, -8.4644e-02,
         4.7531e-02, -1.8098e-01,  3.4123e-02, -4.4723e-02,  3.0025e-02,
         7.7118e-02,  4.9774e-02, -1.6547e-02,  1.2941e-03, -8.2539e-02,
        -9.6312e-03, -2.6695e-02, -2.2939e-01, -5.7090e-02,  2.5015e-02,
        -1.2537e-03,  6.9392e-02,  1.8114e-02,  4.0175e-02, -2.2392e-01,
        -2.3383e-01,  5.5784e-03, -1.3544e-03,  6.8394e-02,  1.6211e-02,
         4.6126e-02, -3.9549e-02, -8.0145e-01,  3.6407e-02,  2.9997e-02,
         4.8722e-02, -1.5080e-02, -6.3439e-02,  1.6063e-02, -3.1924e-02,
         2.3738e-02, -2.0621e-01, -1.9371e-02, -7.8634e-02, -4.0776e-02,
         3.9615e-01,  6.2429e-02,  8.1507e-02,  8.0917e-02, -8.1087e-02,
        -2.8443e-02, -8.2733e-02,  2.8128e-02, -4.2507e-03, -1.7358e-01,
        -7.9309e-02,  1.1056e-02,  3.3361e-02, -2.7921e-02, -7.8469e-02,
        -1.8104e-02, -5.5522e-02,  1.2537e-01,  7.0663e-03,  6.1458e-02,
         1.2814e-01, -3.6959e-02, -1.9951e-02, -4.1209e-02, -4.3210e-02,
         6.1502e-02, -4.3297e-01,  3.9179e-02,  1.3362e-01, -1.0765e-02,
        -2.1595e-02,  1.0096e-02, -1.4317e-02, -9.3196e-01, -2.0292e-01,
        -2.4254e-02, -9.0794e-02,  1.2906e-01,  1.1495e-02, -1.3236e+00,
         2.2306e-02,  1.9493e-02,  9.3894e-02, -4.1571e-03,  3.2111e-02,
         1.2010e-03, -1.5798e-01, -1.8023e-01, -1.2807e-03,  9.7238e-02,
         2.3841e-02,  3.7888e-02,  1.8918e-02, -3.6346e-02,  1.8407e-01,
        -1.9021e-02, -2.9186e-02, -3.7078e-01,  2.7464e-01, -3.7884e-01,
        -3.5890e-01, -6.1083e-01, -7.4153e-01, -3.3032e-01,  7.6704e-02,
         1.4215e-02, -3.1973e-01, -8.2880e-01,  4.8254e-01,  3.8649e-01,
         3.0637e-01,  3.2819e-02, -3.2236e-02, -4.6247e-02, -3.3004e-01,
        -3.7509e-01, -1.1835e-01, -2.2287e-02, -8.4681e-02, -1.8248e-01,
        -2.7221e-01, -6.3187e-02,  9.2436e-03,  5.0751e-01, -6.6048e-03,
        -6.0922e-02, -2.4754e-01, -2.2861e-01,  1.3613e-01,  1.6138e-01,
        -9.0968e-02, -2.9707e-01,  2.0753e-01, -7.0279e-01,  4.5641e-03,
        -3.6822e-02,  8.3742e-02,  1.7051e-01, -1.6726e-01,  3.8358e-01,
         3.4420e-01,  1.9966e-01, -8.3050e-02, -2.2431e-01, -3.9919e-01,
         1.2695e-01, -1.9959e-01, -1.0690e+00,  4.8790e-02,  1.0959e-01,
         1.0709e-01,  3.9961e-01, -3.1386e-03, -1.9213e-01, -2.3202e-01,
         2.0724e-01, -4.1451e-01,  1.0868e-01, -6.3521e-02,  3.1507e-03,
        -4.7560e-02,  1.7281e-01,  1.4220e-01, -1.9695e-02,  3.6766e-01,
        -1.1285e-01,  2.6916e-01, -8.5615e-02, -6.4075e-02,  1.6559e-01,
        -7.6472e-03, -1.9680e-01,  2.7554e-01, -1.4190e-01, -2.2292e-01,
        -1.5161e-01, -6.5655e-01, -1.2353e-01, -1.4635e-01,  9.9296e-02,
         6.5712e-02,  1.7132e-01, -5.4305e-02,  1.1506e-01,  8.1434e-01,
        -5.5100e-01,  2.5693e-02,  5.7980e-01,  7.3970e-02,  3.3748e-01,
        -1.2136e-02, -1.1776e-01, -2.4572e-01, -8.2134e-02, -2.7543e-01,
         3.2019e-01,  1.6362e-01,  1.8274e-01, -3.3792e-01,  1.9802e-01,
         6.7096e-01,  4.6949e-01, -1.2599e-02,  1.9009e-01, -9.2409e-01,
        -1.8094e-01,  2.4182e+00,  4.8850e-02,  1.0604e-01,  5.7033e-02,
         1.8880e-01,  2.0751e-01,  3.0042e-01, -5.7988e-01,  4.4154e-01,
         1.2893e-01,  1.0613e+00,  1.2011e-01,  3.3554e-01,  1.9666e-01,
        -6.6065e-02, -3.5580e-01, -3.6548e-01,  1.6075e-01], device='cuda:0'), tensor([ 3.6084e-02,  2.5656e-02,  1.1647e-01,  9.2354e-02, -7.9319e-02,
         1.7843e-01, -1.9003e-02,  7.5112e-02, -1.6028e-02, -9.3889e-02,
        -1.7231e-01,  7.9084e-02, -1.9733e-02,  1.4865e-01,  4.0111e-02,
        -5.5490e-02, -6.0518e-02, -1.2995e-01, -1.9680e-01, -2.8322e-02,
         3.5538e-03,  9.6418e-02,  1.0409e-02,  2.3378e-02, -3.8948e-02,
        -3.5740e-02, -3.4216e-03, -4.8652e-02,  4.8350e-02, -1.5048e-01,
         4.7804e-02, -1.8495e-01,  5.6284e-02, -2.2831e-03,  5.3644e-02,
         2.4340e-02,  1.1272e-01,  9.8953e-04,  1.4721e-02, -9.9136e-02,
         1.4347e-02, -5.5221e-02, -1.5074e-01,  4.9858e-02,  7.1466e-02,
         1.1763e-02,  1.1931e-01,  1.2016e-01, -5.0152e-02, -1.5278e-01,
        -2.6987e-01,  2.4994e-02,  2.4178e-02,  7.4047e-02, -2.2377e-02,
         2.1994e-02,  1.6340e-02, -9.4206e-01,  3.1640e-02, -8.3566e-02,
         1.0225e-01,  1.1098e-02, -6.5308e-02,  9.7634e-03, -8.1628e-03,
         5.0175e-02, -1.5249e-01,  5.9523e-02, -6.7425e-01, -3.1392e-02,
         2.5064e-01,  5.2333e-02,  7.9497e-02,  4.8009e-03,  6.4546e-02,
        -4.2264e-02, -6.2237e-03,  1.5919e-02, -5.6654e-02, -3.5799e-02,
         1.4451e-01,  3.6258e-02,  6.5875e-02, -4.0368e-02, -1.3313e-02,
         1.6761e-02, -1.1187e-02, -1.0483e-01,  3.5755e-02, -3.8453e-02,
        -6.9372e-02,  2.5022e-02, -2.0402e-02, -7.0906e-02, -7.8988e-03,
         2.6366e-02, -3.4470e-01,  2.1120e-02,  2.2218e-01,  9.4870e-03,
        -4.7355e-02,  7.4845e-03, -3.7392e-02, -1.0247e+00, -3.0056e-01,
         1.9127e-02, -8.7743e-02,  1.1045e-01,  4.0811e-02, -5.1723e-01,
        -2.3918e-02, -2.1114e-02,  8.4585e-02, -6.5145e-02,  2.8998e-03,
        -3.8023e-02, -3.3689e-01,  4.1539e-02,  2.0207e-03, -9.9431e-02,
         3.8832e-02,  2.6677e-02, -2.9963e-02, -3.3172e-02,  2.0583e-01,
        -5.8700e-03,  1.6188e-02, -4.3817e-01,  2.0567e-01, -2.9649e-01,
        -3.0001e-01, -3.9437e-01, -6.2630e-01, -4.7610e-01,  3.4969e-02,
         3.4567e-02, -2.8368e-01, -6.2907e-01,  5.0032e-01,  4.8341e-01,
         3.1072e-01,  4.4637e-02, -8.0486e-02, -1.0216e-01, -6.8629e-01,
        -4.8789e-01, -1.6118e-01,  3.4896e-02, -1.4381e-01, -1.2673e-01,
        -2.8568e-01, -2.2966e-03,  6.5558e-03,  4.7841e-01, -4.6255e-02,
         1.6569e-02, -3.6126e-01, -3.5708e-01,  6.8556e-02,  1.5568e-01,
        -1.2385e-01, -2.8591e-01,  1.6122e-01, -5.8955e-01,  8.1636e-02,
        -4.8594e-02,  1.3487e-01,  1.9236e-01, -2.0135e-01,  4.9206e-01,
         4.0825e-01,  2.1490e-01, -6.9715e-02, -1.6059e-01, -3.8341e-01,
         4.6852e-02, -1.3215e-01, -1.1043e+00,  2.9983e-02,  1.0966e-01,
         8.8465e-02,  3.8707e-01,  5.5455e-02, -1.0260e-01, -4.3246e-01,
         2.0171e-01, -5.0713e-01,  2.2431e-01, -7.9326e-02,  8.9698e-02,
        -1.0343e-03,  4.2654e-02,  1.0340e-01,  7.4295e-02,  3.0641e-01,
        -7.2583e-01,  3.5352e-01, -2.5502e-01, -1.1574e-01,  1.9316e-01,
         4.7414e-02, -7.4931e-02,  2.6084e-01, -6.6093e-02, -2.4061e-01,
        -1.7485e-01, -4.8037e-01,  9.8377e-02, -1.0156e-01,  1.2783e-01,
         3.8536e-02,  2.9249e-01, -9.8083e-02,  1.3967e-01,  4.9746e-01,
        -5.8155e-01, -3.0805e-03,  4.1490e-01,  1.2301e-01,  3.0392e-01,
        -1.8794e-02, -2.3517e-01, -2.3966e-01,  1.3254e-01, -2.2786e-01,
         4.9787e-01,  1.3091e-01,  1.2847e-01, -2.9339e-01,  2.0567e-01,
         4.1740e-01,  6.3108e-01,  1.9882e-02,  1.9604e-01, -9.9031e-01,
        -2.1089e-01,  1.5816e+00,  2.3889e-02,  1.5437e-01, -2.2194e-02,
         1.8232e-01,  2.2505e-01,  2.3465e-01, -7.5710e-01,  3.1256e-01,
         2.1531e-01,  7.3350e-01,  1.5350e-01,  3.7248e-01,  1.4662e-01,
        -6.4196e-02, -3.9786e-01, -3.9375e-01,  1.7416e-01], device='cuda:0'), tensor([ 8.3228e-02, -1.2009e-02,  5.0625e-02,  6.0561e-02, -6.6795e-01,
        -6.6372e-02,  1.5791e-02,  6.4562e-02, -8.8445e-03, -1.1214e-01,
        -2.1939e-01,  9.2415e-02, -2.7349e-03,  1.6485e-01,  2.5731e-02,
         2.9343e-02, -1.0757e-02, -2.0508e-02, -1.3170e-01,  4.1148e-02,
        -1.4610e-03,  3.5341e-02, -6.0727e-04,  8.0509e-03, -1.2653e-02,
        -4.3961e-02, -6.3350e-02,  7.3459e-04,  2.4527e-02, -1.6304e-01,
         2.0991e-02, -7.9207e-02,  3.6373e-02, -3.4158e-02,  5.7337e-02,
         1.4681e-01,  2.2220e-02, -4.5666e-02,  2.3028e-02, -8.0285e-02,
        -5.8209e-03,  2.3813e-02, -2.4152e-01, -2.5157e-02, -2.4941e-01,
        -3.2998e-03,  1.1932e-01, -8.5123e-02,  5.4438e-02, -1.7270e-01,
        -2.9263e-01,  4.0979e-02, -7.2578e-03,  4.4963e-02,  4.6139e-02,
         2.7593e-02, -3.9919e-02, -9.9260e-01,  1.1051e-02,  3.1240e-03,
         6.6438e-02, -2.3368e-02, -1.7834e-02,  4.2926e-02, -1.8657e-02,
         4.4341e-02, -7.1872e-02,  2.3456e-02, -2.0036e-01, -5.3804e-02,
         3.7429e-01,  8.3437e-02,  1.1172e-02,  8.7912e-02, -2.0022e-02,
        -2.4678e-02, -8.4186e-02, -1.2973e-02, -7.8515e-02,  6.8732e-02,
        -1.1941e-02,  7.5225e-02,  3.7874e-02, -3.4430e-02, -1.4909e-02,
         2.2869e-02, -1.7292e-02,  2.1382e-01,  3.0885e-02,  3.7129e-02,
        -1.8749e-01,  1.4333e-01, -1.9628e-02, -2.9891e-02, -5.4496e-02,
         1.2629e-02, -6.7933e-01,  5.2947e-02,  1.9207e-01,  1.1901e-02,
        -7.8532e-02,  2.2601e-02, -5.1307e-02, -1.1531e+00, -3.7791e-01,
        -6.7131e-03, -8.4021e-02,  7.7345e-02, -1.1340e-02, -3.9778e-01,
        -4.2861e-02, -2.8143e-02,  3.6889e-02, -5.1847e-02,  1.8043e-02,
         1.3448e-02, -4.2747e-01, -5.3718e-02,  3.7930e-02,  1.5127e-01,
         6.9987e-02, -6.0318e-03, -4.2919e-02, -1.5530e-02,  1.7949e-02,
        -1.6058e-02,  3.2104e-03, -4.0597e-01,  1.4868e-01, -3.7130e-01,
        -2.2489e-01, -7.8199e-01, -6.9905e-01, -3.7800e-01,  1.5218e-02,
         4.6302e-02, -2.7237e-01, -6.9190e-01,  4.2051e-01,  3.5779e-01,
         3.2997e-01,  7.4356e-02,  3.1988e-02, -4.2549e-02, -4.6397e-01,
        -4.5172e-01,  2.5614e-02,  1.7898e-02, -1.6362e-01, -1.7467e-01,
        -2.7848e-01, -7.4375e-02, -3.6129e-02,  3.4245e-01, -1.0346e-01,
         4.8666e-03, -3.0816e-01, -3.5499e-01,  1.0317e-01,  2.0340e-01,
        -3.9289e-02, -2.9067e-01,  2.4912e-01, -6.8915e-01,  3.5378e-02,
        -1.1516e-02,  1.1942e-01,  1.3910e-01, -1.9204e-01,  3.8704e-01,
         3.9916e-01,  5.4721e-01, -9.0111e-02, -1.3122e-01, -5.5270e-01,
         1.0864e-01, -1.6980e-01, -1.0714e+00,  1.9369e-02,  6.5107e-02,
         2.6004e-02,  3.9897e-01,  3.0572e-03, -1.4860e-01, -6.3544e-01,
         2.3598e-01, -4.2485e-01,  1.6878e-01, -6.8202e-02,  4.2128e-02,
        -1.3918e-02,  1.1003e-01,  1.0097e-01,  2.1438e-01,  2.6361e-01,
        -2.8147e-01,  3.1280e-01, -2.4045e-01, -4.1050e-02,  1.3155e-01,
         2.3727e-02, -1.0870e-01,  2.0366e-01, -1.1412e-01, -2.4440e-01,
        -3.0637e-01, -4.0938e-01, -5.5236e-02, -9.7753e-02,  9.5053e-02,
         1.4991e-02,  2.4073e-01, -4.1290e-02,  1.1405e-01,  8.8153e-01,
        -5.6704e-01,  7.1178e-02,  3.6335e-01,  3.4737e-02,  2.8167e-01,
        -1.3048e-02, -1.8551e-01, -1.7620e-01, -2.4304e-01, -1.8777e-01,
         3.8401e-01,  1.1482e-01,  1.7362e-01, -3.3620e-01,  2.5920e-01,
         3.0596e-01,  7.3773e-01, -4.0784e-02,  1.5246e-01, -8.6483e-01,
        -1.5612e-01,  1.3390e+00,  3.2467e-02,  9.2094e-02, -5.1923e-02,
         2.6520e-01,  2.0978e-01,  2.1060e-01, -6.9157e-01,  3.1829e-01,
         2.0015e-01,  9.6993e-01,  2.1755e-01,  3.7305e-01,  1.9674e-01,
         4.1410e-03, -5.3686e-01, -4.1894e-01,  2.2823e-01], device='cuda:0')]
WeightedHSdebiased completed in 1659.61 seconds
ours1 FreqWeightedHSdebiased
LBFGS iterations run: 833
LBFGS iterations run: 3
LBFGS iterations run: 545
LBFGS iterations run: 2
LBFGS iterations run: 451
Mean +- SE trainNLL over 5 fold(s) 20945.3390625 +- 109.4517579023853
Sum testNLL over 5 fold(s) 26358.2919921875
weights for each 5 fold [tensor([ 9.4306e-01,  5.6195e-02,  3.2093e-02,  2.2767e-02,  1.3645e-01,
        -2.0422e-01,  3.8071e-02,  7.3502e-02,  5.1002e-02,  7.7905e-03,
        -9.8405e-02, -2.0417e-01,  7.8832e-02, -3.5572e-02,  1.6423e-01,
        -6.6829e-03, -2.8389e-02, -4.3255e-02, -5.4492e-02, -2.0398e-01,
         1.5471e-03,  2.3458e-02,  1.0631e-01, -2.9193e-02,  1.6686e-02,
         8.3620e-03,  2.4970e-02, -1.6724e-02, -5.8212e-02,  3.5457e-02,
        -1.4680e-01,  9.3670e-03, -1.4483e-01,  5.5303e-02, -1.7355e-02,
         6.8876e-02,  1.3661e-01,  4.7937e-02,  1.2069e-02,  5.0267e-02,
        -1.0305e-01, -2.4639e-02, -1.0545e-02, -2.4295e-01,  2.9448e-02,
        -1.4447e-01,  2.1509e-02,  8.7157e-02, -2.7878e-01, -6.1354e-02,
        -1.6893e-01, -2.0910e-01,  2.3420e-02, -1.8450e-04,  8.5978e-02,
        -2.2245e-02,  1.8316e-02, -8.4229e-02, -9.9268e-01,  5.3440e-02,
        -9.5219e-02,  1.5774e-01,  2.0110e-03, -4.4773e-02,  4.3098e-02,
        -1.8216e-02,  3.0768e-02,  1.4595e-02,  9.1296e-03, -5.9726e-01,
        -5.2433e-02,  3.0536e-01,  6.2653e-02, -1.4692e-02,  9.2121e-02,
         2.1710e-02, -2.0579e-02, -4.5706e-02, -3.1005e-02, -8.9391e-02,
        -7.6876e-02, -2.9343e-02,  1.7584e-02,  4.3106e-02, -4.7288e-02,
        -3.4185e-02,  8.2217e-03,  1.0346e-02, -1.7463e-02, -7.7681e-03,
         8.8603e-02, -1.9089e-02,  9.8343e-02, -4.1247e-02, -2.1234e-02,
        -6.2658e-02,  3.8338e-02, -3.7606e-01,  3.2541e-02,  6.6930e-02,
         3.3930e-03, -5.0847e-02, -1.7205e-03, -4.6550e-02, -9.7705e-01,
        -4.1349e-01, -1.0942e-02, -1.1038e-01,  1.0691e-01,  3.6893e-02,
        -1.5014e+00,  1.2466e-02, -2.4833e-02,  5.9614e-02, -3.2722e-02,
         4.7025e-02,  1.6623e-02, -4.8222e-01,  8.1249e-02, -2.0320e-03,
         4.6228e-02,  1.1120e-06, -4.0477e-03, -3.0239e-02, -1.7097e-02,
         1.7792e-01,  3.6460e-03,  1.4420e-02, -2.0775e-01,  2.6996e-01,
        -1.6973e-01, -2.0988e-02, -2.8393e-01, -1.8326e-01, -1.0458e-01,
         8.0871e-02,  3.9355e-03, -3.1233e-02, -5.4231e-01,  2.0203e-01,
         9.1344e-02,  1.7909e-01,  5.0164e-02,  2.2628e-03, -2.0962e-01,
        -3.0252e-02, -2.6999e-01, -9.6835e-02,  2.8270e-02,  8.0115e-02,
         5.3651e-02, -5.4146e-02,  2.0664e-02, -6.2659e-02,  2.2034e-01,
         1.5028e-02,  2.4627e-03,  1.0943e-02,  2.5778e-02, -1.7222e-01,
         1.3811e-01, -1.7336e-01,  1.5389e-02,  6.5372e-02, -1.5454e-01,
        -4.0425e-02,  1.4928e-02,  2.5208e-02,  6.8580e-02,  8.5569e-02,
         2.6206e-01,  9.8102e-02,  1.8061e-01,  6.1353e-03, -2.6814e-02,
        -4.3590e-01, -6.0102e-02, -3.8216e-02, -6.1247e-01,  6.3561e-02,
        -6.7508e-03, -9.2241e-02,  3.2434e-02,  4.2095e-02, -2.2192e-02,
        -1.1319e+00, -7.3515e-02, -2.8202e-01,  2.0304e-01,  4.8864e-02,
         3.1779e-02,  6.1153e-02,  3.9697e-02,  4.6779e-02,  5.6444e-02,
        -5.6619e-02, -6.9468e-01,  1.5125e-01,  5.7323e-01,  7.9573e-02,
        -6.6489e-02, -1.1542e-01, -6.5155e-02,  1.8695e-01, -7.0752e-02,
        -1.7035e-03,  3.5076e-02,  4.6220e-02,  6.8562e-02,  1.5122e-01,
         4.8838e-02, -1.5355e-01, -1.0462e-01, -3.7176e-02,  4.1551e-02,
        -5.2137e-02, -4.2848e-02, -9.6887e-02,  1.3969e-01, -1.7252e-01,
         2.1121e-02,  3.3454e-02, -2.0372e-01, -9.3957e-02, -2.6561e-01,
         1.0597e-03,  6.8537e-02, -2.2678e-02,  9.3852e-02,  6.6271e-02,
         2.2467e-02, -1.0304e+00,  2.7528e-01,  2.6031e-02,  4.4526e-02,
        -7.0740e-02, -1.9704e-01,  1.4638e+00,  8.1006e-02, -1.1990e-01,
        -4.6232e-02, -9.7596e-02, -1.7535e-02,  8.6304e-02, -5.9730e-01,
        -9.2627e-02,  1.3573e-01,  4.1205e-02, -4.2753e-02,  2.9482e-02,
        -1.9286e-02,  1.0670e-01,  3.7921e-01, -2.6551e-02,  2.1469e-02],
       device='cuda:0'), tensor([ 9.4305e-01,  5.6176e-02,  3.2041e-02,  2.2944e-02,  1.3643e-01,
        -2.0066e-01,  3.8090e-02,  7.3458e-02,  5.0988e-02,  7.8409e-03,
        -9.8432e-02, -2.0412e-01,  7.8799e-02, -3.5658e-02,  1.6430e-01,
        -6.6733e-03, -2.8401e-02, -4.3268e-02, -5.3442e-02, -2.0384e-01,
         1.5091e-03,  2.3459e-02,  1.0629e-01, -2.9214e-02,  1.6612e-02,
         8.3476e-03,  2.4908e-02, -1.6755e-02, -5.8203e-02,  3.5440e-02,
        -1.4684e-01,  9.3654e-03, -1.4459e-01,  5.5268e-02, -1.7335e-02,
         6.8853e-02,  1.3664e-01,  4.8022e-02,  1.2035e-02,  5.0251e-02,
        -1.0304e-01, -2.4589e-02, -1.0522e-02, -2.4295e-01,  2.9437e-02,
        -1.4416e-01,  2.1483e-02,  8.7163e-02, -2.7949e-01, -6.1338e-02,
        -1.6897e-01, -2.0431e-01,  2.3438e-02, -1.8005e-04,  8.5929e-02,
        -2.2182e-02,  1.8307e-02, -8.4236e-02, -1.0466e+00,  5.3408e-02,
        -9.5225e-02,  1.5768e-01,  2.0128e-03, -4.4755e-02,  4.3098e-02,
        -1.8279e-02,  3.0802e-02,  1.9360e-02,  9.1093e-03, -5.9598e-01,
        -5.2455e-02,  3.0491e-01,  6.2688e-02, -1.4718e-02,  9.2125e-02,
         2.1865e-02, -2.0572e-02, -4.5657e-02, -3.0970e-02, -8.9375e-02,
        -7.6062e-02, -2.9256e-02,  1.7608e-02,  4.3088e-02, -4.7317e-02,
        -3.4206e-02,  8.2226e-03,  1.0302e-02, -1.6752e-02, -7.7723e-03,
         8.8571e-02, -1.9125e-02,  9.8367e-02, -4.1234e-02, -2.1271e-02,
        -6.2642e-02,  3.8336e-02, -3.7631e-01,  3.2527e-02,  6.7442e-02,
         3.3957e-03, -5.0766e-02, -1.7487e-03, -4.6564e-02, -1.0327e+00,
        -4.3169e-01, -1.0932e-02, -1.1033e-01,  1.0681e-01,  3.6896e-02,
        -1.5509e+00,  1.2463e-02, -2.4861e-02,  5.9569e-02, -3.2764e-02,
         4.6951e-02,  1.6588e-02, -4.8134e-01,  8.1281e-02, -1.9761e-03,
         4.6202e-02,  5.5026e-05, -3.9923e-03, -3.0278e-02, -1.7138e-02,
         1.7814e-01,  3.6081e-03,  1.4409e-02, -2.0746e-01,  2.6883e-01,
        -1.6950e-01, -2.0761e-02, -2.8010e-01, -1.8296e-01, -1.0451e-01,
         8.0893e-02,  3.8564e-03, -3.1334e-02, -5.4102e-01,  2.0194e-01,
         9.1256e-02,  1.7908e-01,  5.0223e-02,  2.3032e-03, -2.0958e-01,
        -2.9072e-02, -2.6977e-01, -9.6697e-02,  2.8292e-02,  8.0149e-02,
         5.3622e-02, -5.4094e-02,  2.0568e-02, -6.2624e-02,  2.2023e-01,
         1.5034e-02,  2.4829e-03,  1.0979e-02,  2.5784e-02, -1.7203e-01,
         1.3806e-01, -1.7332e-01,  1.5397e-02,  6.5332e-02, -1.5437e-01,
        -4.0434e-02,  1.5037e-02,  2.5188e-02,  6.8486e-02,  8.5553e-02,
         2.6204e-01,  9.8008e-02,  1.8020e-01,  6.2006e-03, -2.6775e-02,
        -4.3648e-01, -6.0034e-02, -3.8283e-02, -6.0710e-01,  6.3552e-02,
        -6.8059e-03, -9.2284e-02,  3.2413e-02,  4.2022e-02, -2.2195e-02,
        -1.1860e+00, -7.3500e-02, -2.8188e-01,  2.0295e-01,  4.8820e-02,
         3.1797e-02,  6.1111e-02,  3.9672e-02,  4.6799e-02,  6.1286e-02,
        -5.6767e-02, -6.9303e-01,  1.5123e-01,  5.7256e-01,  7.9484e-02,
        -6.6561e-02, -1.1535e-01, -6.5016e-02,  1.8695e-01, -7.0666e-02,
        -1.6722e-03,  3.5044e-02,  4.7151e-02,  6.8671e-02,  1.5116e-01,
         4.8893e-02, -1.5355e-01, -1.0459e-01, -3.7141e-02,  4.1461e-02,
        -5.1451e-02, -4.2858e-02, -9.6758e-02,  1.3951e-01, -1.7257e-01,
         2.1121e-02,  3.3375e-02, -2.0367e-01, -9.3897e-02, -2.6582e-01,
         1.0280e-03,  6.8971e-02, -2.2645e-02,  9.3810e-02,  6.6275e-02,
         2.2458e-02, -1.0865e+00,  2.9345e-01,  2.6050e-02,  4.4518e-02,
        -7.0608e-02, -1.9708e-01,  1.5133e+00,  8.0997e-02, -1.2003e-01,
        -4.6303e-02, -9.7579e-02, -1.7564e-02,  8.6274e-02, -5.9637e-01,
        -9.2756e-02,  1.3568e-01,  4.1251e-02, -4.2743e-02,  2.9454e-02,
        -1.9237e-02,  1.0670e-01,  3.7947e-01, -2.6548e-02,  2.1516e-02],
       device='cuda:0'), tensor([ 9.3290e-01,  6.8272e-02, -5.7439e-02,  1.2269e-01,  1.1425e-01,
        -2.5736e-01,  1.0428e-01, -1.0774e-02,  9.0762e-02, -2.4635e-02,
        -1.1020e-01, -2.3115e-01,  3.2707e-02, -4.6449e-03,  2.6857e-01,
         4.5896e-02, -1.0701e-02,  7.4780e-03,  1.0850e-01, -9.2384e-02,
         2.9277e-02,  1.3087e-02,  9.0276e-02,  4.5796e-03, -9.8684e-03,
        -5.2670e-02, -5.2250e-02,  3.5256e-02, -1.0924e-02,  2.6844e-02,
        -1.1238e-01, -1.9880e-02, -1.6484e-01,  2.2346e-02, -6.3843e-02,
         5.1446e-02,  9.9670e-02, -2.2651e-02, -5.1870e-02,  1.4136e-02,
        -5.5792e-02, -1.0456e-02, -5.7404e-02, -1.8336e-01, -2.7409e-02,
        -6.6522e-03, -1.5328e-03,  8.9626e-02,  1.2111e-01,  6.4479e-04,
        -2.4903e-01, -2.6390e-01,  2.1891e-02,  3.0556e-02,  5.2837e-02,
         9.1205e-03, -2.5560e-03, -6.4953e-02, -1.0073e+00,  3.2680e-02,
        -5.0526e-02,  1.8359e-01, -2.3442e-03, -4.0850e-02,  4.8780e-02,
         4.7364e-03,  1.4651e-02,  8.7131e-03,  2.6629e-02, -2.2114e-02,
        -7.9176e-02,  2.5158e-01,  9.1691e-03,  5.5227e-02,  4.0629e-02,
         2.5524e-02, -3.2120e-02, -1.0025e-01,  2.1868e-02, -6.1785e-02,
         3.5286e-02,  1.7726e-02,  6.8111e-02,  8.3443e-02,  8.9391e-04,
        -1.3007e-02, -6.0518e-03, -3.6910e-02,  2.5276e-01,  2.2287e-03,
         3.0769e-02,  6.0776e-02,  7.3102e-02, -1.3311e-02, -4.9662e-02,
        -6.8949e-03, -2.4790e-02, -6.5331e-01,  2.9090e-02,  2.3975e-01,
         2.2113e-02, -3.8075e-02,  2.6753e-02, -1.0039e-02, -1.0513e+00,
        -3.9651e-01, -3.4830e-02, -8.7763e-02,  1.5840e-03,  3.4844e-04,
        -4.2026e-01, -2.5909e-02,  8.6500e-03,  9.3192e-02, -3.6832e-02,
         1.3883e-03, -1.9898e-02, -4.7606e-01, -1.1462e-01,  7.6720e-04,
         1.2209e-01,  6.2776e-02, -1.1384e-03,  1.6757e-03, -5.4811e-02,
         2.0364e-01,  3.4402e-02, -1.4470e-02, -2.3224e-01,  8.2727e-02,
        -1.7574e-01,  9.4011e-02, -1.9529e-01,  3.2172e-02, -1.3715e-01,
         4.5247e-02, -6.8538e-02, -1.2838e-01, -7.3452e-01,  5.3600e-02,
         1.9096e-01,  2.9653e-01,  1.1948e-01,  3.5390e-03, -1.0301e-01,
         2.2561e-01, -1.9704e-01,  1.6117e-01,  2.3489e-02,  8.5723e-02,
        -5.7811e-02, -8.0062e-02, -4.7461e-03,  7.4414e-05,  2.3694e-01,
         1.0836e-01, -7.2320e-03, -5.9294e-02, -3.8477e-03, -3.3509e-01,
         9.5623e-02, -1.9981e-01,  1.0673e-02, -1.5422e-02, -1.9705e-01,
        -4.1321e-02, -5.2888e-02,  3.4427e-02,  6.8769e-02, -8.2034e-02,
         1.8548e-01,  1.0850e-01,  9.5493e-02, -4.6235e-02, -8.0442e-02,
         2.0758e-01,  5.9334e-02, -7.4135e-02, -4.7090e-01,  1.4199e-02,
         1.5275e-02, -4.2900e-02,  3.3592e-03,  8.4235e-02, -8.5263e-02,
        -1.0122e+00, -4.3566e-02, -1.5615e-01,  1.3526e-01,  7.3847e-02,
        -1.9013e-02, -1.3893e-02,  3.8676e-02,  1.0439e-01,  1.1019e-01,
        -2.3127e-03, -1.8838e-03,  1.5338e-01,  3.6429e-01, -1.3272e-02,
         1.4665e-01, -4.1338e-02, -6.0905e-02,  1.6875e-01, -9.5909e-02,
         6.2916e-02,  3.0134e-02,  1.1270e-01,  1.1451e-01,  2.2854e-01,
         7.2157e-02, -7.9021e-02,  4.1349e-02, -2.1619e-02,  1.8403e-02,
         2.0991e-01,  6.1006e-02, -1.4907e-01,  1.6817e-01, -2.6235e-01,
         3.3846e-02,  7.0283e-02, -1.2142e-01, -1.6998e-01, -4.3075e-01,
        -3.8865e-02,  2.1777e-01, -2.9920e-02,  5.5986e-02,  6.3468e-02,
         3.0515e-02, -8.4779e-01,  4.5558e-01,  4.2886e-02,  5.7358e-02,
        -5.4704e-02, -2.0670e-01,  2.6502e-01,  5.7333e-02, -4.0189e-03,
         5.8998e-02, -6.0481e-02, -7.2071e-02,  3.2111e-02, -6.7369e-01,
         1.3307e-01,  1.3207e-01,  7.9259e-02, -9.8750e-02,  4.7553e-02,
         3.2335e-02, -2.0221e-03,  3.5450e-01, -7.5819e-02,  3.4125e-02],
       device='cuda:0'), tensor([ 9.3294e-01,  6.8252e-02, -5.7604e-02,  1.2295e-01,  1.1426e-01,
        -2.3946e-01,  1.0394e-01, -1.0807e-02,  9.0712e-02, -2.4636e-02,
        -1.1031e-01, -2.3055e-01,  3.3055e-02, -4.8278e-03,  2.6844e-01,
         4.5721e-02, -1.0624e-02,  7.2809e-03,  1.0971e-01, -9.2965e-02,
         2.9044e-02,  1.3098e-02,  9.0297e-02,  4.4880e-03, -9.7783e-03,
        -5.2509e-02, -5.2140e-02,  3.5177e-02, -1.0939e-02,  2.6911e-02,
        -1.1234e-01, -1.9773e-02, -1.6578e-01,  2.2404e-02, -6.3781e-02,
         5.1463e-02,  9.9760e-02, -2.2445e-02, -5.1753e-02,  1.4236e-02,
        -5.5955e-02, -1.0404e-02, -5.7343e-02, -1.8340e-01, -2.7413e-02,
        -6.7532e-03, -1.4627e-03,  8.9620e-02,  1.1979e-01,  7.1088e-04,
        -2.4895e-01, -2.3216e-01,  2.1930e-02,  3.0475e-02,  5.2868e-02,
         9.1178e-03, -2.4977e-03, -6.4998e-02, -1.1529e+00,  3.2780e-02,
        -5.1118e-02,  1.8356e-01, -2.2883e-03, -4.0853e-02,  4.8708e-02,
         4.6691e-03,  1.4726e-02,  4.7752e-02,  2.6614e-02, -1.9358e-02,
        -7.9209e-02,  2.5200e-01,  9.2710e-03,  5.4968e-02,  4.0729e-02,
         2.5172e-02, -3.2028e-02, -1.0000e-01,  2.1917e-02, -6.1926e-02,
         3.4947e-02,  1.6354e-02,  6.8113e-02,  8.3428e-02,  7.9454e-04,
        -1.3178e-02, -6.0744e-03, -3.6880e-02,  2.5121e-01,  2.1895e-03,
         3.0837e-02,  6.1629e-02,  7.3228e-02, -1.3353e-02, -4.9643e-02,
        -6.9841e-03, -2.4607e-02, -6.5250e-01,  2.9079e-02,  2.3858e-01,
         2.2144e-02, -3.8174e-02,  2.6825e-02, -1.0199e-02, -1.2004e+00,
        -4.6031e-01, -3.4808e-02, -8.7758e-02,  1.6131e-03,  5.4703e-04,
        -3.7366e-01, -2.5857e-02,  8.5703e-03,  9.3158e-02, -3.6797e-02,
         1.5721e-03, -1.9890e-02, -4.9309e-01, -1.1392e-01,  8.7116e-04,
         1.2117e-01,  6.2783e-02, -1.1425e-03,  1.6789e-03, -5.4742e-02,
         2.0441e-01,  3.4213e-02, -1.4371e-02, -2.3134e-01,  8.0859e-02,
        -1.7596e-01,  9.4291e-02, -1.7577e-01,  3.2488e-02, -1.3658e-01,
         4.5419e-02, -6.8585e-02, -1.2867e-01, -7.3166e-01,  5.4462e-02,
         1.9109e-01,  2.9591e-01,  1.1964e-01,  3.9491e-03, -1.0297e-01,
         2.2777e-01, -1.9756e-01,  1.6159e-01,  2.3508e-02,  8.5985e-02,
        -5.7670e-02, -7.9904e-02, -4.7690e-03,  4.3558e-06,  2.3664e-01,
         1.0853e-01, -7.1482e-03, -5.8841e-02, -3.5388e-03, -3.3606e-01,
         9.5840e-02, -1.9951e-01,  1.0787e-02, -1.5551e-02, -1.9675e-01,
        -4.1688e-02, -5.2714e-02,  3.4442e-02,  6.8832e-02, -8.1655e-02,
         1.8570e-01,  1.0811e-01,  9.4963e-02, -4.6009e-02, -8.0382e-02,
         2.0631e-01,  5.8774e-02, -7.4271e-02, -4.3786e-01,  1.4401e-02,
         1.5279e-02, -4.2830e-02,  3.4234e-03,  8.4217e-02, -8.5182e-02,
        -1.1589e+00, -4.3737e-02, -1.5701e-01,  1.3522e-01,  7.3937e-02,
        -1.8970e-02, -1.3667e-02,  3.8529e-02,  1.0424e-01,  1.5041e-01,
        -2.8620e-03,  2.3314e-03,  1.5352e-01,  3.6516e-01, -1.3265e-02,
         1.4601e-01, -4.1294e-02, -6.1044e-02,  1.6897e-01, -9.5866e-02,
         6.3123e-02,  2.9966e-02,  1.1279e-01,  1.1258e-01,  2.2831e-01,
         7.2256e-02, -7.9118e-02,  4.0770e-02, -2.1353e-02,  1.8026e-02,
         2.0782e-01,  6.1035e-02, -1.4907e-01,  1.6938e-01, -2.6239e-01,
         3.3846e-02,  7.0232e-02, -1.2132e-01, -1.6954e-01, -4.3029e-01,
        -3.8906e-02,  2.1646e-01, -2.9917e-02,  5.5924e-02,  6.3557e-02,
         3.0401e-02, -9.9855e-01,  5.1863e-01,  4.2967e-02,  5.7058e-02,
        -5.4176e-02, -2.0677e-01,  2.1783e-01,  5.7276e-02, -4.4748e-03,
         5.8862e-02, -6.0443e-02, -7.2345e-02,  3.2055e-02, -6.9131e-01,
         1.3225e-01,  1.3197e-01,  7.8127e-02, -9.8782e-02,  4.7412e-02,
         3.2633e-02, -1.8424e-03,  3.5585e-01, -7.5841e-02,  3.4040e-02],
       device='cuda:0'), tensor([ 9.3769e-01,  6.1292e-02, -1.9577e-02,  1.7750e-01,  6.0110e-02,
        -5.6446e-01, -1.0428e-03, -3.1970e-02,  1.0022e-01, -2.3260e-02,
        -8.6285e-02, -1.4167e-01,  1.6402e-01, -1.6713e-01,  1.5170e-01,
         3.1941e-02,  6.6211e-03, -5.5664e-02,  1.0477e-01, -9.1206e-02,
         3.1534e-04, -1.3545e-02,  5.9698e-02,  2.8447e-02, -9.7151e-03,
        -2.9288e-02, -2.0285e-02, -3.2620e-02,  7.7216e-04, -3.2254e-02,
        -1.4960e-01,  9.8196e-02, -9.8026e-02,  3.9755e-03, -6.4157e-02,
         6.8522e-02, -6.1835e-02,  1.3528e-01, -1.8066e-02, -7.1346e-03,
        -8.7249e-02,  1.1501e-02, -6.5402e-03, -1.8983e-01,  1.3570e-03,
         1.0387e-01, -1.0609e-03,  1.0568e-01,  1.0637e-02, -3.3883e-02,
        -1.9297e-01, -2.1328e-01,  1.4419e-02,  1.8004e-03,  1.2435e-01,
         1.1272e-02,  5.3009e-02,  5.6024e-02, -1.5274e+00,  1.6509e-02,
         2.8563e-02,  1.4832e-02, -1.9374e-02, -8.0003e-02, -3.1990e-02,
        -6.2777e-02,  4.2704e-02, -9.2418e-02,  3.8265e-02, -6.0083e-02,
        -4.7886e-02,  3.0724e-01,  9.7711e-02,  1.2512e-01,  1.0803e-02,
        -3.8490e-02, -2.5409e-02, -4.8599e-02, -1.7857e-02, -6.9171e-02,
        -2.8507e-01, -2.6801e-02,  9.9284e-02,  1.5297e-01, -2.3910e-02,
         9.3680e-03, -2.7414e-02, -1.6570e-02,  8.9848e-02,  9.4377e-04,
         4.5253e-02, -1.0597e-01,  2.2755e-02, -4.1010e-02, -4.8411e-02,
        -7.6682e-02,  1.9033e-02, -4.8055e-01,  5.0621e-02, -2.3752e-02,
         6.6612e-03, -2.9475e-02,  2.3315e-02, -5.8310e-02, -1.6157e+00,
        -5.9837e-01, -1.6769e-03, -9.5875e-02,  3.4377e-02, -1.9964e-02,
        -3.9623e-01, -1.1043e-02,  1.6023e-02,  7.3044e-02, -3.6101e-02,
        -8.4653e-03, -2.7179e-03, -2.6672e-01,  4.2313e-02,  4.1269e-03,
         1.0358e-01,  1.8726e-02,  3.3692e-02,  2.8792e-04,  5.7108e-03,
         1.6416e-01, -5.7979e-02,  3.6531e-03, -3.2823e-01,  7.8879e-02,
        -2.4070e-01, -5.6536e-02, -6.3475e-01, -1.3762e-01, -1.5297e-01,
         1.0504e-01, -3.7457e-02, -6.9183e-02, -6.5588e-01,  2.7982e-01,
         2.2721e-02,  1.8701e-01,  1.2951e-01,  1.0740e-02, -1.9393e-01,
         2.4346e-01, -1.4327e-01,  1.8447e-01,  4.6315e-02, -3.0587e-02,
        -2.5605e-02, -1.0460e-01,  5.3341e-02, -5.5136e-02,  2.1565e-01,
         1.1002e-01,  2.5713e-02, -1.4315e-01,  1.5193e-01, -2.8274e-01,
         1.4164e-01, -2.0921e-01,  1.1038e-01, -1.4337e-01, -4.4156e-02,
        -3.9435e-02, -3.8051e-02, -4.9027e-03,  2.1019e-02,  4.2627e-02,
         2.1696e-01,  7.9732e-02,  6.3479e-02, -3.6828e-02, -1.4176e-02,
        -2.3206e-02, -8.3102e-02, -7.8897e-02, -4.9100e-01, -5.1341e-02,
        -2.6517e-03, -1.1924e-01,  7.6063e-02,  1.1640e-01,  9.5964e-02,
        -1.5544e+00, -7.2418e-03, -1.8079e-01,  3.8639e-02,  3.7161e-02,
         1.8396e-02,  9.0303e-03, -2.4616e-02,  2.1745e-02,  7.4806e-02,
        -2.1083e-02, -1.9596e-01,  8.9656e-02,  5.6319e-01,  8.2301e-02,
         2.5254e-01, -9.0130e-02, -4.1708e-02,  1.9031e-01, -6.9653e-02,
         3.1469e-02, -4.0718e-02, -1.7027e-01,  1.0151e-02,  2.1461e-01,
         1.8064e-01, -1.3847e-01,  3.2883e-02, -2.6862e-02,  1.5763e-02,
         2.8251e-02,  5.1673e-02,  9.2809e-02,  6.5028e-02, -2.6499e-01,
        -4.0595e-02,  2.5945e-02, -4.7219e-02, -1.4757e-01, -1.6705e-01,
        -5.5994e-02, -4.3583e-02, -3.5646e-02,  1.0598e-01,  6.8999e-02,
         4.0223e-02, -1.3734e+00,  7.3000e-01,  4.2580e-02,  3.0838e-02,
        -9.4336e-02, -2.1937e-01,  2.4979e-01, -5.9560e-02, -7.9085e-03,
         6.1292e-02, -1.5904e-01, -1.1764e-01,  6.6125e-02, -2.7225e-01,
         1.8679e-02,  1.0842e-01,  6.6592e-02, -1.9230e-02,  6.3937e-02,
        -1.3322e-02,  6.3516e-02,  2.4834e-01, -1.1191e-01,  7.1394e-03],
       device='cuda:0')]
FreqWeightedHSdebiased completed in 1424.34 seconds
hills OneCueStaticLocal
LBFGS iterations run: 383
LBFGS iterations run: 100
LBFGS iterations run: 1
LBFGS iterations run: 74
LBFGS iterations run: 1
Mean +- SE trainNLL over 5 fold(s) 21882.75390625 +- 86.48986042196245
Sum testNLL over 5 fold(s) 27354.33544921875
weights for each 5 fold [tensor([6.4822], device='cuda:0'), tensor([6.7330], device='cuda:0'), tensor([6.7331], device='cuda:0'), tensor([6.8794], device='cuda:0'), tensor([6.8794], device='cuda:0')]
OneCueStaticLocal completed in 321.54 seconds
hills CombinedCueStatic
LBFGS iterations run: 258
LBFGS iterations run: 96
LBFGS iterations run: 37
LBFGS iterations run: 2
LBFGS iterations run: 2
Mean +- SE trainNLL over 5 fold(s) 21044.36640625 +- 197.01665959481178
Sum testNLL over 5 fold(s) 26306.53125
weights for each 5 fold [tensor([0.9261, 0.5692], device='cuda:0'), tensor([0.9212, 0.3719], device='cuda:0'), tensor([0.9207, 0.3126], device='cuda:0'), tensor([0.9207, 0.3127], device='cuda:0'), tensor([0.9206, 0.3125], device='cuda:0')]
CombinedCueStatic completed in 224.67 seconds
heineman Freq_Sim_Subcategory
LBFGS iterations run: 540
LBFGS iterations run: 334
LBFGS iterations run: 363
LBFGS iterations run: 1
LBFGS iterations run: 416
Mean +- SE trainNLL over 5 fold(s) 21043.32513283186 +- 122.58222694540812
Sum testNLL over 5 fold(s) 26309.37080957861
weights for each 5 fold [tensor([ 0.9157,  0.5171, -0.2085], device='cuda:0'), tensor([ 0.9129,  0.2777, -0.3432], device='cuda:0'), tensor([ 0.9316,  0.4018, -0.4560], device='cuda:0'), tensor([ 0.9316,  0.4018, -0.4560], device='cuda:0'), tensor([ 0.9178,  0.1361, -0.0150], device='cuda:0')]
Freq_Sim_Subcategory completed in 556.77 seconds
heineman Subcategory
LBFGS iterations run: 626
LBFGS iterations run: 1
LBFGS iterations run: 1
LBFGS iterations run: 0
LBFGS iterations run: 0
Mean +- SE trainNLL over 5 fold(s) 22250.914752627294 +- 125.81002661755424
Sum testNLL over 5 fold(s) 27813.64344174199
weights for each 5 fold [tensor([0.0238], device='cuda:0'), tensor([0.0238], device='cuda:0'), tensor([0.0238], device='cuda:0'), tensor([0.0238], device='cuda:0'), tensor([0.0238], device='cuda:0')]
Subcategory completed in 213.15 seconds
heineman Freq_Subcategory
LBFGS iterations run: 517
LBFGS iterations run: 186
LBFGS iterations run: 1
LBFGS iterations run: 385
LBFGS iterations run: 3
Mean +- SE trainNLL over 5 fold(s) 21044.13020179615 +- 116.07886714788562
Sum testNLL over 5 fold(s) 26305.73920250468
weights for each 5 fold [tensor([ 0.9325, -0.1529], device='cuda:0'), tensor([ 0.9361, -0.1703], device='cuda:0'), tensor([ 0.9361, -0.1703], device='cuda:0'), tensor([ 0.9281, -0.2636], device='cuda:0'), tensor([ 0.9281, -0.2636], device='cuda:0')]
Freq_Subcategory completed in 367.51 seconds
heineman Sim_Subcategory
LBFGS iterations run: 692
LBFGS iterations run: 429
LBFGS iterations run: 31
LBFGS iterations run: 332
LBFGS iterations run: 1
Mean +- SE trainNLL over 5 fold(s) 21872.03720317572 +- 193.8763785989742
Sum testNLL over 5 fold(s) 27341.03742667078
weights for each 5 fold [tensor([ 7.2344, -0.7864], device='cuda:0'), tensor([ 7.0398, -0.8628], device='cuda:0'), tensor([ 7.0378, -0.8630], device='cuda:0'), tensor([ 7.0223, -0.9600], device='cuda:0'), tensor([ 7.0223, -0.9600], device='cuda:0')]
Sim_Subcategory completed in 495.35 seconds
